SYS:JFSMIBDB > select plan_table_output from table (dbms_xplan.display_awr('cnvd2g29xbbpg'));

PLAN_TABLE_OUTPUT
------------------------------------------------------------------------------------------------------------------------------------------------------------------------------------------------------------------------------------------------------------------------------------------------------------
SQL_ID cnvd2g29xbbpg
--------------------
/* load com.vayana.ib.bm.core.api.model.common.TenantBranch */ select
tenantbran0_.id as id1_172_43_, tenantbran0_1_."VERSION" as
VERSION2_172_43_, tenantbran0_1_.AUTH_BY as AUTH7_172_43_,
tenantbran0_1_.AUTH_DATE as AUTH3_172_43_, tenantbran0_1_.CREATED_BY as
CREATED8_172_43_, tenantbran0_1_.CREATED_DATE as CREATED4_172_43_,
tenantbran0_1_.MODIFIED_BY as MODIFIED9_172_43_,
tenantbran0_1_.MODIFIED_DATE as MODIFIED5_172_43_, tenantbran0_1_.DTYPE
as DTYPE6_172_43_, tenantbran0_.BRANCH_TYPE as BRANCH1_80_43_,
tenantbran0_.CODE as CODE2_80_43_, tenantbran0_.CONTACT_ID as
CONTACT8_80_43_, tenantbran0_.DESCRIPTION as DESCRIPT3_80_43_,
tenantbran0_.ELECTRONIC_CLEARING_CODE as ELECTRON4_80_43_,
tenantbran0_.PAPER_BASED_CLEARING_CODE as PAPER5_80_43_,
tenantbran0_.STATUS_ID as STATUS9_80_43_, tenantbran0_.SWIFT_CODE as
SWIFT6_80_43_, tenantbran0_.TENANT_APPLICATION_ID as TENANT10_80_43_,
contact1_.id as id1_42_0_, contact1_."VERSION" as VERSION2_42_0_,
contact1_.AUTH_BY as AUTH38_42_0_, contact1_.AUTH_DATE as AUTH3_42_0_,
contact1_.CREATED_BY as CREATED39_42_0_, contact1_.CREATED_DATE as
CREATED4_42_0_, contact1_.MODIFIED_BY as MODIFIE40_42_0_,
contact1_.MODIFIED_DATE as MODIFIED5_42_0_, contact1_.PAN as
PAN6_42_0_, contact1_. PASSPORT_NUMBER as column7_42_0_,
contact1_.BUILDING_NUMBER as BUILDING8_42_0_, contact1_.CITY_ID as
CITY41_42_0_, contact1_.CONTACT_PERSON as CONTACT9_42_0_,
contact1_.COUNTRY_ID as COUNTRY42_42_0_, contact1_.CUSTOMER_OCCUPATION
as CUSTOME10_42_0_, contact1_.DOCUMENT_ID as DOCUMEN43_42_0_,
contact1_.MANAGER_CODE as MANAGER11_42_0_, contact1_.MANAGER_ID as
MANAGER44_42_0_, contact1_. NOTIFICATION_TYPE  as column12_42_0_,
contact1_.PASSORT_EXPIRY_DATE  as PASSORT13_42_0_, contact1_.
PASSPORT_ISSUE_DATE  as column14_42_0_, contact1_.PINCODE as
PINCODE15_42_0_, contact1_.PRIMARY_EMAIL_ADDRESS as PRIMARY16_42_0_,
contact1_.PRIMARY_FACEBOOK_LOGIN as PRIMARY17_42_0_,
contact1_.PRIMARY_FAX_NUMBER as PRIMARY18_42_0_,
contact1_.PRIMARY_GOOGLEPLUS_LOGIN as PRIMARY19_42_0_,
contact1_.PRIMARY_LINKEDIN_LOGIN as PRIMARY20_42_0_,
contact1_.PRIMARY_MOBILE_NUMBER as PRIMARY21_42_0_,
contact1_.PRIMARY_PHONE_NUMBER as PRIMARY22_42_0_,
contact1_.PRIMARY_TWITTER_LOGIN as PRIMARY23_42_0_, contact1_.REMARK as
REMARK24_42_0_, contact1_.SECONDARY_EMAIL_ADDRESS as SECONDA25_42_0_,
contact1_.SECONDARY_FACEBOOK_LOGIN as SECONDA26_42_0_,
contact1_.SECONDARY_FAX_NUMBER as SECONDA27_42_0_,
contact1_.SECONDARY_GOOGLEPLUS_LOGIN as SECONDA28_42_0_,
contact1_.SECONDARY_LINKEDIN_LOGIN as SECONDA29_42_0_,
contact1_.SECONDARY_MOBILE_NUMBER as SECONDA30_42_0_,
contact1_.SECONDARY_PHONE_NUMBER as SECONDA31_42_0_,
contact1_.SECONDARY_TWITTER_LOGIN as SECONDA32_42_0_,
contact1_.STATE_ID as STATE45_42_0_, contact1_.STREET_ADDRESS1 as
STREET33_42_0_, contact1_.STREET_ADDRESS2 as STREET34_42_0_,
contact1_.STREET_ADDRESS3 as STREET35_42_0_, contact1_.STREET_ADDRESS4
as STREET36_42_0_, contact1_.WEBSITE_NAME as WEBSITE37_42_0_, city2_.id
as id1_36_1_, city2_."VERSION" as VERSION2_36_1_, city2_.AUTH_BY as
AUTH8_36_1_, city2_.AUTH_DATE as AUTH3_36_1_, city2_.CREATED_BY as
CREATED9_36_1_, city2_.CREATED_DATE as CREATED4_36_1_,
city2_.MODIFIED_BY as MODIFIE10_36_1_, city2_.MODIFIED_DATE as
MODIFIED5_36_1_, city2_.CODE as CODE6_36_1_, city2_.COUNTRY_ID as
COUNTRY11_36_1_, city2_.DESCRIPTION as DESCRIPT7_36_1_, city2_.STATE_ID
as STATE12_36_1_, country3_.id as id1_43_2_, country3_."VERSION" as
VERSION2_43_2_, country3_.AUTH_BY as AUTH10_43_2_, country3_.AUTH_DATE
as AUTH3_43_2_, country3_.CREATED_BY as CREATED11_43_2_,
country3_.CREATED_DATE as CREATED4_43_2_, country3_.MODIFIED_BY as
MODIFIE12_43_2_, country3_.MODIFIED_DATE as MODIFIED5_43_2_,
country3_.CODE as CODE6_43_2_, country3_.DESCRIPTION as
DESCRIPT7_43_2_, country3_.ISO_ALPHA_2CODE as ISO8_43_2_,
country3_.ISO_NUMERIC_CODE as ISO9_43_2_, document4_.id as id1_47_3_,
document4_."VERSION" as VERSION2_47_3_, document4_.AUTH_BY as
AUTH6_47_3_, document4_.AUTH_DATE as AUTH3_47_3_, document4_.CREATED_BY
as CREAT

Plan hash value: 575573985

----------------------------------------------------------------------------------------------------------------------------------------------
| Id  | Operation                                                    | Name                          | Rows  | Bytes | Cost (%CPU)| Time     |
----------------------------------------------------------------------------------------------------------------------------------------------
|   0 | SELECT STATEMENT                                             |                               |       |       |    99 (100)|          |
|   1 |  NESTED LOOPS OUTER                                          |                               |     2 |  9676 |    99   (3)| 00:00:02 |
|   2 |   NESTED LOOPS OUTER                                         |                               |     2 |  9586 |    97   (3)| 00:00:02 |
|   3 |    NESTED LOOPS OUTER                                        |                               |     2 |  9496 |    95   (3)| 00:00:02 |
|   4 |     NESTED LOOPS OUTER                                       |                               |     2 |  9386 |    93   (3)| 00:00:02 |
|   5 |      NESTED LOOPS OUTER                                      |                               |     2 |  9298 |    91   (3)| 00:00:02 |
|   6 |       NESTED LOOPS OUTER                                     |                               |     2 |  9132 |    89   (3)| 00:00:02 |
|   7 |        HASH JOIN OUTER                                       |                               |     2 |  9026 |    87   (3)| 00:00:02 |
|   8 |         NESTED LOOPS OUTER                                   |                               |     1 |  4501 |    63   (2)| 00:00:01 |
|   9 |          HASH JOIN OUTER                                     |                               |     1 |  4438 |    62   (2)| 00:00:01 |
|  10 |           NESTED LOOPS OUTER                                 |                               |     1 |  4413 |    38   (0)| 00:00:01 |
|  11 |            HASH JOIN OUTER                                   |                               |     1 |  4368 |    37   (0)| 00:00:01 |
|  12 |             HASH JOIN OUTER                                  |                               |     1 |  4338 |    34   (0)| 00:00:01 |
|  13 |              NESTED LOOPS OUTER                              |                               |     1 |  4310 |    31   (0)| 00:00:01 |
|  14 |               NESTED LOOPS OUTER                             |                               |     1 |  2230 |    29   (0)| 00:00:01 |
|  15 |                NESTED LOOPS OUTER                            |                               |     1 |  2186 |    28   (0)| 00:00:01 |
|  16 |                 NESTED LOOPS OUTER                           |                               |     1 |  2141 |    27   (0)| 00:00:01 |
|  17 |                  NESTED LOOPS OUTER                          |                               |     1 |  2053 |    27   (0)| 00:00:01 |
|  18 |                   NESTED LOOPS OUTER                         |                               |     1 |  2008 |    26   (0)| 00:00:01 |
|  19 |                    NESTED LOOPS OUTER                        |                               |     1 |  1593 |    26   (0)| 00:00:01 |
|  20 |                     NESTED LOOPS OUTER                       |                               |     1 |  1546 |    26   (0)| 00:00:01 |
|  21 |                      NESTED LOOPS OUTER                      |                               |     1 |  1501 |    25   (0)| 00:00:01 |
|  22 |                       NESTED LOOPS OUTER                     |                               |     1 |  1473 |    24   (0)| 00:00:01 |
|  23 |                        NESTED LOOPS OUTER                    |                               |     1 |  1443 |    22   (0)| 00:00:01 |
|  24 |                         NESTED LOOPS OUTER                   |                               |     1 |  1398 |    21   (0)| 00:00:01 |
|  25 |                          NESTED LOOPS OUTER                  |                               |     1 |  1343 |    20   (0)| 00:00:01 |
|  26 |                           NESTED LOOPS OUTER                 |                               |     1 |  1298 |    19   (0)| 00:00:01 |
|  27 |                            NESTED LOOPS OUTER                |                               |     1 |  1236 |    18   (0)| 00:00:01 |
|  28 |                             NESTED LOOPS OUTER               |                               |     1 |  1148 |    17   (0)| 00:00:01 |
|  29 |                              NESTED LOOPS OUTER              |                               |     1 |  1142 |    17   (0)| 00:00:01 |
|  30 |                               NESTED LOOPS OUTER             |                               |     1 |  1097 |    16   (0)| 00:00:01 |
|  31 |                                NESTED LOOPS OUTER            |                               |     1 |  1052 |    16   (0)| 00:00:01 |
|  32 |                                 NESTED LOOPS OUTER           |                               |     1 |  1007 |    16   (0)| 00:00:01 |
|  33 |                                  NESTED LOOPS OUTER          |                               |     1 |   962 |    15   (0)| 00:00:01 |
|  34 |                                   NESTED LOOPS OUTER         |                               |     1 |   915 |    15   (0)| 00:00:01 |
|  35 |                                    NESTED LOOPS OUTER        |                               |     1 |   876 |    14   (0)| 00:00:01 |
|  36 |                                     NESTED LOOPS OUTER       |                               |     1 |   827 |    14   (0)| 00:00:01 |
|  37 |                                      NESTED LOOPS OUTER      |                               |     1 |   751 |    13   (0)| 00:00:01 |
|  38 |                                       NESTED LOOPS OUTER     |                               |     1 |   706 |    12   (0)| 00:00:01 |
|  39 |                                        NESTED LOOPS OUTER    |                               |     1 |   681 |    11   (0)| 00:00:01 |
|  40 |                                         NESTED LOOPS OUTER   |                               |     1 |   636 |    10   (0)| 00:00:01 |
|  41 |                                          NESTED LOOPS OUTER  |                               |     1 |   608 |     9   (0)| 00:00:01 |
|  42 |                                           NESTED LOOPS OUTER |                               |     1 |   583 |     8   (0)| 00:00:01 |
|  43 | R                                          NESTED LOOPS OUTE |                               |     1 |   516 |     7   (0)| 00:00:01 |
|  44 | ER                                          NESTED LOOPS OUT |                               |     1 |   457 |     6   (0)| 00:00:01 |
|  45 | TER                                          NESTED LOOPS OU |                               |     1 |   412 |     5   (0)| 00:00:01 |
|  46 | UTER                                          NESTED LOOPS O |                               |     1 |   320 |     5   (0)| 00:00:01 |
|  47 | OUTER                                          NESTED LOOPS  |                               |     1 |   194 |     5   (0)| 00:00:01 |
|  48 |                                                 NESTED LOOPS |                               |     1 |   106 |     4   (0)| 00:00:01 |
|  49 | S BY INDEX ROWID                                 TABLE ACCES | PAY_PAYEE_BANK_BRANCH         |     1 |    30 |     3   (0)| 00:00:01 |
|  50 | UE SCAN                                           INDEX UNIQ | PAY_PAYEE_BANK_BRANCH_PK      |     1 |       |     2   (0)| 00:00:01 |
|  51 | S BY INDEX ROWID                                 TABLE ACCES | FND_TENANT_BRANCH             |     1 |    76 |     1   (0)| 00:00:01 |
|  52 | UE SCAN                                           INDEX UNIQ | TENANT_BRANCH_PK              |     1 |       |     0   (0)|          |
|  53 |  BY INDEX ROWID                                 TABLE ACCESS | FND_CONTACT                   |     1 |    88 |     1   (0)| 00:00:01 |
|  54 | E SCAN                                           INDEX UNIQU | CONTACT_PK                    |     1 |       |     0   (0)|          |
|  55 | BY INDEX ROWID                                 TABLE ACCESS  | USER_LOGIN_PROFILE            |     1 |   126 |     0   (0)|          |
|  56 |  SCAN                                           INDEX UNIQUE | LOGIN_PROFILE_PK              |     1 |       |     0   (0)|          |
|  57 | Y INDEX ROWID                                 TABLE ACCESS B | FND_DOCUMENT                  |     1 |    92 |     0   (0)|          |
|  58 | SCAN                                           INDEX UNIQUE  | DOCUMENT_PK                   |     1 |       |     0   (0)|          |
|  59 |  INDEX ROWID                                 TABLE ACCESS BY | FND_COUNTRY                   |     1 |    45 |     1   (0)| 00:00:01 |
|  60 | CAN                                           INDEX UNIQUE S | COUNTRY_PK                    |     1 |       |     0   (0)|          |
|  61 | INDEX ROWID                                 TABLE ACCESS BY  | FND_CITY                      |     1 |    59 |     1   (0)| 00:00:01 |
|  62 | AN                                           INDEX UNIQUE SC | CITY_PK                       |     1 |       |     0   (0)|          |
|  63 | NDEX ROWID                                 TABLE ACCESS BY I | USER_PROFILE                  |     1 |    67 |     1   (0)| 00:00:01 |
|  64 | N                                           INDEX UNIQUE SCA | PROFILE_PK                    |     1 |       |     0   (0)|          |
|  65 | DEX ROWID                                 TABLE ACCESS BY IN | USER_CONTACT_DETAIL           |     1 |    25 |     1   (0)| 00:00:01 |
|  66 |                                            INDEX UNIQUE SCAN | CONTACT_DETAIL_PK             |     1 |       |     0   (0)|          |
|  67 | EX ROWID                                 TABLE ACCESS BY IND | FND_TENANT_APPLICATION        |     1 |    28 |     1   (0)| 00:00:01 |
|  68 |                                           INDEX UNIQUE SCAN  | TENANT_APPLICATION_PK         |     1 |       |     0   (0)|          |
|  69 | X ROWID                                 TABLE ACCESS BY INDE | FND_LOOKUP_VALUE              |     1 |    45 |     1   (0)| 00:00:01 |
|  70 |                                          INDEX UNIQUE SCAN   | LOOKUP_VALUE_PK               |     1 |       |     0   (0)|          |
|  71 |  ROWID                                 TABLE ACCESS BY INDEX | USER_LOGIN_PROFILE_EXTEND     |     1 |    25 |     1   (0)| 00:00:01 |
|  72 |                                         INDEX UNIQUE SCAN    | LOGIN_PROFILE_EXTEND_PK       |     1 |       |     0   (0)|          |
|  73 | ROWID                                 TABLE ACCESS BY INDEX  | FND_LOOKUP_VALUE              |     1 |    45 |     1   (0)| 00:00:01 |
|  74 |                                        INDEX UNIQUE SCAN     | LOOKUP_VALUE_PK               |     1 |       |     0   (0)|          |
|  75 | OWID                                 TABLE ACCESS BY INDEX R | FND_TENANT_BRANCH             |     1 |    76 |     1   (0)| 00:00:01 |
|  76 |                                       INDEX UNIQUE SCAN      | TENANT_BRANCH_PK              |     1 |       |     0   (0)|          |
|  77 | WID                                 TABLE ACCESS BY INDEX RO | FND_SPECIAL_CATEGORY          |     1 |    49 |     0   (0)|          |
|  78 |                                      INDEX UNIQUE SCAN       | SPECIAL_CATEGORY_PK           |     1 |       |     0   (0)|          |
|  79 | ID                                 TABLE ACCESS BY INDEX ROW | FND_SEGMENT                   |     1 |    39 |     1   (0)| 00:00:01 |
|  80 |                                     INDEX UNIQUE SCAN        | SEGMENT_PK                    |     1 |       |     0   (0)|          |
|  81 | D                                 TABLE ACCESS BY INDEX ROWI | FND_DEPARTMENT                |     1 |    47 |     0   (0)|          |
|  82 |                                    INDEX UNIQUE SCAN         | DEPARTMENT_PK                 |     1 |       |     0   (0)|          |
|  83 |                                  TABLE ACCESS BY INDEX ROWID | FND_LOOKUP_VALUE              |     1 |    45 |     1   (0)| 00:00:01 |
|  84 |                                   INDEX UNIQUE SCAN          | LOOKUP_VALUE_PK               |     1 |       |     0   (0)|          |
|  85 |                                 TABLE ACCESS BY INDEX ROWID  | FND_LOOKUP_VALUE              |     1 |    45 |     0   (0)|          |
|  86 |                                  INDEX UNIQUE SCAN           | LOOKUP_VALUE_PK               |     1 |       |     0   (0)|          |
|  87 |                                TABLE ACCESS BY INDEX ROWID   | FND_LOOKUP_VALUE              |     1 |    45 |     0   (0)|          |
|  88 |                                 INDEX UNIQUE SCAN            | LOOKUP_VALUE_PK               |     1 |       |     0   (0)|          |
|  89 |                               TABLE ACCESS BY INDEX ROWID    | FND_LOOKUP_VALUE              |     1 |    45 |     1   (0)| 00:00:01 |
|  90 |                                INDEX UNIQUE SCAN             | LOOKUP_VALUE_PK               |     1 |       |     0   (0)|          |
|  91 |                              INDEX UNIQUE SCAN               | PROFILE_EXTEND_PK             |     1 |     6 |     0   (0)|          |
|  92 |                             TABLE ACCESS BY INDEX ROWID      | FND_CONTACT                   |     1 |    88 |     1   (0)| 00:00:01 |
|  93 |                              INDEX UNIQUE SCAN               | CONTACT_PK                    |     1 |       |     0   (0)|          |
|  94 |                            TABLE ACCESS BY INDEX ROWID       | FND_TENANT                    |     1 |    62 |     1   (0)| 00:00:01 |
|  95 |                             INDEX UNIQUE SCAN                | TENANT_PK                     |     1 |       |     0   (0)|          |
|  96 |                           TABLE ACCESS BY INDEX ROWID        | FND_LOOKUP_VALUE              |     1 |    45 |     1   (0)| 00:00:01 |
|  97 |                            INDEX UNIQUE SCAN                 | LOOKUP_VALUE_PK               |     1 |       |     0   (0)|          |
|  98 |                          TABLE ACCESS BY INDEX ROWID         | FND_LOOKUP_TYPE               |     1 |    55 |     1   (0)| 00:00:01 |
|  99 |                           INDEX UNIQUE SCAN                  | LOOKUP_TYPE_PK                |     1 |       |     0   (0)|          |
| 100 |                         TABLE ACCESS BY INDEX ROWID          | FND_COUNTRY                   |     1 |    45 |     1   (0)| 00:00:01 |
| 101 |                          INDEX UNIQUE SCAN                   | COUNTRY_PK                    |     1 |       |     0   (0)|          |
| 102 |                        TABLE ACCESS BY INDEX ROWID           | PAY_PAYEE_BANK_BRANCH         |     1 |    30 |     2   (0)| 00:00:01 |
| 103 |                         INDEX UNIQUE SCAN                    | PAY_PAYEE_BANK_BRANCH_PK      |     1 |       |     1   (0)| 00:00:01 |
| 104 |                       TABLE ACCESS BY INDEX ROWID            | FND_TENANT_APPLICATION        |     1 |    28 |     1   (0)| 00:00:01 |
| 105 |                        INDEX UNIQUE SCAN                     | TENANT_APPLICATION_PK         |     1 |       |     0   (0)|          |
| 106 |                      TABLE ACCESS BY INDEX ROWID             | FND_LOOKUP_VALUE              |     1 |    45 |     1   (0)| 00:00:01 |
| 107 |                       INDEX UNIQUE SCAN                      | LOOKUP_VALUE_PK               |     1 |       |     0   (0)|          |
| 108 |                     TABLE ACCESS BY INDEX ROWID              | FND_DEPARTMENT                |     1 |    47 |     0   (0)|          |
| 109 |                      INDEX UNIQUE SCAN                       | DEPARTMENT_PK                 |     1 |       |     0   (0)|          |
| 110 |                    TABLE ACCESS BY INDEX ROWID               | FND_COMPANY                   |     1 |   415 |     0   (0)|          |
| 111 |                     INDEX UNIQUE SCAN                        | COMPANY_PK                    |     1 |       |     0   (0)|          |
| 112 |                   TABLE ACCESS BY INDEX ROWID                | FND_COUNTRY                   |     1 |    45 |     1   (0)| 00:00:01 |
| 113 |                    INDEX UNIQUE SCAN                         | COUNTRY_PK                    |     1 |       |     0   (0)|          |
| 114 |                  TABLE ACCESS BY INDEX ROWID                 | FND_CONTACT                   |     1 |    88 |     0   (0)|          |
| 115 |                   INDEX UNIQUE SCAN                          | CONTACT_PK                    |     1 |       |     0   (0)|          |
| 116 |                 TABLE ACCESS BY INDEX ROWID                  | FND_LOOKUP_VALUE              |     1 |    45 |     1   (0)| 00:00:01 |
| 117 |                  INDEX UNIQUE SCAN                           | LOOKUP_VALUE_PK               |     1 |       |     0   (0)|          |
| 118 |                TABLE ACCESS BY INDEX ROWID                   | FND_STATE                     |     1 |    44 |     1   (0)| 00:00:01 |
| 119 |                 INDEX UNIQUE SCAN                            | STATE_PK                      |     1 |       |     0   (0)|          |
| 120 |               TABLE ACCESS FULL                              | FND_DOCUMENT_DETAIL           |     1 |  2080 |     2   (0)| 00:00:01 |
| 121 |              TABLE ACCESS FULL                               | FND_TENANT_OPERATING_COUNTRY  |     1 |    28 |     3   (0)| 00:00:01 |
| 122 |             TABLE ACCESS FULL                                | FND_TENANT_APPLICATION_LOCALE |     1 |    30 |     3   (0)| 00:00:01 |
| 123 |            TABLE ACCESS BY INDEX ROWID                       | FND_COUNTRY                   |     1 |    45 |     1   (0)| 00:00:01 |

PLAN_TABLE_OUTPUT
------------------------------------------------------------------------------------------------------------------------------------------------------------------------------------------------------------------------------------------------------------------------------------------------------------
| 124 |             INDEX UNIQUE SCAN                                | COUNTRY_PK                    |     1 |       |     0   (0)|          |
| 125 |           TABLE ACCESS FULL                                  | USER_CIF                      | 18368 |   448K|    24   (5)| 00:00:01 |
| 126 |          TABLE ACCESS BY INDEX ROWID                         | FND_CIF                       |     1 |    63 |     1   (0)| 00:00:01 |
| 127 |           INDEX UNIQUE SCAN                                  | CIF_PK                        |     1 |       |     0   (0)|          |
| 128 |         TABLE ACCESS FULL                                    | FND_CIF_ACCOUNT               | 33093 |   387K|    24   (5)| 00:00:01 |
| 129 |        TABLE ACCESS BY INDEX ROWID                           | ACCT_ACCOUNT                  |     1 |    53 |     1   (0)| 00:00:01 |
| 130 |         INDEX UNIQUE SCAN                                    | ACCOUNT_PK                    |     1 |       |     0   (0)|          |
| 131 |       TABLE ACCESS BY INDEX ROWID                            | ACCT_PRODUCT                  |     1 |    83 |     1   (0)| 00:00:01 |
| 132 |        INDEX UNIQUE SCAN                                     | PRODUCT_PK                    |     1 |       |     0   (0)|          |
| 133 |      TABLE ACCESS BY INDEX ROWID                             | ACCT_PRODUCT_TYPE             |     1 |    44 |     1   (0)| 00:00:01 |
| 134 |       INDEX UNIQUE SCAN                                      | PRODUCT_TYPE_PK               |     1 |       |     0   (0)|          |
| 135 |     TABLE ACCESS BY INDEX ROWID                              | FND_CURRENCY                  |     1 |    55 |     1   (0)| 00:00:01 |
| 136 |      INDEX UNIQUE SCAN                                       | CURRENCY_PK                   |     1 |       |     0   (0)|          |
| 137 |    TABLE ACCESS BY INDEX ROWID                               | FND_LOOKUP_VALUE              |     1 |    45 |     1   (0)| 00:00:01 |
| 138 |     INDEX UNIQUE SCAN                                        | LOOKUP_VALUE_PK               |     1 |       |     0   (0)|          |
| 139 |   TABLE ACCESS BY INDEX ROWID                                | FND_LOOKUP_VALUE              |     1 |    45 |     1   (0)| 00:00:01 |
| 140 |    INDEX UNIQUE SCAN                                         | LOOKUP_VALUE_PK               |     1 |       |     0   (0)|          |
----------------------------------------------------------------------------------------------------------------------------------------------


216 rows selected.


===========================================================================


SYS:JFSMIBDB > select plan_table_output from table (dbms_xplan.display_awr('8jgqdgdhrc9uj'));

PLAN_TABLE_OUTPUT
------------------------------------------------------------------------------------------------------------------------------------------------------------------------------------------------------------------------------------------------------------------------------------------------------------
SQL_ID c784d8wc60p9u
--------------------
/* load com.vayana.ib.bm.core.api.model.common.Segment */ select
segment0_.id as id1_72_43_, segment0_."VERSION" as VERSION2_72_43_,
segment0_.AUTH_BY as AUTH8_72_43_, segment0_.AUTH_DATE as AUTH3_72_43_,
segment0_.CREATED_BY as CREATED9_72_43_, segment0_.CREATED_DATE as
CREATED4_72_43_, segment0_.MODIFIED_BY as MODIFIE10_72_43_,
segment0_.MODIFIED_DATE as MODIFIED5_72_43_, segment0_.CODE as
CODE6_72_43_, segment0_.DESCRIPTION as DESCRIPT7_72_43_,
segment0_.STATUS_ID as STATUS11_72_43_, segment0_.TENANT_APPLICATION_ID
as TENANT12_72_43_, lookupvalu1_.id as id1_57_0_,
lookupvalu1_."VERSION" as VERSION2_57_0_, lookupvalu1_.AUTH_BY as
AUTH8_57_0_, lookupvalu1_.AUTH_DATE as AUTH3_57_0_,
lookupvalu1_.CREATED_BY as CREATED9_57_0_, lookupvalu1_.CREATED_DATE as
CREATED4_57_0_, lookupvalu1_.MODIFIED_BY as MODIFIE10_57_0_,
lookupvalu1_.MODIFIED_DATE as MODIFIED5_57_0_, lookupvalu1_.CODE as
CODE6_57_0_, lookupvalu1_.COUNTRY_ID as COUNTRY11_57_0_,
lookupvalu1_.DESCRIPTION as DESCRIPT7_57_0_,
lookupvalu1_.LOOKUP_TYPE_ID as LOOKUP12_57_0_, country2_.id as
id1_43_1_, country2_."VERSION" as VERSION2_43_1_, country2_.AUTH_BY as
AUTH10_43_1_, country2_.AUTH_DATE as AUTH3_43_1_, country2_.CREATED_BY
as CREATED11_43_1_, country2_.CREATED_DATE as CREATED4_43_1_,
country2_.MODIFIED_BY as MODIFIE12_43_1_, country2_.MODIFIED_DATE as
MODIFIED5_43_1_, country2_.CODE as CODE6_43_1_, country2_.DESCRIPTION
as DESCRIPT7_43_1_, country2_.ISO_ALPHA_2CODE as ISO8_43_1_,
country2_.ISO_NUMERIC_CODE as ISO9_43_1_, lookuptype3_.id as id1_56_2_,
lookuptype3_."VERSION" as VERSION2_56_2_, lookuptype3_.AUTH_BY as
AUTH8_56_2_, lookuptype3_.AUTH_DATE as AUTH3_56_2_,
lookuptype3_.CREATED_BY as CREATED9_56_2_, lookuptype3_.CREATED_DATE as
CREATED4_56_2_, lookuptype3_.MODIFIED_BY as MODIFIE10_56_2_,
lookuptype3_.MODIFIED_DATE as MODIFIED5_56_2_, lookuptype3_.CODE as
CODE6_56_2_, lookuptype3_.DESCRIPTION as DESCRIPT7_56_2_,
tenantappl4_.id as id1_77_3_, tenantappl4_."VERSION" as VERSION2_77_3_,
tenantappl4_.AUTH_BY as AUTH6_77_3_, tenantappl4_.AUTH_DATE as
AUTH3_77_3_, tenantappl4_.CREATED_BY as CREATED7_77_3_,
tenantappl4_.CREATED_DATE as CREATED4_77_3_, tenantappl4_.MODIFIED_BY
as MODIFIED8_77_3_, tenantappl4_.MODIFIED_DATE as MODIFIED5_77_3_,
tenantappl4_.APPLICATION_ID as APPLICAT9_77_3_, tenantappl4_.TENANT_ID
as TENANT10_77_3_, lookupvalu5_.id as id1_57_4_, lookupvalu5_."VERSION"
as VERSION2_57_4_, lookupvalu5_.AUTH_BY as AUTH8_57_4_,
lookupvalu5_.AUTH_DATE as AUTH3_57_4_, lookupvalu5_.CREATED_BY as
CREATED9_57_4_, lookupvalu5_.CREATED_DATE as CREATED4_57_4_,
lookupvalu5_.MODIFIED_BY as MODIFIE10_57_4_, lookupvalu5_.MODIFIED_DATE
as MODIFIED5_57_4_, lookupvalu5_.CODE as CODE6_57_4_,
lookupvalu5_.COUNTRY_ID as COUNTRY11_57_4_, lookupvalu5_.DESCRIPTION as
DESCRIPT7_57_4_, lookupvalu5_.LOOKUP_TYPE_ID as LOOKUP12_57_4_,
tenant6_.id as id1_76_5_, tenant6_."VERSION" as VERSION2_76_5_,
tenant6_.AUTH_BY as AUTH9_76_5_, tenant6_.AUTH_DATE as AUTH3_76_5_,
tenant6_.CREATED_BY as CREATED10_76_5_, tenant6_.CREATED_DATE as
CREATED4_76_5_, tenant6_.MODIFIED_BY as MODIFIE11_76_5_,
tenant6_.MODIFIED_DATE as MODIFIED5_76_5_, tenant6_.CODE as
CODE6_76_5_, tenant6_.CONTACT_ID as CONTACT12_76_5_,
tenant6_.COUNTRY_ID as COUNTRY13_76_5_, tenant6_.DESCRIPTION as
DESCRIPT7_76_5_, tenant6_.PARENT_TENANT_ID as PARENT14_76_5_,
tenant6_.TENANT_TYPE as TENANT8_76_5_, contact7_.id as id1_42_6_,
contact7_."VERSION" as VERSION2_42_6_, contact7_.AUTH_BY as
AUTH38_42_6_, contact7_.AUTH_DATE as AUTH3_42_6_, contact7_.CREATED_BY
as CREATED39_42_6_, contact7_.CREATED_DATE as CREATED4_42_6_,
contact7_.MODIFIED_BY as MODIFIE40_42_6_, contact7_.MODIFIED_DATE as
MODIFIED5_42_6_, contact7_.PAN as PAN6_42_6_, contact7_.
PASSPORT_NUMBER as column7_42_6_, contact7_.BUILDING_NUMBER as
BUILDING8_42_6_, contact7_.CITY_ID as CITY41_42_6_,
contact7_.CONTACT_PERSON as CONTACT9_42_6_, contact7_.COUNTRY_ID as
COUNTRY42_42_6_, contact7_.CUSTOMER_OCCUPATION as CUSTOME10_42_6_,
contact7_.DOCUMENT_ID as DOCUMEN43_42_6_, con

Plan hash value: 1744695316

----------------------------------------------------------------------------------------------------------------------------------------------
| Id  | Operation                                                    | Name                          | Rows  | Bytes | Cost (%CPU)| Time     |
----------------------------------------------------------------------------------------------------------------------------------------------
|   0 | SELECT STATEMENT                                             |                               |       |       |    96 (100)|          |
|   1 |  NESTED LOOPS OUTER                                          |                               |     2 |  9542 |    96   (3)| 00:00:02 |
|   2 |   NESTED LOOPS OUTER                                         |                               |     2 |  9452 |    94   (3)| 00:00:02 |
|   3 |    NESTED LOOPS OUTER                                        |                               |     2 |  9362 |    92   (3)| 00:00:02 |
|   4 |     NESTED LOOPS OUTER                                       |                               |     2 |  9252 |    90   (3)| 00:00:02 |
|   5 |      NESTED LOOPS OUTER                                      |                               |     2 |  9164 |    88   (3)| 00:00:02 |
|   6 |       NESTED LOOPS OUTER                                     |                               |     2 |  8998 |    86   (3)| 00:00:02 |
|   7 |        HASH JOIN OUTER                                       |                               |     2 |  8892 |    84   (3)| 00:00:02 |
|   8 |         NESTED LOOPS OUTER                                   |                               |     1 |  4434 |    60   (2)| 00:00:01 |
|   9 |          HASH JOIN OUTER                                     |                               |     1 |  4371 |    59   (2)| 00:00:01 |
|  10 |           NESTED LOOPS OUTER                                 |                               |     1 |  4346 |    35   (0)| 00:00:01 |
|  11 |            HASH JOIN OUTER                                   |                               |     1 |  4301 |    34   (0)| 00:00:01 |
|  12 |             HASH JOIN OUTER                                  |                               |     1 |  4271 |    31   (0)| 00:00:01 |
|  13 |              NESTED LOOPS OUTER                              |                               |     1 |  4243 |    28   (0)| 00:00:01 |
|  14 |               NESTED LOOPS OUTER                             |                               |     1 |  2163 |    26   (0)| 00:00:01 |
|  15 |                NESTED LOOPS OUTER                            |                               |     1 |  2118 |    25   (0)| 00:00:01 |
|  16 |                 NESTED LOOPS OUTER                           |                               |     1 |  2074 |    24   (0)| 00:00:01 |
|  17 |                  NESTED LOOPS OUTER                          |                               |     1 |  1659 |    24   (0)| 00:00:01 |
|  18 |                   NESTED LOOPS OUTER                         |                               |     1 |  1612 |    24   (0)| 00:00:01 |
|  19 |                    NESTED LOOPS OUTER                        |                               |     1 |  1582 |    22   (0)| 00:00:01 |
|  20 |                     NESTED LOOPS OUTER                       |                               |     1 |  1494 |    21   (0)| 00:00:01 |
|  21 |                      NESTED LOOPS OUTER                      |                               |     1 |  1406 |    20   (0)| 00:00:01 |
|  22 |                       NESTED LOOPS OUTER                     |                               |     1 |  1400 |    20   (0)| 00:00:01 |
|  23 |                        NESTED LOOPS OUTER                    |                               |     1 |  1355 |    19   (0)| 00:00:01 |
|  24 |                         NESTED LOOPS OUTER                   |                               |     1 |  1310 |    19   (0)| 00:00:01 |
|  25 |                          NESTED LOOPS OUTER                  |                               |     1 |  1265 |    19   (0)| 00:00:01 |
|  26 |                           NESTED LOOPS OUTER                 |                               |     1 |  1220 |    18   (0)| 00:00:01 |
|  27 |                            NESTED LOOPS OUTER                |                               |     1 |  1173 |    18   (0)| 00:00:01 |
|  28 |                             NESTED LOOPS OUTER               |                               |     1 |  1134 |    17   (0)| 00:00:01 |
|  29 |                              NESTED LOOPS OUTER              |                               |     1 |  1085 |    17   (0)| 00:00:01 |
|  30 |                               NESTED LOOPS OUTER             |                               |     1 |  1009 |    16   (0)| 00:00:01 |
|  31 |                                NESTED LOOPS OUTER            |                               |     1 |   964 |    15   (0)| 00:00:01 |
|  32 |                                 NESTED LOOPS OUTER           |                               |     1 |   939 |    14   (0)| 00:00:01 |
|  33 |                                  NESTED LOOPS OUTER          |                               |     1 |   894 |    13   (0)| 00:00:01 |
|  34 |                                   NESTED LOOPS OUTER         |                               |     1 |   866 |    12   (0)| 00:00:01 |
|  35 |                                    NESTED LOOPS OUTER        |                               |     1 |   841 |    11   (0)| 00:00:01 |
|  36 |                                     NESTED LOOPS OUTER       |                               |     1 |   774 |    10   (0)| 00:00:01 |
|  37 |                                      NESTED LOOPS OUTER      |                               |     1 |   715 |     9   (0)| 00:00:01 |
|  38 |                                       NESTED LOOPS OUTER     |                               |     1 |   670 |     8   (0)| 00:00:01 |
|  39 |                                        NESTED LOOPS OUTER    |                               |     1 |   578 |     8   (0)| 00:00:01 |
|  40 |                                         NESTED LOOPS OUTER   |                               |     1 |   452 |     8   (0)| 00:00:01 |
|  41 |                                          NESTED LOOPS OUTER  |                               |     1 |   364 |     8   (0)| 00:00:01 |
|  42 |                                           NESTED LOOPS OUTER |                               |     1 |   319 |     7   (0)| 00:00:01 |
|  43 | R                                          NESTED LOOPS OUTE |                               |     1 |   274 |     6   (0)| 00:00:01 |
|  44 | ER                                          NESTED LOOPS OUT |                               |     1 |   219 |     5   (0)| 00:00:01 |
|  45 | TER                                          NESTED LOOPS OU |                               |     1 |   174 |     4   (0)| 00:00:01 |
|  46 |                                               NESTED LOOPS   |                               |     1 |   112 |     3   (0)| 00:00:01 |
|  47 | OUTER                                          NESTED LOOPS  |                               |     1 |    67 |     2   (0)| 00:00:01 |
|  48 |  BY INDEX ROWID                                 TABLE ACCESS | FND_SEGMENT                   |     1 |    39 |     1   (0)| 00:00:01 |
|  49 | E SCAN                                           INDEX UNIQU | SEGMENT_PK                    |     1 |       |     0   (0)|          |
|  50 |  BY INDEX ROWID                                 TABLE ACCESS | FND_TENANT_APPLICATION        |     1 |    28 |     1   (0)| 00:00:01 |
|  51 | E SCAN                                           INDEX UNIQU | TENANT_APPLICATION_PK         |     1 |       |     0   (0)|          |
|  52 | BY INDEX ROWID                                 TABLE ACCESS  | FND_LOOKUP_VALUE              |     1 |    45 |     1   (0)| 00:00:01 |
|  53 |  SCAN                                           INDEX UNIQUE | LOOKUP_VALUE_PK               |     1 |       |     0   (0)|          |
|  54 | Y INDEX ROWID                                 TABLE ACCESS B | FND_TENANT                    |     1 |    62 |     1   (0)| 00:00:01 |
|  55 | SCAN                                           INDEX UNIQUE  | TENANT_PK                     |     1 |       |     0   (0)|          |
|  56 |  INDEX ROWID                                 TABLE ACCESS BY | FND_LOOKUP_VALUE              |     1 |    45 |     1   (0)| 00:00:01 |
|  57 | CAN                                           INDEX UNIQUE S | LOOKUP_VALUE_PK               |     1 |       |     0   (0)|          |
|  58 | INDEX ROWID                                 TABLE ACCESS BY  | FND_LOOKUP_TYPE               |     1 |    55 |     1   (0)| 00:00:01 |
|  59 | AN                                           INDEX UNIQUE SC | LOOKUP_TYPE_PK                |     1 |       |     0   (0)|          |
|  60 | NDEX ROWID                                 TABLE ACCESS BY I | FND_COUNTRY                   |     1 |    45 |     1   (0)| 00:00:01 |
|  61 | N                                           INDEX UNIQUE SCA | COUNTRY_PK                    |     1 |       |     0   (0)|          |
|  62 | DEX ROWID                                 TABLE ACCESS BY IN | FND_COUNTRY                   |     1 |    45 |     1   (0)| 00:00:01 |
|  63 |                                            INDEX UNIQUE SCAN | COUNTRY_PK                    |     1 |       |     0   (0)|          |
|  64 | EX ROWID                                 TABLE ACCESS BY IND | FND_CONTACT                   |     1 |    88 |     0   (0)|          |
|  65 |                                           INDEX UNIQUE SCAN  | CONTACT_PK                    |     1 |       |     0   (0)|          |
|  66 | X ROWID                                 TABLE ACCESS BY INDE | USER_LOGIN_PROFILE            |     1 |   126 |     0   (0)|          |
|  67 |                                          INDEX UNIQUE SCAN   | LOGIN_PROFILE_PK              |     1 |       |     0   (0)|          |
|  68 |  ROWID                                 TABLE ACCESS BY INDEX | FND_DOCUMENT                  |     1 |    92 |     0   (0)|          |
|  69 |                                         INDEX UNIQUE SCAN    | DOCUMENT_PK                   |     1 |       |     0   (0)|          |
|  70 | ROWID                                 TABLE ACCESS BY INDEX  | FND_COUNTRY                   |     1 |    45 |     1   (0)| 00:00:01 |
|  71 |                                        INDEX UNIQUE SCAN     | COUNTRY_PK                    |     1 |       |     0   (0)|          |
|  72 | OWID                                 TABLE ACCESS BY INDEX R | FND_CITY                      |     1 |    59 |     1   (0)| 00:00:01 |
|  73 |                                       INDEX UNIQUE SCAN      | CITY_PK                       |     1 |       |     0   (0)|          |
|  74 | WID                                 TABLE ACCESS BY INDEX RO | USER_PROFILE                  |     1 |    67 |     1   (0)| 00:00:01 |
|  75 |                                      INDEX UNIQUE SCAN       | PROFILE_PK                    |     1 |       |     0   (0)|          |
|  76 | ID                                 TABLE ACCESS BY INDEX ROW | USER_CONTACT_DETAIL           |     1 |    25 |     1   (0)| 00:00:01 |
|  77 |                                     INDEX UNIQUE SCAN        | CONTACT_DETAIL_PK             |     1 |       |     0   (0)|          |
|  78 | D                                 TABLE ACCESS BY INDEX ROWI | FND_TENANT_APPLICATION        |     1 |    28 |     1   (0)| 00:00:01 |
|  79 |                                    INDEX UNIQUE SCAN         | TENANT_APPLICATION_PK         |     1 |       |     0   (0)|          |
|  80 |                                  TABLE ACCESS BY INDEX ROWID | FND_LOOKUP_VALUE              |     1 |    45 |     1   (0)| 00:00:01 |
|  81 |                                   INDEX UNIQUE SCAN          | LOOKUP_VALUE_PK               |     1 |       |     0   (0)|          |
|  82 |                                 TABLE ACCESS BY INDEX ROWID  | USER_LOGIN_PROFILE_EXTEND     |     1 |    25 |     1   (0)| 00:00:01 |
|  83 |                                  INDEX UNIQUE SCAN           | LOGIN_PROFILE_EXTEND_PK       |     1 |       |     0   (0)|          |
|  84 |                                TABLE ACCESS BY INDEX ROWID   | FND_LOOKUP_VALUE              |     1 |    45 |     1   (0)| 00:00:01 |
|  85 |                                 INDEX UNIQUE SCAN            | LOOKUP_VALUE_PK               |     1 |       |     0   (0)|          |
|  86 |                               TABLE ACCESS BY INDEX ROWID    | FND_TENANT_BRANCH             |     1 |    76 |     1   (0)| 00:00:01 |
|  87 |                                INDEX UNIQUE SCAN             | TENANT_BRANCH_PK              |     1 |       |     0   (0)|          |
|  88 |                              TABLE ACCESS BY INDEX ROWID     | FND_SPECIAL_CATEGORY          |     1 |    49 |     0   (0)|          |
|  89 |                               INDEX UNIQUE SCAN              | SPECIAL_CATEGORY_PK           |     1 |       |     0   (0)|          |
|  90 |                             TABLE ACCESS BY INDEX ROWID      | FND_SEGMENT                   |     1 |    39 |     1   (0)| 00:00:01 |
|  91 |                              INDEX UNIQUE SCAN               | SEGMENT_PK                    |     1 |       |     0   (0)|          |
|  92 |                            TABLE ACCESS BY INDEX ROWID       | FND_DEPARTMENT                |     1 |    47 |     0   (0)|          |
|  93 |                             INDEX UNIQUE SCAN                | DEPARTMENT_PK                 |     1 |       |     0   (0)|          |
|  94 |                           TABLE ACCESS BY INDEX ROWID        | FND_LOOKUP_VALUE              |     1 |    45 |     1   (0)| 00:00:01 |
|  95 |                            INDEX UNIQUE SCAN                 | LOOKUP_VALUE_PK               |     1 |       |     0   (0)|          |
|  96 |                          TABLE ACCESS BY INDEX ROWID         | FND_LOOKUP_VALUE              |     1 |    45 |     0   (0)|          |
|  97 |                           INDEX UNIQUE SCAN                  | LOOKUP_VALUE_PK               |     1 |       |     0   (0)|          |
|  98 |                         TABLE ACCESS BY INDEX ROWID          | FND_LOOKUP_VALUE              |     1 |    45 |     0   (0)|          |
|  99 |                          INDEX UNIQUE SCAN                   | LOOKUP_VALUE_PK               |     1 |       |     0   (0)|          |
| 100 |                        TABLE ACCESS BY INDEX ROWID           | FND_LOOKUP_VALUE              |     1 |    45 |     1   (0)| 00:00:01 |
| 101 |                         INDEX UNIQUE SCAN                    | LOOKUP_VALUE_PK               |     1 |       |     0   (0)|          |
| 102 |                       INDEX UNIQUE SCAN                      | PROFILE_EXTEND_PK             |     1 |     6 |     0   (0)|          |
| 103 |                      TABLE ACCESS BY INDEX ROWID             | FND_CONTACT                   |     1 |    88 |     1   (0)| 00:00:01 |
| 104 |                       INDEX UNIQUE SCAN                      | CONTACT_PK                    |     1 |       |     0   (0)|          |
| 105 |                     TABLE ACCESS BY INDEX ROWID              | FND_CONTACT                   |     1 |    88 |     1   (0)| 00:00:01 |
| 106 |                      INDEX UNIQUE SCAN                       | CONTACT_PK                    |     1 |       |     0   (0)|          |
| 107 |                    TABLE ACCESS BY INDEX ROWID               | PAY_PAYEE_BANK_BRANCH         |     1 |    30 |     2   (0)| 00:00:01 |
| 108 |                     INDEX UNIQUE SCAN                        | PAY_PAYEE_BANK_BRANCH_PK      |     1 |       |     1   (0)| 00:00:01 |
| 109 |                   TABLE ACCESS BY INDEX ROWID                | FND_DEPARTMENT                |     1 |    47 |     0   (0)|          |
| 110 |                    INDEX UNIQUE SCAN                         | DEPARTMENT_PK                 |     1 |       |     0   (0)|          |
| 111 |                  TABLE ACCESS BY INDEX ROWID                 | FND_COMPANY                   |     1 |   415 |     0   (0)|          |
| 112 |                   INDEX UNIQUE SCAN                          | COMPANY_PK                    |     1 |       |     0   (0)|          |
| 113 |                 TABLE ACCESS BY INDEX ROWID                  | FND_STATE                     |     1 |    44 |     1   (0)| 00:00:01 |
| 114 |                  INDEX UNIQUE SCAN                           | STATE_PK                      |     1 |       |     0   (0)|          |
| 115 |                TABLE ACCESS BY INDEX ROWID                   | FND_LOOKUP_VALUE              |     1 |    45 |     1   (0)| 00:00:01 |
| 116 |                 INDEX UNIQUE SCAN                            | LOOKUP_VALUE_PK               |     1 |       |     0   (0)|          |
| 117 |               TABLE ACCESS FULL                              | FND_DOCUMENT_DETAIL           |     1 |  2080 |     2   (0)| 00:00:01 |
| 118 |              TABLE ACCESS FULL                               | FND_TENANT_OPERATING_COUNTRY  |     1 |    28 |     3   (0)| 00:00:01 |
| 119 |             TABLE ACCESS FULL                                | FND_TENANT_APPLICATION_LOCALE |     1 |    30 |     3   (0)| 00:00:01 |
| 120 |            TABLE ACCESS BY INDEX ROWID                       | FND_COUNTRY                   |     1 |    45 |     1   (0)| 00:00:01 |
| 121 |             INDEX UNIQUE SCAN                                | COUNTRY_PK                    |     1 |       |     0   (0)|          |
| 122 |           TABLE ACCESS FULL                                  | USER_CIF                      | 18368 |   448K|    24   (5)| 00:00:01 |
| 123 |          TABLE ACCESS BY INDEX ROWID                         | FND_CIF                       |     1 |    63 |     1   (0)| 00:00:01 |
| 124 |           INDEX UNIQUE SCAN                                  | CIF_PK                        |     1 |       |     0   (0)|          |
| 125 |         TABLE ACCESS FULL                                    | FND_CIF_ACCOUNT               | 33093 |   387K|    24   (5)| 00:00:01 |

PLAN_TABLE_OUTPUT
------------------------------------------------------------------------------------------------------------------------------------------------------------------------------------------------------------------------------------------------------------------------------------------------------------
| 126 |        TABLE ACCESS BY INDEX ROWID                           | ACCT_ACCOUNT                  |     1 |    53 |     1   (0)| 00:00:01 |
| 127 |         INDEX UNIQUE SCAN                                    | ACCOUNT_PK                    |     1 |       |     0   (0)|          |
| 128 |       TABLE ACCESS BY INDEX ROWID                            | ACCT_PRODUCT                  |     1 |    83 |     1   (0)| 00:00:01 |
| 129 |        INDEX UNIQUE SCAN                                     | PRODUCT_PK                    |     1 |       |     0   (0)|          |
| 130 |      TABLE ACCESS BY INDEX ROWID                             | ACCT_PRODUCT_TYPE             |     1 |    44 |     1   (0)| 00:00:01 |
| 131 |       INDEX UNIQUE SCAN                                      | PRODUCT_TYPE_PK               |     1 |       |     0   (0)|          |
| 132 |     TABLE ACCESS BY INDEX ROWID                              | FND_CURRENCY                  |     1 |    55 |     1   (0)| 00:00:01 |
| 133 |      INDEX UNIQUE SCAN                                       | CURRENCY_PK                   |     1 |       |     0   (0)|          |
| 134 |    TABLE ACCESS BY INDEX ROWID                               | FND_LOOKUP_VALUE              |     1 |    45 |     1   (0)| 00:00:01 |
| 135 |     INDEX UNIQUE SCAN                                        | LOOKUP_VALUE_PK               |     1 |       |     0   (0)|          |
| 136 |   TABLE ACCESS BY INDEX ROWID                                | FND_LOOKUP_VALUE              |     1 |    45 |     1   (0)| 00:00:01 |
| 137 |    INDEX UNIQUE SCAN                                         | LOOKUP_VALUE_PK               |     1 |       |     0   (0)|          |
----------------------------------------------------------------------------------------------------------------------------------------------


211 rows selected.


==================================================================================================================
\



SYS:JFSMIBDB > select plan_table_output from table (dbms_xplan.display_awr('bz409mzjkg221'));

PLAN_TABLE_OUTPUT
------------------------------------------------------------------------------------------------------------------------------------------------------------------------------------------------------------------------------------------------------------------------------------------------------------
SQL_ID bz409mzjkg221
--------------------
/* load com.vayana.bm.core.api.model.user.UserContactDetail */ select
usercontac0_.id as id1_207_43_, usercontac0_."VERSION" as
VERSION2_207_43_, usercontac0_.CONTACT_ID as CONTACT3_207_43_,
usercontac0_.CONTACT_TYPE_ID as CONTACT4_207_43_,
usercontac0_.PROFILE_ID as PROFILE5_207_43_, contact1_.id as id1_42_0_,
contact1_."VERSION" as VERSION2_42_0_, contact1_.AUTH_BY as
AUTH38_42_0_, contact1_.AUTH_DATE as AUTH3_42_0_, contact1_.CREATED_BY
as CREATED39_42_0_, contact1_.CREATED_DATE as CREATED4_42_0_,
contact1_.MODIFIED_BY as MODIFIE40_42_0_, contact1_.MODIFIED_DATE as
MODIFIED5_42_0_, contact1_.PAN as PAN6_42_0_, contact1_.
PASSPORT_NUMBER as column7_42_0_, contact1_.BUILDING_NUMBER as
BUILDING8_42_0_, contact1_.CITY_ID as CITY41_42_0_,
contact1_.CONTACT_PERSON as CONTACT9_42_0_, contact1_.COUNTRY_ID as
COUNTRY42_42_0_, contact1_.CUSTOMER_OCCUPATION as CUSTOME10_42_0_,
contact1_.DOCUMENT_ID as DOCUMEN43_42_0_, contact1_.MANAGER_CODE as
MANAGER11_42_0_, contact1_.MANAGER_ID as MANAGER44_42_0_, contact1_.
NOTIFICATION_TYPE  as column12_42_0_, contact1_.PASSORT_EXPIRY_DATE  as
PASSORT13_42_0_, contact1_. PASSPORT_ISSUE_DATE  as column14_42_0_,
contact1_.PINCODE as PINCODE15_42_0_, contact1_.PRIMARY_EMAIL_ADDRESS
as PRIMARY16_42_0_, contact1_.PRIMARY_FACEBOOK_LOGIN as
PRIMARY17_42_0_, contact1_.PRIMARY_FAX_NUMBER as PRIMARY18_42_0_,
contact1_.PRIMARY_GOOGLEPLUS_LOGIN as PRIMARY19_42_0_,
contact1_.PRIMARY_LINKEDIN_LOGIN as PRIMARY20_42_0_,
contact1_.PRIMARY_MOBILE_NUMBER as PRIMARY21_42_0_,
contact1_.PRIMARY_PHONE_NUMBER as PRIMARY22_42_0_,
contact1_.PRIMARY_TWITTER_LOGIN as PRIMARY23_42_0_, contact1_.REMARK as
REMARK24_42_0_, contact1_.SECONDARY_EMAIL_ADDRESS as SECONDA25_42_0_,
contact1_.SECONDARY_FACEBOOK_LOGIN as SECONDA26_42_0_,
contact1_.SECONDARY_FAX_NUMBER as SECONDA27_42_0_,
contact1_.SECONDARY_GOOGLEPLUS_LOGIN as SECONDA28_42_0_,
contact1_.SECONDARY_LINKEDIN_LOGIN as SECONDA29_42_0_,
contact1_.SECONDARY_MOBILE_NUMBER as SECONDA30_42_0_,
contact1_.SECONDARY_PHONE_NUMBER as SECONDA31_42_0_,
contact1_.SECONDARY_TWITTER_LOGIN as SECONDA32_42_0_,
contact1_.STATE_ID as STATE45_42_0_, contact1_.STREET_ADDRESS1 as
STREET33_42_0_, contact1_.STREET_ADDRESS2 as STREET34_42_0_,
contact1_.STREET_ADDRESS3 as STREET35_42_0_, contact1_.STREET_ADDRESS4
as STREET36_42_0_, contact1_.WEBSITE_NAME as WEBSITE37_42_0_, city2_.id
as id1_36_1_, city2_."VERSION" as VERSION2_36_1_, city2_.AUTH_BY as
AUTH8_36_1_, city2_.AUTH_DATE as AUTH3_36_1_, city2_.CREATED_BY as
CREATED9_36_1_, city2_.CREATED_DATE as CREATED4_36_1_,
city2_.MODIFIED_BY as MODIFIE10_36_1_, city2_.MODIFIED_DATE as
MODIFIED5_36_1_, city2_.CODE as CODE6_36_1_, city2_.COUNTRY_ID as
COUNTRY11_36_1_, city2_.DESCRIPTION as DESCRIPT7_36_1_, city2_.STATE_ID
as STATE12_36_1_, country3_.id as id1_43_2_, country3_."VERSION" as
VERSION2_43_2_, country3_.AUTH_BY as AUTH10_43_2_, country3_.AUTH_DATE
as AUTH3_43_2_, country3_.CREATED_BY as CREATED11_43_2_,
country3_.CREATED_DATE as CREATED4_43_2_, country3_.MODIFIED_BY as
MODIFIE12_43_2_, country3_.MODIFIED_DATE as MODIFIED5_43_2_,
country3_.CODE as CODE6_43_2_, country3_.DESCRIPTION as
DESCRIPT7_43_2_, country3_.ISO_ALPHA_2CODE as ISO8_43_2_,
country3_.ISO_NUMERIC_CODE as ISO9_43_2_, document4_.id as id1_47_3_,
document4_."VERSION" as VERSION2_47_3_, document4_.AUTH_BY as
AUTH6_47_3_, document4_.AUTH_DATE as AUTH3_47_3_, document4_.CREATED_BY
as CREATED7_47_3_, document4_.CREATED_DATE as CREATED4_47_3_,
document4_.MODIFIED_BY as MODIFIED8_47_3_, document4_.MODIFIED_DATE as
MODIFIED5_47_3_, documentde5_.DOCUMENT_ID as DOCUMENT5_47_45_,
documentde5_.id as id1_48_45_, documentde5_.id as id1_48_4_,
documentde5_."VERSION" as VERSION2_48_4_, documentde5_.DOCUMENT_ID as
DOCUMENT5_48_4_, documentde5_.DOCUMENT as DOCUMENT3_48_4_,
documentde5_.DOCUMENT_TYPE_ID as DOCUMENT6_48_4_,
documentde5_.DOCUMENT_EXT_ID as DOCUMENT7_48_4_,
documentde5_.DOCUMENT_SERIAL as DOCUMENT4_48_4_, userloginp6_.id as
id1_216_5_, userloginp6_."VERSION" as VERSION2_216_5_, userlo

Plan hash value: 3920854626

----------------------------------------------------------------------------------------------------------------------------------------------
| Id  | Operation                                                    | Name                          | Rows  | Bytes | Cost (%CPU)| Time     |
----------------------------------------------------------------------------------------------------------------------------------------------
|   0 | SELECT STATEMENT                                             |                               |       |       |    97 (100)|          |
|   1 |  NESTED LOOPS OUTER                                          |                               |     2 |  9514 |    97   (3)| 00:00:02 |
|   2 |   NESTED LOOPS OUTER                                         |                               |     2 |  9424 |    95   (3)| 00:00:02 |
|   3 |    NESTED LOOPS OUTER                                        |                               |     2 |  9334 |    93   (3)| 00:00:02 |
|   4 |     NESTED LOOPS OUTER                                       |                               |     2 |  9224 |    91   (3)| 00:00:02 |
|   5 |      NESTED LOOPS OUTER                                      |                               |     2 |  9136 |    89   (3)| 00:00:02 |
|   6 |       NESTED LOOPS OUTER                                     |                               |     2 |  8970 |    87   (3)| 00:00:02 |
|   7 |        HASH JOIN OUTER                                       |                               |     2 |  8864 |    85   (3)| 00:00:02 |
|   8 |         NESTED LOOPS OUTER                                   |                               |     1 |  4420 |    61   (2)| 00:00:01 |
|   9 |          HASH JOIN OUTER                                     |                               |     1 |  4357 |    60   (2)| 00:00:01 |
|  10 |           NESTED LOOPS OUTER                                 |                               |     1 |  4332 |    36   (0)| 00:00:01 |
|  11 |            HASH JOIN OUTER                                   |                               |     1 |  4287 |    35   (0)| 00:00:01 |
|  12 |             HASH JOIN OUTER                                  |                               |     1 |  4257 |    32   (0)| 00:00:01 |
|  13 |              NESTED LOOPS OUTER                              |                               |     1 |  4229 |    29   (0)| 00:00:01 |
|  14 |               NESTED LOOPS OUTER                             |                               |     1 |  2149 |    27   (0)| 00:00:01 |
|  15 |                NESTED LOOPS OUTER                            |                               |     1 |  2105 |    26   (0)| 00:00:01 |
|  16 |                 NESTED LOOPS OUTER                           |                               |     1 |  2060 |    25   (0)| 00:00:01 |
|  17 |                  NESTED LOOPS OUTER                          |                               |     1 |  1972 |    25   (0)| 00:00:01 |
|  18 |                   NESTED LOOPS OUTER                         |                               |     1 |  1927 |    24   (0)| 00:00:01 |
|  19 |                    NESTED LOOPS OUTER                        |                               |     1 |  1512 |    24   (0)| 00:00:01 |
|  20 |                     NESTED LOOPS OUTER                       |                               |     1 |  1465 |    24   (0)| 00:00:01 |
|  21 |                      NESTED LOOPS OUTER                      |                               |     1 |  1420 |    23   (0)| 00:00:01 |
|  22 |                       NESTED LOOPS OUTER                     |                               |     1 |  1392 |    22   (0)| 00:00:01 |
|  23 |                        NESTED LOOPS OUTER                    |                               |     1 |  1362 |    20   (0)| 00:00:01 |
|  24 |                         NESTED LOOPS OUTER                   |                               |     1 |  1274 |    19   (0)| 00:00:01 |
|  25 |                          NESTED LOOPS OUTER                  |                               |     1 |  1229 |    18   (0)| 00:00:01 |
|  26 |                           NESTED LOOPS OUTER                 |                               |     1 |  1174 |    17   (0)| 00:00:01 |
|  27 |                            NESTED LOOPS OUTER                |                               |     1 |  1129 |    16   (0)| 00:00:01 |
|  28 |                             NESTED LOOPS OUTER               |                               |     1 |  1067 |    15   (0)| 00:00:01 |
|  29 |                              NESTED LOOPS OUTER              |                               |     1 |  1061 |    15   (0)| 00:00:01 |
|  30 |                               NESTED LOOPS OUTER             |                               |     1 |  1016 |    14   (0)| 00:00:01 |
|  31 |                                NESTED LOOPS OUTER            |                               |     1 |   971 |    14   (0)| 00:00:01 |
|  32 |                                 NESTED LOOPS OUTER           |                               |     1 |   926 |    14   (0)| 00:00:01 |
|  33 |                                  NESTED LOOPS OUTER          |                               |     1 |   881 |    13   (0)| 00:00:01 |
|  34 |                                   NESTED LOOPS OUTER         |                               |     1 |   834 |    13   (0)| 00:00:01 |
|  35 |                                    NESTED LOOPS OUTER        |                               |     1 |   795 |    12   (0)| 00:00:01 |
|  36 |                                     NESTED LOOPS OUTER       |                               |     1 |   746 |    12   (0)| 00:00:01 |
|  37 |                                      NESTED LOOPS OUTER      |                               |     1 |   670 |    11   (0)| 00:00:01 |
|  38 |                                       NESTED LOOPS OUTER     |                               |     1 |   625 |    10   (0)| 00:00:01 |
|  39 |                                        NESTED LOOPS OUTER    |                               |     1 |   600 |     9   (0)| 00:00:01 |
|  40 |                                         NESTED LOOPS OUTER   |                               |     1 |   555 |     8   (0)| 00:00:01 |
|  41 |                                          NESTED LOOPS OUTER  |                               |     1 |   527 |     7   (0)| 00:00:01 |
|  42 |                                           NESTED LOOPS OUTER |                               |     1 |   502 |     6   (0)| 00:00:01 |
|  43 | R                                          NESTED LOOPS OUTE |                               |     1 |   435 |     5   (0)| 00:00:01 |
|  44 | ER                                          NESTED LOOPS OUT |                               |     1 |   376 |     4   (0)| 00:00:01 |
|  45 | TER                                          NESTED LOOPS OU |                               |     1 |   331 |     3   (0)| 00:00:01 |
|  46 | UTER                                          NESTED LOOPS O |                               |     1 |   239 |     3   (0)| 00:00:01 |
|  47 | OUTER                                          NESTED LOOPS  |                               |     1 |   113 |     3   (0)| 00:00:01 |
|  48 |  BY INDEX ROWID                                 TABLE ACCESS | USER_CONTACT_DETAIL           |     1 |    25 |     2   (0)| 00:00:01 |
|  49 | E SCAN                                           INDEX UNIQU | CONTACT_DETAIL_PK             |     1 |       |     1   (0)| 00:00:01 |
|  50 |  BY INDEX ROWID                                 TABLE ACCESS | FND_CONTACT                   |     1 |    88 |     1   (0)| 00:00:01 |
|  51 | E SCAN                                           INDEX UNIQU | CONTACT_PK                    |     1 |       |     0   (0)|          |
|  52 | BY INDEX ROWID                                 TABLE ACCESS  | USER_LOGIN_PROFILE            |     1 |   126 |     0   (0)|          |
|  53 |  SCAN                                           INDEX UNIQUE | LOGIN_PROFILE_PK              |     1 |       |     0   (0)|          |
|  54 | Y INDEX ROWID                                 TABLE ACCESS B | FND_DOCUMENT                  |     1 |    92 |     0   (0)|          |
|  55 | SCAN                                           INDEX UNIQUE  | DOCUMENT_PK                   |     1 |       |     0   (0)|          |
|  56 |  INDEX ROWID                                 TABLE ACCESS BY | FND_COUNTRY                   |     1 |    45 |     1   (0)| 00:00:01 |
|  57 | CAN                                           INDEX UNIQUE S | COUNTRY_PK                    |     1 |       |     0   (0)|          |
|  58 | INDEX ROWID                                 TABLE ACCESS BY  | FND_CITY                      |     1 |    59 |     1   (0)| 00:00:01 |
|  59 | AN                                           INDEX UNIQUE SC | CITY_PK                       |     1 |       |     0   (0)|          |
|  60 | NDEX ROWID                                 TABLE ACCESS BY I | USER_PROFILE                  |     1 |    67 |     1   (0)| 00:00:01 |
|  61 | N                                           INDEX UNIQUE SCA | PROFILE_PK                    |     1 |       |     0   (0)|          |
|  62 | DEX ROWID                                 TABLE ACCESS BY IN | USER_CONTACT_DETAIL           |     1 |    25 |     1   (0)| 00:00:01 |
|  63 |                                            INDEX UNIQUE SCAN | CONTACT_DETAIL_PK             |     1 |       |     0   (0)|          |
|  64 | EX ROWID                                 TABLE ACCESS BY IND | FND_TENANT_APPLICATION        |     1 |    28 |     1   (0)| 00:00:01 |
|  65 |                                           INDEX UNIQUE SCAN  | TENANT_APPLICATION_PK         |     1 |       |     0   (0)|          |
|  66 | X ROWID                                 TABLE ACCESS BY INDE | FND_LOOKUP_VALUE              |     1 |    45 |     1   (0)| 00:00:01 |
|  67 |                                          INDEX UNIQUE SCAN   | LOOKUP_VALUE_PK               |     1 |       |     0   (0)|          |
|  68 |  ROWID                                 TABLE ACCESS BY INDEX | USER_LOGIN_PROFILE_EXTEND     |     1 |    25 |     1   (0)| 00:00:01 |
|  69 |                                         INDEX UNIQUE SCAN    | LOGIN_PROFILE_EXTEND_PK       |     1 |       |     0   (0)|          |
|  70 | ROWID                                 TABLE ACCESS BY INDEX  | FND_LOOKUP_VALUE              |     1 |    45 |     1   (0)| 00:00:01 |
|  71 |                                        INDEX UNIQUE SCAN     | LOOKUP_VALUE_PK               |     1 |       |     0   (0)|          |
|  72 | OWID                                 TABLE ACCESS BY INDEX R | FND_TENANT_BRANCH             |     1 |    76 |     1   (0)| 00:00:01 |
|  73 |                                       INDEX UNIQUE SCAN      | TENANT_BRANCH_PK              |     1 |       |     0   (0)|          |
|  74 | WID                                 TABLE ACCESS BY INDEX RO | FND_SPECIAL_CATEGORY          |     1 |    49 |     0   (0)|          |
|  75 |                                      INDEX UNIQUE SCAN       | SPECIAL_CATEGORY_PK           |     1 |       |     0   (0)|          |
|  76 | ID                                 TABLE ACCESS BY INDEX ROW | FND_SEGMENT                   |     1 |    39 |     1   (0)| 00:00:01 |
|  77 |                                     INDEX UNIQUE SCAN        | SEGMENT_PK                    |     1 |       |     0   (0)|          |
|  78 | D                                 TABLE ACCESS BY INDEX ROWI | FND_DEPARTMENT                |     1 |    47 |     0   (0)|          |
|  79 |                                    INDEX UNIQUE SCAN         | DEPARTMENT_PK                 |     1 |       |     0   (0)|          |
|  80 |                                  TABLE ACCESS BY INDEX ROWID | FND_LOOKUP_VALUE              |     1 |    45 |     1   (0)| 00:00:01 |
|  81 |                                   INDEX UNIQUE SCAN          | LOOKUP_VALUE_PK               |     1 |       |     0   (0)|          |
|  82 |                                 TABLE ACCESS BY INDEX ROWID  | FND_LOOKUP_VALUE              |     1 |    45 |     0   (0)|          |
|  83 |                                  INDEX UNIQUE SCAN           | LOOKUP_VALUE_PK               |     1 |       |     0   (0)|          |
|  84 |                                TABLE ACCESS BY INDEX ROWID   | FND_LOOKUP_VALUE              |     1 |    45 |     0   (0)|          |
|  85 |                                 INDEX UNIQUE SCAN            | LOOKUP_VALUE_PK               |     1 |       |     0   (0)|          |
|  86 |                               TABLE ACCESS BY INDEX ROWID    | FND_LOOKUP_VALUE              |     1 |    45 |     1   (0)| 00:00:01 |
|  87 |                                INDEX UNIQUE SCAN             | LOOKUP_VALUE_PK               |     1 |       |     0   (0)|          |
|  88 |                              INDEX UNIQUE SCAN               | PROFILE_EXTEND_PK             |     1 |     6 |     0   (0)|          |
|  89 |                             TABLE ACCESS BY INDEX ROWID      | FND_TENANT                    |     1 |    62 |     1   (0)| 00:00:01 |
|  90 |                              INDEX UNIQUE SCAN               | TENANT_PK                     |     1 |       |     0   (0)|          |
|  91 |                            TABLE ACCESS BY INDEX ROWID       | FND_LOOKUP_VALUE              |     1 |    45 |     1   (0)| 00:00:01 |
|  92 |                             INDEX UNIQUE SCAN                | LOOKUP_VALUE_PK               |     1 |       |     0   (0)|          |
|  93 |                           TABLE ACCESS BY INDEX ROWID        | FND_LOOKUP_TYPE               |     1 |    55 |     1   (0)| 00:00:01 |
|  94 |                            INDEX UNIQUE SCAN                 | LOOKUP_TYPE_PK                |     1 |       |     0   (0)|          |
|  95 |                          TABLE ACCESS BY INDEX ROWID         | FND_COUNTRY                   |     1 |    45 |     1   (0)| 00:00:01 |
|  96 |                           INDEX UNIQUE SCAN                  | COUNTRY_PK                    |     1 |       |     0   (0)|          |
|  97 |                         TABLE ACCESS BY INDEX ROWID          | FND_CONTACT                   |     1 |    88 |     1   (0)| 00:00:01 |
|  98 |                          INDEX UNIQUE SCAN                   | CONTACT_PK                    |     1 |       |     0   (0)|          |
|  99 |                        TABLE ACCESS BY INDEX ROWID           | PAY_PAYEE_BANK_BRANCH         |     1 |    30 |     2   (0)| 00:00:01 |
| 100 |                         INDEX UNIQUE SCAN                    | PAY_PAYEE_BANK_BRANCH_PK      |     1 |       |     1   (0)| 00:00:01 |
| 101 |                       TABLE ACCESS BY INDEX ROWID            | FND_TENANT_APPLICATION        |     1 |    28 |     1   (0)| 00:00:01 |
| 102 |                        INDEX UNIQUE SCAN                     | TENANT_APPLICATION_PK         |     1 |       |     0   (0)|          |
| 103 |                      TABLE ACCESS BY INDEX ROWID             | FND_LOOKUP_VALUE              |     1 |    45 |     1   (0)| 00:00:01 |
| 104 |                       INDEX UNIQUE SCAN                      | LOOKUP_VALUE_PK               |     1 |       |     0   (0)|          |
| 105 |                     TABLE ACCESS BY INDEX ROWID              | FND_DEPARTMENT                |     1 |    47 |     0   (0)|          |
| 106 |                      INDEX UNIQUE SCAN                       | DEPARTMENT_PK                 |     1 |       |     0   (0)|          |
| 107 |                    TABLE ACCESS BY INDEX ROWID               | FND_COMPANY                   |     1 |   415 |     0   (0)|          |
| 108 |                     INDEX UNIQUE SCAN                        | COMPANY_PK                    |     1 |       |     0   (0)|          |
| 109 |                   TABLE ACCESS BY INDEX ROWID                | FND_COUNTRY                   |     1 |    45 |     1   (0)| 00:00:01 |
| 110 |                    INDEX UNIQUE SCAN                         | COUNTRY_PK                    |     1 |       |     0   (0)|          |
| 111 |                  TABLE ACCESS BY INDEX ROWID                 | FND_CONTACT                   |     1 |    88 |     0   (0)|          |
| 112 |                   INDEX UNIQUE SCAN                          | CONTACT_PK                    |     1 |       |     0   (0)|          |
| 113 |                 TABLE ACCESS BY INDEX ROWID                  | FND_LOOKUP_VALUE              |     1 |    45 |     1   (0)| 00:00:01 |
| 114 |                  INDEX UNIQUE SCAN                           | LOOKUP_VALUE_PK               |     1 |       |     0   (0)|          |
| 115 |                TABLE ACCESS BY INDEX ROWID                   | FND_STATE                     |     1 |    44 |     1   (0)| 00:00:01 |
| 116 |                 INDEX UNIQUE SCAN                            | STATE_PK                      |     1 |       |     0   (0)|          |
| 117 |               TABLE ACCESS FULL                              | FND_DOCUMENT_DETAIL           |     1 |  2080 |     2   (0)| 00:00:01 |
| 118 |              TABLE ACCESS FULL                               | FND_TENANT_OPERATING_COUNTRY  |     1 |    28 |     3   (0)| 00:00:01 |
| 119 |             TABLE ACCESS FULL                                | FND_TENANT_APPLICATION_LOCALE |     1 |    30 |     3   (0)| 00:00:01 |
| 120 |            TABLE ACCESS BY INDEX ROWID                       | FND_COUNTRY                   |     1 |    45 |     1   (0)| 00:00:01 |
| 121 |             INDEX UNIQUE SCAN                                | COUNTRY_PK                    |     1 |       |     0   (0)|          |
| 122 |           TABLE ACCESS FULL                                  | USER_CIF                      | 18368 |   448K|    24   (5)| 00:00:01 |
| 123 |          TABLE ACCESS BY INDEX ROWID                         | FND_CIF                       |     1 |    63 |     1   (0)| 00:00:01 |
| 124 |           INDEX UNIQUE SCAN                                  | CIF_PK                        |     1 |       |     0   (0)|          |

PLAN_TABLE_OUTPUT
------------------------------------------------------------------------------------------------------------------------------------------------------------------------------------------------------------------------------------------------------------------------------------------------------------
| 125 |         TABLE ACCESS FULL                                    | FND_CIF_ACCOUNT               | 33093 |   387K|    24   (5)| 00:00:01 |
| 126 |        TABLE ACCESS BY INDEX ROWID                           | ACCT_ACCOUNT                  |     1 |    53 |     1   (0)| 00:00:01 |
| 127 |         INDEX UNIQUE SCAN                                    | ACCOUNT_PK                    |     1 |       |     0   (0)|          |
| 128 |       TABLE ACCESS BY INDEX ROWID                            | ACCT_PRODUCT                  |     1 |    83 |     1   (0)| 00:00:01 |
| 129 |        INDEX UNIQUE SCAN                                     | PRODUCT_PK                    |     1 |       |     0   (0)|          |
| 130 |      TABLE ACCESS BY INDEX ROWID                             | ACCT_PRODUCT_TYPE             |     1 |    44 |     1   (0)| 00:00:01 |
| 131 |       INDEX UNIQUE SCAN                                      | PRODUCT_TYPE_PK               |     1 |       |     0   (0)|          |
| 132 |     TABLE ACCESS BY INDEX ROWID                              | FND_CURRENCY                  |     1 |    55 |     1   (0)| 00:00:01 |
| 133 |      INDEX UNIQUE SCAN                                       | CURRENCY_PK                   |     1 |       |     0   (0)|          |
| 134 |    TABLE ACCESS BY INDEX ROWID                               | FND_LOOKUP_VALUE              |     1 |    45 |     1   (0)| 00:00:01 |
| 135 |     INDEX UNIQUE SCAN                                        | LOOKUP_VALUE_PK               |     1 |       |     0   (0)|          |
| 136 |   TABLE ACCESS BY INDEX ROWID                                | FND_LOOKUP_VALUE              |     1 |    45 |     1   (0)| 00:00:01 |
| 137 |    INDEX UNIQUE SCAN                                         | LOOKUP_VALUE_PK               |     1 |       |     0   (0)|          |
----------------------------------------------------------------------------------------------------------------------------------------------


212 rows selected.


========================================================================================



SYS:JFSMIBDB > select plan_table_output from table (dbms_xplan.display_awr('gbpkhayh6z3vn'));

PLAN_TABLE_OUTPUT
------------------------------------------------------------------------------------------------------------------------------------------------------------------------------------------------------------------------------------------------------------------------------------------------------------
SQL_ID gbpkhayh6z3vn
--------------------
/* load com.vayana.ib.bm.core.api.model.payment.LimitDefinitionDetail
*/ select limitdefin0_.id as id1_153_111_, limitdefin0_."VERSION" as
VERSION2_153_111_, limitdefin0_.AUTH_BY as AUTH43_153_111_,
limitdefin0_.AUTH_DATE as AUTH3_153_111_, limitdefin0_.CREATED_BY as
CREATED44_153_111_, limitdefin0_.CREATED_DATE as CREATED4_153_111_,
limitdefin0_.MODIFIED_BY as MODIFIE45_153_111_,
limitdefin0_.MODIFIED_DATE as MODIFIED5_153_111_,
limitdefin0_.CHANNEL_ID as CHANNEL46_153_111_, limitdefin0_.CODE as
CODE6_153_111_, limitdefin0_.COMPANY_ID as COMPANY47_153_111_,
limitdefin0_.CIF_ID as CIF48_153_111_, limitdefin0_.DESCRIPTION as
DESCRIPT7_153_111_, limitdefin0_.EFFECTIVE_FROM_DATE as
EFFECTIV8_153_111_, limitdefin0_.EFFECTIVE_TO_DATE as
EFFECTIV9_153_111_, limitdefin0_.GLO_DAILY_MAX_TRX_AMOUNT as
GLO10_153_111_, limitdefin0_.GLO_DAILY_MAX_TRX_ALLOWED as
GLO11_153_111_, limitdefin0_.GLO_FORTNIGHT_MAX_TRX_AMOUNT as
GLO12_153_111_, limitdefin0_.GLO_FORTNIGHT_MAX_TRX_ALLOWED as
GLO13_153_111_, limitdefin0_.GLO_HALFERLY_MAX_TRX_AMOUNT as
GLO14_153_111_, limitdefin0_.GLO_HALFERLY_MAX_TRX_ALLOWED as
GLO15_153_111_, limitdefin0_.GLO_MAX_TRX_AMOUNT as GLO16_153_111_,
limitdefin0_.GLO_MIN_TRX_AMOUNT as GLO17_153_111_,
limitdefin0_.GLO_MONTHLY_MAX_TRX_AMOUNT as GLO18_153_111_,
limitdefin0_.GLO_MONTHLY_MAX_TRX_ALLOWED as GLO19_153_111_,
limitdefin0_.GLO_QUATERLY_MAX_TRX_AMOUNT as GLO20_153_111_,
limitdefin0_.GLO_QUATERLY_MAX_TRX_ALLOWED as GLO21_153_111_,
limitdefin0_.GLO_WEEKLY_MAX_TRX_AMOUNT as GLO22_153_111_,
limitdefin0_.GLO_WEEKLY_MAX_TRX_ALLOWED as GLO23_153_111_,
limitdefin0_.GLO_YEARLY_MAX_TRX_AMOUNT as GLO24_153_111_,
limitdefin0_.GLO_YEARLY_MAX_TRX_ALLOWED as GLO25_153_111_,
limitdefin0_.GROUP_ID as GROUP49_153_111_,
limitdefin0_.LOGIN_PROFILE_ID as LOGIN50_153_111_,
limitdefin0_.DEFINITION_ID as DEFINIT51_153_111_,
limitdefin0_.LIMIT_DEFINITION_TYPE as LIMIT26_153_111_,
limitdefin0_.BENE_ID as BENE52_153_111_, limitdefin0_.BILLER_ID as
BILLER53_153_111_, limitdefin0_.PAYEE_INSTRUCTION_ID as
PAYEE54_153_111_, limitdefin0_.REG_DAILY_MAX_TRX_AMOUNT as
REG27_153_111_, limitdefin0_.REG_DAILY_MAX_TRX_ALLOWED as
REG28_153_111_, limitdefin0_.REG_FORTNIGHT_MAX_TRX_AMOUNT as
REG29_153_111_, limitdefin0_.REG_FORTNIGHT_MAX_TRX_ALLOWED as
REG30_153_111_, limitdefin0_.REG_HALFERLY_MAX_TRX_AMOUNT as
REG31_153_111_, limitdefin0_.REG_HALFERLY_MAX_TRX_ALLOWED as
REG32_153_111_, limitdefin0_.REG_MAX_TRX_AMOUNT as REG33_153_111_,
limitdefin0_.REG_MIN_TRX_AMOUNT as REG34_153_111_,
limitdefin0_.REG_MONTHLY_MAX_TRX_AMOUNT as REG35_153_111_,
limitdefin0_.REG_MONTHLY_MAX_TRX_ALLOWED as REG36_153_111_,
limitdefin0_.REG_QUATERLY_MAX_TRX_AMOUNT as REG37_153_111_,
limitdefin0_.REG_QUATERLY_MAX_TRX_ALLOWED as REG38_153_111_,
limitdefin0_.REG_WEEKLY_MAX_TRX_AMOUNT as REG39_153_111_,
limitdefin0_.REG_WEEKLY_MAX_TRX_ALLOWED as REG40_153_111_,
limitdefin0_.REG_YEARLY_MAX_TRX_AMOUNT as REG41_153_111_,
limitdefin0_.REG_YEARLY_MAX_TRX_ALLOWED as REG42_153_111_,
limitdefin0_.SEGMENT_ID as SEGMENT55_153_111_,
limitdefin0_.SPECIAL_CATEGORY_ID as SPECIAL56_153_111_,
limitdefin0_.STATUS_ID as STATUS57_153_111_, channel1_.id as id1_95_0_,
channel1_."VERSION" as VERSION2_95_0_, channel1_.AUTH_BY as
AUTH8_95_0_, channel1_.AUTH_DATE as AUTH3_95_0_, channel1_.CREATED_BY
as CREATED9_95_0_, channel1_.CREATED_DATE as CREATED4_95_0_,
channel1_.MODIFIED_BY as MODIFIE10_95_0_, channel1_.MODIFIED_DATE as
MODIFIED5_95_0_, channel1_.CODE as CODE6_95_0_, channel1_.DESCRIPTION
as DESCRIPT7_95_0_, company2_.id as id1_39_1_, company2_."VERSION" as
VERSION2_39_1_, company2_.AUTH_BY as AUTH8_39_1_, company2_.AUTH_DATE
as AUTH3_39_1_, company2_.CREATED_BY as CREATED9_39_1_,
company2_.CREATED_DATE as CREATED4_39_1_, company2_.MODIFIED_BY as
MODIFIE10_39_1_, company2_.MODIFIED_DATE as MODIFIED5_39_1_,
company2_.AUTH_MATRIX_ID as AUTH11_39_1_, company2_.CHANNEL_ID as
CHANNEL12_39_1_, company2_.CODE as CODE6_39_1_, company2_.CONTACT_ID as
CONTACT13_39_1_, company2_.COUNTRY_ID as COUNTRY14_39_1_, co

Plan hash value: 3426224715

--------------------------------------------------------------------------------------------------------------------------------------------------------------
| Id  | Operation                                                                    | Name                          | Rows  | Bytes | Cost (%CPU)| Time     |
--------------------------------------------------------------------------------------------------------------------------------------------------------------
|   0 | SELECT STATEMENT                                                             |                               |       |       |   348 (100)|          |
|   1 |  SORT ORDER BY                                                               |                               |     2 | 48558 |   348   (2)| 00:00:05 |
|   2 |   NESTED LOOPS OUTER                                                         |                               |     2 | 48558 |   347   (1)| 00:00:05 |
|   3 |    NESTED LOOPS OUTER                                                        |                               |     2 | 48468 |   346   (1)| 00:00:05 |
|   4 |     NESTED LOOPS OUTER                                                       |                               |     2 | 48358 |   344   (1)| 00:00:05 |
|   5 |      NESTED LOOPS OUTER                                                      |                               |     2 | 48268 |   342   (1)| 00:00:05 |
|   6 |       NESTED LOOPS OUTER                                                     |                               |     2 | 48178 |   340   (1)| 00:00:05 |
|   7 |        NESTED LOOPS OUTER                                                    |                               |     2 | 48090 |   338   (1)| 00:00:05 |
|   8 |         NESTED LOOPS OUTER                                                   |                               |     2 | 47924 |   336   (1)| 00:00:05 |
|   9 |          NESTED LOOPS OUTER                                                  |                               |     2 | 47814 |   334   (1)| 00:00:05 |
|  10 |           HASH JOIN OUTER                                                    |                               |     2 | 47708 |   332   (1)| 00:00:04 |
|  11 |            HASH JOIN RIGHT OUTER                                             |                               |     1 | 23842 |   308   (1)| 00:00:04 |
|  12 |             TABLE ACCESS FULL                                                | FND_DOCUMENT_DETAIL           |     1 |  2080 |     2   (0)| 00:00:01 |
|  13 |             NESTED LOOPS OUTER                                               |                               |     1 | 21762 |   306   (1)| 00:00:04 |
|  14 |              HASH JOIN OUTER                                                 |                               |     1 | 21699 |   305   (1)| 00:00:04 |
|  15 |               HASH JOIN RIGHT OUTER                                          |                               |     1 | 21674 |   281   (1)| 00:00:04 |
|  16 |                TABLE ACCESS FULL                                             | FND_TENANT_APPLICATION_LOCALE |     1 |    30 |     3   (0)| 00:00:01 |
|  17 |                NESTED LOOPS OUTER                                            |                               |     1 | 21644 |   278   (1)| 00:00:04 |
|  18 |                 HASH JOIN RIGHT OUTER                                        |                               |     1 | 21599 |   277   (1)| 00:00:04 |
|  19 |                  TABLE ACCESS FULL                                           | FND_TENANT_OPERATING_COUNTRY  |     1 |    28 |     3   (0)| 00:00:01 |
|  20 |                  NESTED LOOPS OUTER                                          |                               |     1 | 21571 |   274   (1)| 00:00:04 |
|  21 |                   NESTED LOOPS OUTER                                         |                               |     1 | 21540 |   274   (1)| 00:00:04 |
|  22 |                    NESTED LOOPS OUTER                                        |                               |     1 | 21495 |   273   (1)| 00:00:04 |
|  23 |                     NESTED LOOPS OUTER                                       |                               |     1 | 21467 |   272   (1)| 00:00:04 |
|  24 |                      NESTED LOOPS OUTER                                      |                               |     1 | 21405 |   271   (1)| 00:00:04 |
|  25 |                       HASH JOIN RIGHT OUTER                                  |                               |     1 | 21348 |   271   (1)| 00:00:04 |
|  26 |                        TABLE ACCESS FULL                                     | PAY_BILLER_METADATA           |     1 |  2799 |     2   (0)| 00:00:01 |
|  27 |                        HASH JOIN RIGHT OUTER                                 |                               |     1 | 18549 |   268   (0)| 00:00:04 |
|  28 |                         TABLE ACCESS FULL                                    | PAY_BILLER_METADATA           |     1 |  2799 |     2   (0)| 00:00:01 |
|  29 |                         HASH JOIN RIGHT OUTER                                |                               |     1 | 15750 |   266   (0)| 00:00:04 |
|  30 |                          TABLE ACCESS FULL                                   | PAY_BILLER_SERVICE            |     1 |   375 |     2   (0)| 00:00:01 |
|  31 |                          NESTED LOOPS OUTER                                  |                               |     1 | 15375 |   264   (0)| 00:00:04 |
|  32 |                           HASH JOIN RIGHT OUTER                              |                               |     1 | 12576 |   264   (0)| 00:00:04 |
|  33 |                            TABLE ACCESS FULL                                 | PAY_BILLER_DATA               |     1 |   339 |     2   (0)| 00:00:01 |
|  34 |                            NESTED LOOPS OUTER                                |                               |     1 | 12237 |   262   (0)| 00:00:04 |
|  35 |                             NESTED LOOPS OUTER                               |                               |     1 | 12206 |   262   (0)| 00:00:04 |
|  36 |                              NESTED LOOPS OUTER                              |                               |     1 | 11791 |   262   (0)| 00:00:04 |
|  37 |                               NESTED LOOPS OUTER                             |                               |     1 | 11728 |   262   (0)| 00:00:04 |
|  38 |                                NESTED LOOPS OUTER                            |                               |     1 | 11683 |   262   (0)| 00:00:04 |
|  39 |                                 NESTED LOOPS OUTER                           |                               |     1 | 11649 |   262   (0)| 00:00:04 |
|  40 |                                  NESTED LOOPS OUTER                          |                               |     1 | 11604 |   261   (0)| 00:00:04 |
|  41 |                                   NESTED LOOPS OUTER                         |                               |     1 | 11559 |   260   (0)| 00:00:04 |
|  42 |                                    NESTED LOOPS OUTER                        |                               |     1 | 11500 |   259   (0)| 00:00:04 |
|  43 |                                     NESTED LOOPS OUTER                       |                               |     1 | 11455 |   258   (0)| 00:00:04 |
|  44 |                                      NESTED LOOPS OUTER                      |                               |     1 | 11363 |   258   (0)| 00:00:04 |
|  45 |                                       NESTED LOOPS OUTER                     |                               |     1 | 10948 |   258   (0)| 00:00:04 |
|  46 |                                        NESTED LOOPS OUTER                    |                               |     1 | 10903 |   257   (0)| 00:00:04 |
|  47 |                                         NESTED LOOPS OUTER                   |                               |     1 | 10856 |   257   (0)| 00:00:04 |
|  48 |                                          NESTED LOOPS OUTER                  |                               |     1 | 10809 |   257   (0)| 00:00:04 |
|  49 |                                           NESTED LOOPS OUTER                 |                               |     1 | 10764 |   256   (0)| 00:00:04 |
|  50 |                                            NESTED LOOPS OUTER                |                               |     1 | 10736 |   255   (0)| 00:00:04 |
|  51 |                                             NESTED LOOPS OUTER               |                               |     1 | 10697 |   254   (0)| 00:00:04 |
|  52 |                                              NESTED LOOPS OUTER              |                               |     1 | 10648 |   254   (0)| 00:00:04 |
|  53 |                                               NESTED LOOPS OUTER             |                               |     1 | 10618 |   252   (0)| 00:00:04 |
|  54 |                                                NESTED LOOPS OUTER            |                               |     1 | 10530 |   251   (0)| 00:00:04 |
|  55 |                                                 NESTED LOOPS OUTER           |                               |     1 | 10454 |   250   (0)| 00:00:03 |
|  56 |                                                  NESTED LOOPS OUTER          |                               |     1 | 10409 |   249   (0)| 00:00:03 |
|  57 |                                                   NESTED LOOPS OUTER         |                               |     1 | 10384 |   248   (0)| 00:00:03 |
|  58 |                                                    NESTED LOOPS OUTER        |                               |     1 | 10340 |   247   (0)| 00:00:03 |
|  59 |                                                     NESTED LOOPS OUTER       |                               |     1 | 10252 |   246   (0)| 00:00:03 |
|  60 |                                                      NESTED LOOPS OUTER      |                               |     1 | 10227 |   245   (0)| 00:00:03 |
|  61 |                                                       NESTED LOOPS OUTER     |                               |     1 | 10221 |   245   (0)| 00:00:03 |
|  62 |                                                        NESTED LOOPS OUTER    |                               |     1 | 10176 |   244   (0)| 00:00:03 |
|  63 |                                                         NESTED LOOPS OUTER   |                               |     1 | 10131 |   244   (0)| 00:00:03 |
|  64 |                                                          NESTED LOOPS OUTER  |                               |     1 | 10086 |   244   (0)| 00:00:03 |
|  65 |                                                           NESTED LOOPS OUTER |                               |     1 | 10041 |   243   (0)| 00:00:03 |
|  66 | R                                                          NESTED LOOPS OUTE |                               |     1 |  9974 |   242   (0)| 00:00:03 |
|  67 | ER                                                          NESTED LOOPS OUT |                               |     1 |  9848 |   242   (0)| 00:00:03 |
|  68 | TER                                                          NESTED LOOPS OU |                               |     1 |  9760 |   242   (0)| 00:00:03 |
|  69 | UTER                                                          NESTED LOOPS O |                               |     1 |  9715 |   241   (0)| 00:00:03 |
|  70 | OUTER                                                          NESTED LOOPS  |                               |     1 |  9653 |   240   (0)| 00:00:03 |
|  71 |  OUTER                                                          NESTED LOOPS |                               |     1 |  9625 |   239   (0)| 00:00:03 |
|  72 | S OUTER                                                          NESTED LOOP |                               |     1 |  9499 |   238   (0)| 00:00:03 |
|  73 | PS OUTER                                                          NESTED LOO |                               |     1 |  9474 |   237   (0)| 00:00:03 |
|  74 | OPS OUTER                                                          NESTED LO |                               |     1 |  9429 |   236   (0)| 00:00:03 |
|  75 | OOPS OUTER                                                          NESTED L |                               |     1 |  9374 |   235   (0)| 00:00:03 |
|  76 | LOOPS OUTER                                                          NESTED  |                               |     1 |  9343 |   234   (0)| 00:00:03 |
|  77 |  LOOPS OUTER                                                          NESTED |                               |     1 |  9298 |   233   (0)| 00:00:03 |
|  78 | D LOOPS OUTER                                                          NESTE |                               |     1 |  9253 |   232   (0)| 00:00:03 |
|  79 | ED LOOPS OUTER                                                          NEST |                               |     1 |  9173 |   231   (0)| 00:00:03 |
|  80 | TED LOOPS OUTER                                                          NES |                               |     1 |  9093 |   230   (0)| 00:00:03 |
|  81 | STED LOOPS OUTER                                                          NE |                               |     1 |  9048 |   229   (0)| 00:00:03 |
|  82 | ESTED LOOPS OUTER                                                          N |                               |     1 |  9013 |   228   (0)| 00:00:03 |
|  83 |.NESTED LOOPS OUTER                                                           |                               |     1 |  8985 |   227   (0)| 00:00:03 |
|  84 |. NESTED LOOPS OUTER                                                          |                               |     1 |  8944 |   226   (0)| 00:00:03 |
|  85 |.  NESTED LOOPS OUTER                                                         |                               |     1 |  8899 |   225   (0)| 00:00:03 |
|  86 |.   NESTED LOOPS OUTER                                                        |                               |     1 |  8871 |   224   (0)| 00:00:03 |
|  87 |.    NESTED LOOPS OUTER                                                       |                               |     1 |  8830 |   223   (0)| 00:00:03 |
|  88 |.     NESTED LOOPS OUTER                                                      |                               |     1 |  8789 |   222   (0)| 00:00:03 |
|  89 |.      NESTED LOOPS OUTER                                                     |                               |     1 |  8667 |   221   (0)| 00:00:03 |
|  90 |.       NESTED LOOPS OUTER                                                    |                               |     1 |  8545 |   220   (0)| 00:00:03 |
|  91 |.        NESTED LOOPS OUTER                                                   |                               |     1 |  8500 |   219   (0)| 00:00:03 |
|  92 |.         NESTED LOOPS OUTER                                                  |                               |     1 |  8085 |   219   (0)| 00:00:03 |
|  93 |.          NESTED LOOPS OUTER                                                 |                               |     1 |  7997 |   218   (0)| 00:00:03 |
|  94 |.           NESTED LOOPS OUTER                                                |                               |     1 |  7963 |   218   (0)| 00:00:03 |
|  95 |.            NESTED LOOPS OUTER                                               |                               |     1 |  7837 |   217   (0)| 00:00:03 |
|  96 |.             NESTED LOOPS OUTER                                              |                               |     1 |  7812 |   216   (0)| 00:00:03 |
|  97 |.              NESTED LOOPS OUTER                                             |                               |     1 |  7767 |   216   (0)| 00:00:03 |
|  98 |.               NESTED LOOPS OUTER                                            |                               |     1 |  7722 |   215   (0)| 00:00:03 |
|  99 |.                NESTED LOOPS OUTER                                           |                               |     1 |  7677 |   215   (0)| 00:00:03 |
| 100 |.                 NESTED LOOPS OUTER                                          |                               |     1 |  7617 |   215   (0)| 00:00:03 |
| 101 |.                  NESTED LOOPS OUTER                                         |                               |     1 |  7180 |   215   (0)| 00:00:03 |
| 102 |.                   NESTED LOOPS OUTER                                        |                               |     1 |  7127 |   214   (0)| 00:00:03 |
| 103 |.                    NESTED LOOPS OUTER                                       |                               |     1 |  7082 |   213   (0)| 00:00:03 |
| 104 |.                     NESTED LOOPS OUTER                                      |                               |     1 |  7022 |   212   (0)| 00:00:03 |
| 105 |.                      NESTED LOOPS OUTER                                     |                               |     1 |  6967 |   211   (0)| 00:00:03 |
| 106 |.                       NESTED LOOPS OUTER                                    |                               |     1 |  6891 |   210   (0)| 00:00:03 |
| 107 |.                        NESTED LOOPS OUTER                                   |                               |     1 |  6747 |   209   (0)| 00:00:03 |
| 108 |.                         NESTED LOOPS OUTER                                  |                               |     1 |  4385 |   209   (0)| 00:00:03 |
| 109 |.                          NESTED LOOPS OUTER                                 |                               |     1 |  4355 |   207   (0)| 00:00:03 |
| 110 |.                           NESTED LOOPS OUTER                                |                               |     1 |  4272 |   206   (0)| 00:00:03 |
| 111 |.                            NESTED LOOPS OUTER                               |                               |     1 |  4231 |   205   (0)| 00:00:03 |
| 112 |.                             NESTED LOOPS OUTER                              |                               |     1 |  4151 |   204   (0)| 00:00:03 |
| 113 |.                              NESTED LOOPS OUTER                             |                               |     1 |  4106 |   204   (0)| 00:00:03 |
| 114 |.                               NESTED LOOPS OUTER                            |                               |     1 |  3536 |   204   (0)| 00:00:03 |
| 115 |.                                NESTED LOOPS OUTER                           |                               |     1 |  3491 |   204   (0)| 00:00:03 |
| 116 |.                                 NESTED LOOPS OUTER                          |                               |     1 |  3446 |   203   (0)| 00:00:03 |
| 117 |.                                  NESTED LOOPS OUTER                         |                               |     1 |  3399 |   203   (0)| 00:00:03 |
| 118 |.                                   NESTED LOOPS OUTER                        |                               |     1 |  3212 |   203   (0)| 00:00:03 |
| 119 |.                                    NESTED LOOPS OUTER                       |                               |     1 |  2642 |   203   (0)| 00:00:03 |
| 120 |.                                     NESTED LOOPS OUTER                      |                               |     1 |  2455 |   203   (0)| 00:00:03 |
| 121 |.                                      NESTED LOOPS OUTER                     |                               |     1 |  2410 |   203   (0)| 00:00:03 |
| 122 |.                                       NESTED LOOPS OUTER                    |                               |     1 |  2240 |   203   (0)| 00:00:03 |

PLAN_TABLE_OUTPUT
------------------------------------------------------------------------------------------------------------------------------------------------------------------------------------------------------------------------------------------------------------------------------------------------------------
| 123 |.                                        NESTED LOOPS OUTER                   |                               |     1 |  2199 |   203   (0)| 00:00:03 |
| 124 |.                                         NESTED LOOPS OUTER                  |                               |     1 |  1081 |   203   (0)| 00:00:03 |
| 125 |.                                          NESTED LOOPS OUTER                 |                               |     1 |  1028 |   203   (0)| 00:00:03 |
| 126 |.                                           NESTED LOOPS OUTER                |                               |     1 |   591 |   203   (0)| 00:00:03 |
| 127 |.                                            NESTED LOOPS OUTER               |                               |     1 |   536 |   203   (0)| 00:00:03 |
| 128 |.                                             MERGE JOIN OUTER                |                               |     1 |   288 |   203   (0)| 00:00:03 |
| 129 |.                                              NESTED LOOPS OUTER             |                               |     1 |   258 |   202   (0)| 00:00:03 |
| 130 |.                                               NESTED LOOPS OUTER            |                               |     1 |   219 |   202   (0)| 00:00:03 |
| 131 |.                                                NESTED LOOPS                 |                               |     1 |   170 |   202   (0)| 00:00:03 |
| 132 |.                                                 TABLE ACCESS BY INDEX ROWID | LIMIT_DEFINITION_DETAIL       |     1 |   125 |   201   (0)| 00:00:03 |
| 133 |.                                                  INDEX SKIP SCAN            | DEFINITION_DETAILS_UK         |     1 |       |   200   (0)| 00:00:03 |
| 134 |.                                                 TABLE ACCESS BY INDEX ROWID | FND_LOOKUP_VALUE              |     1 |    45 |     1   (0)| 00:00:01 |
| 135 |.                                                  INDEX UNIQUE SCAN          | LOOKUP_VALUE_PK               |     1 |       |     0   (0)|          |
| 136 |.                                                TABLE ACCESS BY INDEX ROWID  | FND_SPECIAL_CATEGORY          |     1 |    49 |     0   (0)|          |
| 137 |.                                                 INDEX UNIQUE SCAN           | SPECIAL_CATEGORY_PK           |     1 |       |     0   (0)|          |
| 138 |.                                               TABLE ACCESS BY INDEX ROWID   | FND_SEGMENT                   |     1 |    39 |     0   (0)|          |
| 139 |.                                                INDEX UNIQUE SCAN            | SEGMENT_PK                    |     1 |       |     0   (0)|          |
| 140 |.                                              BUFFER SORT                    |                               |     1 |    30 |   203   (0)| 00:00:03 |
| 141 |.                                               TABLE ACCESS BY INDEX ROWID   | PAY_PAYEE_INSTRUCTION         |     1 |    30 |     1   (0)| 00:00:01 |
| 142 |.                                                INDEX UNIQUE SCAN            | PAY_PAYEE_INSTRUCTION_PK      |     1 |       |     0   (0)|          |
| 143 |.                                             TABLE ACCESS BY INDEX ROWID     | PAY_BILLER_INSTRUCTION        |     1 |   248 |     0   (0)|          |
| 144 |.                                              INDEX UNIQUE SCAN              | BILLER_INSTRUCTION_PK         |     1 |       |     0   (0)|          |
| 145 |.                                            TABLE ACCESS BY INDEX ROWID      | FND_CURRENCY                  |     1 |    55 |     0   (0)|          |
| 146 |.                                             INDEX UNIQUE SCAN               | CURRENCY_PK                   |     1 |       |     0   (0)|          |
| 147 |.                                           TABLE ACCESS BY INDEX ROWID       | PAY_BILLER                    |     1 |   437 |     0   (0)|          |
| 148 |.                                            INDEX UNIQUE SCAN                | BILLER_PK                     |     1 |       |     0   (0)|          |
| 149 |.                                          TABLE ACCESS BY INDEX ROWID        | ACCT_ACCOUNT                  |     1 |    53 |     0   (0)|          |
| 150 |.                                           INDEX UNIQUE SCAN                 | ACCOUNT_PK                    |     1 |       |     0   (0)|          |
| 151 |.                                         TABLE ACCESS BY INDEX ROWID         | PAY_PG_INSTRUCTION            |     1 |  1118 |     0   (0)|          |
| 152 |.                                          INDEX UNIQUE SCAN                  | PAY_PG_INSTRUCTION_PK         |     1 |       |     0   (0)|          |
| 153 |.                                        TABLE ACCESS BY INDEX ROWID          | INF_TENANT_SERVICE            |     1 |    41 |     0   (0)|          |
| 154 |.                                         INDEX UNIQUE SCAN                   | TENANT_SERVICE_PK             |     1 |       |     0   (0)|          |
| 155 |.                                       TABLE ACCESS BY INDEX ROWID           | PG_MER_AGG_MAPPING_MASTER     |     1 |   170 |     0   (0)|          |
| 156 |.                                        INDEX UNIQUE SCAN                    | PG_MER_AGG_MAPPING_MASTER_PK  |     1 |       |     0   (0)|          |
| 157 |.                                      TABLE ACCESS BY INDEX ROWID            | FND_LOOKUP_VALUE              |     1 |    45 |     0   (0)|          |
| 158 |.                                       INDEX UNIQUE SCAN                     | LOOKUP_VALUE_PK               |     1 |       |     0   (0)|          |
| 159 |.                                     TABLE ACCESS BY INDEX ROWID             | PG_MERCHANT_MASTER            |     1 |   187 |     0   (0)|          |
| 160 |.                                      INDEX UNIQUE SCAN                      | PG_MERCHANT_MASTER_PK         |     1 |       |     0   (0)|          |
| 161 |.                                    TABLE ACCESS BY INDEX ROWID              | PG_AGGREGATOR_MASTER          |     1 |   570 |     0   (0)|          |
| 162 |.                                     INDEX UNIQUE SCAN                       | PG_AGGREGATOR_MASTER_PK       |     1 |       |     0   (0)|          |
| 163 |.                                   TABLE ACCESS BY INDEX ROWID               | PG_MERCHANT_MASTER            |     1 |   187 |     0   (0)|          |
| 164 |.                                    INDEX UNIQUE SCAN                        | PG_MERCHANT_MASTER_PK         |     1 |       |     0   (0)|          |
| 165 |.                                  TABLE ACCESS BY INDEX ROWID                | PG_BILLER_BUSINESS_SUB_CAT    |     1 |    47 |     0   (0)|          |
| 166 |.                                   INDEX UNIQUE SCAN                         | PG_BILLER_BUSINESS_SUB_CAT_PK |     1 |       |     0   (0)|          |
| 167 |.                                 TABLE ACCESS BY INDEX ROWID                 | FND_LOOKUP_VALUE              |     1 |    45 |     1   (0)| 00:00:01 |
| 168 |.                                  INDEX UNIQUE SCAN                          | LOOKUP_VALUE_PK               |     1 |       |     0   (0)|          |
| 169 |.                                TABLE ACCESS BY INDEX ROWID                  | FND_LOOKUP_VALUE              |     1 |    45 |     0   (0)|          |
| 170 |.                                 INDEX UNIQUE SCAN                           | LOOKUP_VALUE_PK               |     1 |       |     0   (0)|          |
| 171 |.                               TABLE ACCESS BY INDEX ROWID                   | PG_AGGREGATOR_MASTER          |     1 |   570 |     0   (0)|          |
| 172 |.                                INDEX UNIQUE SCAN                            | PG_AGGREGATOR_MASTER_PK       |     1 |       |     0   (0)|          |
| 173 |.                              TABLE ACCESS BY INDEX ROWID                    | FND_LOOKUP_VALUE              |     1 |    45 |     0   (0)|          |
| 174 |.                               INDEX UNIQUE SCAN                             | LOOKUP_VALUE_PK               |     1 |       |     0   (0)|          |
| 175 |.                             TABLE ACCESS BY INDEX ROWID                     | PAY_BENE_INSTRUCTION          |     1 |    80 |     1   (0)| 00:00:01 |
| 176 |.                              INDEX UNIQUE SCAN                              | BENE_INSTRUCTION_PK           |     1 |       |     0   (0)|          |
| 177 |.                            TABLE ACCESS BY INDEX ROWID                      | INF_TENANT_SERVICE            |     1 |    41 |     1   (0)| 00:00:01 |
| 178 |.                             INDEX UNIQUE SCAN                               | TENANT_SERVICE_PK             |     1 |       |     0   (0)|          |
| 179 |.                           TABLE ACCESS BY INDEX ROWID                       | ACCT_PRODUCT                  |     1 |    83 |     1   (0)| 00:00:01 |
| 180 |.                            INDEX UNIQUE SCAN                                | PRODUCT_PK                    |     1 |       |     0   (0)|          |
| 181 |.                          TABLE ACCESS BY INDEX ROWID                        | PAY_PAYEE_BANK_BRANCH         |     1 |    30 |     2   (0)| 00:00:01 |
| 182 |.                           INDEX UNIQUE SCAN                                 | PAY_PAYEE_BANK_BRANCH_PK      |     1 |       |     1   (0)| 00:00:01 |
| 183 |.                         TABLE ACCESS BY INDEX ROWID                         | PAY_FOREIGN_BANK_BRANCH       |     1 |  2362 |     0   (0)|          |
| 184 |.                          INDEX UNIQUE SCAN                                  | FOREIGN_BANK_BRANCH_PK        |     1 |       |     0   (0)|          |
| 185 |.                        TABLE ACCESS BY INDEX ROWID                          | PAY_DOMESTIC_BANK_BRANCH      |     1 |   144 |     1   (0)| 00:00:01 |
| 186 |.                         INDEX UNIQUE SCAN                                   | DOMESTIC_BANK_BRANCH_PK       |     1 |       |     0   (0)|          |
| 187 |.                       TABLE ACCESS BY INDEX ROWID                           | FND_TENANT_BRANCH             |     1 |    76 |     1   (0)| 00:00:01 |
| 188 |.                        INDEX UNIQUE SCAN                                    | TENANT_BRANCH_PK              |     1 |       |     0   (0)|          |
| 189 |.                      TABLE ACCESS BY INDEX ROWID                            | FND_CURRENCY                  |     1 |    55 |     1   (0)| 00:00:01 |
| 190 |.                       INDEX UNIQUE SCAN                                     | CURRENCY_PK                   |     1 |       |     0   (0)|          |
| 191 |.                     TABLE ACCESS BY INDEX ROWID                             | PAY_BENE                      |     1 |    60 |     1   (0)| 00:00:01 |
| 192 |.                      INDEX UNIQUE SCAN                                      | BENE_PK                       |     1 |       |     0   (0)|          |
| 193 |.                    TABLE ACCESS BY INDEX ROWID                              | FND_LOOKUP_VALUE              |     1 |    45 |     1   (0)| 00:00:01 |
| 194 |.                     INDEX UNIQUE SCAN                                       | LOOKUP_VALUE_PK               |     1 |       |     0   (0)|          |
| 195 |.                   TABLE ACCESS BY INDEX ROWID                               | ACCT_ACCOUNT                  |     1 |    53 |     1   (0)| 00:00:01 |
| 196 |.                    INDEX UNIQUE SCAN                                        | ACCOUNT_PK                    |     1 |       |     0   (0)|          |
| 197 |.                  TABLE ACCESS BY INDEX ROWID                                | PAY_BILLER                    |     1 |   437 |     0   (0)|          |
| 198 |.                   INDEX UNIQUE SCAN                                         | BILLER_PK                     |     1 |       |     0   (0)|          |
| 199 |.                 TABLE ACCESS BY INDEX ROWID                                 | PAY_BENE                      |     1 |    60 |     0   (0)|          |
| 200 |.                  INDEX UNIQUE SCAN                                          | BENE_PK                       |     1 |       |     0   (0)|          |
| 201 |.                TABLE ACCESS BY INDEX ROWID                                  | FND_LOOKUP_VALUE              |     1 |    45 |     0   (0)|          |
| 202 |.                 INDEX UNIQUE SCAN                                           | LOOKUP_VALUE_PK               |     1 |       |     0   (0)|          |
| 203 |.               TABLE ACCESS BY INDEX ROWID                                   | FND_LOOKUP_VALUE              |     1 |    45 |     1   (0)| 00:00:01 |
| 204 |.                INDEX UNIQUE SCAN                                            | LOOKUP_VALUE_PK               |     1 |       |     0   (0)|          |
| 205 |.              TABLE ACCESS BY INDEX ROWID                                    | FND_LOOKUP_VALUE              |     1 |    45 |     0   (0)|          |
| 206 |.               INDEX UNIQUE SCAN                                             | LOOKUP_VALUE_PK               |     1 |       |     0   (0)|          |
| 207 |.             TABLE ACCESS BY INDEX ROWID                                     | USER_LOGIN_PROFILE_EXTEND     |     1 |    25 |     1   (0)| 00:00:01 |
| 208 |.              INDEX UNIQUE SCAN                                              | LOGIN_PROFILE_EXTEND_PK       |     1 |       |     0   (0)|          |
| 209 |.            TABLE ACCESS BY INDEX ROWID                                      | USER_LOGIN_PROFILE            |     1 |   126 |     1   (0)| 00:00:01 |
| 210 |.             INDEX UNIQUE SCAN                                               | LOGIN_PROFILE_PK              |     1 |       |     0   (0)|          |
| 211 |.           TABLE ACCESS BY INDEX ROWID                                       | FND_GROUP                     |     1 |    34 |     0   (0)|          |
| 212 |.            INDEX UNIQUE SCAN                                                | GROUP_PK                      |     1 |       |     0   (0)|          |
| 213 |.          TABLE ACCESS BY INDEX ROWID                                        | FND_CONTACT                   |     1 |    88 |     1   (0)| 00:00:01 |
| 214 |.           INDEX UNIQUE SCAN                                                 | CONTACT_PK                    |     1 |       |     0   (0)|          |
| 215 |.         TABLE ACCESS BY INDEX ROWID                                         | FND_COMPANY                   |     1 |   415 |     0   (0)|          |
| 216 |.          INDEX UNIQUE SCAN                                                  | COMPANY_PK                    |     1 |       |     0   (0)|          |
| 217 |.        TABLE ACCESS BY INDEX ROWID                                          | FND_LOOKUP_VALUE              |     1 |    45 |     1   (0)| 00:00:01 |
| 218 |.         INDEX UNIQUE SCAN                                                   | LOOKUP_VALUE_PK               |     1 |       |     0   (0)|          |
| 219 |.       TABLE ACCESS BY INDEX ROWID                                           | LIMIT_DEFINITION              |     1 |   122 |     1   (0)| 00:00:01 |
| 220 |.        INDEX UNIQUE SCAN                                                    | DEFINITION_PK                 |     1 |       |     0   (0)|          |
| 221 |.      TABLE ACCESS BY INDEX ROWID                                            | LIMIT_DEFINITION              |     1 |   122 |     1   (0)| 00:00:01 |
| 222 |.       INDEX UNIQUE SCAN                                                     | DEFINITION_PK                 |     1 |       |     0   (0)|          |
| 223 |.     TABLE ACCESS BY INDEX ROWID                                             | INF_TENANT_SERVICE            |     1 |    41 |     1   (0)| 00:00:01 |
| 224 |.      INDEX UNIQUE SCAN                                                      | TENANT_SERVICE_PK             |     1 |       |     0   (0)|          |
| 225 |.    TABLE ACCESS BY INDEX ROWID                                              | INF_TENANT_SERVICE            |     1 |    41 |     1   (0)| 00:00:01 |
| 226 |.     INDEX UNIQUE SCAN                                                       | TENANT_SERVICE_PK             |     1 |       |     0   (0)|          |
| 227 |.   TABLE ACCESS BY INDEX ROWID                                               | FND_TENANT_APPLICATION        |     1 |    28 |     1   (0)| 00:00:01 |
| 228 |.    INDEX UNIQUE SCAN                                                        | TENANT_APPLICATION_PK         |     1 |       |     0   (0)|          |
| 229 |.  TABLE ACCESS BY INDEX ROWID                                                | FND_LOOKUP_VALUE              |     1 |    45 |     1   (0)| 00:00:01 |
| 230 |.   INDEX UNIQUE SCAN                                                         | LOOKUP_VALUE_PK               |     1 |       |     0   (0)|          |
| 231 |. TABLE ACCESS BY INDEX ROWID                                                 | INF_TENANT_SERVICE            |     1 |    41 |     1   (0)| 00:00:01 |
| 232 |.  INDEX UNIQUE SCAN                                                          | TENANT_SERVICE_PK             |     1 |       |     0   (0)|          |
| 233 |.TABLE ACCESS BY INDEX ROWID                                                  | FND_TENANT_APPLICATION        |     1 |    28 |     1   (0)| 00:00:01 |
| 234 |. INDEX UNIQUE SCAN                                                           | TENANT_APPLICATION_PK         |     1 |       |     0   (0)|          |
| 235 | ABLE ACCESS BY INDEX ROWID                                                 T | INF_SERVICE_APPLICATION       |     1 |    35 |     1   (0)| 00:00:01 |
| 236 |.INDEX UNIQUE SCAN                                                            | SERVICE_APPLICATION_PK        |     1 |       |     0   (0)|          |
| 237 | BLE ACCESS BY INDEX ROWID                                                 TA | FND_LOOKUP_VALUE              |     1 |    45 |     1   (0)| 00:00:01 |
| 238 | NDEX UNIQUE SCAN                                                           I | LOOKUP_VALUE_PK               |     1 |       |     0   (0)|          |
| 239 | LE ACCESS BY INDEX ROWID                                                 TAB | INF_SERVICE                   |     1 |    80 |     1   (0)| 00:00:01 |
| 240 | DEX UNIQUE SCAN                                                           IN | SERVICE_PK                    |     1 |       |     0   (0)|          |
| 241 | E ACCESS BY INDEX ROWID                                                 TABL | INF_SERVICE                   |     1 |    80 |     1   (0)| 00:00:01 |
| 242 | EX UNIQUE SCAN                                                           IND | SERVICE_PK                    |     1 |       |     0   (0)|          |
| 243 |  ACCESS BY INDEX ROWID                                                 TABLE | FND_LOOKUP_VALUE              |     1 |    45 |     1   (0)| 00:00:01 |
| 244 | X UNIQUE SCAN                                                           INDE | LOOKUP_VALUE_PK               |     1 |       |     0   (0)|          |
| 245 | ACCESS BY INDEX ROWID                                                 TABLE  | FND_COUNTRY                   |     1 |    45 |     1   (0)| 00:00:01 |
| 246 |  UNIQUE SCAN                                                           INDEX | COUNTRY_PK                    |     1 |       |     0   (0)|          |
| 247 | CCESS BY INDEX ROWID                                                 TABLE A | INF_CHANNEL                   |     1 |    31 |     1   (0)| 00:00:01 |
| 248 | UNIQUE SCAN                                                           INDEX  | INF_CHANNEL_PK                |     1 |       |     0   (0)|          |
| 249 | CESS BY INDEX ROWID                                                 TABLE AC | FND_CURRENCY                  |     1 |    55 |     1   (0)| 00:00:01 |
| 250 | NIQUE SCAN                                                           INDEX U | CURRENCY_PK                   |     1 |       |     0   (0)|          |
| 251 | ESS BY INDEX ROWID                                                 TABLE ACC | FND_COUNTRY                   |     1 |    45 |     1   (0)| 00:00:01 |
| 252 | IQUE SCAN                                                           INDEX UN | COUNTRY_PK                    |     1 |       |     0   (0)|          |
| 253 | SS BY INDEX ROWID                                                 TABLE ACCE | USER_LOGIN_PROFILE_EXTEND     |     1 |    25 |     1   (0)| 00:00:01 |
| 254 | QUE SCAN                                                           INDEX UNI | LOGIN_PROFILE_EXTEND_PK       |     1 |       |     0   (0)|          |
| 255 | S BY INDEX ROWID                                                 TABLE ACCES | USER_LOGIN_PROFILE            |     1 |   126 |     1   (0)| 00:00:01 |
| 256 | UE SCAN                                                           INDEX UNIQ | LOGIN_PROFILE_PK              |     1 |       |     0   (0)|          |
| 257 |  BY INDEX ROWID                                                 TABLE ACCESS | FND_TENANT_APPLICATION        |     1 |    28 |     1   (0)| 00:00:01 |
| 258 | E SCAN                                                           INDEX UNIQU | TENANT_APPLICATION_PK         |     1 |       |     0   (0)|          |
| 259 | BY INDEX ROWID                                                 TABLE ACCESS  | FND_TENANT                    |     1 |    62 |     1   (0)| 00:00:01 |
| 260 |  SCAN                                                           INDEX UNIQUE | TENANT_PK                     |     1 |       |     0   (0)|          |
| 261 | Y INDEX ROWID                                                 TABLE ACCESS B | FND_COUNTRY                   |     1 |    45 |     1   (0)| 00:00:01 |
| 262 | SCAN                                                           INDEX UNIQUE  | COUNTRY_PK                    |     1 |       |     0   (0)|          |
| 263 |  INDEX ROWID                                                 TABLE ACCESS BY | FND_CONTACT                   |     1 |    88 |     0   (0)|          |
| 264 | CAN                                                           INDEX UNIQUE S | CONTACT_PK                    |     1 |       |     0   (0)|          |
| 265 | INDEX ROWID                                                 TABLE ACCESS BY  | USER_LOGIN_PROFILE            |     1 |   126 |     0   (0)|          |
| 266 | AN                                                           INDEX UNIQUE SC | LOGIN_PROFILE_PK              |     1 |       |     0   (0)|          |
| 267 | NDEX ROWID                                                 TABLE ACCESS BY I | USER_PROFILE                  |     1 |    67 |     1   (0)| 00:00:01 |
| 268 | N                                                           INDEX UNIQUE SCA | PROFILE_PK                    |     1 |       |     0   (0)|          |
| 269 | DEX ROWID                                                 TABLE ACCESS BY IN | FND_LOOKUP_VALUE              |     1 |    45 |     1   (0)| 00:00:01 |
| 270 |                                                            INDEX UNIQUE SCAN | LOOKUP_VALUE_PK               |     1 |       |     0   (0)|          |
| 271 | EX ROWID                                                 TABLE ACCESS BY IND | FND_LOOKUP_VALUE              |     1 |    45 |     0   (0)|          |
| 272 |                                                           INDEX UNIQUE SCAN  | LOOKUP_VALUE_PK               |     1 |       |     0   (0)|          |
| 273 | X ROWID                                                 TABLE ACCESS BY INDE | FND_LOOKUP_VALUE              |     1 |    45 |     0   (0)|          |
| 274 |                                                          INDEX UNIQUE SCAN   | LOOKUP_VALUE_PK               |     1 |       |     0   (0)|          |
| 275 |  ROWID                                                 TABLE ACCESS BY INDEX | FND_LOOKUP_VALUE              |     1 |    45 |     1   (0)| 00:00:01 |
| 276 |                                                         INDEX UNIQUE SCAN    | LOOKUP_VALUE_PK               |     1 |       |     0   (0)|          |
| 277 |                                                       INDEX UNIQUE SCAN      | PROFILE_EXTEND_PK             |     1 |     6 |     0   (0)|          |
| 278 | OWID                                                 TABLE ACCESS BY INDEX R | USER_CONTACT_DETAIL           |     1 |    25 |     1   (0)| 00:00:01 |
| 279 |                                                       INDEX UNIQUE SCAN      | CONTACT_DETAIL_PK             |     1 |       |     0   (0)|          |
| 280 | WID                                                 TABLE ACCESS BY INDEX RO | FND_CONTACT                   |     1 |    88 |     1   (0)| 00:00:01 |
| 281 |                                                      INDEX UNIQUE SCAN       | CONTACT_PK                    |     1 |       |     0   (0)|          |
| 282 | ID                                                 TABLE ACCESS BY INDEX ROW | FND_STATE                     |     1 |    44 |     1   (0)| 00:00:01 |
| 283 |                                                     INDEX UNIQUE SCAN        | STATE_PK                      |     1 |       |     0   (0)|          |
| 284 | D                                                 TABLE ACCESS BY INDEX ROWI | USER_LOGIN_PROFILE_EXTEND     |     1 |    25 |     1   (0)| 00:00:01 |
| 285 |                                                    INDEX UNIQUE SCAN         | LOGIN_PROFILE_EXTEND_PK       |     1 |       |     0   (0)|          |
| 286 |                                                  TABLE ACCESS BY INDEX ROWID | FND_LOOKUP_VALUE              |     1 |    45 |     1   (0)| 00:00:01 |
| 287 |                                                   INDEX UNIQUE SCAN          | LOOKUP_VALUE_PK               |     1 |       |     0   (0)|          |
| 288 |                                                 TABLE ACCESS BY INDEX ROWID  | FND_TENANT_BRANCH             |     1 |    76 |     1   (0)| 00:00:01 |
| 289 |                                                  INDEX UNIQUE SCAN           | TENANT_BRANCH_PK              |     1 |       |     0   (0)|          |
| 290 |                                                TABLE ACCESS BY INDEX ROWID   | FND_CONTACT                   |     1 |    88 |     1   (0)| 00:00:01 |
| 291 |                                                 INDEX UNIQUE SCAN            | CONTACT_PK                    |     1 |       |     0   (0)|          |
| 292 |                                               TABLE ACCESS BY INDEX ROWID    | PAY_PAYEE_BANK_BRANCH         |     1 |    30 |     2   (0)| 00:00:01 |
| 293 |                                                INDEX UNIQUE SCAN             | PAY_PAYEE_BANK_BRANCH_PK      |     1 |       |     1   (0)| 00:00:01 |
| 294 |                                              TABLE ACCESS BY INDEX ROWID     | FND_SPECIAL_CATEGORY          |     1 |    49 |     0   (0)|          |
| 295 |                                               INDEX UNIQUE SCAN              | SPECIAL_CATEGORY_PK           |     1 |       |     0   (0)|          |
| 296 |                                             TABLE ACCESS BY INDEX ROWID      | FND_SEGMENT                   |     1 |    39 |     1   (0)| 00:00:01 |
| 297 |                                              INDEX UNIQUE SCAN               | SEGMENT_PK                    |     1 |       |     0   (0)|          |
| 298 |                                            TABLE ACCESS BY INDEX ROWID       | FND_TENANT_APPLICATION        |     1 |    28 |     1   (0)| 00:00:01 |
| 299 |                                             INDEX UNIQUE SCAN                | TENANT_APPLICATION_PK         |     1 |       |     0   (0)|          |
| 300 |                                           TABLE ACCESS BY INDEX ROWID        | FND_LOOKUP_VALUE              |     1 |    45 |     1   (0)| 00:00:01 |
| 301 |                                            INDEX UNIQUE SCAN                 | LOOKUP_VALUE_PK               |     1 |       |     0   (0)|          |
| 302 |                                          TABLE ACCESS BY INDEX ROWID         | FND_DEPARTMENT                |     1 |    47 |     0   (0)|          |
| 303 |                                           INDEX UNIQUE SCAN                  | DEPARTMENT_PK                 |     1 |       |     0   (0)|          |
| 304 |                                         TABLE ACCESS BY INDEX ROWID          | FND_DEPARTMENT                |     1 |    47 |     0   (0)|          |
| 305 |                                          INDEX UNIQUE SCAN                   | DEPARTMENT_PK                 |     1 |       |     0   (0)|          |
| 306 |                                        TABLE ACCESS BY INDEX ROWID           | FND_LOOKUP_VALUE              |     1 |    45 |     1   (0)| 00:00:01 |
| 307 |                                         INDEX UNIQUE SCAN                    | LOOKUP_VALUE_PK               |     1 |       |     0   (0)|          |
| 308 |                                       TABLE ACCESS BY INDEX ROWID            | FND_COMPANY                   |     1 |   415 |     0   (0)|          |
| 309 |                                        INDEX UNIQUE SCAN                     | COMPANY_PK                    |     1 |       |     0   (0)|          |
| 310 |                                      TABLE ACCESS BY INDEX ROWID             | FND_DOCUMENT                  |     1 |    92 |     0   (0)|          |
| 311 |                                       INDEX UNIQUE SCAN                      | DOCUMENT_PK                   |     1 |       |     0   (0)|          |
| 312 |                                     TABLE ACCESS BY INDEX ROWID              | FND_COUNTRY                   |     1 |    45 |     1   (0)| 00:00:01 |
| 313 |                                      INDEX UNIQUE SCAN                       | COUNTRY_PK                    |     1 |       |     0   (0)|          |
| 314 |                                    TABLE ACCESS BY INDEX ROWID               | FND_CITY                      |     1 |    59 |     1   (0)| 00:00:01 |
| 315 |                                     INDEX UNIQUE SCAN                        | CITY_PK                       |     1 |       |     0   (0)|          |
| 316 |                                   TABLE ACCESS BY INDEX ROWID                | FND_LOOKUP_VALUE              |     1 |    45 |     1   (0)| 00:00:01 |
| 317 |                                    INDEX UNIQUE SCAN                         | LOOKUP_VALUE_PK               |     1 |       |     0   (0)|          |
| 318 |                                  TABLE ACCESS BY INDEX ROWID                 | FND_LOOKUP_VALUE              |     1 |    45 |     1   (0)| 00:00:01 |
| 319 |                                   INDEX UNIQUE SCAN                          | LOOKUP_VALUE_PK               |     1 |       |     0   (0)|          |

PLAN_TABLE_OUTPUT
------------------------------------------------------------------------------------------------------------------------------------------------------------------------------------------------------------------------------------------------------------------------------------------------------------
| 320 |                                 TABLE ACCESS BY INDEX ROWID                  | FND_GROUP                     |     1 |    34 |     0   (0)|          |
| 321 |                                  INDEX UNIQUE SCAN                           | GROUP_PK                      |     1 |       |     0   (0)|          |
| 322 |                                TABLE ACCESS BY INDEX ROWID                   | FND_COUNTRY                   |     1 |    45 |     0   (0)|          |
| 323 |                                 INDEX UNIQUE SCAN                            | COUNTRY_PK                    |     1 |       |     0   (0)|          |
| 324 |                               TABLE ACCESS BY INDEX ROWID                    | FND_CIF                       |     1 |    63 |     0   (0)|          |
| 325 |                                INDEX UNIQUE SCAN                             | CIF_PK                        |     1 |       |     0   (0)|          |
| 326 |                              TABLE ACCESS BY INDEX ROWID                     | FND_COMPANY                   |     1 |   415 |     0   (0)|          |
| 327 |                               INDEX UNIQUE SCAN                              | COMPANY_PK                    |     1 |       |     0   (0)|          |
| 328 |                             TABLE ACCESS BY INDEX ROWID                      | INF_CHANNEL                   |     1 |    31 |     0   (0)|          |
| 329 |                              INDEX UNIQUE SCAN                               | INF_CHANNEL_PK                |     1 |       |     0   (0)|          |
| 330 |                           TABLE ACCESS BY INDEX ROWID                        | PAY_BILLER_METADATA           |     1 |  2799 |     0   (0)|          |
| 331 |                            INDEX UNIQUE SCAN                                 | BILLER_METADATA_PK            |     1 |       |     0   (0)|          |
| 332 |                       TABLE ACCESS BY INDEX ROWID                            | FND_TENANT_LOOKUP_VALUE       |     1 |    57 |     0   (0)|          |
| 333 |                        INDEX UNIQUE SCAN                                     | TENANT_LOOKUP_VALUE_PK        |     1 |       |     0   (0)|          |
| 334 |                      TABLE ACCESS BY INDEX ROWID                             | FND_TENANT_LOOKUP_TYPE        |     1 |    62 |     1   (0)| 00:00:01 |
| 335 |                       INDEX UNIQUE SCAN                                      | TENANT_LOOKUP_TYPE_PK         |     1 |       |     0   (0)|          |
| 336 |                     TABLE ACCESS BY INDEX ROWID                              | FND_TENANT_APPLICATION        |     1 |    28 |     1   (0)| 00:00:01 |
| 337 |                      INDEX UNIQUE SCAN                                       | TENANT_APPLICATION_PK         |     1 |       |     0   (0)|          |
| 338 |                    TABLE ACCESS BY INDEX ROWID                               | FND_COUNTRY                   |     1 |    45 |     1   (0)| 00:00:01 |
| 339 |                     INDEX UNIQUE SCAN                                        | COUNTRY_PK                    |     1 |       |     0   (0)|          |
| 340 |                   TABLE ACCESS BY INDEX ROWID                                | INF_CHANNEL                   |     1 |    31 |     0   (0)|          |
| 341 |                    INDEX UNIQUE SCAN                                         | INF_CHANNEL_PK                |     1 |       |     0   (0)|          |
| 342 |                 TABLE ACCESS BY INDEX ROWID                                  | FND_COUNTRY                   |     1 |    45 |     1   (0)| 00:00:01 |
| 343 |                  INDEX UNIQUE SCAN                                           | COUNTRY_PK                    |     1 |       |     0   (0)|          |
| 344 |               TABLE ACCESS FULL                                              | USER_CIF                      | 18368 |   448K|    24   (5)| 00:00:01 |
| 345 |              TABLE ACCESS BY INDEX ROWID                                     | FND_CIF                       |     1 |    63 |     1   (0)| 00:00:01 |
| 346 |               INDEX UNIQUE SCAN                                              | CIF_PK                        |     1 |       |     0   (0)|          |
| 347 |            TABLE ACCESS FULL                                                 | FND_CIF_ACCOUNT               | 33093 |   387K|    24   (5)| 00:00:01 |
| 348 |           TABLE ACCESS BY INDEX ROWID                                        | ACCT_ACCOUNT                  |     1 |    53 |     1   (0)| 00:00:01 |
| 349 |            INDEX UNIQUE SCAN                                                 | ACCOUNT_PK                    |     1 |       |     0   (0)|          |
| 350 |          TABLE ACCESS BY INDEX ROWID                                         | FND_CURRENCY                  |     1 |    55 |     1   (0)| 00:00:01 |
| 351 |           INDEX UNIQUE SCAN                                                  | CURRENCY_PK                   |     1 |       |     0   (0)|          |
| 352 |         TABLE ACCESS BY INDEX ROWID                                          | ACCT_PRODUCT                  |     1 |    83 |     1   (0)| 00:00:01 |
| 353 |          INDEX UNIQUE SCAN                                                   | PRODUCT_PK                    |     1 |       |     0   (0)|          |
| 354 |        TABLE ACCESS BY INDEX ROWID                                           | ACCT_PRODUCT_TYPE             |     1 |    44 |     1   (0)| 00:00:01 |
| 355 |         INDEX UNIQUE SCAN                                                    | PRODUCT_TYPE_PK               |     1 |       |     0   (0)|          |
| 356 |       TABLE ACCESS BY INDEX ROWID                                            | FND_LOOKUP_VALUE              |     1 |    45 |     1   (0)| 00:00:01 |
| 357 |        INDEX UNIQUE SCAN                                                     | LOOKUP_VALUE_PK               |     1 |       |     0   (0)|          |
| 358 |      TABLE ACCESS BY INDEX ROWID                                             | FND_LOOKUP_VALUE              |     1 |    45 |     1   (0)| 00:00:01 |
| 359 |       INDEX UNIQUE SCAN                                                      | LOOKUP_VALUE_PK               |     1 |       |     0   (0)|          |
| 360 |     TABLE ACCESS BY INDEX ROWID                                              | FND_LOOKUP_TYPE               |     1 |    55 |     1   (0)| 00:00:01 |
| 361 |      INDEX UNIQUE SCAN                                                       | LOOKUP_TYPE_PK                |     1 |       |     0   (0)|          |
| 362 |    TABLE ACCESS BY INDEX ROWID                                               | FND_COUNTRY                   |     1 |    45 |     1   (0)| 00:00:01 |
| 363 |     INDEX UNIQUE SCAN                                                        | COUNTRY_PK                    |     1 |       |     0   (0)|          |
--------------------------------------------------------------------------------------------------------------------------------------------------------------


440 rows selected.
===========================================================



SYS:JFSMIBDB > select plan_table_output from table (dbms_xplan.display_awr('d9drmngtc7txj'));

PLAN_TABLE_OUTPUT
------------------------------------------------------------------------------------------------------------------------------------------------------------------------------------------------------------------------------------------------------------------------------------------------------------
SQL_ID d9drmngtc7txj
--------------------
/* load com.vayana.ib.bm.core.api.model.payment.LimitDefinitionDetail
*/ select limitdefin0_.id as id1_153_111_, limitdefin0_."VERSION" as
VERSION2_153_111_, limitdefin0_.AUTH_BY as AUTH43_153_111_,
limitdefin0_.AUTH_DATE as AUTH3_153_111_, limitdefin0_.CREATED_BY as
CREATED44_153_111_, limitdefin0_.CREATED_DATE as CREATED4_153_111_,
limitdefin0_.MODIFIED_BY as MODIFIE45_153_111_,
limitdefin0_.MODIFIED_DATE as MODIFIED5_153_111_,
limitdefin0_.CHANNEL_ID as CHANNEL46_153_111_, limitdefin0_.CODE as
CODE6_153_111_, limitdefin0_.COMPANY_ID as COMPANY47_153_111_,
limitdefin0_.CIF_ID as CIF48_153_111_, limitdefin0_.DESCRIPTION as
DESCRIPT7_153_111_, limitdefin0_.EFFECTIVE_FROM_DATE as
EFFECTIV8_153_111_, limitdefin0_.EFFECTIVE_TO_DATE as
EFFECTIV9_153_111_, limitdefin0_.GLO_DAILY_MAX_TRX_AMOUNT as
GLO10_153_111_, limitdefin0_.GLO_DAILY_MAX_TRX_ALLOWED as
GLO11_153_111_, limitdefin0_.GLO_FORTNIGHT_MAX_TRX_AMOUNT as
GLO12_153_111_, limitdefin0_.GLO_FORTNIGHT_MAX_TRX_ALLOWED as
GLO13_153_111_, limitdefin0_.GLO_HALFERLY_MAX_TRX_AMOUNT as
GLO14_153_111_, limitdefin0_.GLO_HALFERLY_MAX_TRX_ALLOWED as
GLO15_153_111_, limitdefin0_.GLO_MAX_TRX_AMOUNT as GLO16_153_111_,
limitdefin0_.GLO_MIN_TRX_AMOUNT as GLO17_153_111_,
limitdefin0_.GLO_MONTHLY_MAX_TRX_AMOUNT as GLO18_153_111_,
limitdefin0_.GLO_MONTHLY_MAX_TRX_ALLOWED as GLO19_153_111_,
limitdefin0_.GLO_QUATERLY_MAX_TRX_AMOUNT as GLO20_153_111_,
limitdefin0_.GLO_QUATERLY_MAX_TRX_ALLOWED as GLO21_153_111_,
limitdefin0_.GLO_WEEKLY_MAX_TRX_AMOUNT as GLO22_153_111_,
limitdefin0_.GLO_WEEKLY_MAX_TRX_ALLOWED as GLO23_153_111_,
limitdefin0_.GLO_YEARLY_MAX_TRX_AMOUNT as GLO24_153_111_,
limitdefin0_.GLO_YEARLY_MAX_TRX_ALLOWED as GLO25_153_111_,
limitdefin0_.GROUP_ID as GROUP49_153_111_,
limitdefin0_.LOGIN_PROFILE_ID as LOGIN50_153_111_,
limitdefin0_.DEFINITION_ID as DEFINIT51_153_111_,
limitdefin0_.LIMIT_DEFINITION_TYPE as LIMIT26_153_111_,
limitdefin0_.BENE_ID as BENE52_153_111_, limitdefin0_.BILLER_ID as
BILLER53_153_111_, limitdefin0_.PAYEE_INSTRUCTION_ID as
PAYEE54_153_111_, limitdefin0_.REG_DAILY_MAX_TRX_AMOUNT as
REG27_153_111_, limitdefin0_.REG_DAILY_MAX_TRX_ALLOWED as
REG28_153_111_, limitdefin0_.REG_FORTNIGHT_MAX_TRX_AMOUNT as
REG29_153_111_, limitdefin0_.REG_FORTNIGHT_MAX_TRX_ALLOWED as
REG30_153_111_, limitdefin0_.REG_HALFERLY_MAX_TRX_AMOUNT as
REG31_153_111_, limitdefin0_.REG_HALFERLY_MAX_TRX_ALLOWED as
REG32_153_111_, limitdefin0_.REG_MAX_TRX_AMOUNT as REG33_153_111_,
limitdefin0_.REG_MIN_TRX_AMOUNT as REG34_153_111_,
limitdefin0_.REG_MONTHLY_MAX_TRX_AMOUNT as REG35_153_111_,
limitdefin0_.REG_MONTHLY_MAX_TRX_ALLOWED as REG36_153_111_,
limitdefin0_.REG_QUATERLY_MAX_TRX_AMOUNT as REG37_153_111_,
limitdefin0_.REG_QUATERLY_MAX_TRX_ALLOWED as REG38_153_111_,
limitdefin0_.REG_WEEKLY_MAX_TRX_AMOUNT as REG39_153_111_,
limitdefin0_.REG_WEEKLY_MAX_TRX_ALLOWED as REG40_153_111_,
limitdefin0_.REG_YEARLY_MAX_TRX_AMOUNT as REG41_153_111_,
limitdefin0_.REG_YEARLY_MAX_TRX_ALLOWED as REG42_153_111_,
limitdefin0_.SEGMENT_ID as SEGMENT55_153_111_,
limitdefin0_.SPECIAL_CATEGORY_ID as SPECIAL56_153_111_,
limitdefin0_.STATUS_ID as STATUS57_153_111_, channel1_.id as id1_95_0_,
channel1_."VERSION" as VERSION2_95_0_, channel1_.AUTH_BY as
AUTH8_95_0_, channel1_.AUTH_DATE as AUTH3_95_0_, channel1_.CREATED_BY
as CREATED9_95_0_, channel1_.CREATED_DATE as CREATED4_95_0_,
channel1_.MODIFIED_BY as MODIFIE10_95_0_, channel1_.MODIFIED_DATE as
MODIFIED5_95_0_, channel1_.CODE as CODE6_95_0_, channel1_.DESCRIPTION
as DESCRIPT7_95_0_, company2_.id as id1_39_1_, company2_."VERSION" as
VERSION2_39_1_, company2_.AUTH_BY as AUTH8_39_1_, company2_.AUTH_DATE
as AUTH3_39_1_, company2_.CREATED_BY as CREATED9_39_1_,
company2_.CREATED_DATE as CREATED4_39_1_, company2_.MODIFIED_BY as
MODIFIE10_39_1_, company2_.MODIFIED_DATE as MODIFIED5_39_1_,
company2_.AUTH_MATRIX_ID as AUTH11_39_1_, company2_.CHANNEL_ID as
CHANNEL12_39_1_, company2_.CODE as CODE6_39_1_, company2_.CONTACT_ID as
CONTACT13_39_1_, company2_.COUNTRY_ID as COUNTRY14_39_1_, co

Plan hash value: 67631822

--------------------------------------------------------------------------------------------------------------------------------------------------------------
| Id  | Operation                                                                    | Name                          | Rows  | Bytes | Cost (%CPU)| Time     |
--------------------------------------------------------------------------------------------------------------------------------------------------------------
|   0 | SELECT STATEMENT                                                             |                               |       |       |   367 (100)|          |
|   1 |  SORT ORDER BY                                                               |                               |     1 | 24278 |   367   (2)| 00:00:05 |
|   2 |   NESTED LOOPS OUTER                                                         |                               |     1 | 24278 |   366   (1)| 00:00:05 |
|   3 |    NESTED LOOPS OUTER                                                        |                               |     1 | 24134 |   365   (1)| 00:00:05 |
|   4 |     NESTED LOOPS OUTER                                                       |                               |     1 | 24058 |   364   (1)| 00:00:05 |
|   5 |      NESTED LOOPS OUTER                                                      |                               |     1 | 21696 |   364   (1)| 00:00:05 |
|   6 |       NESTED LOOPS OUTER                                                     |                               |     1 | 21666 |   362   (1)| 00:00:05 |
|   7 |        NESTED LOOPS OUTER                                                    |                               |     1 | 21636 |   360   (1)| 00:00:05 |
|   8 |         NESTED LOOPS OUTER                                                   |                               |     1 | 21576 |   359   (1)| 00:00:05 |
|   9 |          NESTED LOOPS OUTER                                                  |                               |     1 | 21523 |   358   (1)| 00:00:05 |
|  10 |           NESTED LOOPS OUTER                                                 |                               |     1 | 21478 |   357   (1)| 00:00:05 |
|  11 |            NESTED LOOPS OUTER                                                |                               |     1 | 21437 |   356   (1)| 00:00:05 |
|  12 |             NESTED LOOPS OUTER                                               |                               |     1 | 21382 |   355   (1)| 00:00:05 |
|  13 |              NESTED LOOPS OUTER                                              |                               |     1 | 21299 |   354   (1)| 00:00:05 |
|  14 |               NESTED LOOPS OUTER                                             |                               |     1 | 21219 |   353   (1)| 00:00:05 |
|  15 |                NESTED LOOPS OUTER                                            |                               |     1 | 21166 |   353   (1)| 00:00:05 |
|  16 |                 NESTED LOOPS OUTER                                           |                               |     1 | 21121 |   353   (1)| 00:00:05 |
|  17 |                  NESTED LOOPS OUTER                                          |                               |     1 | 21076 |   352   (1)| 00:00:05 |
|  18 |                   NESTED LOOPS OUTER                                         |                               |     1 | 21031 |   352   (1)| 00:00:05 |
|  19 |                    NESTED LOOPS OUTER                                        |                               |     1 | 20986 |   352   (1)| 00:00:05 |
|  20 |                     NESTED LOOPS OUTER                                       |                               |     1 | 20945 |   352   (1)| 00:00:05 |
|  21 |                      NESTED LOOPS OUTER                                      |                               |     1 | 20890 |   352   (1)| 00:00:05 |
|  22 |                       NESTED LOOPS OUTER                                     |                               |     1 | 20843 |   352   (1)| 00:00:05 |
|  23 |                        HASH JOIN RIGHT OUTER                                 |                               |     1 | 18044 |   352   (1)| 00:00:05 |
|  24 |                         TABLE ACCESS FULL                                    | PAY_BILLER_DATA               |     1 |   339 |     2   (0)| 00:00:01 |
|  25 |                         NESTED LOOPS OUTER                                   |                               |     1 | 17705 |   350   (1)| 00:00:05 |
|  26 |                          NESTED LOOPS OUTER                                  |                               |     1 | 17268 |   350   (1)| 00:00:05 |
|  27 |                           NESTED LOOPS OUTER                                 |                               |     1 | 17081 |   350   (1)| 00:00:05 |
|  28 |                            NESTED LOOPS OUTER                                |                               |     1 | 16511 |   350   (1)| 00:00:05 |
|  29 |                             NESTED LOOPS OUTER                               |                               |     1 | 16341 |   350   (1)| 00:00:05 |
|  30 |                              NESTED LOOPS OUTER                              |                               |     1 | 16154 |   350   (1)| 00:00:05 |
|  31 |                               NESTED LOOPS OUTER                             |                               |     1 | 15584 |   350   (1)| 00:00:05 |
|  32 |                                NESTED LOOPS OUTER                            |                               |     1 | 15336 |   350   (1)| 00:00:05 |
|  33 |                                 NESTED LOOPS OUTER                           |                               |     1 | 14218 |   350   (1)| 00:00:05 |
|  34 |                                  NESTED LOOPS OUTER                          |                               |     1 | 14188 |   349   (1)| 00:00:05 |
|  35 |                                   NESTED LOOPS OUTER                         |                               |     1 | 14100 |   348   (1)| 00:00:05 |
|  36 |                                    NESTED LOOPS OUTER                        |                               |     1 | 14012 |   347   (1)| 00:00:05 |
|  37 |                                     NESTED LOOPS OUTER                       |                               |     1 | 13968 |   346   (1)| 00:00:05 |
|  38 |                                      NESTED LOOPS OUTER                      |                               |     1 | 13880 |   345   (1)| 00:00:05 |
|  39 |                                       NESTED LOOPS OUTER                     |                               |     1 | 13817 |   344   (1)| 00:00:05 |
|  40 |                                        HASH JOIN OUTER                       |                               |     1 | 13811 |   344   (1)| 00:00:05 |
|  41 |                                         NESTED LOOPS OUTER                   |                               |     1 | 13786 |   320   (1)| 00:00:04 |
|  42 |                                          NESTED LOOPS OUTER                  |                               |     1 | 13741 |   319   (1)| 00:00:04 |
|  43 |                                           NESTED LOOPS OUTER                 |                               |     1 | 13696 |   319   (1)| 00:00:04 |
|  44 |                                            NESTED LOOPS OUTER                |                               |     1 | 13651 |   319   (1)| 00:00:04 |
|  45 |                                             NESTED LOOPS OUTER               |                               |     1 | 13606 |   318   (1)| 00:00:04 |
|  46 |                                              NESTED LOOPS OUTER              |                               |     1 | 13539 |   317   (1)| 00:00:04 |
|  47 |                                               NESTED LOOPS OUTER             |                               |     1 | 13463 |   316   (1)| 00:00:04 |
|  48 |                                                NESTED LOOPS OUTER            |                               |     1 | 13418 |   315   (1)| 00:00:04 |
|  49 |                                                 NESTED LOOPS OUTER           |                               |     1 | 13373 |   314   (1)| 00:00:04 |
|  50 |                                                  NESTED LOOPS OUTER          |                               |     1 | 13328 |   313   (1)| 00:00:04 |
|  51 |                                                   NESTED LOOPS OUTER         |                               |     1 | 13283 |   312   (1)| 00:00:04 |
|  52 |                                                    NESTED LOOPS OUTER        |                               |     1 | 13236 |   312   (1)| 00:00:04 |
|  53 |                                                     NESTED LOOPS OUTER       |                               |     1 | 12821 |   312   (1)| 00:00:04 |
|  54 |                                                      NESTED LOOPS OUTER      |                               |     1 | 12774 |   312   (1)| 00:00:04 |
|  55 |                                                       HASH JOIN RIGHT OUTER  |                               |     1 | 12725 |   312   (1)| 00:00:04 |
|  56 |                                                        TABLE ACCESS FULL     | FND_TENANT_APPLICATION_LOCALE |     1 |    30 |     3   (0)| 00:00:01 |
|  57 |                                                        HASH JOIN RIGHT OUTER |                               |     1 | 12695 |   309   (1)| 00:00:04 |
|  58 |                                                         TABLE ACCESS FULL    | FND_TENANT_OPERATING_COUNTRY  |     1 |    28 |     3   (0)| 00:00:01 |
|  59 |                                                         NESTED LOOPS OUTER   |                               |     1 | 12667 |   306   (1)| 00:00:04 |
|  60 |                                                          NESTED LOOPS OUTER  |                               |     1 | 12639 |   305   (1)| 00:00:04 |
|  61 |                                                           NESTED LOOPS OUTER |                               |     1 | 12600 |   304   (1)| 00:00:04 |
|  62 | R                                                          NESTED LOOPS OUTE |                               |     1 | 12575 |   303   (1)| 00:00:04 |
|  63 | ER                                                          NESTED LOOPS OUT |                               |     1 | 12550 |   302   (1)| 00:00:04 |
|  64 | TER                                                          NESTED LOOPS OU |                               |     1 | 12424 |   302   (1)| 00:00:04 |
|  65 | UTER                                                          NESTED LOOPS O |                               |     1 | 12365 |   301   (1)| 00:00:04 |
|  66 | HT OUTER                                                       HASH JOIN RIG |                               |     1 | 12320 |   300   (1)| 00:00:04 |
|  67 |  FULL                                                           TABLE ACCESS | FND_DOCUMENT_DETAIL           |     1 |  2080 |     2   (0)| 00:00:01 |
|  68 |  OUTER                                                          NESTED LOOPS |                               |     1 | 10240 |   298   (1)| 00:00:04 |
|  69 | S OUTER                                                          NESTED LOOP |                               |     1 | 10148 |   298   (1)| 00:00:04 |
|  70 | PS OUTER                                                          NESTED LOO |                               |     1 | 10060 |   298   (1)| 00:00:04 |
|  71 | OPS OUTER                                                          NESTED LO |                               |     1 | 10015 |   297   (1)| 00:00:04 |
|  72 | OOPS OUTER                                                          NESTED L |                               |     1 |  9970 |   296   (1)| 00:00:04 |
|  73 | LOOPS OUTER                                                          NESTED  |                               |     1 |  9915 |   295   (1)| 00:00:04 |
|  74 |  LOOPS OUTER                                                          NESTED |                               |     1 |  9870 |   294   (1)| 00:00:04 |
|  75 | D LOOPS OUTER                                                          NESTE |                               |     1 |  9815 |   293   (1)| 00:00:04 |
|  76 | ED LOOPS OUTER                                                          NEST |                               |     1 |  9771 |   292   (1)| 00:00:04 |
|  77 | TED LOOPS OUTER                                                          NES |                               |     1 |  9688 |   291   (1)| 00:00:04 |
|  78 | SH JOIN OUTER                                                             HA |                               |     1 |  9635 |   290   (1)| 00:00:04 |
|  79 | ESTED LOOPS OUTER                                                          N |                               |     1 |  9623 |   265   (0)| 00:00:04 |
|  80 |.NESTED LOOPS OUTER                                                           |                               |     1 |  9497 |   264   (0)| 00:00:04 |
|  81 |. NESTED LOOPS OUTER                                                          |                               |     1 |  9452 |   263   (0)| 00:00:04 |
|  82 |.  NESTED LOOPS OUTER                                                         |                               |     1 |  9407 |   262   (0)| 00:00:04 |
|  83 |.   NESTED LOOPS OUTER                                                        |                               |     1 |  9362 |   261   (0)| 00:00:04 |
|  84 |.    NESTED LOOPS OUTER                                                       |                               |     1 |  9300 |   260   (0)| 00:00:04 |
|  85 |.     NESTED LOOPS OUTER                                                      |                               |     1 |  9272 |   259   (0)| 00:00:04 |
|  86 |.      NESTED LOOPS OUTER                                                     |                               |     1 |  9146 |   258   (0)| 00:00:04 |
|  87 |.       NESTED LOOPS OUTER                                                    |                               |     1 |  9083 |   258   (0)| 00:00:04 |
|  88 |.        NESTED LOOPS OUTER                                                   |                               |     1 |  9058 |   257   (0)| 00:00:04 |
|  89 |.         NESTED LOOPS                                                        |                               |     1 |  9033 |   256   (0)| 00:00:04 |
|  90 |.          NESTED LOOPS OUTER                                                 |                               |     1 |  8988 |   255   (0)| 00:00:04 |
|  91 |.           NESTED LOOPS OUTER                                                |                               |     1 |  8943 |   255   (0)| 00:00:04 |
|  92 |.            NESTED LOOPS OUTER                                               |                               |     1 |  8898 |   254   (0)| 00:00:04 |
|  93 |.             NESTED LOOPS OUTER                                              |                               |     1 |  8853 |   254   (0)| 00:00:04 |
|  94 |.              NESTED LOOPS OUTER                                             |                               |     1 |  8808 |   253   (0)| 00:00:04 |
|  95 |.               NESTED LOOPS OUTER                                            |                               |     1 |  8763 |   252   (0)| 00:00:04 |
|  96 |.                NESTED LOOPS OUTER                                           |                               |     1 |  8718 |   251   (0)| 00:00:04 |
|  97 |.                 NESTED LOOPS OUTER                                          |                               |     1 |  8673 |   250   (0)| 00:00:03 |
|  98 |.                  NESTED LOOPS OUTER                                         |                               |     1 |  8628 |   249   (0)| 00:00:03 |
|  99 |.                   NESTED LOOPS OUTER                                        |                               |     1 |  8600 |   248   (0)| 00:00:03 |
| 100 |.                    NESTED LOOPS OUTER                                       |                               |     1 |  8538 |   247   (0)| 00:00:03 |
| 101 |.                     NESTED LOOPS OUTER                                      |                               |     1 |  8507 |   247   (0)| 00:00:03 |
| 102 |.                      NESTED LOOPS OUTER                                     |                               |     1 |  8450 |   247   (0)| 00:00:03 |
| 103 |.                       NESTED LOOPS OUTER                                    |                               |     1 |  8405 |   246   (0)| 00:00:03 |
| 104 |.                        NESTED LOOPS OUTER                                   |                               |     1 |  8360 |   245   (0)| 00:00:03 |
| 105 |.                         NESTED LOOPS OUTER                                  |                               |     1 |  8315 |   245   (0)| 00:00:03 |
| 106 |.                          NESTED LOOPS OUTER                                 |                               |     1 |  8235 |   244   (0)| 00:00:03 |
| 107 |.                           NESTED LOOPS OUTER                                |                               |     1 |  8155 |   243   (0)| 00:00:03 |
| 108 |.                            NESTED LOOPS OUTER                               |                               |     1 |  8114 |   242   (0)| 00:00:03 |
| 109 |.                             NESTED LOOPS OUTER                              |                               |     1 |  8073 |   241   (0)| 00:00:03 |
| 110 |.                              NESTED LOOPS OUTER                             |                               |     1 |  8038 |   240   (0)| 00:00:03 |
| 111 |.                               NESTED LOOPS OUTER                            |                               |     1 |  8007 |   239   (0)| 00:00:03 |
| 112 |.                                NESTED LOOPS OUTER                           |                               |     1 |  7979 |   238   (0)| 00:00:03 |
| 113 |.                                 NESTED LOOPS OUTER                          |                               |     1 |  7938 |   237   (0)| 00:00:03 |
| 114 |.                                  NESTED LOOPS OUTER                         |                               |     1 |  7883 |   236   (0)| 00:00:03 |
| 115 |.                                   NESTED LOOPS OUTER                        |                               |     1 |  7855 |   235   (0)| 00:00:03 |
| 116 |.                                    NESTED LOOPS OUTER                       |                               |     1 |  7733 |   234   (0)| 00:00:03 |
| 117 |.                                     NESTED LOOPS OUTER                      |                               |     1 |  7611 |   233   (0)| 00:00:03 |
| 118 |.                                      NESTED LOOPS OUTER                     |                               |     1 |  7562 |   233   (0)| 00:00:03 |
| 119 |.                                       NESTED LOOPS OUTER                    |                               |     1 |  7523 |   233   (0)| 00:00:03 |
| 120 |.                                        NESTED LOOPS OUTER                   |                               |     1 |  7492 |   233   (0)| 00:00:03 |
| 121 |.                                         NESTED LOOPS OUTER                  |                               |     1 |  7458 |   233   (0)| 00:00:03 |
| 122 |.                                          MERGE JOIN OUTER                   |                               |     1 |  7043 |   233   (0)| 00:00:03 |

PLAN_TABLE_OUTPUT
------------------------------------------------------------------------------------------------------------------------------------------------------------------------------------------------------------------------------------------------------------------------------------------------------------
| 123 |.                                           NESTED LOOPS OUTER                |                               |     1 |  6983 |   232   (0)| 00:00:03 |
| 124 |.                                            HASH JOIN OUTER                  |                               |     1 |  6949 |   232   (0)| 00:00:03 |
| 125 |.                                             HASH JOIN OUTER                 |                               |     1 |  4150 |   230   (0)| 00:00:03 |
| 126 |.                                              HASH JOIN OUTER                |                               |     1 |  3775 |   228   (0)| 00:00:03 |
| 127 |.                                               NESTED LOOPS OUTER            |                               |     1 |   976 |   226   (0)| 00:00:03 |
| 128 |.                                                NESTED LOOPS OUTER           |                               |     1 |   539 |   226   (0)| 00:00:03 |
| 129 |.                                                 TABLE ACCESS BY INDEX ROWID | LIMIT_DEFINITION_DETAIL       |     1 |   124 |   226   (0)| 00:00:03 |
| 130 |.                                                  INDEX SKIP SCAN            | DEFINITION_DETAILS_UK         |     1 |       |   225   (0)| 00:00:03 |
| 131 |.                                                 TABLE ACCESS BY INDEX ROWID | FND_COMPANY                   |     1 |   415 |     0   (0)|          |
| 132 |.                                                  INDEX UNIQUE SCAN          | COMPANY_PK                    |     1 |       |     0   (0)|          |
| 133 |.                                                TABLE ACCESS BY INDEX ROWID  | PAY_BILLER                    |     1 |   437 |     0   (0)|          |
| 134 |.                                                 INDEX UNIQUE SCAN           | BILLER_PK                     |     1 |       |     0   (0)|          |
| 135 |.                                               TABLE ACCESS FULL             | PAY_BILLER_METADATA           |     1 |  2799 |     2   (0)| 00:00:01 |
| 136 |.                                              TABLE ACCESS FULL              | PAY_BILLER_SERVICE            |     1 |   375 |     2   (0)| 00:00:01 |
| 137 |.                                             TABLE ACCESS FULL               | PAY_BILLER_METADATA           |     1 |  2799 |     2   (0)| 00:00:01 |
| 138 |.                                            TABLE ACCESS BY INDEX ROWID      | FND_GROUP                     |     1 |    34 |     0   (0)|          |
| 139 |.                                             INDEX UNIQUE SCAN               | GROUP_PK                      |     1 |       |     0   (0)|          |
| 140 |.                                           BUFFER SORT                       |                               |     1 |    60 |   233   (0)| 00:00:03 |
| 141 |.                                            TABLE ACCESS BY INDEX ROWID      | PAY_BENE                      |     1 |    60 |     1   (0)| 00:00:01 |
| 142 |.                                             INDEX UNIQUE SCAN               | BENE_PK                       |     1 |       |     0   (0)|          |
| 143 |.                                          TABLE ACCESS BY INDEX ROWID        | FND_COMPANY                   |     1 |   415 |     0   (0)|          |
| 144 |.                                           INDEX UNIQUE SCAN                 | COMPANY_PK                    |     1 |       |     0   (0)|          |
| 145 |.                                         TABLE ACCESS BY INDEX ROWID         | FND_GROUP                     |     1 |    34 |     0   (0)|          |
| 146 |.                                          INDEX UNIQUE SCAN                  | GROUP_PK                      |     1 |       |     0   (0)|          |
| 147 |.                                        TABLE ACCESS BY INDEX ROWID          | INF_CHANNEL                   |     1 |    31 |     0   (0)|          |
| 148 |.                                         INDEX UNIQUE SCAN                   | INF_CHANNEL_PK                |     1 |       |     0   (0)|          |
| 149 |.                                       TABLE ACCESS BY INDEX ROWID           | FND_SEGMENT                   |     1 |    39 |     0   (0)|          |
| 150 |.                                        INDEX UNIQUE SCAN                    | SEGMENT_PK                    |     1 |       |     0   (0)|          |
| 151 |.                                      TABLE ACCESS BY INDEX ROWID            | FND_SPECIAL_CATEGORY          |     1 |    49 |     0   (0)|          |
| 152 |.                                       INDEX UNIQUE SCAN                     | SPECIAL_CATEGORY_PK           |     1 |       |     0   (0)|          |
| 153 |.                                     TABLE ACCESS BY INDEX ROWID             | LIMIT_DEFINITION              |     1 |   122 |     1   (0)| 00:00:01 |
| 154 |.                                      INDEX UNIQUE SCAN                      | DEFINITION_PK                 |     1 |       |     0   (0)|          |
| 155 |.                                    TABLE ACCESS BY INDEX ROWID              | LIMIT_DEFINITION              |     1 |   122 |     1   (0)| 00:00:01 |
| 156 |.                                     INDEX UNIQUE SCAN                       | DEFINITION_PK                 |     1 |       |     0   (0)|          |
| 157 |.                                   TABLE ACCESS BY INDEX ROWID               | FND_TENANT_APPLICATION        |     1 |    28 |     1   (0)| 00:00:01 |
| 158 |.                                    INDEX UNIQUE SCAN                        | TENANT_APPLICATION_PK         |     1 |       |     0   (0)|          |
| 159 |.                                  TABLE ACCESS BY INDEX ROWID                | FND_CURRENCY                  |     1 |    55 |     1   (0)| 00:00:01 |
| 160 |.                                   INDEX UNIQUE SCAN                         | CURRENCY_PK                   |     1 |       |     0   (0)|          |
| 161 |.                                 TABLE ACCESS BY INDEX ROWID                 | INF_TENANT_SERVICE            |     1 |    41 |     1   (0)| 00:00:01 |
| 162 |.                                  INDEX UNIQUE SCAN                          | TENANT_SERVICE_PK             |     1 |       |     0   (0)|          |
| 163 |.                                TABLE ACCESS BY INDEX ROWID                  | FND_TENANT_APPLICATION        |     1 |    28 |     1   (0)| 00:00:01 |
| 164 |.                                 INDEX UNIQUE SCAN                           | TENANT_APPLICATION_PK         |     1 |       |     0   (0)|          |
| 165 |.                               TABLE ACCESS BY INDEX ROWID                   | INF_CHANNEL                   |     1 |    31 |     1   (0)| 00:00:01 |
| 166 |.                                INDEX UNIQUE SCAN                            | INF_CHANNEL_PK                |     1 |       |     0   (0)|          |
| 167 |.                              TABLE ACCESS BY INDEX ROWID                    | INF_SERVICE_APPLICATION       |     1 |    35 |     1   (0)| 00:00:01 |
| 168 |.                               INDEX UNIQUE SCAN                             | SERVICE_APPLICATION_PK        |     1 |       |     0   (0)|          |
| 169 |.                             TABLE ACCESS BY INDEX ROWID                     | INF_TENANT_SERVICE            |     1 |    41 |     1   (0)| 00:00:01 |
| 170 |.                              INDEX UNIQUE SCAN                              | TENANT_SERVICE_PK             |     1 |       |     0   (0)|          |
| 171 |.                            TABLE ACCESS BY INDEX ROWID                      | INF_TENANT_SERVICE            |     1 |    41 |     1   (0)| 00:00:01 |
| 172 |.                             INDEX UNIQUE SCAN                               | TENANT_SERVICE_PK             |     1 |       |     0   (0)|          |
| 173 |.                           TABLE ACCESS BY INDEX ROWID                       | INF_SERVICE                   |     1 |    80 |     1   (0)| 00:00:01 |
| 174 |.                            INDEX UNIQUE SCAN                                | SERVICE_PK                    |     1 |       |     0   (0)|          |
| 175 |.                          TABLE ACCESS BY INDEX ROWID                        | INF_SERVICE                   |     1 |    80 |     1   (0)| 00:00:01 |
| 176 |.                           INDEX UNIQUE SCAN                                 | SERVICE_PK                    |     1 |       |     0   (0)|          |
| 177 |.                         TABLE ACCESS BY INDEX ROWID                         | FND_COUNTRY                   |     1 |    45 |     0   (0)|          |
| 178 |.                          INDEX UNIQUE SCAN                                  | COUNTRY_PK                    |     1 |       |     0   (0)|          |
| 179 |.                        TABLE ACCESS BY INDEX ROWID                          | FND_COUNTRY                   |     1 |    45 |     1   (0)| 00:00:01 |
| 180 |.                         INDEX UNIQUE SCAN                                   | COUNTRY_PK                    |     1 |       |     0   (0)|          |
| 181 |.                       TABLE ACCESS BY INDEX ROWID                           | FND_COUNTRY                   |     1 |    45 |     1   (0)| 00:00:01 |
| 182 |.                        INDEX UNIQUE SCAN                                    | COUNTRY_PK                    |     1 |       |     0   (0)|          |
| 183 |.                      TABLE ACCESS BY INDEX ROWID                            | FND_TENANT_LOOKUP_VALUE       |     1 |    57 |     0   (0)|          |
| 184 |.                       INDEX UNIQUE SCAN                                     | TENANT_LOOKUP_VALUE_PK        |     1 |       |     0   (0)|          |
| 185 |.                     TABLE ACCESS BY INDEX ROWID                             | INF_CHANNEL                   |     1 |    31 |     0   (0)|          |
| 186 |.                      INDEX UNIQUE SCAN                                      | INF_CHANNEL_PK                |     1 |       |     0   (0)|          |
| 187 |.                    TABLE ACCESS BY INDEX ROWID                              | FND_TENANT_LOOKUP_TYPE        |     1 |    62 |     1   (0)| 00:00:01 |
| 188 |.                     INDEX UNIQUE SCAN                                       | TENANT_LOOKUP_TYPE_PK         |     1 |       |     0   (0)|          |
| 189 |.                   TABLE ACCESS BY INDEX ROWID                               | FND_TENANT_APPLICATION        |     1 |    28 |     1   (0)| 00:00:01 |
| 190 |.                    INDEX UNIQUE SCAN                                        | TENANT_APPLICATION_PK         |     1 |       |     0   (0)|          |
| 191 |.                  TABLE ACCESS BY INDEX ROWID                                | FND_COUNTRY                   |     1 |    45 |     1   (0)| 00:00:01 |
| 192 |.                   INDEX UNIQUE SCAN                                         | COUNTRY_PK                    |     1 |       |     0   (0)|          |
| 193 |.                 TABLE ACCESS BY INDEX ROWID                                 | FND_LOOKUP_VALUE              |     1 |    45 |     1   (0)| 00:00:01 |
| 194 |.                  INDEX UNIQUE SCAN                                          | LOOKUP_VALUE_PK               |     1 |       |     0   (0)|          |
| 195 |.                TABLE ACCESS BY INDEX ROWID                                  | FND_LOOKUP_VALUE              |     1 |    45 |     1   (0)| 00:00:01 |
| 196 |.                 INDEX UNIQUE SCAN                                           | LOOKUP_VALUE_PK               |     1 |       |     0   (0)|          |
| 197 |.               TABLE ACCESS BY INDEX ROWID                                   | FND_LOOKUP_VALUE              |     1 |    45 |     1   (0)| 00:00:01 |
| 198 |.                INDEX UNIQUE SCAN                                            | LOOKUP_VALUE_PK               |     1 |       |     0   (0)|          |
| 199 |.              TABLE ACCESS BY INDEX ROWID                                    | FND_LOOKUP_VALUE              |     1 |    45 |     1   (0)| 00:00:01 |
| 200 |.               INDEX UNIQUE SCAN                                             | LOOKUP_VALUE_PK               |     1 |       |     0   (0)|          |
| 201 |.             TABLE ACCESS BY INDEX ROWID                                     | FND_LOOKUP_VALUE              |     1 |    45 |     0   (0)|          |
| 202 |.              INDEX UNIQUE SCAN                                              | LOOKUP_VALUE_PK               |     1 |       |     0   (0)|          |
| 203 |.            TABLE ACCESS BY INDEX ROWID                                      | FND_LOOKUP_VALUE              |     1 |    45 |     1   (0)| 00:00:01 |
| 204 |.             INDEX UNIQUE SCAN                                               | LOOKUP_VALUE_PK               |     1 |       |     0   (0)|          |
| 205 |.           TABLE ACCESS BY INDEX ROWID                                       | FND_LOOKUP_VALUE              |     1 |    45 |     0   (0)|          |
| 206 |.            INDEX UNIQUE SCAN                                                | LOOKUP_VALUE_PK               |     1 |       |     0   (0)|          |
| 207 |.          TABLE ACCESS BY INDEX ROWID                                        | FND_LOOKUP_VALUE              |     1 |    45 |     1   (0)| 00:00:01 |
| 208 |.           INDEX UNIQUE SCAN                                                 | LOOKUP_VALUE_PK               |     1 |       |     0   (0)|          |
| 209 |.         TABLE ACCESS BY INDEX ROWID                                         | USER_LOGIN_PROFILE_EXTEND     |     1 |    25 |     1   (0)| 00:00:01 |
| 210 |.          INDEX UNIQUE SCAN                                                  | LOGIN_PROFILE_EXTEND_PK       |     1 |       |     0   (0)|          |
| 211 |.        TABLE ACCESS BY INDEX ROWID                                          | USER_LOGIN_PROFILE_EXTEND     |     1 |    25 |     1   (0)| 00:00:01 |
| 212 |.         INDEX UNIQUE SCAN                                                   | LOGIN_PROFILE_EXTEND_PK       |     1 |       |     0   (0)|          |
| 213 |.       TABLE ACCESS BY INDEX ROWID                                           | FND_CIF                       |     1 |    63 |     0   (0)|          |
| 214 |.        INDEX UNIQUE SCAN                                                    | CIF_PK                        |     1 |       |     0   (0)|          |
| 215 |.      TABLE ACCESS BY INDEX ROWID                                            | USER_LOGIN_PROFILE            |     1 |   126 |     1   (0)| 00:00:01 |
| 216 |.       INDEX UNIQUE SCAN                                                     | LOGIN_PROFILE_PK              |     1 |       |     0   (0)|          |
| 217 |.     TABLE ACCESS BY INDEX ROWID                                             | FND_TENANT_APPLICATION        |     1 |    28 |     1   (0)| 00:00:01 |
| 218 |.      INDEX UNIQUE SCAN                                                      | TENANT_APPLICATION_PK         |     1 |       |     0   (0)|          |
| 219 |.    TABLE ACCESS BY INDEX ROWID                                              | FND_TENANT                    |     1 |    62 |     1   (0)| 00:00:01 |
| 220 |.     INDEX UNIQUE SCAN                                                       | TENANT_PK                     |     1 |       |     0   (0)|          |
| 221 |.   TABLE ACCESS BY INDEX ROWID                                               | FND_COUNTRY                   |     1 |    45 |     1   (0)| 00:00:01 |
| 222 |.    INDEX UNIQUE SCAN                                                        | COUNTRY_PK                    |     1 |       |     0   (0)|          |
| 223 |.  TABLE ACCESS BY INDEX ROWID                                                | FND_LOOKUP_VALUE              |     1 |    45 |     1   (0)| 00:00:01 |
| 224 |.   INDEX UNIQUE SCAN                                                         | LOOKUP_VALUE_PK               |     1 |       |     0   (0)|          |
| 225 |. TABLE ACCESS BY INDEX ROWID                                                 | FND_LOOKUP_VALUE              |     1 |    45 |     1   (0)| 00:00:01 |
| 226 |.  INDEX UNIQUE SCAN                                                          | LOOKUP_VALUE_PK               |     1 |       |     0   (0)|          |
| 227 |.TABLE ACCESS BY INDEX ROWID                                                  | USER_LOGIN_PROFILE            |     1 |   126 |     1   (0)| 00:00:01 |
| 228 |. INDEX UNIQUE SCAN                                                           | LOGIN_PROFILE_PK              |     1 |       |     0   (0)|          |
| 229 | ABLE ACCESS FULL                                                           T | FND_CIF_ACCOUNT               | 33093 |   387K|    24   (5)| 00:00:01 |
| 230 | BLE ACCESS BY INDEX ROWID                                                 TA | ACCT_ACCOUNT                  |     1 |    53 |     1   (0)| 00:00:01 |
| 231 | NDEX UNIQUE SCAN                                                           I | ACCOUNT_PK                    |     1 |       |     0   (0)|          |
| 232 | LE ACCESS BY INDEX ROWID                                                 TAB | ACCT_PRODUCT                  |     1 |    83 |     1   (0)| 00:00:01 |
| 233 | DEX UNIQUE SCAN                                                           IN | PRODUCT_PK                    |     1 |       |     0   (0)|          |
| 234 | E ACCESS BY INDEX ROWID                                                 TABL | ACCT_PRODUCT_TYPE             |     1 |    44 |     1   (0)| 00:00:01 |
| 235 | EX UNIQUE SCAN                                                           IND | PRODUCT_TYPE_PK               |     1 |       |     0   (0)|          |
| 236 |  ACCESS BY INDEX ROWID                                                 TABLE | FND_CURRENCY                  |     1 |    55 |     1   (0)| 00:00:01 |
| 237 | X UNIQUE SCAN                                                           INDE | CURRENCY_PK                   |     1 |       |     0   (0)|          |
| 238 | ACCESS BY INDEX ROWID                                                 TABLE  | FND_LOOKUP_VALUE              |     1 |    45 |     1   (0)| 00:00:01 |
| 239 |  UNIQUE SCAN                                                           INDEX | LOOKUP_VALUE_PK               |     1 |       |     0   (0)|          |
| 240 | CCESS BY INDEX ROWID                                                 TABLE A | FND_LOOKUP_TYPE               |     1 |    55 |     1   (0)| 00:00:01 |
| 241 | UNIQUE SCAN                                                           INDEX  | LOOKUP_TYPE_PK                |     1 |       |     0   (0)|          |
| 242 | CESS BY INDEX ROWID                                                 TABLE AC | FND_COUNTRY                   |     1 |    45 |     1   (0)| 00:00:01 |
| 243 | NIQUE SCAN                                                           INDEX U | COUNTRY_PK                    |     1 |       |     0   (0)|          |
| 244 | ESS BY INDEX ROWID                                                 TABLE ACC | FND_LOOKUP_VALUE              |     1 |    45 |     1   (0)| 00:00:01 |
| 245 | IQUE SCAN                                                           INDEX UN | LOOKUP_VALUE_PK               |     1 |       |     0   (0)|          |
| 246 | SS BY INDEX ROWID                                                 TABLE ACCE | FND_CONTACT                   |     1 |    88 |     0   (0)|          |
| 247 | QUE SCAN                                                           INDEX UNI | CONTACT_PK                    |     1 |       |     0   (0)|          |
| 248 | S BY INDEX ROWID                                                 TABLE ACCES | FND_DOCUMENT                  |     1 |    92 |     0   (0)|          |
| 249 | UE SCAN                                                           INDEX UNIQ | DOCUMENT_PK                   |     1 |       |     0   (0)|          |
| 250 | BY INDEX ROWID                                                 TABLE ACCESS  | FND_COUNTRY                   |     1 |    45 |     1   (0)| 00:00:01 |
| 251 |  SCAN                                                           INDEX UNIQUE | COUNTRY_PK                    |     1 |       |     0   (0)|          |
| 252 | Y INDEX ROWID                                                 TABLE ACCESS B | FND_CITY                      |     1 |    59 |     1   (0)| 00:00:01 |
| 253 | SCAN                                                           INDEX UNIQUE  | CITY_PK                       |     1 |       |     0   (0)|          |
| 254 |  INDEX ROWID                                                 TABLE ACCESS BY | USER_LOGIN_PROFILE            |     1 |   126 |     0   (0)|          |
| 255 | CAN                                                           INDEX UNIQUE S | LOGIN_PROFILE_PK              |     1 |       |     0   (0)|          |
| 256 | INDEX ROWID                                                 TABLE ACCESS BY  | USER_CONTACT_DETAIL           |     1 |    25 |     1   (0)| 00:00:01 |
| 257 | AN                                                           INDEX UNIQUE SC | CONTACT_DETAIL_PK             |     1 |       |     0   (0)|          |
| 258 | NDEX ROWID                                                 TABLE ACCESS BY I | USER_LOGIN_PROFILE_EXTEND     |     1 |    25 |     1   (0)| 00:00:01 |
| 259 | N                                                           INDEX UNIQUE SCA | LOGIN_PROFILE_EXTEND_PK       |     1 |       |     0   (0)|          |
| 260 | DEX ROWID                                                 TABLE ACCESS BY IN | FND_SEGMENT                   |     1 |    39 |     1   (0)| 00:00:01 |
| 261 |                                                            INDEX UNIQUE SCAN | SEGMENT_PK                    |     1 |       |     0   (0)|          |
| 262 | EX ROWID                                                 TABLE ACCESS BY IND | FND_TENANT_APPLICATION        |     1 |    28 |     1   (0)| 00:00:01 |
| 263 |                                                           INDEX UNIQUE SCAN  | TENANT_APPLICATION_PK         |     1 |       |     0   (0)|          |
| 264 | ROWID                                                 TABLE ACCESS BY INDEX  | FND_SPECIAL_CATEGORY          |     1 |    49 |     0   (0)|          |
| 265 |                                                        INDEX UNIQUE SCAN     | SPECIAL_CATEGORY_PK           |     1 |       |     0   (0)|          |
| 266 | OWID                                                 TABLE ACCESS BY INDEX R | FND_DEPARTMENT                |     1 |    47 |     0   (0)|          |
| 267 |                                                       INDEX UNIQUE SCAN      | DEPARTMENT_PK                 |     1 |       |     0   (0)|          |
| 268 | WID                                                 TABLE ACCESS BY INDEX RO | FND_COMPANY                   |     1 |   415 |     0   (0)|          |
| 269 |                                                      INDEX UNIQUE SCAN       | COMPANY_PK                    |     1 |       |     0   (0)|          |
| 270 | ID                                                 TABLE ACCESS BY INDEX ROW | FND_DEPARTMENT                |     1 |    47 |     0   (0)|          |
| 271 |                                                     INDEX UNIQUE SCAN        | DEPARTMENT_PK                 |     1 |       |     0   (0)|          |
| 272 | D                                                 TABLE ACCESS BY INDEX ROWI | FND_COUNTRY                   |     1 |    45 |     1   (0)| 00:00:01 |
| 273 |                                                    INDEX UNIQUE SCAN         | COUNTRY_PK                    |     1 |       |     0   (0)|          |
| 274 |                                                  TABLE ACCESS BY INDEX ROWID | FND_LOOKUP_VALUE              |     1 |    45 |     1   (0)| 00:00:01 |
| 275 |                                                   INDEX UNIQUE SCAN          | LOOKUP_VALUE_PK               |     1 |       |     0   (0)|          |
| 276 |                                                 TABLE ACCESS BY INDEX ROWID  | FND_LOOKUP_VALUE              |     1 |    45 |     1   (0)| 00:00:01 |
| 277 |                                                  INDEX UNIQUE SCAN           | LOOKUP_VALUE_PK               |     1 |       |     0   (0)|          |
| 278 |                                                TABLE ACCESS BY INDEX ROWID   | FND_LOOKUP_VALUE              |     1 |    45 |     1   (0)| 00:00:01 |
| 279 |                                                 INDEX UNIQUE SCAN            | LOOKUP_VALUE_PK               |     1 |       |     0   (0)|          |
| 280 |                                               TABLE ACCESS BY INDEX ROWID    | FND_TENANT_BRANCH             |     1 |    76 |     1   (0)| 00:00:01 |
| 281 |                                                INDEX UNIQUE SCAN             | TENANT_BRANCH_PK              |     1 |       |     0   (0)|          |
| 282 |                                              TABLE ACCESS BY INDEX ROWID     | USER_PROFILE                  |     1 |    67 |     1   (0)| 00:00:01 |
| 283 |                                               INDEX UNIQUE SCAN              | PROFILE_PK                    |     1 |       |     0   (0)|          |
| 284 |                                             TABLE ACCESS BY INDEX ROWID      | FND_LOOKUP_VALUE              |     1 |    45 |     1   (0)| 00:00:01 |
| 285 |                                              INDEX UNIQUE SCAN               | LOOKUP_VALUE_PK               |     1 |       |     0   (0)|          |
| 286 |                                            TABLE ACCESS BY INDEX ROWID       | FND_LOOKUP_VALUE              |     1 |    45 |     0   (0)|          |
| 287 |                                             INDEX UNIQUE SCAN                | LOOKUP_VALUE_PK               |     1 |       |     0   (0)|          |
| 288 |                                           TABLE ACCESS BY INDEX ROWID        | FND_LOOKUP_VALUE              |     1 |    45 |     0   (0)|          |
| 289 |                                            INDEX UNIQUE SCAN                 | LOOKUP_VALUE_PK               |     1 |       |     0   (0)|          |
| 290 |                                          TABLE ACCESS BY INDEX ROWID         | FND_LOOKUP_VALUE              |     1 |    45 |     1   (0)| 00:00:01 |
| 291 |                                           INDEX UNIQUE SCAN                  | LOOKUP_VALUE_PK               |     1 |       |     0   (0)|          |
| 292 |                                         TABLE ACCESS FULL                    | USER_CIF                      | 18368 |   448K|    24   (5)| 00:00:01 |
| 293 |                                        INDEX UNIQUE SCAN                     | PROFILE_EXTEND_PK             |     1 |     6 |     0   (0)|          |
| 294 |                                       TABLE ACCESS BY INDEX ROWID            | FND_CIF                       |     1 |    63 |     1   (0)| 00:00:01 |
| 295 |                                        INDEX UNIQUE SCAN                     | CIF_PK                        |     1 |       |     0   (0)|          |
| 296 |                                      TABLE ACCESS BY INDEX ROWID             | FND_CONTACT                   |     1 |    88 |     1   (0)| 00:00:01 |
| 297 |                                       INDEX UNIQUE SCAN                      | CONTACT_PK                    |     1 |       |     0   (0)|          |
| 298 |                                     TABLE ACCESS BY INDEX ROWID              | FND_STATE                     |     1 |    44 |     1   (0)| 00:00:01 |
| 299 |                                      INDEX UNIQUE SCAN                       | STATE_PK                      |     1 |       |     0   (0)|          |
| 300 |                                    TABLE ACCESS BY INDEX ROWID               | FND_CONTACT                   |     1 |    88 |     1   (0)| 00:00:01 |
| 301 |                                     INDEX UNIQUE SCAN                        | CONTACT_PK                    |     1 |       |     0   (0)|          |
| 302 |                                   TABLE ACCESS BY INDEX ROWID                | FND_CONTACT                   |     1 |    88 |     1   (0)| 00:00:01 |
| 303 |                                    INDEX UNIQUE SCAN                         | CONTACT_PK                    |     1 |       |     0   (0)|          |
| 304 |                                  TABLE ACCESS BY INDEX ROWID                 | PAY_PAYEE_INSTRUCTION         |     1 |    30 |     1   (0)| 00:00:01 |
| 305 |                                   INDEX UNIQUE SCAN                          | PAY_PAYEE_INSTRUCTION_PK      |     1 |       |     0   (0)|          |
| 306 |                                 TABLE ACCESS BY INDEX ROWID                  | PAY_PG_INSTRUCTION            |     1 |  1118 |     0   (0)|          |
| 307 |                                  INDEX UNIQUE SCAN                           | PAY_PG_INSTRUCTION_PK         |     1 |       |     0   (0)|          |
| 308 |                                TABLE ACCESS BY INDEX ROWID                   | PAY_BILLER_INSTRUCTION        |     1 |   248 |     0   (0)|          |
| 309 |                                 INDEX UNIQUE SCAN                            | BILLER_INSTRUCTION_PK         |     1 |       |     0   (0)|          |
| 310 |                               TABLE ACCESS BY INDEX ROWID                    | PG_AGGREGATOR_MASTER          |     1 |   570 |     0   (0)|          |
| 311 |                                INDEX UNIQUE SCAN                             | PG_AGGREGATOR_MASTER_PK       |     1 |       |     0   (0)|          |
| 312 |                              TABLE ACCESS BY INDEX ROWID                     | PG_MERCHANT_MASTER            |     1 |   187 |     0   (0)|          |
| 313 |                               INDEX UNIQUE SCAN                              | PG_MERCHANT_MASTER_PK         |     1 |       |     0   (0)|          |
| 314 |                             TABLE ACCESS BY INDEX ROWID                      | PG_MER_AGG_MAPPING_MASTER     |     1 |   170 |     0   (0)|          |
| 315 |                              INDEX UNIQUE SCAN                               | PG_MER_AGG_MAPPING_MASTER_PK  |     1 |       |     0   (0)|          |
| 316 |                            TABLE ACCESS BY INDEX ROWID                       | PG_AGGREGATOR_MASTER          |     1 |   570 |     0   (0)|          |
| 317 |                             INDEX UNIQUE SCAN                                | PG_AGGREGATOR_MASTER_PK       |     1 |       |     0   (0)|          |
| 318 |                           TABLE ACCESS BY INDEX ROWID                        | PG_MERCHANT_MASTER            |     1 |   187 |     0   (0)|          |
| 319 |                            INDEX UNIQUE SCAN                                 | PG_MERCHANT_MASTER_PK         |     1 |       |     0   (0)|          |

PLAN_TABLE_OUTPUT
------------------------------------------------------------------------------------------------------------------------------------------------------------------------------------------------------------------------------------------------------------------------------------------------------------
| 320 |                          TABLE ACCESS BY INDEX ROWID                         | PAY_BILLER                    |     1 |   437 |     0   (0)|          |
| 321 |                           INDEX UNIQUE SCAN                                  | BILLER_PK                     |     1 |       |     0   (0)|          |
| 322 |                        TABLE ACCESS BY INDEX ROWID                           | PAY_BILLER_METADATA           |     1 |  2799 |     0   (0)|          |
| 323 |                         INDEX UNIQUE SCAN                                    | BILLER_METADATA_PK            |     1 |       |     0   (0)|          |
| 324 |                       TABLE ACCESS BY INDEX ROWID                            | PG_BILLER_BUSINESS_SUB_CAT    |     1 |    47 |     0   (0)|          |
| 325 |                        INDEX UNIQUE SCAN                                     | PG_BILLER_BUSINESS_SUB_CAT_PK |     1 |       |     0   (0)|          |
| 326 |                      TABLE ACCESS BY INDEX ROWID                             | FND_CURRENCY                  |     1 |    55 |     0   (0)|          |
| 327 |                       INDEX UNIQUE SCAN                                      | CURRENCY_PK                   |     1 |       |     0   (0)|          |
| 328 |                     TABLE ACCESS BY INDEX ROWID                              | INF_TENANT_SERVICE            |     1 |    41 |     0   (0)|          |
| 329 |                      INDEX UNIQUE SCAN                                       | TENANT_SERVICE_PK             |     1 |       |     0   (0)|          |
| 330 |                    TABLE ACCESS BY INDEX ROWID                               | FND_LOOKUP_VALUE              |     1 |    45 |     0   (0)|          |
| 331 |                     INDEX UNIQUE SCAN                                        | LOOKUP_VALUE_PK               |     1 |       |     0   (0)|          |
| 332 |                   TABLE ACCESS BY INDEX ROWID                                | FND_LOOKUP_VALUE              |     1 |    45 |     0   (0)|          |
| 333 |                    INDEX UNIQUE SCAN                                         | LOOKUP_VALUE_PK               |     1 |       |     0   (0)|          |
| 334 |                  TABLE ACCESS BY INDEX ROWID                                 | FND_LOOKUP_VALUE              |     1 |    45 |     1   (0)| 00:00:01 |
| 335 |                   INDEX UNIQUE SCAN                                          | LOOKUP_VALUE_PK               |     1 |       |     0   (0)|          |
| 336 |                 TABLE ACCESS BY INDEX ROWID                                  | FND_LOOKUP_VALUE              |     1 |    45 |     0   (0)|          |
| 337 |                  INDEX UNIQUE SCAN                                           | LOOKUP_VALUE_PK               |     1 |       |     0   (0)|          |
| 338 |                TABLE ACCESS BY INDEX ROWID                                   | ACCT_ACCOUNT                  |     1 |    53 |     0   (0)|          |
| 339 |                 INDEX UNIQUE SCAN                                            | ACCOUNT_PK                    |     1 |       |     0   (0)|          |
| 340 |               TABLE ACCESS BY INDEX ROWID                                    | PAY_BENE_INSTRUCTION          |     1 |    80 |     1   (0)| 00:00:01 |
| 341 |                INDEX UNIQUE SCAN                                             | BENE_INSTRUCTION_PK           |     1 |       |     0   (0)|          |
| 342 |              TABLE ACCESS BY INDEX ROWID                                     | ACCT_PRODUCT                  |     1 |    83 |     1   (0)| 00:00:01 |
| 343 |               INDEX UNIQUE SCAN                                              | PRODUCT_PK                    |     1 |       |     0   (0)|          |
| 344 |             TABLE ACCESS BY INDEX ROWID                                      | FND_CURRENCY                  |     1 |    55 |     1   (0)| 00:00:01 |
| 345 |              INDEX UNIQUE SCAN                                               | CURRENCY_PK                   |     1 |       |     0   (0)|          |
| 346 |            TABLE ACCESS BY INDEX ROWID                                       | INF_TENANT_SERVICE            |     1 |    41 |     1   (0)| 00:00:01 |
| 347 |             INDEX UNIQUE SCAN                                                | TENANT_SERVICE_PK             |     1 |       |     0   (0)|          |
| 348 |           TABLE ACCESS BY INDEX ROWID                                        | FND_LOOKUP_VALUE              |     1 |    45 |     1   (0)| 00:00:01 |
| 349 |            INDEX UNIQUE SCAN                                                 | LOOKUP_VALUE_PK               |     1 |       |     0   (0)|          |
| 350 |          TABLE ACCESS BY INDEX ROWID                                         | ACCT_ACCOUNT                  |     1 |    53 |     1   (0)| 00:00:01 |
| 351 |           INDEX UNIQUE SCAN                                                  | ACCOUNT_PK                    |     1 |       |     0   (0)|          |
| 352 |         TABLE ACCESS BY INDEX ROWID                                          | PAY_BENE                      |     1 |    60 |     1   (0)| 00:00:01 |
| 353 |          INDEX UNIQUE SCAN                                                   | BENE_PK                       |     1 |       |     0   (0)|          |
| 354 |        TABLE ACCESS BY INDEX ROWID                                           | PAY_PAYEE_BANK_BRANCH         |     1 |    30 |     2   (0)| 00:00:01 |
| 355 |         INDEX UNIQUE SCAN                                                    | PAY_PAYEE_BANK_BRANCH_PK      |     1 |       |     1   (0)| 00:00:01 |
| 356 |       TABLE ACCESS BY INDEX ROWID                                            | PAY_PAYEE_BANK_BRANCH         |     1 |    30 |     2   (0)| 00:00:01 |
| 357 |        INDEX UNIQUE SCAN                                                     | PAY_PAYEE_BANK_BRANCH_PK      |     1 |       |     1   (0)| 00:00:01 |
| 358 |      TABLE ACCESS BY INDEX ROWID                                             | PAY_FOREIGN_BANK_BRANCH       |     1 |  2362 |     0   (0)|          |
| 359 |       INDEX UNIQUE SCAN                                                      | FOREIGN_BANK_BRANCH_PK        |     1 |       |     0   (0)|          |
| 360 |     TABLE ACCESS BY INDEX ROWID                                              | FND_TENANT_BRANCH             |     1 |    76 |     1   (0)| 00:00:01 |
| 361 |      INDEX UNIQUE SCAN                                                       | TENANT_BRANCH_PK              |     1 |       |     0   (0)|          |
| 362 |    TABLE ACCESS BY INDEX ROWID                                               | PAY_DOMESTIC_BANK_BRANCH      |     1 |   144 |     1   (0)| 00:00:01 |
| 363 |     INDEX UNIQUE SCAN                                                        | DOMESTIC_BANK_BRANCH_PK       |     1 |       |     0   (0)|          |
--------------------------------------------------------------------------------------------------------------------------------------------------------------

SQL_ID d9drmngtc7txj
--------------------
/* load com.vayana.ib.bm.core.api.model.payment.LimitDefinitionDetail
*/ select limitdefin0_.id as id1_153_111_, limitdefin0_."VERSION" as
VERSION2_153_111_, limitdefin0_.AUTH_BY as AUTH43_153_111_,
limitdefin0_.AUTH_DATE as AUTH3_153_111_, limitdefin0_.CREATED_BY as
CREATED44_153_111_, limitdefin0_.CREATED_DATE as CREATED4_153_111_,
limitdefin0_.MODIFIED_BY as MODIFIE45_153_111_,
limitdefin0_.MODIFIED_DATE as MODIFIED5_153_111_,
limitdefin0_.CHANNEL_ID as CHANNEL46_153_111_, limitdefin0_.CODE as
CODE6_153_111_, limitdefin0_.COMPANY_ID as COMPANY47_153_111_,
limitdefin0_.CIF_ID as CIF48_153_111_, limitdefin0_.DESCRIPTION as
DESCRIPT7_153_111_, limitdefin0_.EFFECTIVE_FROM_DATE as
EFFECTIV8_153_111_, limitdefin0_.EFFECTIVE_TO_DATE as
EFFECTIV9_153_111_, limitdefin0_.GLO_DAILY_MAX_TRX_AMOUNT as
GLO10_153_111_, limitdefin0_.GLO_DAILY_MAX_TRX_ALLOWED as
GLO11_153_111_, limitdefin0_.GLO_FORTNIGHT_MAX_TRX_AMOUNT as
GLO12_153_111_, limitdefin0_.GLO_FORTNIGHT_MAX_TRX_ALLOWED as
GLO13_153_111_, limitdefin0_.GLO_HALFERLY_MAX_TRX_AMOUNT as
GLO14_153_111_, limitdefin0_.GLO_HALFERLY_MAX_TRX_ALLOWED as
GLO15_153_111_, limitdefin0_.GLO_MAX_TRX_AMOUNT as GLO16_153_111_,
limitdefin0_.GLO_MIN_TRX_AMOUNT as GLO17_153_111_,
limitdefin0_.GLO_MONTHLY_MAX_TRX_AMOUNT as GLO18_153_111_,
limitdefin0_.GLO_MONTHLY_MAX_TRX_ALLOWED as GLO19_153_111_,
limitdefin0_.GLO_QUATERLY_MAX_TRX_AMOUNT as GLO20_153_111_,
limitdefin0_.GLO_QUATERLY_MAX_TRX_ALLOWED as GLO21_153_111_,
limitdefin0_.GLO_WEEKLY_MAX_TRX_AMOUNT as GLO22_153_111_,
limitdefin0_.GLO_WEEKLY_MAX_TRX_ALLOWED as GLO23_153_111_,
limitdefin0_.GLO_YEARLY_MAX_TRX_AMOUNT as GLO24_153_111_,
limitdefin0_.GLO_YEARLY_MAX_TRX_ALLOWED as GLO25_153_111_,
limitdefin0_.GROUP_ID as GROUP49_153_111_,
limitdefin0_.LOGIN_PROFILE_ID as LOGIN50_153_111_,
limitdefin0_.DEFINITION_ID as DEFINIT51_153_111_,
limitdefin0_.LIMIT_DEFINITION_TYPE as LIMIT26_153_111_,
limitdefin0_.BENE_ID as BENE52_153_111_, limitdefin0_.BILLER_ID as
BILLER53_153_111_, limitdefin0_.PAYEE_INSTRUCTION_ID as
PAYEE54_153_111_, limitdefin0_.REG_DAILY_MAX_TRX_AMOUNT as
REG27_153_111_, limitdefin0_.REG_DAILY_MAX_TRX_ALLOWED as
REG28_153_111_, limitdefin0_.REG_FORTNIGHT_MAX_TRX_AMOUNT as
REG29_153_111_, limitdefin0_.REG_FORTNIGHT_MAX_TRX_ALLOWED as
REG30_153_111_, limitdefin0_.REG_HALFERLY_MAX_TRX_AMOUNT as
REG31_153_111_, limitdefin0_.REG_HALFERLY_MAX_TRX_ALLOWED as
REG32_153_111_, limitdefin0_.REG_MAX_TRX_AMOUNT as REG33_153_111_,
limitdefin0_.REG_MIN_TRX_AMOUNT as REG34_153_111_,
limitdefin0_.REG_MONTHLY_MAX_TRX_AMOUNT as REG35_153_111_,
limitdefin0_.REG_MONTHLY_MAX_TRX_ALLOWED as REG36_153_111_,
limitdefin0_.REG_QUATERLY_MAX_TRX_AMOUNT as REG37_153_111_,
limitdefin0_.REG_QUATERLY_MAX_TRX_ALLOWED as REG38_153_111_,
limitdefin0_.REG_WEEKLY_MAX_TRX_AMOUNT as REG39_153_111_,
limitdefin0_.REG_WEEKLY_MAX_TRX_ALLOWED as REG40_153_111_,
limitdefin0_.REG_YEARLY_MAX_TRX_AMOUNT as REG41_153_111_,
limitdefin0_.REG_YEARLY_MAX_TRX_ALLOWED as REG42_153_111_,
limitdefin0_.SEGMENT_ID as SEGMENT55_153_111_,
limitdefin0_.SPECIAL_CATEGORY_ID as SPECIAL56_153_111_,
limitdefin0_.STATUS_ID as STATUS57_153_111_, channel1_.id as id1_95_0_,
channel1_."VERSION" as VERSION2_95_0_, channel1_.AUTH_BY as
AUTH8_95_0_, channel1_.AUTH_DATE as AUTH3_95_0_, channel1_.CREATED_BY
as CREATED9_95_0_, channel1_.CREATED_DATE as CREATED4_95_0_,
channel1_.MODIFIED_BY as MODIFIE10_95_0_, channel1_.MODIFIED_DATE as
MODIFIED5_95_0_, channel1_.CODE as CODE6_95_0_, channel1_.DESCRIPTION
as DESCRIPT7_95_0_, company2_.id as id1_39_1_, company2_."VERSION" as
VERSION2_39_1_, company2_.AUTH_BY as AUTH8_39_1_, company2_.AUTH_DATE
as AUTH3_39_1_, company2_.CREATED_BY as CREATED9_39_1_,
company2_.CREATED_DATE as CREATED4_39_1_, company2_.MODIFIED_BY as
MODIFIE10_39_1_, company2_.MODIFIED_DATE as MODIFIED5_39_1_,
company2_.AUTH_MATRIX_ID as AUTH11_39_1_, company2_.CHANNEL_ID as
CHANNEL12_39_1_, company2_.CODE as CODE6_39_1_, company2_.CONTACT_ID as
CONTACT13_39_1_, company2_.COUNTRY_ID as COUNTRY14_39_1_, co

Plan hash value: 392087281

--------------------------------------------------------------------------------------------------------------------------------------------------------------
| Id  | Operation                                                                    | Name                          | Rows  | Bytes | Cost (%CPU)| Time     |
--------------------------------------------------------------------------------------------------------------------------------------------------------------
|   0 | SELECT STATEMENT                                                             |                               |       |       |   367 (100)|          |
|   1 |  SORT ORDER BY                                                               |                               |     1 | 24279 |   367   (2)| 00:00:05 |
|   2 |   NESTED LOOPS OUTER                                                         |                               |     1 | 24279 |   366   (1)| 00:00:05 |
|   3 |    NESTED LOOPS OUTER                                                        |                               |     1 | 24134 |   365   (1)| 00:00:05 |
|   4 |     NESTED LOOPS OUTER                                                       |                               |     1 | 24058 |   364   (1)| 00:00:05 |
|   5 |      NESTED LOOPS OUTER                                                      |                               |     1 | 21696 |   364   (1)| 00:00:05 |
|   6 |       NESTED LOOPS OUTER                                                     |                               |     1 | 21666 |   362   (1)| 00:00:05 |
|   7 |        NESTED LOOPS OUTER                                                    |                               |     1 | 21636 |   360   (1)| 00:00:05 |
|   8 |         NESTED LOOPS OUTER                                                   |                               |     1 | 21576 |   359   (1)| 00:00:05 |
|   9 |          NESTED LOOPS OUTER                                                  |                               |     1 | 21523 |   358   (1)| 00:00:05 |
|  10 |           NESTED LOOPS OUTER                                                 |                               |     1 | 21478 |   357   (1)| 00:00:05 |
|  11 |            NESTED LOOPS OUTER                                                |                               |     1 | 21437 |   356   (1)| 00:00:05 |
|  12 |             NESTED LOOPS OUTER                                               |                               |     1 | 21382 |   355   (1)| 00:00:05 |
|  13 |              NESTED LOOPS OUTER                                              |                               |     1 | 21299 |   354   (1)| 00:00:05 |
|  14 |               NESTED LOOPS OUTER                                             |                               |     1 | 21219 |   353   (1)| 00:00:05 |
|  15 |                NESTED LOOPS OUTER                                            |                               |     1 | 21166 |   353   (1)| 00:00:05 |
|  16 |                 NESTED LOOPS OUTER                                           |                               |     1 | 21121 |   353   (1)| 00:00:05 |
|  17 |                  NESTED LOOPS OUTER                                          |                               |     1 | 21076 |   352   (1)| 00:00:05 |
|  18 |                   NESTED LOOPS OUTER                                         |                               |     1 | 21031 |   352   (1)| 00:00:05 |
|  19 |                    NESTED LOOPS OUTER                                        |                               |     1 | 20986 |   352   (1)| 00:00:05 |
|  20 |                     NESTED LOOPS OUTER                                       |                               |     1 | 20945 |   352   (1)| 00:00:05 |
|  21 |                      NESTED LOOPS OUTER                                      |                               |     1 | 20890 |   352   (1)| 00:00:05 |
|  22 |                       NESTED LOOPS OUTER                                     |                               |     1 | 20843 |   352   (1)| 00:00:05 |
|  23 |                        HASH JOIN RIGHT OUTER                                 |                               |     1 | 18044 |   352   (1)| 00:00:05 |
|  24 |                         TABLE ACCESS FULL                                    | PAY_BILLER_DATA               |     1 |   339 |     2   (0)| 00:00:01 |
|  25 |                         NESTED LOOPS OUTER                                   |                               |     1 | 17705 |   350   (1)| 00:00:05 |
|  26 |                          NESTED LOOPS OUTER                                  |                               |     1 | 17268 |   350   (1)| 00:00:05 |
|  27 |                           NESTED LOOPS OUTER                                 |                               |     1 | 17081 |   350   (1)| 00:00:05 |
|  28 |                            NESTED LOOPS OUTER                                |                               |     1 | 16511 |   350   (1)| 00:00:05 |
|  29 |                             NESTED LOOPS OUTER                               |                               |     1 | 16341 |   350   (1)| 00:00:05 |
|  30 |                              NESTED LOOPS OUTER                              |                               |     1 | 16154 |   350   (1)| 00:00:05 |
|  31 |                               NESTED LOOPS OUTER                             |                               |     1 | 15584 |   350   (1)| 00:00:05 |
|  32 |                                NESTED LOOPS OUTER                            |                               |     1 | 15336 |   350   (1)| 00:00:05 |
|  33 |                                 NESTED LOOPS OUTER                           |                               |     1 | 14218 |   350   (1)| 00:00:05 |
|  34 |                                  NESTED LOOPS OUTER                          |                               |     1 | 14188 |   349   (1)| 00:00:05 |
|  35 |                                   NESTED LOOPS OUTER                         |                               |     1 | 14100 |   348   (1)| 00:00:05 |
|  36 |                                    NESTED LOOPS OUTER                        |                               |     1 | 14012 |   347   (1)| 00:00:05 |
|  37 |                                     NESTED LOOPS OUTER                       |                               |     1 | 13968 |   346   (1)| 00:00:05 |
|  38 |                                      NESTED LOOPS OUTER                      |                               |     1 | 13880 |   345   (1)| 00:00:05 |
|  39 |                                       NESTED LOOPS OUTER                     |                               |     1 | 13804 |   344   (1)| 00:00:05 |
|  40 |                                        NESTED LOOPS OUTER                    |                               |     1 | 13759 |   343   (1)| 00:00:05 |
|  41 |                                         NESTED LOOPS OUTER                   |                               |     1 | 13714 |   342   (1)| 00:00:05 |
|  42 |                                          NESTED LOOPS OUTER                  |                               |     1 | 13669 |   341   (1)| 00:00:05 |
|  43 |                                           NESTED LOOPS OUTER                 |                               |     1 | 13624 |   340   (1)| 00:00:05 |
|  44 |                                            NESTED LOOPS OUTER                |                               |     1 | 13577 |   340   (1)| 00:00:05 |
|  45 |                                             NESTED LOOPS OUTER               |                               |     1 | 13162 |   340   (1)| 00:00:05 |
|  46 |                                              NESTED LOOPS OUTER              |                               |     1 | 13115 |   340   (1)| 00:00:05 |
|  47 |                                               HASH JOIN RIGHT OUTER          |                               |     1 | 13066 |   340   (1)| 00:00:05 |
|  48 |                                                TABLE ACCESS FULL             | FND_TENANT_APPLICATION_LOCALE |     1 |    30 |     3   (0)| 00:00:01 |
|  49 |                                                HASH JOIN RIGHT OUTER         |                               |     1 | 13036 |   337   (1)| 00:00:05 |
|  50 |                                                 TABLE ACCESS FULL            | FND_TENANT_OPERATING_COUNTRY  |     1 |    28 |     3   (0)| 00:00:01 |
|  51 |                                                 NESTED LOOPS OUTER           |                               |     1 | 13008 |   334   (1)| 00:00:05 |
|  52 |                                                  NESTED LOOPS OUTER          |                               |     1 | 12980 |   333   (1)| 00:00:04 |
|  53 |                                                   NESTED LOOPS OUTER         |                               |     1 | 12941 |   332   (1)| 00:00:04 |
|  54 |                                                    NESTED LOOPS OUTER        |                               |     1 | 12916 |   331   (1)| 00:00:04 |
|  55 |                                                     NESTED LOOPS OUTER       |                               |     1 | 12853 |   330   (1)| 00:00:04 |
|  56 |                                                      HASH JOIN OUTER         |                               |     1 | 12847 |   330   (1)| 00:00:04 |
|  57 |                                                       NESTED LOOPS OUTER     |                               |     1 | 12822 |   306   (1)| 00:00:04 |
|  58 |                                                        NESTED LOOPS OUTER    |                               |     1 | 12777 |   305   (1)| 00:00:04 |
|  59 |                                                         NESTED LOOPS OUTER   |                               |     1 | 12732 |   305   (1)| 00:00:04 |
|  60 |                                                          NESTED LOOPS OUTER  |                               |     1 | 12687 |   305   (1)| 00:00:04 |
|  61 |                                                           NESTED LOOPS OUTER |                               |     1 | 12642 |   304   (1)| 00:00:04 |
|  62 | R                                                          NESTED LOOPS OUTE |                               |     1 | 12575 |   303   (1)| 00:00:04 |
|  63 | ER                                                          NESTED LOOPS OUT |                               |     1 | 12550 |   302   (1)| 00:00:04 |
|  64 | TER                                                          NESTED LOOPS OU |                               |     1 | 12424 |   302   (1)| 00:00:04 |
|  65 | UTER                                                          NESTED LOOPS O |                               |     1 | 12365 |   301   (1)| 00:00:04 |
|  66 | HT OUTER                                                       HASH JOIN RIG |                               |     1 | 12320 |   300   (1)| 00:00:04 |
|  67 |  FULL                                                           TABLE ACCESS | FND_DOCUMENT_DETAIL           |     1 |  2080 |     2   (0)| 00:00:01 |
|  68 |  OUTER                                                          NESTED LOOPS |                               |     1 | 10240 |   298   (1)| 00:00:04 |
|  69 | S OUTER                                                          NESTED LOOP |                               |     1 | 10148 |   298   (1)| 00:00:04 |
|  70 | PS OUTER                                                          NESTED LOO |                               |     1 | 10060 |   298   (1)| 00:00:04 |
|  71 | OPS OUTER                                                          NESTED LO |                               |     1 | 10015 |   297   (1)| 00:00:04 |
|  72 | OOPS OUTER                                                          NESTED L |                               |     1 |  9970 |   296   (1)| 00:00:04 |
|  73 | LOOPS OUTER                                                          NESTED  |                               |     1 |  9915 |   295   (1)| 00:00:04 |
|  74 |  LOOPS OUTER                                                          NESTED |                               |     1 |  9870 |   294   (1)| 00:00:04 |
|  75 | D LOOPS OUTER                                                          NESTE |                               |     1 |  9815 |   293   (1)| 00:00:04 |
|  76 | ED LOOPS OUTER                                                          NEST |                               |     1 |  9771 |   292   (1)| 00:00:04 |

PLAN_TABLE_OUTPUT
------------------------------------------------------------------------------------------------------------------------------------------------------------------------------------------------------------------------------------------------------------------------------------------------------------
|  77 | TED LOOPS OUTER                                                          NES |                               |     1 |  9688 |   291   (1)| 00:00:04 |
|  78 | SH JOIN OUTER                                                             HA |                               |     1 |  9635 |   290   (1)| 00:00:04 |
|  79 | ESTED LOOPS OUTER                                                          N |                               |     1 |  9623 |   265   (0)| 00:00:04 |
|  80 |.NESTED LOOPS OUTER                                                           |                               |     1 |  9497 |   264   (0)| 00:00:04 |
|  81 |. NESTED LOOPS OUTER                                                          |                               |     1 |  9452 |   263   (0)| 00:00:04 |
|  82 |.  NESTED LOOPS OUTER                                                         |                               |     1 |  9407 |   262   (0)| 00:00:04 |
|  83 |.   NESTED LOOPS OUTER                                                        |                               |     1 |  9362 |   261   (0)| 00:00:04 |
|  84 |.    NESTED LOOPS OUTER                                                       |                               |     1 |  9300 |   260   (0)| 00:00:04 |
|  85 |.     NESTED LOOPS OUTER                                                      |                               |     1 |  9272 |   259   (0)| 00:00:04 |
|  86 |.      NESTED LOOPS OUTER                                                     |                               |     1 |  9146 |   258   (0)| 00:00:04 |
|  87 |.       NESTED LOOPS OUTER                                                    |                               |     1 |  9121 |   257   (0)| 00:00:04 |
|  88 |.        NESTED LOOPS OUTER                                                   |                               |     1 |  9096 |   256   (0)| 00:00:04 |
|  89 |.         NESTED LOOPS                                                        |                               |     1 |  9033 |   256   (0)| 00:00:04 |
|  90 |.          NESTED LOOPS OUTER                                                 |                               |     1 |  8988 |   255   (0)| 00:00:04 |
|  91 |.           NESTED LOOPS OUTER                                                |                               |     1 |  8943 |   255   (0)| 00:00:04 |
|  92 |.            NESTED LOOPS OUTER                                               |                               |     1 |  8898 |   254   (0)| 00:00:04 |
|  93 |.             NESTED LOOPS OUTER                                              |                               |     1 |  8853 |   254   (0)| 00:00:04 |
|  94 |.              NESTED LOOPS OUTER                                             |                               |     1 |  8808 |   253   (0)| 00:00:04 |
|  95 |.               NESTED LOOPS OUTER                                            |                               |     1 |  8763 |   252   (0)| 00:00:04 |
|  96 |.                NESTED LOOPS OUTER                                           |                               |     1 |  8718 |   251   (0)| 00:00:04 |
|  97 |.                 NESTED LOOPS OUTER                                          |                               |     1 |  8673 |   250   (0)| 00:00:03 |
|  98 |.                  NESTED LOOPS OUTER                                         |                               |     1 |  8628 |   249   (0)| 00:00:03 |
|  99 |.                   NESTED LOOPS OUTER                                        |                               |     1 |  8600 |   248   (0)| 00:00:03 |
| 100 |.                    NESTED LOOPS OUTER                                       |                               |     1 |  8538 |   247   (0)| 00:00:03 |
| 101 |.                     NESTED LOOPS OUTER                                      |                               |     1 |  8507 |   247   (0)| 00:00:03 |
| 102 |.                      NESTED LOOPS OUTER                                     |                               |     1 |  8450 |   247   (0)| 00:00:03 |
| 103 |.                       NESTED LOOPS OUTER                                    |                               |     1 |  8405 |   246   (0)| 00:00:03 |
| 104 |.                        NESTED LOOPS OUTER                                   |                               |     1 |  8360 |   245   (0)| 00:00:03 |
| 105 |.                         NESTED LOOPS OUTER                                  |                               |     1 |  8315 |   245   (0)| 00:00:03 |
| 106 |.                          NESTED LOOPS OUTER                                 |                               |     1 |  8235 |   244   (0)| 00:00:03 |
| 107 |.                           NESTED LOOPS OUTER                                |                               |     1 |  8155 |   243   (0)| 00:00:03 |
| 108 |.                            NESTED LOOPS OUTER                               |                               |     1 |  8114 |   242   (0)| 00:00:03 |
| 109 |.                             NESTED LOOPS OUTER                              |                               |     1 |  8073 |   241   (0)| 00:00:03 |
| 110 |.                              NESTED LOOPS OUTER                             |                               |     1 |  8038 |   240   (0)| 00:00:03 |
| 111 |.                               NESTED LOOPS OUTER                            |                               |     1 |  8007 |   239   (0)| 00:00:03 |
| 112 |.                                NESTED LOOPS OUTER                           |                               |     1 |  7979 |   238   (0)| 00:00:03 |
| 113 |.                                 NESTED LOOPS OUTER                          |                               |     1 |  7938 |   237   (0)| 00:00:03 |
| 114 |.                                  NESTED LOOPS OUTER                         |                               |     1 |  7883 |   236   (0)| 00:00:03 |
| 115 |.                                   NESTED LOOPS OUTER                        |                               |     1 |  7855 |   235   (0)| 00:00:03 |
| 116 |.                                    NESTED LOOPS OUTER                       |                               |     1 |  7733 |   234   (0)| 00:00:03 |
| 117 |.                                     NESTED LOOPS OUTER                      |                               |     1 |  7611 |   233   (0)| 00:00:03 |
| 118 |.                                      NESTED LOOPS OUTER                     |                               |     1 |  7562 |   233   (0)| 00:00:03 |
| 119 |.                                       NESTED LOOPS OUTER                    |                               |     1 |  7523 |   233   (0)| 00:00:03 |
| 120 |.                                        NESTED LOOPS OUTER                   |                               |     1 |  7492 |   233   (0)| 00:00:03 |
| 121 |.                                         NESTED LOOPS OUTER                  |                               |     1 |  7458 |   233   (0)| 00:00:03 |
| 122 |.                                          MERGE JOIN OUTER                   |                               |     1 |  7043 |   233   (0)| 00:00:03 |
| 123 |.                                           NESTED LOOPS OUTER                |                               |     1 |  6983 |   232   (0)| 00:00:03 |
| 124 |.                                            HASH JOIN OUTER                  |                               |     1 |  6949 |   232   (0)| 00:00:03 |
| 125 |.                                             HASH JOIN OUTER                 |                               |     1 |  4150 |   230   (0)| 00:00:03 |
| 126 |.                                              HASH JOIN OUTER                |                               |     1 |  3775 |   228   (0)| 00:00:03 |
| 127 |.                                               NESTED LOOPS OUTER            |                               |     1 |   976 |   226   (0)| 00:00:03 |
| 128 |.                                                NESTED LOOPS OUTER           |                               |     1 |   539 |   226   (0)| 00:00:03 |
| 129 |.                                                 TABLE ACCESS BY INDEX ROWID | LIMIT_DEFINITION_DETAIL       |     1 |   124 |   226   (0)| 00:00:03 |
| 130 |.                                                  INDEX SKIP SCAN            | DEFINITION_DETAILS_UK         |     1 |       |   225   (0)| 00:00:03 |
| 131 |.                                                 TABLE ACCESS BY INDEX ROWID | FND_COMPANY                   |     1 |   415 |     0   (0)|          |
| 132 |.                                                  INDEX UNIQUE SCAN          | COMPANY_PK                    |     1 |       |     0   (0)|          |
| 133 |.                                                TABLE ACCESS BY INDEX ROWID  | PAY_BILLER                    |     1 |   437 |     0   (0)|          |
| 134 |.                                                 INDEX UNIQUE SCAN           | BILLER_PK                     |     1 |       |     0   (0)|          |
| 135 |.                                               TABLE ACCESS FULL             | PAY_BILLER_METADATA           |     1 |  2799 |     2   (0)| 00:00:01 |
| 136 |.                                              TABLE ACCESS FULL              | PAY_BILLER_SERVICE            |     1 |   375 |     2   (0)| 00:00:01 |
| 137 |.                                             TABLE ACCESS FULL               | PAY_BILLER_METADATA           |     1 |  2799 |     2   (0)| 00:00:01 |
| 138 |.                                            TABLE ACCESS BY INDEX ROWID      | FND_GROUP                     |     1 |    34 |     0   (0)|          |
| 139 |.                                             INDEX UNIQUE SCAN               | GROUP_PK                      |     1 |       |     0   (0)|          |
| 140 |.                                           BUFFER SORT                       |                               |     1 |    60 |   233   (0)| 00:00:03 |
| 141 |.                                            TABLE ACCESS BY INDEX ROWID      | PAY_BENE                      |     1 |    60 |     1   (0)| 00:00:01 |
| 142 |.                                             INDEX UNIQUE SCAN               | BENE_PK                       |     1 |       |     0   (0)|          |
| 143 |.                                          TABLE ACCESS BY INDEX ROWID        | FND_COMPANY                   |     1 |   415 |     0   (0)|          |
| 144 |.                                           INDEX UNIQUE SCAN                 | COMPANY_PK                    |     1 |       |     0   (0)|          |
| 145 |.                                         TABLE ACCESS BY INDEX ROWID         | FND_GROUP                     |     1 |    34 |     0   (0)|          |
| 146 |.                                          INDEX UNIQUE SCAN                  | GROUP_PK                      |     1 |       |     0   (0)|          |
| 147 |.                                        TABLE ACCESS BY INDEX ROWID          | INF_CHANNEL                   |     1 |    31 |     0   (0)|          |
| 148 |.                                         INDEX UNIQUE SCAN                   | INF_CHANNEL_PK                |     1 |       |     0   (0)|          |
| 149 |.                                       TABLE ACCESS BY INDEX ROWID           | FND_SEGMENT                   |     1 |    39 |     0   (0)|          |
| 150 |.                                        INDEX UNIQUE SCAN                    | SEGMENT_PK                    |     1 |       |     0   (0)|          |
| 151 |.                                      TABLE ACCESS BY INDEX ROWID            | FND_SPECIAL_CATEGORY          |     1 |    49 |     0   (0)|          |
| 152 |.                                       INDEX UNIQUE SCAN                     | SPECIAL_CATEGORY_PK           |     1 |       |     0   (0)|          |
| 153 |.                                     TABLE ACCESS BY INDEX ROWID             | LIMIT_DEFINITION              |     1 |   122 |     1   (0)| 00:00:01 |
| 154 |.                                      INDEX UNIQUE SCAN                      | DEFINITION_PK                 |     1 |       |     0   (0)|          |
| 155 |.                                    TABLE ACCESS BY INDEX ROWID              | LIMIT_DEFINITION              |     1 |   122 |     1   (0)| 00:00:01 |
| 156 |.                                     INDEX UNIQUE SCAN                       | DEFINITION_PK                 |     1 |       |     0   (0)|          |
| 157 |.                                   TABLE ACCESS BY INDEX ROWID               | FND_TENANT_APPLICATION        |     1 |    28 |     1   (0)| 00:00:01 |
| 158 |.                                    INDEX UNIQUE SCAN                        | TENANT_APPLICATION_PK         |     1 |       |     0   (0)|          |
| 159 |.                                  TABLE ACCESS BY INDEX ROWID                | FND_CURRENCY                  |     1 |    55 |     1   (0)| 00:00:01 |
| 160 |.                                   INDEX UNIQUE SCAN                         | CURRENCY_PK                   |     1 |       |     0   (0)|          |
| 161 |.                                 TABLE ACCESS BY INDEX ROWID                 | INF_TENANT_SERVICE            |     1 |    41 |     1   (0)| 00:00:01 |
| 162 |.                                  INDEX UNIQUE SCAN                          | TENANT_SERVICE_PK             |     1 |       |     0   (0)|          |
| 163 |.                                TABLE ACCESS BY INDEX ROWID                  | FND_TENANT_APPLICATION        |     1 |    28 |     1   (0)| 00:00:01 |
| 164 |.                                 INDEX UNIQUE SCAN                           | TENANT_APPLICATION_PK         |     1 |       |     0   (0)|          |
| 165 |.                               TABLE ACCESS BY INDEX ROWID                   | INF_CHANNEL                   |     1 |    31 |     1   (0)| 00:00:01 |
| 166 |.                                INDEX UNIQUE SCAN                            | INF_CHANNEL_PK                |     1 |       |     0   (0)|          |
| 167 |.                              TABLE ACCESS BY INDEX ROWID                    | INF_SERVICE_APPLICATION       |     1 |    35 |     1   (0)| 00:00:01 |
| 168 |.                               INDEX UNIQUE SCAN                             | SERVICE_APPLICATION_PK        |     1 |       |     0   (0)|          |
| 169 |.                             TABLE ACCESS BY INDEX ROWID                     | INF_TENANT_SERVICE            |     1 |    41 |     1   (0)| 00:00:01 |
| 170 |.                              INDEX UNIQUE SCAN                              | TENANT_SERVICE_PK             |     1 |       |     0   (0)|          |
| 171 |.                            TABLE ACCESS BY INDEX ROWID                      | INF_TENANT_SERVICE            |     1 |    41 |     1   (0)| 00:00:01 |
| 172 |.                             INDEX UNIQUE SCAN                               | TENANT_SERVICE_PK             |     1 |       |     0   (0)|          |
| 173 |.                           TABLE ACCESS BY INDEX ROWID                       | INF_SERVICE                   |     1 |    80 |     1   (0)| 00:00:01 |
| 174 |.                            INDEX UNIQUE SCAN                                | SERVICE_PK                    |     1 |       |     0   (0)|          |
| 175 |.                          TABLE ACCESS BY INDEX ROWID                        | INF_SERVICE                   |     1 |    80 |     1   (0)| 00:00:01 |
| 176 |.                           INDEX UNIQUE SCAN                                 | SERVICE_PK                    |     1 |       |     0   (0)|          |
| 177 |.                         TABLE ACCESS BY INDEX ROWID                         | FND_COUNTRY                   |     1 |    45 |     0   (0)|          |
| 178 |.                          INDEX UNIQUE SCAN                                  | COUNTRY_PK                    |     1 |       |     0   (0)|          |
| 179 |.                        TABLE ACCESS BY INDEX ROWID                          | FND_COUNTRY                   |     1 |    45 |     1   (0)| 00:00:01 |
| 180 |.                         INDEX UNIQUE SCAN                                   | COUNTRY_PK                    |     1 |       |     0   (0)|          |
| 181 |.                       TABLE ACCESS BY INDEX ROWID                           | FND_COUNTRY                   |     1 |    45 |     1   (0)| 00:00:01 |
| 182 |.                        INDEX UNIQUE SCAN                                    | COUNTRY_PK                    |     1 |       |     0   (0)|          |
| 183 |.                      TABLE ACCESS BY INDEX ROWID                            | FND_TENANT_LOOKUP_VALUE       |     1 |    57 |     0   (0)|          |
| 184 |.                       INDEX UNIQUE SCAN                                     | TENANT_LOOKUP_VALUE_PK        |     1 |       |     0   (0)|          |
| 185 |.                     TABLE ACCESS BY INDEX ROWID                             | INF_CHANNEL                   |     1 |    31 |     0   (0)|          |
| 186 |.                      INDEX UNIQUE SCAN                                      | INF_CHANNEL_PK                |     1 |       |     0   (0)|          |
| 187 |.                    TABLE ACCESS BY INDEX ROWID                              | FND_TENANT_LOOKUP_TYPE        |     1 |    62 |     1   (0)| 00:00:01 |
| 188 |.                     INDEX UNIQUE SCAN                                       | TENANT_LOOKUP_TYPE_PK         |     1 |       |     0   (0)|          |
| 189 |.                   TABLE ACCESS BY INDEX ROWID                               | FND_TENANT_APPLICATION        |     1 |    28 |     1   (0)| 00:00:01 |
| 190 |.                    INDEX UNIQUE SCAN                                        | TENANT_APPLICATION_PK         |     1 |       |     0   (0)|          |
| 191 |.                  TABLE ACCESS BY INDEX ROWID                                | FND_COUNTRY                   |     1 |    45 |     1   (0)| 00:00:01 |
| 192 |.                   INDEX UNIQUE SCAN                                         | COUNTRY_PK                    |     1 |       |     0   (0)|          |
| 193 |.                 TABLE ACCESS BY INDEX ROWID                                 | FND_LOOKUP_VALUE              |     1 |    45 |     1   (0)| 00:00:01 |
| 194 |.                  INDEX UNIQUE SCAN                                          | LOOKUP_VALUE_PK               |     1 |       |     0   (0)|          |
| 195 |.                TABLE ACCESS BY INDEX ROWID                                  | FND_LOOKUP_VALUE              |     1 |    45 |     1   (0)| 00:00:01 |
| 196 |.                 INDEX UNIQUE SCAN                                           | LOOKUP_VALUE_PK               |     1 |       |     0   (0)|          |
| 197 |.               TABLE ACCESS BY INDEX ROWID                                   | FND_LOOKUP_VALUE              |     1 |    45 |     1   (0)| 00:00:01 |
| 198 |.                INDEX UNIQUE SCAN                                            | LOOKUP_VALUE_PK               |     1 |       |     0   (0)|          |
| 199 |.              TABLE ACCESS BY INDEX ROWID                                    | FND_LOOKUP_VALUE              |     1 |    45 |     1   (0)| 00:00:01 |
| 200 |.               INDEX UNIQUE SCAN                                             | LOOKUP_VALUE_PK               |     1 |       |     0   (0)|          |
| 201 |.             TABLE ACCESS BY INDEX ROWID                                     | FND_LOOKUP_VALUE              |     1 |    45 |     0   (0)|          |
| 202 |.              INDEX UNIQUE SCAN                                              | LOOKUP_VALUE_PK               |     1 |       |     0   (0)|          |
| 203 |.            TABLE ACCESS BY INDEX ROWID                                      | FND_LOOKUP_VALUE              |     1 |    45 |     1   (0)| 00:00:01 |
| 204 |.             INDEX UNIQUE SCAN                                               | LOOKUP_VALUE_PK               |     1 |       |     0   (0)|          |
| 205 |.           TABLE ACCESS BY INDEX ROWID                                       | FND_LOOKUP_VALUE              |     1 |    45 |     0   (0)|          |
| 206 |.            INDEX UNIQUE SCAN                                                | LOOKUP_VALUE_PK               |     1 |       |     0   (0)|          |
| 207 |.          TABLE ACCESS BY INDEX ROWID                                        | FND_LOOKUP_VALUE              |     1 |    45 |     1   (0)| 00:00:01 |
| 208 |.           INDEX UNIQUE SCAN                                                 | LOOKUP_VALUE_PK               |     1 |       |     0   (0)|          |
| 209 |.         TABLE ACCESS BY INDEX ROWID                                         | FND_CIF                       |     1 |    63 |     0   (0)|          |
| 210 |.          INDEX UNIQUE SCAN                                                  | CIF_PK                        |     1 |       |     0   (0)|          |
| 211 |.        TABLE ACCESS BY INDEX ROWID                                          | USER_LOGIN_PROFILE_EXTEND     |     1 |    25 |     1   (0)| 00:00:01 |
| 212 |.         INDEX UNIQUE SCAN                                                   | LOGIN_PROFILE_EXTEND_PK       |     1 |       |     0   (0)|          |
| 213 |.       TABLE ACCESS BY INDEX ROWID                                           | USER_LOGIN_PROFILE_EXTEND     |     1 |    25 |     1   (0)| 00:00:01 |
| 214 |.        INDEX UNIQUE SCAN                                                    | LOGIN_PROFILE_EXTEND_PK       |     1 |       |     0   (0)|          |
| 215 |.      TABLE ACCESS BY INDEX ROWID                                            | USER_LOGIN_PROFILE            |     1 |   126 |     1   (0)| 00:00:01 |
| 216 |.       INDEX UNIQUE SCAN                                                     | LOGIN_PROFILE_PK              |     1 |       |     0   (0)|          |
| 217 |.     TABLE ACCESS BY INDEX ROWID                                             | FND_TENANT_APPLICATION        |     1 |    28 |     1   (0)| 00:00:01 |
| 218 |.      INDEX UNIQUE SCAN                                                      | TENANT_APPLICATION_PK         |     1 |       |     0   (0)|          |
| 219 |.    TABLE ACCESS BY INDEX ROWID                                              | FND_TENANT                    |     1 |    62 |     1   (0)| 00:00:01 |
| 220 |.     INDEX UNIQUE SCAN                                                       | TENANT_PK                     |     1 |       |     0   (0)|          |
| 221 |.   TABLE ACCESS BY INDEX ROWID                                               | FND_COUNTRY                   |     1 |    45 |     1   (0)| 00:00:01 |
| 222 |.    INDEX UNIQUE SCAN                                                        | COUNTRY_PK                    |     1 |       |     0   (0)|          |
| 223 |.  TABLE ACCESS BY INDEX ROWID                                                | FND_LOOKUP_VALUE              |     1 |    45 |     1   (0)| 00:00:01 |
| 224 |.   INDEX UNIQUE SCAN                                                         | LOOKUP_VALUE_PK               |     1 |       |     0   (0)|          |
| 225 |. TABLE ACCESS BY INDEX ROWID                                                 | FND_LOOKUP_VALUE              |     1 |    45 |     1   (0)| 00:00:01 |
| 226 |.  INDEX UNIQUE SCAN                                                          | LOOKUP_VALUE_PK               |     1 |       |     0   (0)|          |
| 227 |.TABLE ACCESS BY INDEX ROWID                                                  | USER_LOGIN_PROFILE            |     1 |   126 |     1   (0)| 00:00:01 |
| 228 |. INDEX UNIQUE SCAN                                                           | LOGIN_PROFILE_PK              |     1 |       |     0   (0)|          |
| 229 | ABLE ACCESS FULL                                                           T | FND_CIF_ACCOUNT               | 33093 |   387K|    24   (5)| 00:00:01 |
| 230 | BLE ACCESS BY INDEX ROWID                                                 TA | ACCT_ACCOUNT                  |     1 |    53 |     1   (0)| 00:00:01 |
| 231 | NDEX UNIQUE SCAN                                                           I | ACCOUNT_PK                    |     1 |       |     0   (0)|          |
| 232 | LE ACCESS BY INDEX ROWID                                                 TAB | ACCT_PRODUCT                  |     1 |    83 |     1   (0)| 00:00:01 |
| 233 | DEX UNIQUE SCAN                                                           IN | PRODUCT_PK                    |     1 |       |     0   (0)|          |
| 234 | E ACCESS BY INDEX ROWID                                                 TABL | ACCT_PRODUCT_TYPE             |     1 |    44 |     1   (0)| 00:00:01 |
| 235 | EX UNIQUE SCAN                                                           IND | PRODUCT_TYPE_PK               |     1 |       |     0   (0)|          |
| 236 |  ACCESS BY INDEX ROWID                                                 TABLE | FND_CURRENCY                  |     1 |    55 |     1   (0)| 00:00:01 |
| 237 | X UNIQUE SCAN                                                           INDE | CURRENCY_PK                   |     1 |       |     0   (0)|          |
| 238 | ACCESS BY INDEX ROWID                                                 TABLE  | FND_LOOKUP_VALUE              |     1 |    45 |     1   (0)| 00:00:01 |
| 239 |  UNIQUE SCAN                                                           INDEX | LOOKUP_VALUE_PK               |     1 |       |     0   (0)|          |
| 240 | CCESS BY INDEX ROWID                                                 TABLE A | FND_LOOKUP_TYPE               |     1 |    55 |     1   (0)| 00:00:01 |
| 241 | UNIQUE SCAN                                                           INDEX  | LOOKUP_TYPE_PK                |     1 |       |     0   (0)|          |
| 242 | CESS BY INDEX ROWID                                                 TABLE AC | FND_COUNTRY                   |     1 |    45 |     1   (0)| 00:00:01 |
| 243 | NIQUE SCAN                                                           INDEX U | COUNTRY_PK                    |     1 |       |     0   (0)|          |
| 244 | ESS BY INDEX ROWID                                                 TABLE ACC | FND_LOOKUP_VALUE              |     1 |    45 |     1   (0)| 00:00:01 |
| 245 | IQUE SCAN                                                           INDEX UN | LOOKUP_VALUE_PK               |     1 |       |     0   (0)|          |
| 246 | SS BY INDEX ROWID                                                 TABLE ACCE | FND_CONTACT                   |     1 |    88 |     0   (0)|          |
| 247 | QUE SCAN                                                           INDEX UNI | CONTACT_PK                    |     1 |       |     0   (0)|          |
| 248 | S BY INDEX ROWID                                                 TABLE ACCES | FND_DOCUMENT                  |     1 |    92 |     0   (0)|          |
| 249 | UE SCAN                                                           INDEX UNIQ | DOCUMENT_PK                   |     1 |       |     0   (0)|          |
| 250 | BY INDEX ROWID                                                 TABLE ACCESS  | FND_COUNTRY                   |     1 |    45 |     1   (0)| 00:00:01 |
| 251 |  SCAN                                                           INDEX UNIQUE | COUNTRY_PK                    |     1 |       |     0   (0)|          |
| 252 | Y INDEX ROWID                                                 TABLE ACCESS B | FND_CITY                      |     1 |    59 |     1   (0)| 00:00:01 |
| 253 | SCAN                                                           INDEX UNIQUE  | CITY_PK                       |     1 |       |     0   (0)|          |
| 254 |  INDEX ROWID                                                 TABLE ACCESS BY | USER_LOGIN_PROFILE            |     1 |   126 |     0   (0)|          |
| 255 | CAN                                                           INDEX UNIQUE S | LOGIN_PROFILE_PK              |     1 |       |     0   (0)|          |
| 256 | INDEX ROWID                                                 TABLE ACCESS BY  | USER_CONTACT_DETAIL           |     1 |    25 |     1   (0)| 00:00:01 |
| 257 | AN                                                           INDEX UNIQUE SC | CONTACT_DETAIL_PK             |     1 |       |     0   (0)|          |
| 258 | NDEX ROWID                                                 TABLE ACCESS BY I | USER_PROFILE                  |     1 |    67 |     1   (0)| 00:00:01 |
| 259 | N                                                           INDEX UNIQUE SCA | PROFILE_PK                    |     1 |       |     0   (0)|          |
| 260 | DEX ROWID                                                 TABLE ACCESS BY IN | FND_LOOKUP_VALUE              |     1 |    45 |     1   (0)| 00:00:01 |
| 261 |                                                            INDEX UNIQUE SCAN | LOOKUP_VALUE_PK               |     1 |       |     0   (0)|          |
| 262 | EX ROWID                                                 TABLE ACCESS BY IND | FND_LOOKUP_VALUE              |     1 |    45 |     0   (0)|          |
| 263 |                                                           INDEX UNIQUE SCAN  | LOOKUP_VALUE_PK               |     1 |       |     0   (0)|          |
| 264 | X ROWID                                                 TABLE ACCESS BY INDE | FND_LOOKUP_VALUE              |     1 |    45 |     0   (0)|          |
| 265 |                                                          INDEX UNIQUE SCAN   | LOOKUP_VALUE_PK               |     1 |       |     0   (0)|          |
| 266 |  ROWID                                                 TABLE ACCESS BY INDEX | FND_LOOKUP_VALUE              |     1 |    45 |     1   (0)| 00:00:01 |
| 267 |                                                         INDEX UNIQUE SCAN    | LOOKUP_VALUE_PK               |     1 |       |     0   (0)|          |
| 268 |                                                       TABLE ACCESS FULL      | USER_CIF                      | 18368 |   448K|    24   (5)| 00:00:01 |
| 269 |                                                      INDEX UNIQUE SCAN       | PROFILE_EXTEND_PK             |     1 |     6 |     0   (0)|          |
| 270 | WID                                                 TABLE ACCESS BY INDEX RO | FND_CIF                       |     1 |    63 |     1   (0)| 00:00:01 |
| 271 |                                                      INDEX UNIQUE SCAN       | CIF_PK                        |     1 |       |     0   (0)|          |
| 272 | ID                                                 TABLE ACCESS BY INDEX ROW | USER_LOGIN_PROFILE_EXTEND     |     1 |    25 |     1   (0)| 00:00:01 |
| 273 |                                                     INDEX UNIQUE SCAN        | LOGIN_PROFILE_EXTEND_PK       |     1 |       |     0   (0)|          |

PLAN_TABLE_OUTPUT
------------------------------------------------------------------------------------------------------------------------------------------------------------------------------------------------------------------------------------------------------------------------------------------------------------
| 274 | D                                                 TABLE ACCESS BY INDEX ROWI | FND_SEGMENT                   |     1 |    39 |     1   (0)| 00:00:01 |
| 275 |                                                    INDEX UNIQUE SCAN         | SEGMENT_PK                    |     1 |       |     0   (0)|          |
| 276 |                                                  TABLE ACCESS BY INDEX ROWID | FND_TENANT_APPLICATION        |     1 |    28 |     1   (0)| 00:00:01 |
| 277 |                                                   INDEX UNIQUE SCAN          | TENANT_APPLICATION_PK         |     1 |       |     0   (0)|          |
| 278 |                                               TABLE ACCESS BY INDEX ROWID    | FND_SPECIAL_CATEGORY          |     1 |    49 |     0   (0)|          |
| 279 |                                                INDEX UNIQUE SCAN             | SPECIAL_CATEGORY_PK           |     1 |       |     0   (0)|          |
| 280 |                                              TABLE ACCESS BY INDEX ROWID     | FND_DEPARTMENT                |     1 |    47 |     0   (0)|          |
| 281 |                                               INDEX UNIQUE SCAN              | DEPARTMENT_PK                 |     1 |       |     0   (0)|          |
| 282 |                                             TABLE ACCESS BY INDEX ROWID      | FND_COMPANY                   |     1 |   415 |     0   (0)|          |
| 283 |                                              INDEX UNIQUE SCAN               | COMPANY_PK                    |     1 |       |     0   (0)|          |
| 284 |                                            TABLE ACCESS BY INDEX ROWID       | FND_DEPARTMENT                |     1 |    47 |     0   (0)|          |
| 285 |                                             INDEX UNIQUE SCAN                | DEPARTMENT_PK                 |     1 |       |     0   (0)|          |
| 286 |                                           TABLE ACCESS BY INDEX ROWID        | FND_COUNTRY                   |     1 |    45 |     1   (0)| 00:00:01 |
| 287 |                                            INDEX UNIQUE SCAN                 | COUNTRY_PK                    |     1 |       |     0   (0)|          |
| 288 |                                          TABLE ACCESS BY INDEX ROWID         | FND_LOOKUP_VALUE              |     1 |    45 |     1   (0)| 00:00:01 |
| 289 |                                           INDEX UNIQUE SCAN                  | LOOKUP_VALUE_PK               |     1 |       |     0   (0)|          |
| 290 |                                         TABLE ACCESS BY INDEX ROWID          | FND_LOOKUP_VALUE              |     1 |    45 |     1   (0)| 00:00:01 |
| 291 |                                          INDEX UNIQUE SCAN                   | LOOKUP_VALUE_PK               |     1 |       |     0   (0)|          |
| 292 |                                        TABLE ACCESS BY INDEX ROWID           | FND_LOOKUP_VALUE              |     1 |    45 |     1   (0)| 00:00:01 |
| 293 |                                         INDEX UNIQUE SCAN                    | LOOKUP_VALUE_PK               |     1 |       |     0   (0)|          |
| 294 |                                       TABLE ACCESS BY INDEX ROWID            | FND_TENANT_BRANCH             |     1 |    76 |     1   (0)| 00:00:01 |
| 295 |                                        INDEX UNIQUE SCAN                     | TENANT_BRANCH_PK              |     1 |       |     0   (0)|          |
| 296 |                                      TABLE ACCESS BY INDEX ROWID             | FND_CONTACT                   |     1 |    88 |     1   (0)| 00:00:01 |
| 297 |                                       INDEX UNIQUE SCAN                      | CONTACT_PK                    |     1 |       |     0   (0)|          |
| 298 |                                     TABLE ACCESS BY INDEX ROWID              | FND_STATE                     |     1 |    44 |     1   (0)| 00:00:01 |
| 299 |                                      INDEX UNIQUE SCAN                       | STATE_PK                      |     1 |       |     0   (0)|          |
| 300 |                                    TABLE ACCESS BY INDEX ROWID               | FND_CONTACT                   |     1 |    88 |     1   (0)| 00:00:01 |
| 301 |                                     INDEX UNIQUE SCAN                        | CONTACT_PK                    |     1 |       |     0   (0)|          |
| 302 |                                   TABLE ACCESS BY INDEX ROWID                | FND_CONTACT                   |     1 |    88 |     1   (0)| 00:00:01 |
| 303 |                                    INDEX UNIQUE SCAN                         | CONTACT_PK                    |     1 |       |     0   (0)|          |
| 304 |                                  TABLE ACCESS BY INDEX ROWID                 | PAY_PAYEE_INSTRUCTION         |     1 |    30 |     1   (0)| 00:00:01 |
| 305 |                                   INDEX UNIQUE SCAN                          | PAY_PAYEE_INSTRUCTION_PK      |     1 |       |     0   (0)|          |
| 306 |                                 TABLE ACCESS BY INDEX ROWID                  | PAY_PG_INSTRUCTION            |     1 |  1118 |     0   (0)|          |
| 307 |                                  INDEX UNIQUE SCAN                           | PAY_PG_INSTRUCTION_PK         |     1 |       |     0   (0)|          |
| 308 |                                TABLE ACCESS BY INDEX ROWID                   | PAY_BILLER_INSTRUCTION        |     1 |   248 |     0   (0)|          |
| 309 |                                 INDEX UNIQUE SCAN                            | BILLER_INSTRUCTION_PK         |     1 |       |     0   (0)|          |
| 310 |                               TABLE ACCESS BY INDEX ROWID                    | PG_AGGREGATOR_MASTER          |     1 |   570 |     0   (0)|          |
| 311 |                                INDEX UNIQUE SCAN                             | PG_AGGREGATOR_MASTER_PK       |     1 |       |     0   (0)|          |
| 312 |                              TABLE ACCESS BY INDEX ROWID                     | PG_MERCHANT_MASTER            |     1 |   187 |     0   (0)|          |
| 313 |                               INDEX UNIQUE SCAN                              | PG_MERCHANT_MASTER_PK         |     1 |       |     0   (0)|          |
| 314 |                             TABLE ACCESS BY INDEX ROWID                      | PG_MER_AGG_MAPPING_MASTER     |     1 |   170 |     0   (0)|          |
| 315 |                              INDEX UNIQUE SCAN                               | PG_MER_AGG_MAPPING_MASTER_PK  |     1 |       |     0   (0)|          |
| 316 |                            TABLE ACCESS BY INDEX ROWID                       | PG_AGGREGATOR_MASTER          |     1 |   570 |     0   (0)|          |
| 317 |                             INDEX UNIQUE SCAN                                | PG_AGGREGATOR_MASTER_PK       |     1 |       |     0   (0)|          |
| 318 |                           TABLE ACCESS BY INDEX ROWID                        | PG_MERCHANT_MASTER            |     1 |   187 |     0   (0)|          |
| 319 |                            INDEX UNIQUE SCAN                                 | PG_MERCHANT_MASTER_PK         |     1 |       |     0   (0)|          |
| 320 |                          TABLE ACCESS BY INDEX ROWID                         | PAY_BILLER                    |     1 |   437 |     0   (0)|          |
| 321 |                           INDEX UNIQUE SCAN                                  | BILLER_PK                     |     1 |       |     0   (0)|          |
| 322 |                        TABLE ACCESS BY INDEX ROWID                           | PAY_BILLER_METADATA           |     1 |  2799 |     0   (0)|          |
| 323 |                         INDEX UNIQUE SCAN                                    | BILLER_METADATA_PK            |     1 |       |     0   (0)|          |
| 324 |                       TABLE ACCESS BY INDEX ROWID                            | PG_BILLER_BUSINESS_SUB_CAT    |     1 |    47 |     0   (0)|          |
| 325 |                        INDEX UNIQUE SCAN                                     | PG_BILLER_BUSINESS_SUB_CAT_PK |     1 |       |     0   (0)|          |
| 326 |                      TABLE ACCESS BY INDEX ROWID                             | FND_CURRENCY                  |     1 |    55 |     0   (0)|          |
| 327 |                       INDEX UNIQUE SCAN                                      | CURRENCY_PK                   |     1 |       |     0   (0)|          |
| 328 |                     TABLE ACCESS BY INDEX ROWID                              | INF_TENANT_SERVICE            |     1 |    41 |     0   (0)|          |
| 329 |                      INDEX UNIQUE SCAN                                       | TENANT_SERVICE_PK             |     1 |       |     0   (0)|          |
| 330 |                    TABLE ACCESS BY INDEX ROWID                               | FND_LOOKUP_VALUE              |     1 |    45 |     0   (0)|          |
| 331 |                     INDEX UNIQUE SCAN                                        | LOOKUP_VALUE_PK               |     1 |       |     0   (0)|          |
| 332 |                   TABLE ACCESS BY INDEX ROWID                                | FND_LOOKUP_VALUE              |     1 |    45 |     0   (0)|          |
| 333 |                    INDEX UNIQUE SCAN                                         | LOOKUP_VALUE_PK               |     1 |       |     0   (0)|          |
| 334 |                  TABLE ACCESS BY INDEX ROWID                                 | FND_LOOKUP_VALUE              |     1 |    45 |     1   (0)| 00:00:01 |
| 335 |                   INDEX UNIQUE SCAN                                          | LOOKUP_VALUE_PK               |     1 |       |     0   (0)|          |
| 336 |                 TABLE ACCESS BY INDEX ROWID                                  | FND_LOOKUP_VALUE              |     1 |    45 |     0   (0)|          |
| 337 |                  INDEX UNIQUE SCAN                                           | LOOKUP_VALUE_PK               |     1 |       |     0   (0)|          |
| 338 |                TABLE ACCESS BY INDEX ROWID                                   | ACCT_ACCOUNT                  |     1 |    53 |     0   (0)|          |
| 339 |                 INDEX UNIQUE SCAN                                            | ACCOUNT_PK                    |     1 |       |     0   (0)|          |
| 340 |               TABLE ACCESS BY INDEX ROWID                                    | PAY_BENE_INSTRUCTION          |     1 |    80 |     1   (0)| 00:00:01 |
| 341 |                INDEX UNIQUE SCAN                                             | BENE_INSTRUCTION_PK           |     1 |       |     0   (0)|          |
| 342 |              TABLE ACCESS BY INDEX ROWID                                     | ACCT_PRODUCT                  |     1 |    83 |     1   (0)| 00:00:01 |
| 343 |               INDEX UNIQUE SCAN                                              | PRODUCT_PK                    |     1 |       |     0   (0)|          |
| 344 |             TABLE ACCESS BY INDEX ROWID                                      | FND_CURRENCY                  |     1 |    55 |     1   (0)| 00:00:01 |
| 345 |              INDEX UNIQUE SCAN                                               | CURRENCY_PK                   |     1 |       |     0   (0)|          |
| 346 |            TABLE ACCESS BY INDEX ROWID                                       | INF_TENANT_SERVICE            |     1 |    41 |     1   (0)| 00:00:01 |
| 347 |             INDEX UNIQUE SCAN                                                | TENANT_SERVICE_PK             |     1 |       |     0   (0)|          |
| 348 |           TABLE ACCESS BY INDEX ROWID                                        | FND_LOOKUP_VALUE              |     1 |    45 |     1   (0)| 00:00:01 |
| 349 |            INDEX UNIQUE SCAN                                                 | LOOKUP_VALUE_PK               |     1 |       |     0   (0)|          |
| 350 |          TABLE ACCESS BY INDEX ROWID                                         | ACCT_ACCOUNT                  |     1 |    53 |     1   (0)| 00:00:01 |
| 351 |           INDEX UNIQUE SCAN                                                  | ACCOUNT_PK                    |     1 |       |     0   (0)|          |
| 352 |         TABLE ACCESS BY INDEX ROWID                                          | PAY_BENE                      |     1 |    60 |     1   (0)| 00:00:01 |
| 353 |          INDEX UNIQUE SCAN                                                   | BENE_PK                       |     1 |       |     0   (0)|          |
| 354 |        TABLE ACCESS BY INDEX ROWID                                           | PAY_PAYEE_BANK_BRANCH         |     1 |    30 |     2   (0)| 00:00:01 |
| 355 |         INDEX UNIQUE SCAN                                                    | PAY_PAYEE_BANK_BRANCH_PK      |     1 |       |     1   (0)| 00:00:01 |
| 356 |       TABLE ACCESS BY INDEX ROWID                                            | PAY_PAYEE_BANK_BRANCH         |     1 |    30 |     2   (0)| 00:00:01 |
| 357 |        INDEX UNIQUE SCAN                                                     | PAY_PAYEE_BANK_BRANCH_PK      |     1 |       |     1   (0)| 00:00:01 |
| 358 |      TABLE ACCESS BY INDEX ROWID                                             | PAY_FOREIGN_BANK_BRANCH       |     1 |  2362 |     0   (0)|          |
| 359 |       INDEX UNIQUE SCAN                                                      | FOREIGN_BANK_BRANCH_PK        |     1 |       |     0   (0)|          |
| 360 |     TABLE ACCESS BY INDEX ROWID                                              | FND_TENANT_BRANCH             |     1 |    76 |     1   (0)| 00:00:01 |
| 361 |      INDEX UNIQUE SCAN                                                       | TENANT_BRANCH_PK              |     1 |       |     0   (0)|          |
| 362 |    TABLE ACCESS BY INDEX ROWID                                               | PAY_DOMESTIC_BANK_BRANCH      |     1 |   145 |     1   (0)| 00:00:01 |
| 363 |     INDEX UNIQUE SCAN                                                        | DOMESTIC_BANK_BRANCH_PK       |     1 |       |     0   (0)|          |
--------------------------------------------------------------------------------------------------------------------------------------------------------------

SQL_ID d9drmngtc7txj
--------------------
/* load com.vayana.ib.bm.core.api.model.payment.LimitDefinitionDetail
*/ select limitdefin0_.id as id1_153_111_, limitdefin0_."VERSION" as
VERSION2_153_111_, limitdefin0_.AUTH_BY as AUTH43_153_111_,
limitdefin0_.AUTH_DATE as AUTH3_153_111_, limitdefin0_.CREATED_BY as
CREATED44_153_111_, limitdefin0_.CREATED_DATE as CREATED4_153_111_,
limitdefin0_.MODIFIED_BY as MODIFIE45_153_111_,
limitdefin0_.MODIFIED_DATE as MODIFIED5_153_111_,
limitdefin0_.CHANNEL_ID as CHANNEL46_153_111_, limitdefin0_.CODE as
CODE6_153_111_, limitdefin0_.COMPANY_ID as COMPANY47_153_111_,
limitdefin0_.CIF_ID as CIF48_153_111_, limitdefin0_.DESCRIPTION as
DESCRIPT7_153_111_, limitdefin0_.EFFECTIVE_FROM_DATE as
EFFECTIV8_153_111_, limitdefin0_.EFFECTIVE_TO_DATE as
EFFECTIV9_153_111_, limitdefin0_.GLO_DAILY_MAX_TRX_AMOUNT as
GLO10_153_111_, limitdefin0_.GLO_DAILY_MAX_TRX_ALLOWED as
GLO11_153_111_, limitdefin0_.GLO_FORTNIGHT_MAX_TRX_AMOUNT as
GLO12_153_111_, limitdefin0_.GLO_FORTNIGHT_MAX_TRX_ALLOWED as
GLO13_153_111_, limitdefin0_.GLO_HALFERLY_MAX_TRX_AMOUNT as
GLO14_153_111_, limitdefin0_.GLO_HALFERLY_MAX_TRX_ALLOWED as
GLO15_153_111_, limitdefin0_.GLO_MAX_TRX_AMOUNT as GLO16_153_111_,
limitdefin0_.GLO_MIN_TRX_AMOUNT as GLO17_153_111_,
limitdefin0_.GLO_MONTHLY_MAX_TRX_AMOUNT as GLO18_153_111_,
limitdefin0_.GLO_MONTHLY_MAX_TRX_ALLOWED as GLO19_153_111_,
limitdefin0_.GLO_QUATERLY_MAX_TRX_AMOUNT as GLO20_153_111_,
limitdefin0_.GLO_QUATERLY_MAX_TRX_ALLOWED as GLO21_153_111_,
limitdefin0_.GLO_WEEKLY_MAX_TRX_AMOUNT as GLO22_153_111_,
limitdefin0_.GLO_WEEKLY_MAX_TRX_ALLOWED as GLO23_153_111_,
limitdefin0_.GLO_YEARLY_MAX_TRX_AMOUNT as GLO24_153_111_,
limitdefin0_.GLO_YEARLY_MAX_TRX_ALLOWED as GLO25_153_111_,
limitdefin0_.GROUP_ID as GROUP49_153_111_,
limitdefin0_.LOGIN_PROFILE_ID as LOGIN50_153_111_,
limitdefin0_.DEFINITION_ID as DEFINIT51_153_111_,
limitdefin0_.LIMIT_DEFINITION_TYPE as LIMIT26_153_111_,
limitdefin0_.BENE_ID as BENE52_153_111_, limitdefin0_.BILLER_ID as
BILLER53_153_111_, limitdefin0_.PAYEE_INSTRUCTION_ID as
PAYEE54_153_111_, limitdefin0_.REG_DAILY_MAX_TRX_AMOUNT as
REG27_153_111_, limitdefin0_.REG_DAILY_MAX_TRX_ALLOWED as
REG28_153_111_, limitdefin0_.REG_FORTNIGHT_MAX_TRX_AMOUNT as
REG29_153_111_, limitdefin0_.REG_FORTNIGHT_MAX_TRX_ALLOWED as
REG30_153_111_, limitdefin0_.REG_HALFERLY_MAX_TRX_AMOUNT as
REG31_153_111_, limitdefin0_.REG_HALFERLY_MAX_TRX_ALLOWED as
REG32_153_111_, limitdefin0_.REG_MAX_TRX_AMOUNT as REG33_153_111_,
limitdefin0_.REG_MIN_TRX_AMOUNT as REG34_153_111_,
limitdefin0_.REG_MONTHLY_MAX_TRX_AMOUNT as REG35_153_111_,
limitdefin0_.REG_MONTHLY_MAX_TRX_ALLOWED as REG36_153_111_,
limitdefin0_.REG_QUATERLY_MAX_TRX_AMOUNT as REG37_153_111_,
limitdefin0_.REG_QUATERLY_MAX_TRX_ALLOWED as REG38_153_111_,
limitdefin0_.REG_WEEKLY_MAX_TRX_AMOUNT as REG39_153_111_,
limitdefin0_.REG_WEEKLY_MAX_TRX_ALLOWED as REG40_153_111_,
limitdefin0_.REG_YEARLY_MAX_TRX_AMOUNT as REG41_153_111_,
limitdefin0_.REG_YEARLY_MAX_TRX_ALLOWED as REG42_153_111_,
limitdefin0_.SEGMENT_ID as SEGMENT55_153_111_,
limitdefin0_.SPECIAL_CATEGORY_ID as SPECIAL56_153_111_,
limitdefin0_.STATUS_ID as STATUS57_153_111_, channel1_.id as id1_95_0_,
channel1_."VERSION" as VERSION2_95_0_, channel1_.AUTH_BY as
AUTH8_95_0_, channel1_.AUTH_DATE as AUTH3_95_0_, channel1_.CREATED_BY
as CREATED9_95_0_, channel1_.CREATED_DATE as CREATED4_95_0_,
channel1_.MODIFIED_BY as MODIFIE10_95_0_, channel1_.MODIFIED_DATE as
MODIFIED5_95_0_, channel1_.CODE as CODE6_95_0_, channel1_.DESCRIPTION
as DESCRIPT7_95_0_, company2_.id as id1_39_1_, company2_."VERSION" as
VERSION2_39_1_, company2_.AUTH_BY as AUTH8_39_1_, company2_.AUTH_DATE
as AUTH3_39_1_, company2_.CREATED_BY as CREATED9_39_1_,
company2_.CREATED_DATE as CREATED4_39_1_, company2_.MODIFIED_BY as
MODIFIE10_39_1_, company2_.MODIFIED_DATE as MODIFIED5_39_1_,
company2_.AUTH_MATRIX_ID as AUTH11_39_1_, company2_.CHANNEL_ID as
CHANNEL12_39_1_, company2_.CODE as CODE6_39_1_, company2_.CONTACT_ID as
CONTACT13_39_1_, company2_.COUNTRY_ID as COUNTRY14_39_1_, co

Plan hash value: 1440880676

--------------------------------------------------------------------------------------------------------------------------------------------------------------
| Id  | Operation                                                                    | Name                          | Rows  | Bytes | Cost (%CPU)| Time     |
--------------------------------------------------------------------------------------------------------------------------------------------------------------
|   0 | SELECT STATEMENT                                                             |                               |       |       |   341 (100)|          |
|   1 |  SORT ORDER BY                                                               |                               |     1 | 24279 |   341   (2)| 00:00:05 |
|   2 |   NESTED LOOPS OUTER                                                         |                               |     1 | 24279 |   340   (1)| 00:00:05 |
|   3 |    NESTED LOOPS OUTER                                                        |                               |     1 | 24234 |   339   (1)| 00:00:05 |
|   4 |     NESTED LOOPS OUTER                                                       |                               |     1 | 24179 |   338   (1)| 00:00:05 |
|   5 |      NESTED LOOPS OUTER                                                      |                               |     1 | 24134 |   337   (1)| 00:00:05 |
|   6 |       NESTED LOOPS OUTER                                                     |                               |     1 | 24089 |   336   (1)| 00:00:05 |
|   7 |        NESTED LOOPS OUTER                                                    |                               |     1 | 24044 |   335   (1)| 00:00:05 |
|   8 |         NESTED LOOPS                                                         |                               |     1 | 23999 |   334   (1)| 00:00:05 |
|   9 |          NESTED LOOPS OUTER                                                  |                               |     1 | 23954 |   333   (1)| 00:00:04 |
|  10 |           NESTED LOOPS OUTER                                                 |                               |     1 | 23909 |   332   (1)| 00:00:04 |
|  11 |            NESTED LOOPS OUTER                                                |                               |     1 | 23864 |   331   (1)| 00:00:04 |
|  12 |             NESTED LOOPS OUTER                                               |                               |     1 | 23819 |   330   (1)| 00:00:04 |
|  13 |              NESTED LOOPS OUTER                                              |                               |     1 | 23774 |   329   (1)| 00:00:04 |
|  14 |               NESTED LOOPS OUTER                                             |                               |     1 | 23729 |   328   (1)| 00:00:04 |
|  15 |                NESTED LOOPS OUTER                                            |                               |     1 | 23684 |   327   (1)| 00:00:04 |
|  16 |                 NESTED LOOPS OUTER                                           |                               |     1 | 23639 |   326   (1)| 00:00:04 |
|  17 |                  NESTED LOOPS OUTER                                          |                               |     1 | 23594 |   325   (1)| 00:00:04 |
|  18 |                   NESTED LOOPS OUTER                                         |                               |     1 | 23549 |   325   (1)| 00:00:04 |
|  19 |                    NESTED LOOPS OUTER                                        |                               |     1 | 23504 |   325   (1)| 00:00:04 |
|  20 |                     NESTED LOOPS OUTER                                       |                               |     1 | 23459 |   324   (1)| 00:00:04 |
|  21 |                      NESTED LOOPS OUTER                                      |                               |     1 | 23414 |   323   (1)| 00:00:04 |
|  22 |                       NESTED LOOPS OUTER                                     |                               |     1 | 23369 |   322   (1)| 00:00:04 |
|  23 |                        NESTED LOOPS OUTER                                    |                               |     1 | 23324 |   322   (1)| 00:00:04 |
|  24 |                         NESTED LOOPS OUTER                                   |                               |     1 | 23279 |   322   (1)| 00:00:04 |
|  25 |                          NESTED LOOPS OUTER                                  |                               |     1 | 23234 |   321   (1)| 00:00:04 |
|  26 |                           NESTED LOOPS OUTER                                 |                               |     1 | 23189 |   321   (1)| 00:00:04 |
|  27 |                            NESTED LOOPS OUTER                                |                               |     1 | 23144 |   321   (1)| 00:00:04 |
|  28 |                             NESTED LOOPS OUTER                               |                               |     1 | 23099 |   321   (1)| 00:00:04 |
|  29 |                              NESTED LOOPS OUTER                              |                               |     1 | 22955 |   320   (1)| 00:00:04 |
|  30 |                               NESTED LOOPS OUTER                             |                               |     1 | 22879 |   319   (1)| 00:00:04 |

PLAN_TABLE_OUTPUT
------------------------------------------------------------------------------------------------------------------------------------------------------------------------------------------------------------------------------------------------------------------------------------------------------------
|  31 |                                NESTED LOOPS OUTER                            |                               |     1 | 20517 |   319   (1)| 00:00:04 |
|  32 |                                 NESTED LOOPS OUTER                           |                               |     1 | 20487 |   317   (1)| 00:00:04 |
|  33 |                                  NESTED LOOPS OUTER                          |                               |     1 | 20457 |   315   (1)| 00:00:04 |
|  34 |                                   NESTED LOOPS OUTER                         |                               |     1 | 20397 |   314   (1)| 00:00:04 |
|  35 |                                    NESTED LOOPS OUTER                        |                               |     1 | 20344 |   313   (1)| 00:00:04 |
|  36 |                                     NESTED LOOPS OUTER                       |                               |     1 | 20303 |   312   (1)| 00:00:04 |
|  37 |                                      NESTED LOOPS OUTER                      |                               |     1 | 20248 |   311   (1)| 00:00:04 |
|  38 |                                       NESTED LOOPS OUTER                     |                               |     1 | 20165 |   310   (1)| 00:00:04 |
|  39 |                                        NESTED LOOPS OUTER                    |                               |     1 | 20085 |   309   (1)| 00:00:04 |
|  40 |                                         NESTED LOOPS OUTER                   |                               |     1 | 20032 |   309   (1)| 00:00:04 |
|  41 |                                          NESTED LOOPS OUTER                  |                               |     1 | 19991 |   309   (1)| 00:00:04 |
|  42 |                                           NESTED LOOPS OUTER                 |                               |     1 | 19936 |   309   (1)| 00:00:04 |
|  43 |                                            NESTED LOOPS OUTER                |                               |     1 | 19889 |   309   (1)| 00:00:04 |
|  44 |                                             HASH JOIN RIGHT OUTER            |                               |     1 | 17090 |   309   (1)| 00:00:04 |
|  45 |                                              TABLE ACCESS FULL               | PAY_BILLER_DATA               |     1 |   339 |     2   (0)| 00:00:01 |
|  46 |                                              NESTED LOOPS OUTER              |                               |     1 | 16751 |   307   (1)| 00:00:04 |
|  47 |                                               NESTED LOOPS OUTER             |                               |     1 | 16181 |   307   (1)| 00:00:04 |
|  48 |                                                NESTED LOOPS OUTER            |                               |     1 | 15994 |   307   (1)| 00:00:04 |
|  49 |                                                 NESTED LOOPS OUTER           |                               |     1 | 15424 |   307   (1)| 00:00:04 |
|  50 |                                                  NESTED LOOPS OUTER          |                               |     1 | 15237 |   307   (1)| 00:00:04 |
|  51 |                                                   NESTED LOOPS OUTER         |                               |     1 | 15067 |   307   (1)| 00:00:04 |
|  52 |                                                    NESTED LOOPS OUTER        |                               |     1 | 13949 |   307   (1)| 00:00:04 |
|  53 |                                                     NESTED LOOPS OUTER       |                               |     1 | 13512 |   307   (1)| 00:00:04 |
|  54 |                                                      NESTED LOOPS OUTER      |                               |     1 | 13264 |   307   (1)| 00:00:04 |
|  55 |                                                       NESTED LOOPS OUTER     |                               |     1 | 13234 |   306   (1)| 00:00:04 |
|  56 |                                                        NESTED LOOPS OUTER    |                               |     1 | 13190 |   305   (1)| 00:00:04 |
|  57 |                                                         NESTED LOOPS OUTER   |                               |     1 | 13102 |   304   (1)| 00:00:04 |
|  58 |                                                          NESTED LOOPS OUTER  |                               |     1 | 13014 |   303   (1)| 00:00:04 |
|  59 |                                                           NESTED LOOPS OUTER |                               |     1 | 12951 |   302   (1)| 00:00:04 |
|  60 | R                                                          NESTED LOOPS OUTE |                               |     1 | 12875 |   301   (1)| 00:00:04 |
|  61 | ER                                                          NESTED LOOPS OUT |                               |     1 | 12830 |   300   (1)| 00:00:04 |
|  62 | TER                                                          NESTED LOOPS OU |                               |     1 | 12783 |   300   (1)| 00:00:04 |
|  63 | UTER                                                          NESTED LOOPS O |                               |     1 | 12368 |   300   (1)| 00:00:04 |
|  64 | HT OUTER                                                       HASH JOIN RIG |                               |     1 | 12321 |   300   (1)| 00:00:04 |
|  65 |  FULL                                                           TABLE ACCESS | FND_TENANT_APPLICATION_LOCALE |     1 |    30 |     3   (0)| 00:00:01 |
|  66 | GHT OUTER                                                       HASH JOIN RI |                               |     1 | 12291 |   297   (2)| 00:00:04 |
|  67 | S FULL                                                           TABLE ACCES | FND_TENANT_OPERATING_COUNTRY  |     1 |    28 |     3   (0)| 00:00:01 |
|  68 | S OUTER                                                          NESTED LOOP |                               |     1 | 12263 |   294   (2)| 00:00:04 |
|  69 | PS OUTER                                                          NESTED LOO |                               |     1 | 12235 |   293   (2)| 00:00:04 |
|  70 | OPS OUTER                                                          NESTED LO |                               |     1 | 12196 |   292   (2)| 00:00:04 |
|  71 | OOPS OUTER                                                          NESTED L |                               |     1 | 12147 |   292   (2)| 00:00:04 |
|  72 | LOOPS OUTER                                                          NESTED  |                               |     1 | 12122 |   291   (2)| 00:00:04 |
|  73 | OIN OUTER                                                             HASH J |                               |     1 | 12116 |   291   (2)| 00:00:04 |
|  74 | D LOOPS OUTER                                                          NESTE |                               |     1 | 12091 |   267   (1)| 00:00:04 |
|  75 | ED LOOPS OUTER                                                          NEST |                               |     1 | 12024 |   266   (1)| 00:00:04 |
|  76 | TED LOOPS OUTER                                                          NES |                               |     1 | 11999 |   265   (1)| 00:00:04 |
|  77 | STED LOOPS OUTER                                                          NE |                               |     1 | 11873 |   265   (1)| 00:00:04 |
|  78 | ESTED LOOPS OUTER                                                          N |                               |     1 | 11814 |   264   (1)| 00:00:04 |
|  79 |.HASH JOIN RIGHT OUTER                                                        |                               |     1 | 11769 |   263   (1)| 00:00:04 |
|  80 |. TABLE ACCESS FULL                                                           | FND_DOCUMENT_DETAIL           |     1 |  2080 |     2   (0)| 00:00:01 |
|  81 |. NESTED LOOPS OUTER                                                          |                               |     1 |  9689 |   261   (1)| 00:00:04 |
|  82 |.  NESTED LOOPS OUTER                                                         |                               |     1 |  9597 |   261   (1)| 00:00:04 |
|  83 |.   NESTED LOOPS OUTER                                                        |                               |     1 |  9509 |   261   (1)| 00:00:04 |
|  84 |.    NESTED LOOPS OUTER                                                       |                               |     1 |  9421 |   260   (1)| 00:00:04 |
|  85 |.     NESTED LOOPS OUTER                                                      |                               |     1 |  9366 |   259   (1)| 00:00:04 |
|  86 |.      NESTED LOOPS OUTER                                                     |                               |     1 |  9322 |   258   (1)| 00:00:04 |
|  87 |.       NESTED LOOPS OUTER                                                    |                               |     1 |  9239 |   257   (1)| 00:00:04 |
|  88 |.        HASH JOIN OUTER                                                      |                               |     1 |  9186 |   256   (1)| 00:00:04 |
|  89 |.         NESTED LOOPS OUTER                                                  |                               |     1 |  9174 |   231   (0)| 00:00:03 |
|  90 |.          NESTED LOOPS OUTER                                                 |                               |     1 |  9129 |   230   (0)| 00:00:03 |
|  91 |.           NESTED LOOPS OUTER                                                |                               |     1 |  9067 |   229   (0)| 00:00:03 |
|  92 |.            NESTED LOOPS OUTER                                               |                               |     1 |  9039 |   228   (0)| 00:00:03 |
|  93 |.             NESTED LOOPS OUTER                                              |                               |     1 |  8913 |   227   (0)| 00:00:03 |
|  94 |.              NESTED LOOPS OUTER                                             |                               |     1 |  8787 |   226   (0)| 00:00:03 |
|  95 |.               NESTED LOOPS OUTER                                            |                               |     1 |  8724 |   226   (0)| 00:00:03 |
|  96 |.                NESTED LOOPS OUTER                                           |                               |     1 |  8699 |   225   (0)| 00:00:03 |
|  97 |.                 NESTED LOOPS OUTER                                          |                               |     1 |  8674 |   224   (0)| 00:00:03 |
|  98 |.                  NESTED LOOPS OUTER                                         |                               |     1 |  8629 |   223   (0)| 00:00:03 |
|  99 |.                   NESTED LOOPS OUTER                                        |                               |     1 |  8601 |   222   (0)| 00:00:03 |
| 100 |.                    NESTED LOOPS OUTER                                       |                               |     1 |  8539 |   221   (0)| 00:00:03 |
| 101 |.                     NESTED LOOPS OUTER                                      |                               |     1 |  8508 |   221   (0)| 00:00:03 |
| 102 |.                      NESTED LOOPS OUTER                                     |                               |     1 |  8451 |   221   (0)| 00:00:03 |
| 103 |.                       NESTED LOOPS OUTER                                    |                               |     1 |  8406 |   220   (0)| 00:00:03 |
| 104 |.                        NESTED LOOPS OUTER                                   |                               |     1 |  8361 |   219   (0)| 00:00:03 |
| 105 |.                         NESTED LOOPS OUTER                                  |                               |     1 |  8316 |   219   (0)| 00:00:03 |
| 106 |.                          NESTED LOOPS OUTER                                 |                               |     1 |  8236 |   218   (0)| 00:00:03 |
| 107 |.                           NESTED LOOPS OUTER                                |                               |     1 |  8156 |   217   (0)| 00:00:03 |
| 108 |.                            NESTED LOOPS OUTER                               |                               |     1 |  8115 |   216   (0)| 00:00:03 |
| 109 |.                             NESTED LOOPS OUTER                              |                               |     1 |  8074 |   215   (0)| 00:00:03 |
| 110 |.                              NESTED LOOPS OUTER                             |                               |     1 |  8039 |   214   (0)| 00:00:03 |
| 111 |.                               NESTED LOOPS OUTER                            |                               |     1 |  8008 |   213   (0)| 00:00:03 |
| 112 |.                                NESTED LOOPS OUTER                           |                               |     1 |  7980 |   212   (0)| 00:00:03 |
| 113 |.                                 NESTED LOOPS OUTER                          |                               |     1 |  7939 |   211   (0)| 00:00:03 |
| 114 |.                                  NESTED LOOPS OUTER                         |                               |     1 |  7884 |   210   (0)| 00:00:03 |
| 115 |.                                   NESTED LOOPS OUTER                        |                               |     1 |  7856 |   209   (0)| 00:00:03 |
| 116 |.                                    NESTED LOOPS OUTER                       |                               |     1 |  7734 |   208   (0)| 00:00:03 |
| 117 |.                                     NESTED LOOPS OUTER                      |                               |     1 |  7612 |   207   (0)| 00:00:03 |
| 118 |.                                      NESTED LOOPS OUTER                     |                               |     1 |  7573 |   207   (0)| 00:00:03 |
| 119 |.                                       NESTED LOOPS OUTER                    |                               |     1 |  7524 |   207   (0)| 00:00:03 |
| 120 |.                                        NESTED LOOPS OUTER                   |                               |     1 |  7493 |   207   (0)| 00:00:03 |
| 121 |.                                         NESTED LOOPS OUTER                  |                               |     1 |  7459 |   207   (0)| 00:00:03 |
| 122 |.                                          MERGE JOIN OUTER                   |                               |     1 |  7044 |   207   (0)| 00:00:03 |
| 123 |.                                           NESTED LOOPS OUTER                |                               |     1 |  6984 |   206   (0)| 00:00:03 |
| 124 |.                                            HASH JOIN OUTER                  |                               |     1 |  6950 |   206   (0)| 00:00:03 |
| 125 |.                                             HASH JOIN OUTER                 |                               |     1 |  4151 |   204   (0)| 00:00:03 |
| 126 |.                                              HASH JOIN OUTER                |                               |     1 |  1352 |   202   (0)| 00:00:03 |
| 127 |.                                               NESTED LOOPS OUTER            |                               |     1 |   977 |   200   (0)| 00:00:03 |
| 128 |.                                                NESTED LOOPS OUTER           |                               |     1 |   562 |   200   (0)| 00:00:03 |
| 129 |.                                                 TABLE ACCESS BY INDEX ROWID | LIMIT_DEFINITION_DETAIL       |     1 |   125 |   200   (0)| 00:00:03 |
| 130 |.                                                  INDEX SKIP SCAN            | DEFINITION_DETAILS_UK         |     1 |       |   200   (0)| 00:00:03 |
| 131 |.                                                 TABLE ACCESS BY INDEX ROWID | PAY_BILLER                    |     1 |   437 |     0   (0)|          |
| 132 |.                                                  INDEX UNIQUE SCAN          | BILLER_PK                     |     1 |       |     0   (0)|          |
| 133 |.                                                TABLE ACCESS BY INDEX ROWID  | FND_COMPANY                   |     1 |   415 |     0   (0)|          |
| 134 |.                                                 INDEX UNIQUE SCAN           | COMPANY_PK                    |     1 |       |     0   (0)|          |
| 135 |.                                               TABLE ACCESS FULL             | PAY_BILLER_SERVICE            |     1 |   375 |     2   (0)| 00:00:01 |
| 136 |.                                              TABLE ACCESS FULL              | PAY_BILLER_METADATA           |     1 |  2799 |     2   (0)| 00:00:01 |
| 137 |.                                             TABLE ACCESS FULL               | PAY_BILLER_METADATA           |     1 |  2799 |     2   (0)| 00:00:01 |
| 138 |.                                            TABLE ACCESS BY INDEX ROWID      | FND_GROUP                     |     1 |    34 |     0   (0)|          |
| 139 |.                                             INDEX UNIQUE SCAN               | GROUP_PK                      |     1 |       |     0   (0)|          |
| 140 |.                                           BUFFER SORT                       |                               |     1 |    60 |   207   (0)| 00:00:03 |
| 141 |.                                            TABLE ACCESS BY INDEX ROWID      | PAY_BENE                      |     1 |    60 |     1   (0)| 00:00:01 |
| 142 |.                                             INDEX UNIQUE SCAN               | BENE_PK                       |     1 |       |     0   (0)|          |
| 143 |.                                          TABLE ACCESS BY INDEX ROWID        | FND_COMPANY                   |     1 |   415 |     0   (0)|          |
| 144 |.                                           INDEX UNIQUE SCAN                 | COMPANY_PK                    |     1 |       |     0   (0)|          |
| 145 |.                                         TABLE ACCESS BY INDEX ROWID         | FND_GROUP                     |     1 |    34 |     0   (0)|          |
| 146 |.                                          INDEX UNIQUE SCAN                  | GROUP_PK                      |     1 |       |     0   (0)|          |
| 147 |.                                        TABLE ACCESS BY INDEX ROWID          | INF_CHANNEL                   |     1 |    31 |     0   (0)|          |
| 148 |.                                         INDEX UNIQUE SCAN                   | INF_CHANNEL_PK                |     1 |       |     0   (0)|          |
| 149 |.                                       TABLE ACCESS BY INDEX ROWID           | FND_SPECIAL_CATEGORY          |     1 |    49 |     0   (0)|          |
| 150 |.                                        INDEX UNIQUE SCAN                    | SPECIAL_CATEGORY_PK           |     1 |       |     0   (0)|          |
| 151 |.                                      TABLE ACCESS BY INDEX ROWID            | FND_SEGMENT                   |     1 |    39 |     0   (0)|          |
| 152 |.                                       INDEX UNIQUE SCAN                     | SEGMENT_PK                    |     1 |       |     0   (0)|          |
| 153 |.                                     TABLE ACCESS BY INDEX ROWID             | LIMIT_DEFINITION              |     1 |   122 |     1   (0)| 00:00:01 |
| 154 |.                                      INDEX UNIQUE SCAN                      | DEFINITION_PK                 |     1 |       |     0   (0)|          |
| 155 |.                                    TABLE ACCESS BY INDEX ROWID              | LIMIT_DEFINITION              |     1 |   122 |     1   (0)| 00:00:01 |
| 156 |.                                     INDEX UNIQUE SCAN                       | DEFINITION_PK                 |     1 |       |     0   (0)|          |
| 157 |.                                   TABLE ACCESS BY INDEX ROWID               | FND_TENANT_APPLICATION        |     1 |    28 |     1   (0)| 00:00:01 |
| 158 |.                                    INDEX UNIQUE SCAN                        | TENANT_APPLICATION_PK         |     1 |       |     0   (0)|          |
| 159 |.                                  TABLE ACCESS BY INDEX ROWID                | FND_CURRENCY                  |     1 |    55 |     1   (0)| 00:00:01 |
| 160 |.                                   INDEX UNIQUE SCAN                         | CURRENCY_PK                   |     1 |       |     0   (0)|          |
| 161 |.                                 TABLE ACCESS BY INDEX ROWID                 | INF_TENANT_SERVICE            |     1 |    41 |     1   (0)| 00:00:01 |
| 162 |.                                  INDEX UNIQUE SCAN                          | TENANT_SERVICE_PK             |     1 |       |     0   (0)|          |
| 163 |.                                TABLE ACCESS BY INDEX ROWID                  | FND_TENANT_APPLICATION        |     1 |    28 |     1   (0)| 00:00:01 |
| 164 |.                                 INDEX UNIQUE SCAN                           | TENANT_APPLICATION_PK         |     1 |       |     0   (0)|          |
| 165 |.                               TABLE ACCESS BY INDEX ROWID                   | INF_CHANNEL                   |     1 |    31 |     1   (0)| 00:00:01 |
| 166 |.                                INDEX UNIQUE SCAN                            | INF_CHANNEL_PK                |     1 |       |     0   (0)|          |
| 167 |.                              TABLE ACCESS BY INDEX ROWID                    | INF_SERVICE_APPLICATION       |     1 |    35 |     1   (0)| 00:00:01 |
| 168 |.                               INDEX UNIQUE SCAN                             | SERVICE_APPLICATION_PK        |     1 |       |     0   (0)|          |
| 169 |.                             TABLE ACCESS BY INDEX ROWID                     | INF_TENANT_SERVICE            |     1 |    41 |     1   (0)| 00:00:01 |
| 170 |.                              INDEX UNIQUE SCAN                              | TENANT_SERVICE_PK             |     1 |       |     0   (0)|          |
| 171 |.                            TABLE ACCESS BY INDEX ROWID                      | INF_TENANT_SERVICE            |     1 |    41 |     1   (0)| 00:00:01 |
| 172 |.                             INDEX UNIQUE SCAN                               | TENANT_SERVICE_PK             |     1 |       |     0   (0)|          |
| 173 |.                           TABLE ACCESS BY INDEX ROWID                       | INF_SERVICE                   |     1 |    80 |     1   (0)| 00:00:01 |
| 174 |.                            INDEX UNIQUE SCAN                                | SERVICE_PK                    |     1 |       |     0   (0)|          |
| 175 |.                          TABLE ACCESS BY INDEX ROWID                        | INF_SERVICE                   |     1 |    80 |     1   (0)| 00:00:01 |
| 176 |.                           INDEX UNIQUE SCAN                                 | SERVICE_PK                    |     1 |       |     0   (0)|          |
| 177 |.                         TABLE ACCESS BY INDEX ROWID                         | FND_COUNTRY                   |     1 |    45 |     0   (0)|          |
| 178 |.                          INDEX UNIQUE SCAN                                  | COUNTRY_PK                    |     1 |       |     0   (0)|          |
| 179 |.                        TABLE ACCESS BY INDEX ROWID                          | FND_COUNTRY                   |     1 |    45 |     1   (0)| 00:00:01 |
| 180 |.                         INDEX UNIQUE SCAN                                   | COUNTRY_PK                    |     1 |       |     0   (0)|          |
| 181 |.                       TABLE ACCESS BY INDEX ROWID                           | FND_COUNTRY                   |     1 |    45 |     1   (0)| 00:00:01 |
| 182 |.                        INDEX UNIQUE SCAN                                    | COUNTRY_PK                    |     1 |       |     0   (0)|          |
| 183 |.                      TABLE ACCESS BY INDEX ROWID                            | FND_TENANT_LOOKUP_VALUE       |     1 |    57 |     0   (0)|          |
| 184 |.                       INDEX UNIQUE SCAN                                     | TENANT_LOOKUP_VALUE_PK        |     1 |       |     0   (0)|          |
| 185 |.                     TABLE ACCESS BY INDEX ROWID                             | INF_CHANNEL                   |     1 |    31 |     0   (0)|          |
| 186 |.                      INDEX UNIQUE SCAN                                      | INF_CHANNEL_PK                |     1 |       |     0   (0)|          |
| 187 |.                    TABLE ACCESS BY INDEX ROWID                              | FND_TENANT_LOOKUP_TYPE        |     1 |    62 |     1   (0)| 00:00:01 |
| 188 |.                     INDEX UNIQUE SCAN                                       | TENANT_LOOKUP_TYPE_PK         |     1 |       |     0   (0)|          |
| 189 |.                   TABLE ACCESS BY INDEX ROWID                               | FND_TENANT_APPLICATION        |     1 |    28 |     1   (0)| 00:00:01 |
| 190 |.                    INDEX UNIQUE SCAN                                        | TENANT_APPLICATION_PK         |     1 |       |     0   (0)|          |
| 191 |.                  TABLE ACCESS BY INDEX ROWID                                | FND_COUNTRY                   |     1 |    45 |     1   (0)| 00:00:01 |
| 192 |.                   INDEX UNIQUE SCAN                                         | COUNTRY_PK                    |     1 |       |     0   (0)|          |
| 193 |.                 TABLE ACCESS BY INDEX ROWID                                 | USER_LOGIN_PROFILE_EXTEND     |     1 |    25 |     1   (0)| 00:00:01 |
| 194 |.                  INDEX UNIQUE SCAN                                          | LOGIN_PROFILE_EXTEND_PK       |     1 |       |     0   (0)|          |
| 195 |.                TABLE ACCESS BY INDEX ROWID                                  | USER_LOGIN_PROFILE_EXTEND     |     1 |    25 |     1   (0)| 00:00:01 |
| 196 |.                 INDEX UNIQUE SCAN                                           | LOGIN_PROFILE_EXTEND_PK       |     1 |       |     0   (0)|          |
| 197 |.               TABLE ACCESS BY INDEX ROWID                                   | FND_CIF                       |     1 |    63 |     0   (0)|          |
| 198 |.                INDEX UNIQUE SCAN                                            | CIF_PK                        |     1 |       |     0   (0)|          |
| 199 |.              TABLE ACCESS BY INDEX ROWID                                    | USER_LOGIN_PROFILE            |     1 |   126 |     1   (0)| 00:00:01 |
| 200 |.               INDEX UNIQUE SCAN                                             | LOGIN_PROFILE_PK              |     1 |       |     0   (0)|          |
| 201 |.             TABLE ACCESS BY INDEX ROWID                                     | USER_LOGIN_PROFILE            |     1 |   126 |     1   (0)| 00:00:01 |
| 202 |.              INDEX UNIQUE SCAN                                              | LOGIN_PROFILE_PK              |     1 |       |     0   (0)|          |
| 203 |.            TABLE ACCESS BY INDEX ROWID                                      | FND_TENANT_APPLICATION        |     1 |    28 |     1   (0)| 00:00:01 |
| 204 |.             INDEX UNIQUE SCAN                                               | TENANT_APPLICATION_PK         |     1 |       |     0   (0)|          |
| 205 |.           TABLE ACCESS BY INDEX ROWID                                       | FND_TENANT                    |     1 |    62 |     1   (0)| 00:00:01 |
| 206 |.            INDEX UNIQUE SCAN                                                | TENANT_PK                     |     1 |       |     0   (0)|          |
| 207 |.          TABLE ACCESS BY INDEX ROWID                                        | FND_COUNTRY                   |     1 |    45 |     1   (0)| 00:00:01 |
| 208 |.           INDEX UNIQUE SCAN                                                 | COUNTRY_PK                    |     1 |       |     0   (0)|          |
| 209 |.         TABLE ACCESS FULL                                                   | FND_CIF_ACCOUNT               | 33093 |   387K|    24   (5)| 00:00:01 |
| 210 |.        TABLE ACCESS BY INDEX ROWID                                          | ACCT_ACCOUNT                  |     1 |    53 |     1   (0)| 00:00:01 |
| 211 |.         INDEX UNIQUE SCAN                                                   | ACCOUNT_PK                    |     1 |       |     0   (0)|          |
| 212 |.       TABLE ACCESS BY INDEX ROWID                                           | ACCT_PRODUCT                  |     1 |    83 |     1   (0)| 00:00:01 |
| 213 |.        INDEX UNIQUE SCAN                                                    | PRODUCT_PK                    |     1 |       |     0   (0)|          |
| 214 |.      TABLE ACCESS BY INDEX ROWID                                            | ACCT_PRODUCT_TYPE             |     1 |    44 |     1   (0)| 00:00:01 |
| 215 |.       INDEX UNIQUE SCAN                                                     | PRODUCT_TYPE_PK               |     1 |       |     0   (0)|          |
| 216 |.     TABLE ACCESS BY INDEX ROWID                                             | FND_CURRENCY                  |     1 |    55 |     1   (0)| 00:00:01 |
| 217 |.      INDEX UNIQUE SCAN                                                      | CURRENCY_PK                   |     1 |       |     0   (0)|          |
| 218 |.    TABLE ACCESS BY INDEX ROWID                                              | FND_CONTACT                   |     1 |    88 |     1   (0)| 00:00:01 |
| 219 |.     INDEX UNIQUE SCAN                                                       | CONTACT_PK                    |     1 |       |     0   (0)|          |
| 220 |.   TABLE ACCESS BY INDEX ROWID                                               | FND_CONTACT                   |     1 |    88 |     0   (0)|          |
| 221 |.    INDEX UNIQUE SCAN                                                        | CONTACT_PK                    |     1 |       |     0   (0)|          |
| 222 |.  TABLE ACCESS BY INDEX ROWID                                                | FND_DOCUMENT                  |     1 |    92 |     0   (0)|          |
| 223 |.   INDEX UNIQUE SCAN                                                         | DOCUMENT_PK                   |     1 |       |     0   (0)|          |
| 224 |.TABLE ACCESS BY INDEX ROWID                                                  | FND_COUNTRY                   |     1 |    45 |     1   (0)| 00:00:01 |
| 225 |. INDEX UNIQUE SCAN                                                           | COUNTRY_PK                    |     1 |       |     0   (0)|          |
| 226 | ABLE ACCESS BY INDEX ROWID                                                 T | FND_CITY                      |     1 |    59 |     1   (0)| 00:00:01 |
| 227 |.INDEX UNIQUE SCAN                                                            | CITY_PK                       |     1 |       |     0   (0)|          |

PLAN_TABLE_OUTPUT
------------------------------------------------------------------------------------------------------------------------------------------------------------------------------------------------------------------------------------------------------------------------------------------------------------
| 228 | BLE ACCESS BY INDEX ROWID                                                 TA | USER_LOGIN_PROFILE            |     1 |   126 |     0   (0)|          |
| 229 | NDEX UNIQUE SCAN                                                           I | LOGIN_PROFILE_PK              |     1 |       |     0   (0)|          |
| 230 | LE ACCESS BY INDEX ROWID                                                 TAB | USER_CONTACT_DETAIL           |     1 |    25 |     1   (0)| 00:00:01 |
| 231 | DEX UNIQUE SCAN                                                           IN | CONTACT_DETAIL_PK             |     1 |       |     0   (0)|          |
| 232 | E ACCESS BY INDEX ROWID                                                 TABL | USER_PROFILE                  |     1 |    67 |     1   (0)| 00:00:01 |
| 233 | EX UNIQUE SCAN                                                           IND | PROFILE_PK                    |     1 |       |     0   (0)|          |
| 234 |  ACCESS FULL                                                           TABLE | USER_CIF                      | 18368 |   448K|    24   (5)| 00:00:01 |
| 235 | UNIQUE SCAN                                                           INDEX  | PROFILE_EXTEND_PK             |     1 |     6 |     0   (0)|          |
| 236 | CCESS BY INDEX ROWID                                                 TABLE A | USER_LOGIN_PROFILE_EXTEND     |     1 |    25 |     1   (0)| 00:00:01 |
| 237 | UNIQUE SCAN                                                           INDEX  | LOGIN_PROFILE_EXTEND_PK       |     1 |       |     0   (0)|          |
| 238 | CESS BY INDEX ROWID                                                 TABLE AC | FND_SPECIAL_CATEGORY          |     1 |    49 |     0   (0)|          |
| 239 | NIQUE SCAN                                                           INDEX U | SPECIAL_CATEGORY_PK           |     1 |       |     0   (0)|          |
| 240 | ESS BY INDEX ROWID                                                 TABLE ACC | FND_SEGMENT                   |     1 |    39 |     1   (0)| 00:00:01 |
| 241 | IQUE SCAN                                                           INDEX UN | SEGMENT_PK                    |     1 |       |     0   (0)|          |
| 242 | SS BY INDEX ROWID                                                 TABLE ACCE | FND_TENANT_APPLICATION        |     1 |    28 |     1   (0)| 00:00:01 |
| 243 | QUE SCAN                                                           INDEX UNI | TENANT_APPLICATION_PK         |     1 |       |     0   (0)|          |
| 244 | BY INDEX ROWID                                                 TABLE ACCESS  | FND_DEPARTMENT                |     1 |    47 |     0   (0)|          |
| 245 |  SCAN                                                           INDEX UNIQUE | DEPARTMENT_PK                 |     1 |       |     0   (0)|          |
| 246 | Y INDEX ROWID                                                 TABLE ACCESS B | FND_COMPANY                   |     1 |   415 |     0   (0)|          |
| 247 | SCAN                                                           INDEX UNIQUE  | COMPANY_PK                    |     1 |       |     0   (0)|          |
| 248 |  INDEX ROWID                                                 TABLE ACCESS BY | FND_DEPARTMENT                |     1 |    47 |     0   (0)|          |
| 249 | CAN                                                           INDEX UNIQUE S | DEPARTMENT_PK                 |     1 |       |     0   (0)|          |
| 250 | INDEX ROWID                                                 TABLE ACCESS BY  | FND_COUNTRY                   |     1 |    45 |     1   (0)| 00:00:01 |
| 251 | AN                                                           INDEX UNIQUE SC | COUNTRY_PK                    |     1 |       |     0   (0)|          |
| 252 | NDEX ROWID                                                 TABLE ACCESS BY I | FND_TENANT_BRANCH             |     1 |    76 |     1   (0)| 00:00:01 |
| 253 | N                                                           INDEX UNIQUE SCA | TENANT_BRANCH_PK              |     1 |       |     0   (0)|          |
| 254 | DEX ROWID                                                 TABLE ACCESS BY IN | FND_CIF                       |     1 |    63 |     1   (0)| 00:00:01 |
| 255 |                                                            INDEX UNIQUE SCAN | CIF_PK                        |     1 |       |     0   (0)|          |
| 256 | EX ROWID                                                 TABLE ACCESS BY IND | FND_CONTACT                   |     1 |    88 |     1   (0)| 00:00:01 |
| 257 |                                                           INDEX UNIQUE SCAN  | CONTACT_PK                    |     1 |       |     0   (0)|          |
| 258 | X ROWID                                                 TABLE ACCESS BY INDE | FND_CONTACT                   |     1 |    88 |     1   (0)| 00:00:01 |
| 259 |                                                          INDEX UNIQUE SCAN   | CONTACT_PK                    |     1 |       |     0   (0)|          |
| 260 |  ROWID                                                 TABLE ACCESS BY INDEX | FND_STATE                     |     1 |    44 |     1   (0)| 00:00:01 |
| 261 |                                                         INDEX UNIQUE SCAN    | STATE_PK                      |     1 |       |     0   (0)|          |
| 262 | ROWID                                                 TABLE ACCESS BY INDEX  | PAY_PAYEE_INSTRUCTION         |     1 |    30 |     1   (0)| 00:00:01 |
| 263 |                                                        INDEX UNIQUE SCAN     | PAY_PAYEE_INSTRUCTION_PK      |     1 |       |     0   (0)|          |
| 264 | OWID                                                 TABLE ACCESS BY INDEX R | PAY_BILLER_INSTRUCTION        |     1 |   248 |     0   (0)|          |
| 265 |                                                       INDEX UNIQUE SCAN      | BILLER_INSTRUCTION_PK         |     1 |       |     0   (0)|          |
| 266 | WID                                                 TABLE ACCESS BY INDEX RO | PAY_BILLER                    |     1 |   437 |     0   (0)|          |
| 267 |                                                      INDEX UNIQUE SCAN       | BILLER_PK                     |     1 |       |     0   (0)|          |
| 268 | ID                                                 TABLE ACCESS BY INDEX ROW | PAY_PG_INSTRUCTION            |     1 |  1118 |     0   (0)|          |
| 269 |                                                     INDEX UNIQUE SCAN        | PAY_PG_INSTRUCTION_PK         |     1 |       |     0   (0)|          |
| 270 | D                                                 TABLE ACCESS BY INDEX ROWI | PG_MER_AGG_MAPPING_MASTER     |     1 |   170 |     0   (0)|          |
| 271 |                                                    INDEX UNIQUE SCAN         | PG_MER_AGG_MAPPING_MASTER_PK  |     1 |       |     0   (0)|          |
| 272 |                                                  TABLE ACCESS BY INDEX ROWID | PG_MERCHANT_MASTER            |     1 |   187 |     0   (0)|          |
| 273 |                                                   INDEX UNIQUE SCAN          | PG_MERCHANT_MASTER_PK         |     1 |       |     0   (0)|          |
| 274 |                                                 TABLE ACCESS BY INDEX ROWID  | PG_AGGREGATOR_MASTER          |     1 |   570 |     0   (0)|          |
| 275 |                                                  INDEX UNIQUE SCAN           | PG_AGGREGATOR_MASTER_PK       |     1 |       |     0   (0)|          |
| 276 |                                                TABLE ACCESS BY INDEX ROWID   | PG_MERCHANT_MASTER            |     1 |   187 |     0   (0)|          |
| 277 |                                                 INDEX UNIQUE SCAN            | PG_MERCHANT_MASTER_PK         |     1 |       |     0   (0)|          |
| 278 |                                               TABLE ACCESS BY INDEX ROWID    | PG_AGGREGATOR_MASTER          |     1 |   570 |     0   (0)|          |
| 279 |                                                INDEX UNIQUE SCAN             | PG_AGGREGATOR_MASTER_PK       |     1 |       |     0   (0)|          |
| 280 |                                             TABLE ACCESS BY INDEX ROWID      | PAY_BILLER_METADATA           |     1 |  2799 |     0   (0)|          |
| 281 |                                              INDEX UNIQUE SCAN               | BILLER_METADATA_PK            |     1 |       |     0   (0)|          |
| 282 |                                            TABLE ACCESS BY INDEX ROWID       | PG_BILLER_BUSINESS_SUB_CAT    |     1 |    47 |     0   (0)|          |
| 283 |                                             INDEX UNIQUE SCAN                | PG_BILLER_BUSINESS_SUB_CAT_PK |     1 |       |     0   (0)|          |
| 284 |                                           TABLE ACCESS BY INDEX ROWID        | FND_CURRENCY                  |     1 |    55 |     0   (0)|          |
| 285 |                                            INDEX UNIQUE SCAN                 | CURRENCY_PK                   |     1 |       |     0   (0)|          |
| 286 |                                          TABLE ACCESS BY INDEX ROWID         | INF_TENANT_SERVICE            |     1 |    41 |     0   (0)|          |
| 287 |                                           INDEX UNIQUE SCAN                  | TENANT_SERVICE_PK             |     1 |       |     0   (0)|          |
| 288 |                                         TABLE ACCESS BY INDEX ROWID          | ACCT_ACCOUNT                  |     1 |    53 |     0   (0)|          |
| 289 |                                          INDEX UNIQUE SCAN                   | ACCOUNT_PK                    |     1 |       |     0   (0)|          |
| 290 |                                        TABLE ACCESS BY INDEX ROWID           | PAY_BENE_INSTRUCTION          |     1 |    80 |     1   (0)| 00:00:01 |
| 291 |                                         INDEX UNIQUE SCAN                    | BENE_INSTRUCTION_PK           |     1 |       |     0   (0)|          |
| 292 |                                       TABLE ACCESS BY INDEX ROWID            | ACCT_PRODUCT                  |     1 |    83 |     1   (0)| 00:00:01 |
| 293 |                                        INDEX UNIQUE SCAN                     | PRODUCT_PK                    |     1 |       |     0   (0)|          |
| 294 |                                      TABLE ACCESS BY INDEX ROWID             | FND_CURRENCY                  |     1 |    55 |     1   (0)| 00:00:01 |
| 295 |                                       INDEX UNIQUE SCAN                      | CURRENCY_PK                   |     1 |       |     0   (0)|          |
| 296 |                                     TABLE ACCESS BY INDEX ROWID              | INF_TENANT_SERVICE            |     1 |    41 |     1   (0)| 00:00:01 |
| 297 |                                      INDEX UNIQUE SCAN                       | TENANT_SERVICE_PK             |     1 |       |     0   (0)|          |
| 298 |                                    TABLE ACCESS BY INDEX ROWID               | ACCT_ACCOUNT                  |     1 |    53 |     1   (0)| 00:00:01 |
| 299 |                                     INDEX UNIQUE SCAN                        | ACCOUNT_PK                    |     1 |       |     0   (0)|          |
| 300 |                                   TABLE ACCESS BY INDEX ROWID                | PAY_BENE                      |     1 |    60 |     1   (0)| 00:00:01 |
| 301 |                                    INDEX UNIQUE SCAN                         | BENE_PK                       |     1 |       |     0   (0)|          |
| 302 |                                  TABLE ACCESS BY INDEX ROWID                 | PAY_PAYEE_BANK_BRANCH         |     1 |    30 |     2   (0)| 00:00:01 |
| 303 |                                   INDEX UNIQUE SCAN                          | PAY_PAYEE_BANK_BRANCH_PK      |     1 |       |     1   (0)| 00:00:01 |
| 304 |                                 TABLE ACCESS BY INDEX ROWID                  | PAY_PAYEE_BANK_BRANCH         |     1 |    30 |     2   (0)| 00:00:01 |
| 305 |                                  INDEX UNIQUE SCAN                           | PAY_PAYEE_BANK_BRANCH_PK      |     1 |       |     1   (0)| 00:00:01 |
| 306 |                                TABLE ACCESS BY INDEX ROWID                   | PAY_FOREIGN_BANK_BRANCH       |     1 |  2362 |     0   (0)|          |
| 307 |                                 INDEX UNIQUE SCAN                            | FOREIGN_BANK_BRANCH_PK        |     1 |       |     0   (0)|          |
| 308 |                               TABLE ACCESS BY INDEX ROWID                    | FND_TENANT_BRANCH             |     1 |    76 |     1   (0)| 00:00:01 |
| 309 |                                INDEX UNIQUE SCAN                             | TENANT_BRANCH_PK              |     1 |       |     0   (0)|          |
| 310 |                              TABLE ACCESS BY INDEX ROWID                     | PAY_DOMESTIC_BANK_BRANCH      |     1 |   144 |     1   (0)| 00:00:01 |
| 311 |                               INDEX UNIQUE SCAN                              | DOMESTIC_BANK_BRANCH_PK       |     1 |       |     0   (0)|          |
| 312 |                             TABLE ACCESS BY INDEX ROWID                      | FND_LOOKUP_VALUE              |     1 |    45 |     0   (0)|          |
| 313 |                              INDEX UNIQUE SCAN                               | LOOKUP_VALUE_PK               |     1 |       |     0   (0)|          |
| 314 |                            TABLE ACCESS BY INDEX ROWID                       | FND_LOOKUP_VALUE              |     1 |    45 |     0   (0)|          |
| 315 |                             INDEX UNIQUE SCAN                                | LOOKUP_VALUE_PK               |     1 |       |     0   (0)|          |
| 316 |                           TABLE ACCESS BY INDEX ROWID                        | FND_LOOKUP_VALUE              |     1 |    45 |     0   (0)|          |
| 317 |                            INDEX UNIQUE SCAN                                 | LOOKUP_VALUE_PK               |     1 |       |     0   (0)|          |
| 318 |                          TABLE ACCESS BY INDEX ROWID                         | FND_LOOKUP_VALUE              |     1 |    45 |     1   (0)| 00:00:01 |
| 319 |                           INDEX UNIQUE SCAN                                  | LOOKUP_VALUE_PK               |     1 |       |     0   (0)|          |
| 320 |                         TABLE ACCESS BY INDEX ROWID                          | FND_LOOKUP_VALUE              |     1 |    45 |     0   (0)|          |
| 321 |                          INDEX UNIQUE SCAN                                   | LOOKUP_VALUE_PK               |     1 |       |     0   (0)|          |
| 322 |                        TABLE ACCESS BY INDEX ROWID                           | FND_LOOKUP_VALUE              |     1 |    45 |     0   (0)|          |
| 323 |                         INDEX UNIQUE SCAN                                    | LOOKUP_VALUE_PK               |     1 |       |     0   (0)|          |
| 324 |                       TABLE ACCESS BY INDEX ROWID                            | FND_LOOKUP_VALUE              |     1 |    45 |     1   (0)| 00:00:01 |
| 325 |                        INDEX UNIQUE SCAN                                     | LOOKUP_VALUE_PK               |     1 |       |     0   (0)|          |
| 326 |                      TABLE ACCESS BY INDEX ROWID                             | FND_LOOKUP_VALUE              |     1 |    45 |     1   (0)| 00:00:01 |
| 327 |                       INDEX UNIQUE SCAN                                      | LOOKUP_VALUE_PK               |     1 |       |     0   (0)|          |
| 328 |                     TABLE ACCESS BY INDEX ROWID                              | FND_LOOKUP_VALUE              |     1 |    45 |     1   (0)| 00:00:01 |
| 329 |                      INDEX UNIQUE SCAN                                       | LOOKUP_VALUE_PK               |     1 |       |     0   (0)|          |
| 330 |                    TABLE ACCESS BY INDEX ROWID                               | FND_LOOKUP_VALUE              |     1 |    45 |     0   (0)|          |
| 331 |                     INDEX UNIQUE SCAN                                        | LOOKUP_VALUE_PK               |     1 |       |     0   (0)|          |
| 332 |                   TABLE ACCESS BY INDEX ROWID                                | FND_LOOKUP_VALUE              |     1 |    45 |     0   (0)|          |
| 333 |                    INDEX UNIQUE SCAN                                         | LOOKUP_VALUE_PK               |     1 |       |     0   (0)|          |
| 334 |                  TABLE ACCESS BY INDEX ROWID                                 | FND_LOOKUP_VALUE              |     1 |    45 |     1   (0)| 00:00:01 |
| 335 |                   INDEX UNIQUE SCAN                                          | LOOKUP_VALUE_PK               |     1 |       |     0   (0)|          |
| 336 |                 TABLE ACCESS BY INDEX ROWID                                  | FND_LOOKUP_VALUE              |     1 |    45 |     1   (0)| 00:00:01 |
| 337 |                  INDEX UNIQUE SCAN                                           | LOOKUP_VALUE_PK               |     1 |       |     0   (0)|          |
| 338 |                TABLE ACCESS BY INDEX ROWID                                   | FND_LOOKUP_VALUE              |     1 |    45 |     1   (0)| 00:00:01 |
| 339 |                 INDEX UNIQUE SCAN                                            | LOOKUP_VALUE_PK               |     1 |       |     0   (0)|          |
| 340 |               TABLE ACCESS BY INDEX ROWID                                    | FND_LOOKUP_VALUE              |     1 |    45 |     1   (0)| 00:00:01 |
| 341 |                INDEX UNIQUE SCAN                                             | LOOKUP_VALUE_PK               |     1 |       |     0   (0)|          |
| 342 |              TABLE ACCESS BY INDEX ROWID                                     | FND_LOOKUP_VALUE              |     1 |    45 |     1   (0)| 00:00:01 |
| 343 |               INDEX UNIQUE SCAN                                              | LOOKUP_VALUE_PK               |     1 |       |     0   (0)|          |
| 344 |             TABLE ACCESS BY INDEX ROWID                                      | FND_LOOKUP_VALUE              |     1 |    45 |     1   (0)| 00:00:01 |
| 345 |              INDEX UNIQUE SCAN                                               | LOOKUP_VALUE_PK               |     1 |       |     0   (0)|          |
| 346 |            TABLE ACCESS BY INDEX ROWID                                       | FND_LOOKUP_VALUE              |     1 |    45 |     1   (0)| 00:00:01 |
| 347 |             INDEX UNIQUE SCAN                                                | LOOKUP_VALUE_PK               |     1 |       |     0   (0)|          |
| 348 |           TABLE ACCESS BY INDEX ROWID                                        | FND_LOOKUP_VALUE              |     1 |    45 |     1   (0)| 00:00:01 |
| 349 |            INDEX UNIQUE SCAN                                                 | LOOKUP_VALUE_PK               |     1 |       |     0   (0)|          |
| 350 |          TABLE ACCESS BY INDEX ROWID                                         | FND_LOOKUP_VALUE              |     1 |    45 |     1   (0)| 00:00:01 |
| 351 |           INDEX UNIQUE SCAN                                                  | LOOKUP_VALUE_PK               |     1 |       |     0   (0)|          |
| 352 |         TABLE ACCESS BY INDEX ROWID                                          | FND_LOOKUP_VALUE              |     1 |    45 |     1   (0)| 00:00:01 |
| 353 |          INDEX UNIQUE SCAN                                                   | LOOKUP_VALUE_PK               |     1 |       |     0   (0)|          |
| 354 |        TABLE ACCESS BY INDEX ROWID                                           | FND_LOOKUP_VALUE              |     1 |    45 |     1   (0)| 00:00:01 |
| 355 |         INDEX UNIQUE SCAN                                                    | LOOKUP_VALUE_PK               |     1 |       |     0   (0)|          |
| 356 |       TABLE ACCESS BY INDEX ROWID                                            | FND_LOOKUP_VALUE              |     1 |    45 |     1   (0)| 00:00:01 |
| 357 |        INDEX UNIQUE SCAN                                                     | LOOKUP_VALUE_PK               |     1 |       |     0   (0)|          |
| 358 |      TABLE ACCESS BY INDEX ROWID                                             | FND_LOOKUP_VALUE              |     1 |    45 |     1   (0)| 00:00:01 |
| 359 |       INDEX UNIQUE SCAN                                                      | LOOKUP_VALUE_PK               |     1 |       |     0   (0)|          |
| 360 |     TABLE ACCESS BY INDEX ROWID                                              | FND_LOOKUP_TYPE               |     1 |    55 |     1   (0)| 00:00:01 |
| 361 |      INDEX UNIQUE SCAN                                                       | LOOKUP_TYPE_PK                |     1 |       |     0   (0)|          |
| 362 |    TABLE ACCESS BY INDEX ROWID                                               | FND_COUNTRY                   |     1 |    45 |     1   (0)| 00:00:01 |
| 363 |     INDEX UNIQUE SCAN                                                        | COUNTRY_PK                    |     1 |       |     0   (0)|          |
--------------------------------------------------------------------------------------------------------------------------------------------------------------

SQL_ID d9drmngtc7txj
--------------------
/* load com.vayana.ib.bm.core.api.model.payment.LimitDefinitionDetail
*/ select limitdefin0_.id as id1_153_111_, limitdefin0_."VERSION" as
VERSION2_153_111_, limitdefin0_.AUTH_BY as AUTH43_153_111_,
limitdefin0_.AUTH_DATE as AUTH3_153_111_, limitdefin0_.CREATED_BY as
CREATED44_153_111_, limitdefin0_.CREATED_DATE as CREATED4_153_111_,
limitdefin0_.MODIFIED_BY as MODIFIE45_153_111_,
limitdefin0_.MODIFIED_DATE as MODIFIED5_153_111_,
limitdefin0_.CHANNEL_ID as CHANNEL46_153_111_, limitdefin0_.CODE as
CODE6_153_111_, limitdefin0_.COMPANY_ID as COMPANY47_153_111_,
limitdefin0_.CIF_ID as CIF48_153_111_, limitdefin0_.DESCRIPTION as
DESCRIPT7_153_111_, limitdefin0_.EFFECTIVE_FROM_DATE as
EFFECTIV8_153_111_, limitdefin0_.EFFECTIVE_TO_DATE as
EFFECTIV9_153_111_, limitdefin0_.GLO_DAILY_MAX_TRX_AMOUNT as
GLO10_153_111_, limitdefin0_.GLO_DAILY_MAX_TRX_ALLOWED as
GLO11_153_111_, limitdefin0_.GLO_FORTNIGHT_MAX_TRX_AMOUNT as
GLO12_153_111_, limitdefin0_.GLO_FORTNIGHT_MAX_TRX_ALLOWED as
GLO13_153_111_, limitdefin0_.GLO_HALFERLY_MAX_TRX_AMOUNT as
GLO14_153_111_, limitdefin0_.GLO_HALFERLY_MAX_TRX_ALLOWED as
GLO15_153_111_, limitdefin0_.GLO_MAX_TRX_AMOUNT as GLO16_153_111_,
limitdefin0_.GLO_MIN_TRX_AMOUNT as GLO17_153_111_,
limitdefin0_.GLO_MONTHLY_MAX_TRX_AMOUNT as GLO18_153_111_,
limitdefin0_.GLO_MONTHLY_MAX_TRX_ALLOWED as GLO19_153_111_,
limitdefin0_.GLO_QUATERLY_MAX_TRX_AMOUNT as GLO20_153_111_,
limitdefin0_.GLO_QUATERLY_MAX_TRX_ALLOWED as GLO21_153_111_,
limitdefin0_.GLO_WEEKLY_MAX_TRX_AMOUNT as GLO22_153_111_,
limitdefin0_.GLO_WEEKLY_MAX_TRX_ALLOWED as GLO23_153_111_,
limitdefin0_.GLO_YEARLY_MAX_TRX_AMOUNT as GLO24_153_111_,
limitdefin0_.GLO_YEARLY_MAX_TRX_ALLOWED as GLO25_153_111_,
limitdefin0_.GROUP_ID as GROUP49_153_111_,
limitdefin0_.LOGIN_PROFILE_ID as LOGIN50_153_111_,
limitdefin0_.DEFINITION_ID as DEFINIT51_153_111_,
limitdefin0_.LIMIT_DEFINITION_TYPE as LIMIT26_153_111_,
limitdefin0_.BENE_ID as BENE52_153_111_, limitdefin0_.BILLER_ID as
BILLER53_153_111_, limitdefin0_.PAYEE_INSTRUCTION_ID as
PAYEE54_153_111_, limitdefin0_.REG_DAILY_MAX_TRX_AMOUNT as
REG27_153_111_, limitdefin0_.REG_DAILY_MAX_TRX_ALLOWED as
REG28_153_111_, limitdefin0_.REG_FORTNIGHT_MAX_TRX_AMOUNT as
REG29_153_111_, limitdefin0_.REG_FORTNIGHT_MAX_TRX_ALLOWED as
REG30_153_111_, limitdefin0_.REG_HALFERLY_MAX_TRX_AMOUNT as
REG31_153_111_, limitdefin0_.REG_HALFERLY_MAX_TRX_ALLOWED as
REG32_153_111_, limitdefin0_.REG_MAX_TRX_AMOUNT as REG33_153_111_,
limitdefin0_.REG_MIN_TRX_AMOUNT as REG34_153_111_,
limitdefin0_.REG_MONTHLY_MAX_TRX_AMOUNT as REG35_153_111_,
limitdefin0_.REG_MONTHLY_MAX_TRX_ALLOWED as REG36_153_111_,
limitdefin0_.REG_QUATERLY_MAX_TRX_AMOUNT as REG37_153_111_,
limitdefin0_.REG_QUATERLY_MAX_TRX_ALLOWED as REG38_153_111_,
limitdefin0_.REG_WEEKLY_MAX_TRX_AMOUNT as REG39_153_111_,
limitdefin0_.REG_WEEKLY_MAX_TRX_ALLOWED as REG40_153_111_,
limitdefin0_.REG_YEARLY_MAX_TRX_AMOUNT as REG41_153_111_,
limitdefin0_.REG_YEARLY_MAX_TRX_ALLOWED as REG42_153_111_,
limitdefin0_.SEGMENT_ID as SEGMENT55_153_111_,
limitdefin0_.SPECIAL_CATEGORY_ID as SPECIAL56_153_111_,
limitdefin0_.STATUS_ID as STATUS57_153_111_, channel1_.id as id1_95_0_,
channel1_."VERSION" as VERSION2_95_0_, channel1_.AUTH_BY as
AUTH8_95_0_, channel1_.AUTH_DATE as AUTH3_95_0_, channel1_.CREATED_BY
as CREATED9_95_0_, channel1_.CREATED_DATE as CREATED4_95_0_,
channel1_.MODIFIED_BY as MODIFIE10_95_0_, channel1_.MODIFIED_DATE as

PLAN_TABLE_OUTPUT
------------------------------------------------------------------------------------------------------------------------------------------------------------------------------------------------------------------------------------------------------------------------------------------------------------
MODIFIED5_95_0_, channel1_.CODE as CODE6_95_0_, channel1_.DESCRIPTION
as DESCRIPT7_95_0_, company2_.id as id1_39_1_, company2_."VERSION" as
VERSION2_39_1_, company2_.AUTH_BY as AUTH8_39_1_, company2_.AUTH_DATE
as AUTH3_39_1_, company2_.CREATED_BY as CREATED9_39_1_,
company2_.CREATED_DATE as CREATED4_39_1_, company2_.MODIFIED_BY as
MODIFIE10_39_1_, company2_.MODIFIED_DATE as MODIFIED5_39_1_,
company2_.AUTH_MATRIX_ID as AUTH11_39_1_, company2_.CHANNEL_ID as
CHANNEL12_39_1_, company2_.CODE as CODE6_39_1_, company2_.CONTACT_ID as
CONTACT13_39_1_, company2_.COUNTRY_ID as COUNTRY14_39_1_, co

Plan hash value: 2190815641

--------------------------------------------------------------------------------------------------------------------------------------------------------------
| Id  | Operation                                                                    | Name                          | Rows  | Bytes | Cost (%CPU)| Time     |
--------------------------------------------------------------------------------------------------------------------------------------------------------------
|   0 | SELECT STATEMENT                                                             |                               |       |       |   367 (100)|          |
|   1 |  SORT ORDER BY                                                               |                               |     1 | 24278 |   367   (2)| 00:00:05 |
|   2 |   NESTED LOOPS OUTER                                                         |                               |     1 | 24278 |   366   (1)| 00:00:05 |
|   3 |    NESTED LOOPS OUTER                                                        |                               |     1 | 24134 |   365   (1)| 00:00:05 |
|   4 |     NESTED LOOPS OUTER                                                       |                               |     1 | 24058 |   364   (1)| 00:00:05 |
|   5 |      NESTED LOOPS OUTER                                                      |                               |     1 | 21696 |   364   (1)| 00:00:05 |
|   6 |       NESTED LOOPS OUTER                                                     |                               |     1 | 21666 |   362   (1)| 00:00:05 |
|   7 |        NESTED LOOPS OUTER                                                    |                               |     1 | 21636 |   360   (1)| 00:00:05 |
|   8 |         NESTED LOOPS OUTER                                                   |                               |     1 | 21576 |   359   (1)| 00:00:05 |
|   9 |          NESTED LOOPS OUTER                                                  |                               |     1 | 21523 |   358   (1)| 00:00:05 |
|  10 |           NESTED LOOPS OUTER                                                 |                               |     1 | 21478 |   357   (1)| 00:00:05 |
|  11 |            NESTED LOOPS OUTER                                                |                               |     1 | 21437 |   356   (1)| 00:00:05 |
|  12 |             NESTED LOOPS OUTER                                               |                               |     1 | 21382 |   355   (1)| 00:00:05 |
|  13 |              NESTED LOOPS OUTER                                              |                               |     1 | 21299 |   354   (1)| 00:00:05 |
|  14 |               NESTED LOOPS OUTER                                             |                               |     1 | 21219 |   353   (1)| 00:00:05 |
|  15 |                NESTED LOOPS OUTER                                            |                               |     1 | 21166 |   353   (1)| 00:00:05 |
|  16 |                 NESTED LOOPS OUTER                                           |                               |     1 | 21121 |   353   (1)| 00:00:05 |
|  17 |                  NESTED LOOPS OUTER                                          |                               |     1 | 21076 |   352   (1)| 00:00:05 |
|  18 |                   NESTED LOOPS OUTER                                         |                               |     1 | 21031 |   352   (1)| 00:00:05 |
|  19 |                    NESTED LOOPS OUTER                                        |                               |     1 | 20986 |   352   (1)| 00:00:05 |
|  20 |                     NESTED LOOPS OUTER                                       |                               |     1 | 20945 |   352   (1)| 00:00:05 |
|  21 |                      NESTED LOOPS OUTER                                      |                               |     1 | 20890 |   352   (1)| 00:00:05 |
|  22 |                       NESTED LOOPS OUTER                                     |                               |     1 | 20843 |   352   (1)| 00:00:05 |
|  23 |                        HASH JOIN RIGHT OUTER                                 |                               |     1 | 18044 |   352   (1)| 00:00:05 |
|  24 |                         TABLE ACCESS FULL                                    | PAY_BILLER_DATA               |     1 |   339 |     2   (0)| 00:00:01 |
|  25 |                         NESTED LOOPS OUTER                                   |                               |     1 | 17705 |   350   (1)| 00:00:05 |
|  26 |                          NESTED LOOPS OUTER                                  |                               |     1 | 17268 |   350   (1)| 00:00:05 |
|  27 |                           NESTED LOOPS OUTER                                 |                               |     1 | 17081 |   350   (1)| 00:00:05 |
|  28 |                            NESTED LOOPS OUTER                                |                               |     1 | 16511 |   350   (1)| 00:00:05 |
|  29 |                             NESTED LOOPS OUTER                               |                               |     1 | 16341 |   350   (1)| 00:00:05 |
|  30 |                              NESTED LOOPS OUTER                              |                               |     1 | 16154 |   350   (1)| 00:00:05 |
|  31 |                               NESTED LOOPS OUTER                             |                               |     1 | 15584 |   350   (1)| 00:00:05 |
|  32 |                                NESTED LOOPS OUTER                            |                               |     1 | 15336 |   350   (1)| 00:00:05 |
|  33 |                                 NESTED LOOPS OUTER                           |                               |     1 | 14218 |   350   (1)| 00:00:05 |
|  34 |                                  NESTED LOOPS OUTER                          |                               |     1 | 14188 |   349   (1)| 00:00:05 |
|  35 |                                   NESTED LOOPS OUTER                         |                               |     1 | 14100 |   348   (1)| 00:00:05 |
|  36 |                                    NESTED LOOPS OUTER                        |                               |     1 | 14012 |   347   (1)| 00:00:05 |
|  37 |                                     NESTED LOOPS OUTER                       |                               |     1 | 13968 |   346   (1)| 00:00:05 |
|  38 |                                      NESTED LOOPS OUTER                      |                               |     1 | 13880 |   345   (1)| 00:00:05 |
|  39 |                                       NESTED LOOPS OUTER                     |                               |     1 | 13817 |   344   (1)| 00:00:05 |
|  40 |                                        HASH JOIN OUTER                       |                               |     1 | 13811 |   344   (1)| 00:00:05 |
|  41 |                                         NESTED LOOPS OUTER                   |                               |     1 | 13786 |   320   (1)| 00:00:04 |
|  42 |                                          NESTED LOOPS OUTER                  |                               |     1 | 13741 |   319   (1)| 00:00:04 |
|  43 |                                           NESTED LOOPS OUTER                 |                               |     1 | 13696 |   319   (1)| 00:00:04 |
|  44 |                                            NESTED LOOPS OUTER                |                               |     1 | 13651 |   319   (1)| 00:00:04 |
|  45 |                                             NESTED LOOPS OUTER               |                               |     1 | 13606 |   318   (1)| 00:00:04 |
|  46 |                                              NESTED LOOPS OUTER              |                               |     1 | 13539 |   317   (1)| 00:00:04 |
|  47 |                                               NESTED LOOPS OUTER             |                               |     1 | 13463 |   316   (1)| 00:00:04 |
|  48 |                                                NESTED LOOPS OUTER            |                               |     1 | 13418 |   315   (1)| 00:00:04 |
|  49 |                                                 NESTED LOOPS OUTER           |                               |     1 | 13373 |   314   (1)| 00:00:04 |
|  50 |                                                  NESTED LOOPS OUTER          |                               |     1 | 13328 |   313   (1)| 00:00:04 |
|  51 |                                                   NESTED LOOPS OUTER         |                               |     1 | 13283 |   312   (1)| 00:00:04 |
|  52 |                                                    NESTED LOOPS OUTER        |                               |     1 | 13236 |   312   (1)| 00:00:04 |
|  53 |                                                     NESTED LOOPS OUTER       |                               |     1 | 12821 |   312   (1)| 00:00:04 |
|  54 |                                                      NESTED LOOPS OUTER      |                               |     1 | 12774 |   312   (1)| 00:00:04 |
|  55 |                                                       HASH JOIN RIGHT OUTER  |                               |     1 | 12725 |   312   (1)| 00:00:04 |
|  56 |                                                        TABLE ACCESS FULL     | FND_TENANT_APPLICATION_LOCALE |     1 |    30 |     3   (0)| 00:00:01 |
|  57 |                                                        HASH JOIN RIGHT OUTER |                               |     1 | 12695 |   309   (1)| 00:00:04 |
|  58 |                                                         TABLE ACCESS FULL    | FND_TENANT_OPERATING_COUNTRY  |     1 |    28 |     3   (0)| 00:00:01 |
|  59 |                                                         NESTED LOOPS OUTER   |                               |     1 | 12667 |   306   (1)| 00:00:04 |
|  60 |                                                          NESTED LOOPS OUTER  |                               |     1 | 12639 |   305   (1)| 00:00:04 |
|  61 |                                                           NESTED LOOPS OUTER |                               |     1 | 12600 |   304   (1)| 00:00:04 |
|  62 | R                                                          NESTED LOOPS OUTE |                               |     1 | 12575 |   303   (1)| 00:00:04 |
|  63 | ER                                                          NESTED LOOPS OUT |                               |     1 | 12550 |   302   (1)| 00:00:04 |
|  64 | TER                                                          NESTED LOOPS OU |                               |     1 | 12424 |   302   (1)| 00:00:04 |
|  65 | UTER                                                          NESTED LOOPS O |                               |     1 | 12365 |   301   (1)| 00:00:04 |
|  66 | HT OUTER                                                       HASH JOIN RIG |                               |     1 | 12320 |   300   (1)| 00:00:04 |
|  67 |  FULL                                                           TABLE ACCESS | FND_DOCUMENT_DETAIL           |     1 |  2080 |     2   (0)| 00:00:01 |
|  68 |  OUTER                                                          NESTED LOOPS |                               |     1 | 10240 |   298   (1)| 00:00:04 |
|  69 | S OUTER                                                          NESTED LOOP |                               |     1 | 10148 |   298   (1)| 00:00:04 |
|  70 | PS OUTER                                                          NESTED LOO |                               |     1 | 10060 |   298   (1)| 00:00:04 |
|  71 | OPS OUTER                                                          NESTED LO |                               |     1 | 10015 |   297   (1)| 00:00:04 |
|  72 | OOPS OUTER                                                          NESTED L |                               |     1 |  9970 |   296   (1)| 00:00:04 |
|  73 | LOOPS OUTER                                                          NESTED  |                               |     1 |  9915 |   295   (1)| 00:00:04 |
|  74 |  LOOPS OUTER                                                          NESTED |                               |     1 |  9870 |   294   (1)| 00:00:04 |
|  75 | D LOOPS OUTER                                                          NESTE |                               |     1 |  9815 |   293   (1)| 00:00:04 |
|  76 | ED LOOPS OUTER                                                          NEST |                               |     1 |  9771 |   292   (1)| 00:00:04 |
|  77 | TED LOOPS OUTER                                                          NES |                               |     1 |  9688 |   291   (1)| 00:00:04 |
|  78 | SH JOIN OUTER                                                             HA |                               |     1 |  9635 |   290   (1)| 00:00:04 |
|  79 | ESTED LOOPS OUTER                                                          N |                               |     1 |  9623 |   265   (0)| 00:00:04 |
|  80 |.NESTED LOOPS OUTER                                                           |                               |     1 |  9497 |   264   (0)| 00:00:04 |
|  81 |. NESTED LOOPS OUTER                                                          |                               |     1 |  9452 |   263   (0)| 00:00:04 |
|  82 |.  NESTED LOOPS OUTER                                                         |                               |     1 |  9407 |   262   (0)| 00:00:04 |
|  83 |.   NESTED LOOPS OUTER                                                        |                               |     1 |  9362 |   261   (0)| 00:00:04 |
|  84 |.    NESTED LOOPS OUTER                                                       |                               |     1 |  9300 |   260   (0)| 00:00:04 |
|  85 |.     NESTED LOOPS OUTER                                                      |                               |     1 |  9272 |   259   (0)| 00:00:04 |
|  86 |.      NESTED LOOPS OUTER                                                     |                               |     1 |  9146 |   258   (0)| 00:00:04 |
|  87 |.       NESTED LOOPS OUTER                                                    |                               |     1 |  9121 |   257   (0)| 00:00:04 |
|  88 |.        NESTED LOOPS OUTER                                                   |                               |     1 |  9096 |   256   (0)| 00:00:04 |
|  89 |.         NESTED LOOPS                                                        |                               |     1 |  9033 |   256   (0)| 00:00:04 |
|  90 |.          NESTED LOOPS OUTER                                                 |                               |     1 |  8988 |   255   (0)| 00:00:04 |
|  91 |.           NESTED LOOPS OUTER                                                |                               |     1 |  8943 |   255   (0)| 00:00:04 |
|  92 |.            NESTED LOOPS OUTER                                               |                               |     1 |  8898 |   254   (0)| 00:00:04 |
|  93 |.             NESTED LOOPS OUTER                                              |                               |     1 |  8853 |   254   (0)| 00:00:04 |
|  94 |.              NESTED LOOPS OUTER                                             |                               |     1 |  8808 |   253   (0)| 00:00:04 |
|  95 |.               NESTED LOOPS OUTER                                            |                               |     1 |  8763 |   252   (0)| 00:00:04 |
|  96 |.                NESTED LOOPS OUTER                                           |                               |     1 |  8718 |   251   (0)| 00:00:04 |
|  97 |.                 NESTED LOOPS OUTER                                          |                               |     1 |  8673 |   250   (0)| 00:00:03 |
|  98 |.                  NESTED LOOPS OUTER                                         |                               |     1 |  8628 |   249   (0)| 00:00:03 |
|  99 |.                   NESTED LOOPS OUTER                                        |                               |     1 |  8600 |   248   (0)| 00:00:03 |
| 100 |.                    NESTED LOOPS OUTER                                       |                               |     1 |  8538 |   247   (0)| 00:00:03 |
| 101 |.                     NESTED LOOPS OUTER                                      |                               |     1 |  8507 |   247   (0)| 00:00:03 |
| 102 |.                      NESTED LOOPS OUTER                                     |                               |     1 |  8450 |   247   (0)| 00:00:03 |
| 103 |.                       NESTED LOOPS OUTER                                    |                               |     1 |  8405 |   246   (0)| 00:00:03 |
| 104 |.                        NESTED LOOPS OUTER                                   |                               |     1 |  8360 |   245   (0)| 00:00:03 |
| 105 |.                         NESTED LOOPS OUTER                                  |                               |     1 |  8315 |   245   (0)| 00:00:03 |
| 106 |.                          NESTED LOOPS OUTER                                 |                               |     1 |  8235 |   244   (0)| 00:00:03 |
| 107 |.                           NESTED LOOPS OUTER                                |                               |     1 |  8155 |   243   (0)| 00:00:03 |
| 108 |.                            NESTED LOOPS OUTER                               |                               |     1 |  8114 |   242   (0)| 00:00:03 |
| 109 |.                             NESTED LOOPS OUTER                              |                               |     1 |  8073 |   241   (0)| 00:00:03 |
| 110 |.                              NESTED LOOPS OUTER                             |                               |     1 |  8038 |   240   (0)| 00:00:03 |
| 111 |.                               NESTED LOOPS OUTER                            |                               |     1 |  8007 |   239   (0)| 00:00:03 |
| 112 |.                                NESTED LOOPS OUTER                           |                               |     1 |  7979 |   238   (0)| 00:00:03 |
| 113 |.                                 NESTED LOOPS OUTER                          |                               |     1 |  7938 |   237   (0)| 00:00:03 |
| 114 |.                                  NESTED LOOPS OUTER                         |                               |     1 |  7883 |   236   (0)| 00:00:03 |
| 115 |.                                   NESTED LOOPS OUTER                        |                               |     1 |  7855 |   235   (0)| 00:00:03 |
| 116 |.                                    NESTED LOOPS OUTER                       |                               |     1 |  7733 |   234   (0)| 00:00:03 |
| 117 |.                                     NESTED LOOPS OUTER                      |                               |     1 |  7611 |   233   (0)| 00:00:03 |
| 118 |.                                      NESTED LOOPS OUTER                     |                               |     1 |  7562 |   233   (0)| 00:00:03 |
| 119 |.                                       NESTED LOOPS OUTER                    |                               |     1 |  7523 |   233   (0)| 00:00:03 |
| 120 |.                                        NESTED LOOPS OUTER                   |                               |     1 |  7492 |   233   (0)| 00:00:03 |
| 121 |.                                         NESTED LOOPS OUTER                  |                               |     1 |  7458 |   233   (0)| 00:00:03 |
| 122 |.                                          MERGE JOIN OUTER                   |                               |     1 |  7043 |   233   (0)| 00:00:03 |
| 123 |.                                           NESTED LOOPS OUTER                |                               |     1 |  6983 |   232   (0)| 00:00:03 |
| 124 |.                                            HASH JOIN OUTER                  |                               |     1 |  6949 |   232   (0)| 00:00:03 |
| 125 |.                                             HASH JOIN OUTER                 |                               |     1 |  4150 |   230   (0)| 00:00:03 |
| 126 |.                                              HASH JOIN OUTER                |                               |     1 |  3775 |   228   (0)| 00:00:03 |
| 127 |.                                               NESTED LOOPS OUTER            |                               |     1 |   976 |   226   (0)| 00:00:03 |
| 128 |.                                                NESTED LOOPS OUTER           |                               |     1 |   539 |   226   (0)| 00:00:03 |
| 129 |.                                                 TABLE ACCESS BY INDEX ROWID | LIMIT_DEFINITION_DETAIL       |     1 |   124 |   226   (0)| 00:00:03 |
| 130 |.                                                  INDEX SKIP SCAN            | DEFINITION_DETAILS_UK         |     1 |       |   225   (0)| 00:00:03 |
| 131 |.                                                 TABLE ACCESS BY INDEX ROWID | FND_COMPANY                   |     1 |   415 |     0   (0)|          |
| 132 |.                                                  INDEX UNIQUE SCAN          | COMPANY_PK                    |     1 |       |     0   (0)|          |
| 133 |.                                                TABLE ACCESS BY INDEX ROWID  | PAY_BILLER                    |     1 |   437 |     0   (0)|          |
| 134 |.                                                 INDEX UNIQUE SCAN           | BILLER_PK                     |     1 |       |     0   (0)|          |
| 135 |.                                               TABLE ACCESS FULL             | PAY_BILLER_METADATA           |     1 |  2799 |     2   (0)| 00:00:01 |
| 136 |.                                              TABLE ACCESS FULL              | PAY_BILLER_SERVICE            |     1 |   375 |     2   (0)| 00:00:01 |
| 137 |.                                             TABLE ACCESS FULL               | PAY_BILLER_METADATA           |     1 |  2799 |     2   (0)| 00:00:01 |
| 138 |.                                            TABLE ACCESS BY INDEX ROWID      | FND_GROUP                     |     1 |    34 |     0   (0)|          |
| 139 |.                                             INDEX UNIQUE SCAN               | GROUP_PK                      |     1 |       |     0   (0)|          |
| 140 |.                                           BUFFER SORT                       |                               |     1 |    60 |   233   (0)| 00:00:03 |
| 141 |.                                            TABLE ACCESS BY INDEX ROWID      | PAY_BENE                      |     1 |    60 |     1   (0)| 00:00:01 |
| 142 |.                                             INDEX UNIQUE SCAN               | BENE_PK                       |     1 |       |     0   (0)|          |
| 143 |.                                          TABLE ACCESS BY INDEX ROWID        | FND_COMPANY                   |     1 |   415 |     0   (0)|          |
| 144 |.                                           INDEX UNIQUE SCAN                 | COMPANY_PK                    |     1 |       |     0   (0)|          |
| 145 |.                                         TABLE ACCESS BY INDEX ROWID         | FND_GROUP                     |     1 |    34 |     0   (0)|          |
| 146 |.                                          INDEX UNIQUE SCAN                  | GROUP_PK                      |     1 |       |     0   (0)|          |
| 147 |.                                        TABLE ACCESS BY INDEX ROWID          | INF_CHANNEL                   |     1 |    31 |     0   (0)|          |
| 148 |.                                         INDEX UNIQUE SCAN                   | INF_CHANNEL_PK                |     1 |       |     0   (0)|          |
| 149 |.                                       TABLE ACCESS BY INDEX ROWID           | FND_SEGMENT                   |     1 |    39 |     0   (0)|          |
| 150 |.                                        INDEX UNIQUE SCAN                    | SEGMENT_PK                    |     1 |       |     0   (0)|          |
| 151 |.                                      TABLE ACCESS BY INDEX ROWID            | FND_SPECIAL_CATEGORY          |     1 |    49 |     0   (0)|          |
| 152 |.                                       INDEX UNIQUE SCAN                     | SPECIAL_CATEGORY_PK           |     1 |       |     0   (0)|          |
| 153 |.                                     TABLE ACCESS BY INDEX ROWID             | LIMIT_DEFINITION              |     1 |   122 |     1   (0)| 00:00:01 |
| 154 |.                                      INDEX UNIQUE SCAN                      | DEFINITION_PK                 |     1 |       |     0   (0)|          |
| 155 |.                                    TABLE ACCESS BY INDEX ROWID              | LIMIT_DEFINITION              |     1 |   122 |     1   (0)| 00:00:01 |
| 156 |.                                     INDEX UNIQUE SCAN                       | DEFINITION_PK                 |     1 |       |     0   (0)|          |
| 157 |.                                   TABLE ACCESS BY INDEX ROWID               | FND_TENANT_APPLICATION        |     1 |    28 |     1   (0)| 00:00:01 |
| 158 |.                                    INDEX UNIQUE SCAN                        | TENANT_APPLICATION_PK         |     1 |       |     0   (0)|          |
| 159 |.                                  TABLE ACCESS BY INDEX ROWID                | FND_CURRENCY                  |     1 |    55 |     1   (0)| 00:00:01 |
| 160 |.                                   INDEX UNIQUE SCAN                         | CURRENCY_PK                   |     1 |       |     0   (0)|          |
| 161 |.                                 TABLE ACCESS BY INDEX ROWID                 | INF_TENANT_SERVICE            |     1 |    41 |     1   (0)| 00:00:01 |
| 162 |.                                  INDEX UNIQUE SCAN                          | TENANT_SERVICE_PK             |     1 |       |     0   (0)|          |
| 163 |.                                TABLE ACCESS BY INDEX ROWID                  | FND_TENANT_APPLICATION        |     1 |    28 |     1   (0)| 00:00:01 |
| 164 |.                                 INDEX UNIQUE SCAN                           | TENANT_APPLICATION_PK         |     1 |       |     0   (0)|          |
| 165 |.                               TABLE ACCESS BY INDEX ROWID                   | INF_CHANNEL                   |     1 |    31 |     1   (0)| 00:00:01 |
| 166 |.                                INDEX UNIQUE SCAN                            | INF_CHANNEL_PK                |     1 |       |     0   (0)|          |
| 167 |.                              TABLE ACCESS BY INDEX ROWID                    | INF_SERVICE_APPLICATION       |     1 |    35 |     1   (0)| 00:00:01 |
| 168 |.                               INDEX UNIQUE SCAN                             | SERVICE_APPLICATION_PK        |     1 |       |     0   (0)|          |
| 169 |.                             TABLE ACCESS BY INDEX ROWID                     | INF_TENANT_SERVICE            |     1 |    41 |     1   (0)| 00:00:01 |
| 170 |.                              INDEX UNIQUE SCAN                              | TENANT_SERVICE_PK             |     1 |       |     0   (0)|          |
| 171 |.                            TABLE ACCESS BY INDEX ROWID                      | INF_TENANT_SERVICE            |     1 |    41 |     1   (0)| 00:00:01 |
| 172 |.                             INDEX UNIQUE SCAN                               | TENANT_SERVICE_PK             |     1 |       |     0   (0)|          |
| 173 |.                           TABLE ACCESS BY INDEX ROWID                       | INF_SERVICE                   |     1 |    80 |     1   (0)| 00:00:01 |
| 174 |.                            INDEX UNIQUE SCAN                                | SERVICE_PK                    |     1 |       |     0   (0)|          |
| 175 |.                          TABLE ACCESS BY INDEX ROWID                        | INF_SERVICE                   |     1 |    80 |     1   (0)| 00:00:01 |
| 176 |.                           INDEX UNIQUE SCAN                                 | SERVICE_PK                    |     1 |       |     0   (0)|          |
| 177 |.                         TABLE ACCESS BY INDEX ROWID                         | FND_COUNTRY                   |     1 |    45 |     0   (0)|          |
| 178 |.                          INDEX UNIQUE SCAN                                  | COUNTRY_PK                    |     1 |       |     0   (0)|          |
| 179 |.                        TABLE ACCESS BY INDEX ROWID                          | FND_COUNTRY                   |     1 |    45 |     1   (0)| 00:00:01 |
| 180 |.                         INDEX UNIQUE SCAN                                   | COUNTRY_PK                    |     1 |       |     0   (0)|          |
| 181 |.                       TABLE ACCESS BY INDEX ROWID                           | FND_COUNTRY                   |     1 |    45 |     1   (0)| 00:00:01 |

PLAN_TABLE_OUTPUT
------------------------------------------------------------------------------------------------------------------------------------------------------------------------------------------------------------------------------------------------------------------------------------------------------------
| 182 |.                        INDEX UNIQUE SCAN                                    | COUNTRY_PK                    |     1 |       |     0   (0)|          |
| 183 |.                      TABLE ACCESS BY INDEX ROWID                            | FND_TENANT_LOOKUP_VALUE       |     1 |    57 |     0   (0)|          |
| 184 |.                       INDEX UNIQUE SCAN                                     | TENANT_LOOKUP_VALUE_PK        |     1 |       |     0   (0)|          |
| 185 |.                     TABLE ACCESS BY INDEX ROWID                             | INF_CHANNEL                   |     1 |    31 |     0   (0)|          |
| 186 |.                      INDEX UNIQUE SCAN                                      | INF_CHANNEL_PK                |     1 |       |     0   (0)|          |
| 187 |.                    TABLE ACCESS BY INDEX ROWID                              | FND_TENANT_LOOKUP_TYPE        |     1 |    62 |     1   (0)| 00:00:01 |
| 188 |.                     INDEX UNIQUE SCAN                                       | TENANT_LOOKUP_TYPE_PK         |     1 |       |     0   (0)|          |
| 189 |.                   TABLE ACCESS BY INDEX ROWID                               | FND_TENANT_APPLICATION        |     1 |    28 |     1   (0)| 00:00:01 |
| 190 |.                    INDEX UNIQUE SCAN                                        | TENANT_APPLICATION_PK         |     1 |       |     0   (0)|          |
| 191 |.                  TABLE ACCESS BY INDEX ROWID                                | FND_COUNTRY                   |     1 |    45 |     1   (0)| 00:00:01 |
| 192 |.                   INDEX UNIQUE SCAN                                         | COUNTRY_PK                    |     1 |       |     0   (0)|          |
| 193 |.                 TABLE ACCESS BY INDEX ROWID                                 | FND_LOOKUP_VALUE              |     1 |    45 |     1   (0)| 00:00:01 |
| 194 |.                  INDEX UNIQUE SCAN                                          | LOOKUP_VALUE_PK               |     1 |       |     0   (0)|          |
| 195 |.                TABLE ACCESS BY INDEX ROWID                                  | FND_LOOKUP_VALUE              |     1 |    45 |     1   (0)| 00:00:01 |
| 196 |.                 INDEX UNIQUE SCAN                                           | LOOKUP_VALUE_PK               |     1 |       |     0   (0)|          |
| 197 |.               TABLE ACCESS BY INDEX ROWID                                   | FND_LOOKUP_VALUE              |     1 |    45 |     1   (0)| 00:00:01 |
| 198 |.                INDEX UNIQUE SCAN                                            | LOOKUP_VALUE_PK               |     1 |       |     0   (0)|          |
| 199 |.              TABLE ACCESS BY INDEX ROWID                                    | FND_LOOKUP_VALUE              |     1 |    45 |     1   (0)| 00:00:01 |
| 200 |.               INDEX UNIQUE SCAN                                             | LOOKUP_VALUE_PK               |     1 |       |     0   (0)|          |
| 201 |.             TABLE ACCESS BY INDEX ROWID                                     | FND_LOOKUP_VALUE              |     1 |    45 |     0   (0)|          |
| 202 |.              INDEX UNIQUE SCAN                                              | LOOKUP_VALUE_PK               |     1 |       |     0   (0)|          |
| 203 |.            TABLE ACCESS BY INDEX ROWID                                      | FND_LOOKUP_VALUE              |     1 |    45 |     1   (0)| 00:00:01 |
| 204 |.             INDEX UNIQUE SCAN                                               | LOOKUP_VALUE_PK               |     1 |       |     0   (0)|          |
| 205 |.           TABLE ACCESS BY INDEX ROWID                                       | FND_LOOKUP_VALUE              |     1 |    45 |     0   (0)|          |
| 206 |.            INDEX UNIQUE SCAN                                                | LOOKUP_VALUE_PK               |     1 |       |     0   (0)|          |
| 207 |.          TABLE ACCESS BY INDEX ROWID                                        | FND_LOOKUP_VALUE              |     1 |    45 |     1   (0)| 00:00:01 |
| 208 |.           INDEX UNIQUE SCAN                                                 | LOOKUP_VALUE_PK               |     1 |       |     0   (0)|          |
| 209 |.         TABLE ACCESS BY INDEX ROWID                                         | FND_CIF                       |     1 |    63 |     0   (0)|          |
| 210 |.          INDEX UNIQUE SCAN                                                  | CIF_PK                        |     1 |       |     0   (0)|          |
| 211 |.        TABLE ACCESS BY INDEX ROWID                                          | USER_LOGIN_PROFILE_EXTEND     |     1 |    25 |     1   (0)| 00:00:01 |
| 212 |.         INDEX UNIQUE SCAN                                                   | LOGIN_PROFILE_EXTEND_PK       |     1 |       |     0   (0)|          |
| 213 |.       TABLE ACCESS BY INDEX ROWID                                           | USER_LOGIN_PROFILE_EXTEND     |     1 |    25 |     1   (0)| 00:00:01 |
| 214 |.        INDEX UNIQUE SCAN                                                    | LOGIN_PROFILE_EXTEND_PK       |     1 |       |     0   (0)|          |
| 215 |.      TABLE ACCESS BY INDEX ROWID                                            | USER_LOGIN_PROFILE            |     1 |   126 |     1   (0)| 00:00:01 |
| 216 |.       INDEX UNIQUE SCAN                                                     | LOGIN_PROFILE_PK              |     1 |       |     0   (0)|          |
| 217 |.     TABLE ACCESS BY INDEX ROWID                                             | FND_TENANT_APPLICATION        |     1 |    28 |     1   (0)| 00:00:01 |
| 218 |.      INDEX UNIQUE SCAN                                                      | TENANT_APPLICATION_PK         |     1 |       |     0   (0)|          |
| 219 |.    TABLE ACCESS BY INDEX ROWID                                              | FND_TENANT                    |     1 |    62 |     1   (0)| 00:00:01 |
| 220 |.     INDEX UNIQUE SCAN                                                       | TENANT_PK                     |     1 |       |     0   (0)|          |
| 221 |.   TABLE ACCESS BY INDEX ROWID                                               | FND_COUNTRY                   |     1 |    45 |     1   (0)| 00:00:01 |
| 222 |.    INDEX UNIQUE SCAN                                                        | COUNTRY_PK                    |     1 |       |     0   (0)|          |
| 223 |.  TABLE ACCESS BY INDEX ROWID                                                | FND_LOOKUP_VALUE              |     1 |    45 |     1   (0)| 00:00:01 |
| 224 |.   INDEX UNIQUE SCAN                                                         | LOOKUP_VALUE_PK               |     1 |       |     0   (0)|          |
| 225 |. TABLE ACCESS BY INDEX ROWID                                                 | FND_LOOKUP_VALUE              |     1 |    45 |     1   (0)| 00:00:01 |
| 226 |.  INDEX UNIQUE SCAN                                                          | LOOKUP_VALUE_PK               |     1 |       |     0   (0)|          |
| 227 |.TABLE ACCESS BY INDEX ROWID                                                  | USER_LOGIN_PROFILE            |     1 |   126 |     1   (0)| 00:00:01 |
| 228 |. INDEX UNIQUE SCAN                                                           | LOGIN_PROFILE_PK              |     1 |       |     0   (0)|          |
| 229 | ABLE ACCESS FULL                                                           T | FND_CIF_ACCOUNT               | 33093 |   387K|    24   (5)| 00:00:01 |
| 230 | BLE ACCESS BY INDEX ROWID                                                 TA | ACCT_ACCOUNT                  |     1 |    53 |     1   (0)| 00:00:01 |
| 231 | NDEX UNIQUE SCAN                                                           I | ACCOUNT_PK                    |     1 |       |     0   (0)|          |
| 232 | LE ACCESS BY INDEX ROWID                                                 TAB | ACCT_PRODUCT                  |     1 |    83 |     1   (0)| 00:00:01 |
| 233 | DEX UNIQUE SCAN                                                           IN | PRODUCT_PK                    |     1 |       |     0   (0)|          |
| 234 | E ACCESS BY INDEX ROWID                                                 TABL | ACCT_PRODUCT_TYPE             |     1 |    44 |     1   (0)| 00:00:01 |
| 235 | EX UNIQUE SCAN                                                           IND | PRODUCT_TYPE_PK               |     1 |       |     0   (0)|          |
| 236 |  ACCESS BY INDEX ROWID                                                 TABLE | FND_CURRENCY                  |     1 |    55 |     1   (0)| 00:00:01 |
| 237 | X UNIQUE SCAN                                                           INDE | CURRENCY_PK                   |     1 |       |     0   (0)|          |
| 238 | ACCESS BY INDEX ROWID                                                 TABLE  | FND_LOOKUP_VALUE              |     1 |    45 |     1   (0)| 00:00:01 |
| 239 |  UNIQUE SCAN                                                           INDEX | LOOKUP_VALUE_PK               |     1 |       |     0   (0)|          |
| 240 | CCESS BY INDEX ROWID                                                 TABLE A | FND_LOOKUP_TYPE               |     1 |    55 |     1   (0)| 00:00:01 |
| 241 | UNIQUE SCAN                                                           INDEX  | LOOKUP_TYPE_PK                |     1 |       |     0   (0)|          |
| 242 | CESS BY INDEX ROWID                                                 TABLE AC | FND_COUNTRY                   |     1 |    45 |     1   (0)| 00:00:01 |
| 243 | NIQUE SCAN                                                           INDEX U | COUNTRY_PK                    |     1 |       |     0   (0)|          |
| 244 | ESS BY INDEX ROWID                                                 TABLE ACC | FND_LOOKUP_VALUE              |     1 |    45 |     1   (0)| 00:00:01 |
| 245 | IQUE SCAN                                                           INDEX UN | LOOKUP_VALUE_PK               |     1 |       |     0   (0)|          |
| 246 | SS BY INDEX ROWID                                                 TABLE ACCE | FND_CONTACT                   |     1 |    88 |     0   (0)|          |
| 247 | QUE SCAN                                                           INDEX UNI | CONTACT_PK                    |     1 |       |     0   (0)|          |
| 248 | S BY INDEX ROWID                                                 TABLE ACCES | FND_DOCUMENT                  |     1 |    92 |     0   (0)|          |
| 249 | UE SCAN                                                           INDEX UNIQ | DOCUMENT_PK                   |     1 |       |     0   (0)|          |
| 250 | BY INDEX ROWID                                                 TABLE ACCESS  | FND_COUNTRY                   |     1 |    45 |     1   (0)| 00:00:01 |
| 251 |  SCAN                                                           INDEX UNIQUE | COUNTRY_PK                    |     1 |       |     0   (0)|          |
| 252 | Y INDEX ROWID                                                 TABLE ACCESS B | FND_CITY                      |     1 |    59 |     1   (0)| 00:00:01 |
| 253 | SCAN                                                           INDEX UNIQUE  | CITY_PK                       |     1 |       |     0   (0)|          |
| 254 |  INDEX ROWID                                                 TABLE ACCESS BY | USER_LOGIN_PROFILE            |     1 |   126 |     0   (0)|          |
| 255 | CAN                                                           INDEX UNIQUE S | LOGIN_PROFILE_PK              |     1 |       |     0   (0)|          |
| 256 | INDEX ROWID                                                 TABLE ACCESS BY  | USER_CONTACT_DETAIL           |     1 |    25 |     1   (0)| 00:00:01 |
| 257 | AN                                                           INDEX UNIQUE SC | CONTACT_DETAIL_PK             |     1 |       |     0   (0)|          |
| 258 | NDEX ROWID                                                 TABLE ACCESS BY I | USER_LOGIN_PROFILE_EXTEND     |     1 |    25 |     1   (0)| 00:00:01 |
| 259 | N                                                           INDEX UNIQUE SCA | LOGIN_PROFILE_EXTEND_PK       |     1 |       |     0   (0)|          |
| 260 | DEX ROWID                                                 TABLE ACCESS BY IN | FND_SEGMENT                   |     1 |    39 |     1   (0)| 00:00:01 |
| 261 |                                                            INDEX UNIQUE SCAN | SEGMENT_PK                    |     1 |       |     0   (0)|          |
| 262 | EX ROWID                                                 TABLE ACCESS BY IND | FND_TENANT_APPLICATION        |     1 |    28 |     1   (0)| 00:00:01 |
| 263 |                                                           INDEX UNIQUE SCAN  | TENANT_APPLICATION_PK         |     1 |       |     0   (0)|          |
| 264 | ROWID                                                 TABLE ACCESS BY INDEX  | FND_SPECIAL_CATEGORY          |     1 |    49 |     0   (0)|          |
| 265 |                                                        INDEX UNIQUE SCAN     | SPECIAL_CATEGORY_PK           |     1 |       |     0   (0)|          |
| 266 | OWID                                                 TABLE ACCESS BY INDEX R | FND_DEPARTMENT                |     1 |    47 |     0   (0)|          |
| 267 |                                                       INDEX UNIQUE SCAN      | DEPARTMENT_PK                 |     1 |       |     0   (0)|          |
| 268 | WID                                                 TABLE ACCESS BY INDEX RO | FND_COMPANY                   |     1 |   415 |     0   (0)|          |
| 269 |                                                      INDEX UNIQUE SCAN       | COMPANY_PK                    |     1 |       |     0   (0)|          |
| 270 | ID                                                 TABLE ACCESS BY INDEX ROW | FND_DEPARTMENT                |     1 |    47 |     0   (0)|          |
| 271 |                                                     INDEX UNIQUE SCAN        | DEPARTMENT_PK                 |     1 |       |     0   (0)|          |
| 272 | D                                                 TABLE ACCESS BY INDEX ROWI | FND_COUNTRY                   |     1 |    45 |     1   (0)| 00:00:01 |
| 273 |                                                    INDEX UNIQUE SCAN         | COUNTRY_PK                    |     1 |       |     0   (0)|          |
| 274 |                                                  TABLE ACCESS BY INDEX ROWID | FND_LOOKUP_VALUE              |     1 |    45 |     1   (0)| 00:00:01 |
| 275 |                                                   INDEX UNIQUE SCAN          | LOOKUP_VALUE_PK               |     1 |       |     0   (0)|          |
| 276 |                                                 TABLE ACCESS BY INDEX ROWID  | FND_LOOKUP_VALUE              |     1 |    45 |     1   (0)| 00:00:01 |
| 277 |                                                  INDEX UNIQUE SCAN           | LOOKUP_VALUE_PK               |     1 |       |     0   (0)|          |
| 278 |                                                TABLE ACCESS BY INDEX ROWID   | FND_LOOKUP_VALUE              |     1 |    45 |     1   (0)| 00:00:01 |
| 279 |                                                 INDEX UNIQUE SCAN            | LOOKUP_VALUE_PK               |     1 |       |     0   (0)|          |
| 280 |                                               TABLE ACCESS BY INDEX ROWID    | FND_TENANT_BRANCH             |     1 |    76 |     1   (0)| 00:00:01 |
| 281 |                                                INDEX UNIQUE SCAN             | TENANT_BRANCH_PK              |     1 |       |     0   (0)|          |
| 282 |                                              TABLE ACCESS BY INDEX ROWID     | USER_PROFILE                  |     1 |    67 |     1   (0)| 00:00:01 |
| 283 |                                               INDEX UNIQUE SCAN              | PROFILE_PK                    |     1 |       |     0   (0)|          |
| 284 |                                             TABLE ACCESS BY INDEX ROWID      | FND_LOOKUP_VALUE              |     1 |    45 |     1   (0)| 00:00:01 |
| 285 |                                              INDEX UNIQUE SCAN               | LOOKUP_VALUE_PK               |     1 |       |     0   (0)|          |
| 286 |                                            TABLE ACCESS BY INDEX ROWID       | FND_LOOKUP_VALUE              |     1 |    45 |     0   (0)|          |
| 287 |                                             INDEX UNIQUE SCAN                | LOOKUP_VALUE_PK               |     1 |       |     0   (0)|          |
| 288 |                                           TABLE ACCESS BY INDEX ROWID        | FND_LOOKUP_VALUE              |     1 |    45 |     0   (0)|          |
| 289 |                                            INDEX UNIQUE SCAN                 | LOOKUP_VALUE_PK               |     1 |       |     0   (0)|          |
| 290 |                                          TABLE ACCESS BY INDEX ROWID         | FND_LOOKUP_VALUE              |     1 |    45 |     1   (0)| 00:00:01 |
| 291 |                                           INDEX UNIQUE SCAN                  | LOOKUP_VALUE_PK               |     1 |       |     0   (0)|          |
| 292 |                                         TABLE ACCESS FULL                    | USER_CIF                      | 18368 |   448K|    24   (5)| 00:00:01 |
| 293 |                                        INDEX UNIQUE SCAN                     | PROFILE_EXTEND_PK             |     1 |     6 |     0   (0)|          |
| 294 |                                       TABLE ACCESS BY INDEX ROWID            | FND_CIF                       |     1 |    63 |     1   (0)| 00:00:01 |
| 295 |                                        INDEX UNIQUE SCAN                     | CIF_PK                        |     1 |       |     0   (0)|          |
| 296 |                                      TABLE ACCESS BY INDEX ROWID             | FND_CONTACT                   |     1 |    88 |     1   (0)| 00:00:01 |
| 297 |                                       INDEX UNIQUE SCAN                      | CONTACT_PK                    |     1 |       |     0   (0)|          |
| 298 |                                     TABLE ACCESS BY INDEX ROWID              | FND_STATE                     |     1 |    44 |     1   (0)| 00:00:01 |
| 299 |                                      INDEX UNIQUE SCAN                       | STATE_PK                      |     1 |       |     0   (0)|          |
| 300 |                                    TABLE ACCESS BY INDEX ROWID               | FND_CONTACT                   |     1 |    88 |     1   (0)| 00:00:01 |
| 301 |                                     INDEX UNIQUE SCAN                        | CONTACT_PK                    |     1 |       |     0   (0)|          |
| 302 |                                   TABLE ACCESS BY INDEX ROWID                | FND_CONTACT                   |     1 |    88 |     1   (0)| 00:00:01 |
| 303 |                                    INDEX UNIQUE SCAN                         | CONTACT_PK                    |     1 |       |     0   (0)|          |
| 304 |                                  TABLE ACCESS BY INDEX ROWID                 | PAY_PAYEE_INSTRUCTION         |     1 |    30 |     1   (0)| 00:00:01 |
| 305 |                                   INDEX UNIQUE SCAN                          | PAY_PAYEE_INSTRUCTION_PK      |     1 |       |     0   (0)|          |
| 306 |                                 TABLE ACCESS BY INDEX ROWID                  | PAY_PG_INSTRUCTION            |     1 |  1118 |     0   (0)|          |
| 307 |                                  INDEX UNIQUE SCAN                           | PAY_PG_INSTRUCTION_PK         |     1 |       |     0   (0)|          |
| 308 |                                TABLE ACCESS BY INDEX ROWID                   | PAY_BILLER_INSTRUCTION        |     1 |   248 |     0   (0)|          |
| 309 |                                 INDEX UNIQUE SCAN                            | BILLER_INSTRUCTION_PK         |     1 |       |     0   (0)|          |
| 310 |                               TABLE ACCESS BY INDEX ROWID                    | PG_AGGREGATOR_MASTER          |     1 |   570 |     0   (0)|          |
| 311 |                                INDEX UNIQUE SCAN                             | PG_AGGREGATOR_MASTER_PK       |     1 |       |     0   (0)|          |
| 312 |                              TABLE ACCESS BY INDEX ROWID                     | PG_MERCHANT_MASTER            |     1 |   187 |     0   (0)|          |
| 313 |                               INDEX UNIQUE SCAN                              | PG_MERCHANT_MASTER_PK         |     1 |       |     0   (0)|          |
| 314 |                             TABLE ACCESS BY INDEX ROWID                      | PG_MER_AGG_MAPPING_MASTER     |     1 |   170 |     0   (0)|          |
| 315 |                              INDEX UNIQUE SCAN                               | PG_MER_AGG_MAPPING_MASTER_PK  |     1 |       |     0   (0)|          |
| 316 |                            TABLE ACCESS BY INDEX ROWID                       | PG_AGGREGATOR_MASTER          |     1 |   570 |     0   (0)|          |
| 317 |                             INDEX UNIQUE SCAN                                | PG_AGGREGATOR_MASTER_PK       |     1 |       |     0   (0)|          |
| 318 |                           TABLE ACCESS BY INDEX ROWID                        | PG_MERCHANT_MASTER            |     1 |   187 |     0   (0)|          |
| 319 |                            INDEX UNIQUE SCAN                                 | PG_MERCHANT_MASTER_PK         |     1 |       |     0   (0)|          |
| 320 |                          TABLE ACCESS BY INDEX ROWID                         | PAY_BILLER                    |     1 |   437 |     0   (0)|          |
| 321 |                           INDEX UNIQUE SCAN                                  | BILLER_PK                     |     1 |       |     0   (0)|          |
| 322 |                        TABLE ACCESS BY INDEX ROWID                           | PAY_BILLER_METADATA           |     1 |  2799 |     0   (0)|          |
| 323 |                         INDEX UNIQUE SCAN                                    | BILLER_METADATA_PK            |     1 |       |     0   (0)|          |
| 324 |                       TABLE ACCESS BY INDEX ROWID                            | PG_BILLER_BUSINESS_SUB_CAT    |     1 |    47 |     0   (0)|          |
| 325 |                        INDEX UNIQUE SCAN                                     | PG_BILLER_BUSINESS_SUB_CAT_PK |     1 |       |     0   (0)|          |
| 326 |                      TABLE ACCESS BY INDEX ROWID                             | FND_CURRENCY                  |     1 |    55 |     0   (0)|          |
| 327 |                       INDEX UNIQUE SCAN                                      | CURRENCY_PK                   |     1 |       |     0   (0)|          |
| 328 |                     TABLE ACCESS BY INDEX ROWID                              | INF_TENANT_SERVICE            |     1 |    41 |     0   (0)|          |
| 329 |                      INDEX UNIQUE SCAN                                       | TENANT_SERVICE_PK             |     1 |       |     0   (0)|          |
| 330 |                    TABLE ACCESS BY INDEX ROWID                               | FND_LOOKUP_VALUE              |     1 |    45 |     0   (0)|          |
| 331 |                     INDEX UNIQUE SCAN                                        | LOOKUP_VALUE_PK               |     1 |       |     0   (0)|          |
| 332 |                   TABLE ACCESS BY INDEX ROWID                                | FND_LOOKUP_VALUE              |     1 |    45 |     0   (0)|          |
| 333 |                    INDEX UNIQUE SCAN                                         | LOOKUP_VALUE_PK               |     1 |       |     0   (0)|          |
| 334 |                  TABLE ACCESS BY INDEX ROWID                                 | FND_LOOKUP_VALUE              |     1 |    45 |     1   (0)| 00:00:01 |
| 335 |                   INDEX UNIQUE SCAN                                          | LOOKUP_VALUE_PK               |     1 |       |     0   (0)|          |
| 336 |                 TABLE ACCESS BY INDEX ROWID                                  | FND_LOOKUP_VALUE              |     1 |    45 |     0   (0)|          |
| 337 |                  INDEX UNIQUE SCAN                                           | LOOKUP_VALUE_PK               |     1 |       |     0   (0)|          |
| 338 |                TABLE ACCESS BY INDEX ROWID                                   | ACCT_ACCOUNT                  |     1 |    53 |     0   (0)|          |
| 339 |                 INDEX UNIQUE SCAN                                            | ACCOUNT_PK                    |     1 |       |     0   (0)|          |
| 340 |               TABLE ACCESS BY INDEX ROWID                                    | PAY_BENE_INSTRUCTION          |     1 |    80 |     1   (0)| 00:00:01 |
| 341 |                INDEX UNIQUE SCAN                                             | BENE_INSTRUCTION_PK           |     1 |       |     0   (0)|          |
| 342 |              TABLE ACCESS BY INDEX ROWID                                     | ACCT_PRODUCT                  |     1 |    83 |     1   (0)| 00:00:01 |
| 343 |               INDEX UNIQUE SCAN                                              | PRODUCT_PK                    |     1 |       |     0   (0)|          |
| 344 |             TABLE ACCESS BY INDEX ROWID                                      | FND_CURRENCY                  |     1 |    55 |     1   (0)| 00:00:01 |
| 345 |              INDEX UNIQUE SCAN                                               | CURRENCY_PK                   |     1 |       |     0   (0)|          |
| 346 |            TABLE ACCESS BY INDEX ROWID                                       | INF_TENANT_SERVICE            |     1 |    41 |     1   (0)| 00:00:01 |
| 347 |             INDEX UNIQUE SCAN                                                | TENANT_SERVICE_PK             |     1 |       |     0   (0)|          |
| 348 |           TABLE ACCESS BY INDEX ROWID                                        | FND_LOOKUP_VALUE              |     1 |    45 |     1   (0)| 00:00:01 |
| 349 |            INDEX UNIQUE SCAN                                                 | LOOKUP_VALUE_PK               |     1 |       |     0   (0)|          |
| 350 |          TABLE ACCESS BY INDEX ROWID                                         | ACCT_ACCOUNT                  |     1 |    53 |     1   (0)| 00:00:01 |
| 351 |           INDEX UNIQUE SCAN                                                  | ACCOUNT_PK                    |     1 |       |     0   (0)|          |
| 352 |         TABLE ACCESS BY INDEX ROWID                                          | PAY_BENE                      |     1 |    60 |     1   (0)| 00:00:01 |
| 353 |          INDEX UNIQUE SCAN                                                   | BENE_PK                       |     1 |       |     0   (0)|          |
| 354 |        TABLE ACCESS BY INDEX ROWID                                           | PAY_PAYEE_BANK_BRANCH         |     1 |    30 |     2   (0)| 00:00:01 |
| 355 |         INDEX UNIQUE SCAN                                                    | PAY_PAYEE_BANK_BRANCH_PK      |     1 |       |     1   (0)| 00:00:01 |
| 356 |       TABLE ACCESS BY INDEX ROWID                                            | PAY_PAYEE_BANK_BRANCH         |     1 |    30 |     2   (0)| 00:00:01 |
| 357 |        INDEX UNIQUE SCAN                                                     | PAY_PAYEE_BANK_BRANCH_PK      |     1 |       |     1   (0)| 00:00:01 |
| 358 |      TABLE ACCESS BY INDEX ROWID                                             | PAY_FOREIGN_BANK_BRANCH       |     1 |  2362 |     0   (0)|          |
| 359 |       INDEX UNIQUE SCAN                                                      | FOREIGN_BANK_BRANCH_PK        |     1 |       |     0   (0)|          |
| 360 |     TABLE ACCESS BY INDEX ROWID                                              | FND_TENANT_BRANCH             |     1 |    76 |     1   (0)| 00:00:01 |
| 361 |      INDEX UNIQUE SCAN                                                       | TENANT_BRANCH_PK              |     1 |       |     0   (0)|          |
| 362 |    TABLE ACCESS BY INDEX ROWID                                               | PAY_DOMESTIC_BANK_BRANCH      |     1 |   144 |     1   (0)| 00:00:01 |
| 363 |     INDEX UNIQUE SCAN                                                        | DOMESTIC_BANK_BRANCH_PK       |     1 |       |     0   (0)|          |
--------------------------------------------------------------------------------------------------------------------------------------------------------------

SQL_ID d9drmngtc7txj
--------------------
/* load com.vayana.ib.bm.core.api.model.payment.LimitDefinitionDetail
*/ select limitdefin0_.id as id1_153_111_, limitdefin0_."VERSION" as
VERSION2_153_111_, limitdefin0_.AUTH_BY as AUTH43_153_111_,
limitdefin0_.AUTH_DATE as AUTH3_153_111_, limitdefin0_.CREATED_BY as
CREATED44_153_111_, limitdefin0_.CREATED_DATE as CREATED4_153_111_,
limitdefin0_.MODIFIED_BY as MODIFIE45_153_111_,
limitdefin0_.MODIFIED_DATE as MODIFIED5_153_111_,
limitdefin0_.CHANNEL_ID as CHANNEL46_153_111_, limitdefin0_.CODE as
CODE6_153_111_, limitdefin0_.COMPANY_ID as COMPANY47_153_111_,
limitdefin0_.CIF_ID as CIF48_153_111_, limitdefin0_.DESCRIPTION as
DESCRIPT7_153_111_, limitdefin0_.EFFECTIVE_FROM_DATE as

PLAN_TABLE_OUTPUT
------------------------------------------------------------------------------------------------------------------------------------------------------------------------------------------------------------------------------------------------------------------------------------------------------------
EFFECTIV8_153_111_, limitdefin0_.EFFECTIVE_TO_DATE as
EFFECTIV9_153_111_, limitdefin0_.GLO_DAILY_MAX_TRX_AMOUNT as
GLO10_153_111_, limitdefin0_.GLO_DAILY_MAX_TRX_ALLOWED as
GLO11_153_111_, limitdefin0_.GLO_FORTNIGHT_MAX_TRX_AMOUNT as
GLO12_153_111_, limitdefin0_.GLO_FORTNIGHT_MAX_TRX_ALLOWED as
GLO13_153_111_, limitdefin0_.GLO_HALFERLY_MAX_TRX_AMOUNT as
GLO14_153_111_, limitdefin0_.GLO_HALFERLY_MAX_TRX_ALLOWED as
GLO15_153_111_, limitdefin0_.GLO_MAX_TRX_AMOUNT as GLO16_153_111_,
limitdefin0_.GLO_MIN_TRX_AMOUNT as GLO17_153_111_,
limitdefin0_.GLO_MONTHLY_MAX_TRX_AMOUNT as GLO18_153_111_,
limitdefin0_.GLO_MONTHLY_MAX_TRX_ALLOWED as GLO19_153_111_,
limitdefin0_.GLO_QUATERLY_MAX_TRX_AMOUNT as GLO20_153_111_,
limitdefin0_.GLO_QUATERLY_MAX_TRX_ALLOWED as GLO21_153_111_,
limitdefin0_.GLO_WEEKLY_MAX_TRX_AMOUNT as GLO22_153_111_,
limitdefin0_.GLO_WEEKLY_MAX_TRX_ALLOWED as GLO23_153_111_,
limitdefin0_.GLO_YEARLY_MAX_TRX_AMOUNT as GLO24_153_111_,
limitdefin0_.GLO_YEARLY_MAX_TRX_ALLOWED as GLO25_153_111_,
limitdefin0_.GROUP_ID as GROUP49_153_111_,
limitdefin0_.LOGIN_PROFILE_ID as LOGIN50_153_111_,
limitdefin0_.DEFINITION_ID as DEFINIT51_153_111_,
limitdefin0_.LIMIT_DEFINITION_TYPE as LIMIT26_153_111_,
limitdefin0_.BENE_ID as BENE52_153_111_, limitdefin0_.BILLER_ID as
BILLER53_153_111_, limitdefin0_.PAYEE_INSTRUCTION_ID as
PAYEE54_153_111_, limitdefin0_.REG_DAILY_MAX_TRX_AMOUNT as
REG27_153_111_, limitdefin0_.REG_DAILY_MAX_TRX_ALLOWED as
REG28_153_111_, limitdefin0_.REG_FORTNIGHT_MAX_TRX_AMOUNT as
REG29_153_111_, limitdefin0_.REG_FORTNIGHT_MAX_TRX_ALLOWED as
REG30_153_111_, limitdefin0_.REG_HALFERLY_MAX_TRX_AMOUNT as
REG31_153_111_, limitdefin0_.REG_HALFERLY_MAX_TRX_ALLOWED as
REG32_153_111_, limitdefin0_.REG_MAX_TRX_AMOUNT as REG33_153_111_,
limitdefin0_.REG_MIN_TRX_AMOUNT as REG34_153_111_,
limitdefin0_.REG_MONTHLY_MAX_TRX_AMOUNT as REG35_153_111_,
limitdefin0_.REG_MONTHLY_MAX_TRX_ALLOWED as REG36_153_111_,
limitdefin0_.REG_QUATERLY_MAX_TRX_AMOUNT as REG37_153_111_,
limitdefin0_.REG_QUATERLY_MAX_TRX_ALLOWED as REG38_153_111_,
limitdefin0_.REG_WEEKLY_MAX_TRX_AMOUNT as REG39_153_111_,
limitdefin0_.REG_WEEKLY_MAX_TRX_ALLOWED as REG40_153_111_,
limitdefin0_.REG_YEARLY_MAX_TRX_AMOUNT as REG41_153_111_,
limitdefin0_.REG_YEARLY_MAX_TRX_ALLOWED as REG42_153_111_,
limitdefin0_.SEGMENT_ID as SEGMENT55_153_111_,
limitdefin0_.SPECIAL_CATEGORY_ID as SPECIAL56_153_111_,
limitdefin0_.STATUS_ID as STATUS57_153_111_, channel1_.id as id1_95_0_,
channel1_."VERSION" as VERSION2_95_0_, channel1_.AUTH_BY as
AUTH8_95_0_, channel1_.AUTH_DATE as AUTH3_95_0_, channel1_.CREATED_BY
as CREATED9_95_0_, channel1_.CREATED_DATE as CREATED4_95_0_,
channel1_.MODIFIED_BY as MODIFIE10_95_0_, channel1_.MODIFIED_DATE as
MODIFIED5_95_0_, channel1_.CODE as CODE6_95_0_, channel1_.DESCRIPTION
as DESCRIPT7_95_0_, company2_.id as id1_39_1_, company2_."VERSION" as
VERSION2_39_1_, company2_.AUTH_BY as AUTH8_39_1_, company2_.AUTH_DATE
as AUTH3_39_1_, company2_.CREATED_BY as CREATED9_39_1_,
company2_.CREATED_DATE as CREATED4_39_1_, company2_.MODIFIED_BY as
MODIFIE10_39_1_, company2_.MODIFIED_DATE as MODIFIED5_39_1_,
company2_.AUTH_MATRIX_ID as AUTH11_39_1_, company2_.CHANNEL_ID as
CHANNEL12_39_1_, company2_.CODE as CODE6_39_1_, company2_.CONTACT_ID as
CONTACT13_39_1_, company2_.COUNTRY_ID as COUNTRY14_39_1_, co

Plan hash value: 2269713747

--------------------------------------------------------------------------------------------------------------------------------------------------------------
| Id  | Operation                                                                    | Name                          | Rows  | Bytes | Cost (%CPU)| Time     |
--------------------------------------------------------------------------------------------------------------------------------------------------------------
|   0 | SELECT STATEMENT                                                             |                               |       |       |   374 (100)|          |
|   1 |  SORT ORDER BY                                                               |                               |     2 | 48556 |   374   (2)| 00:00:05 |
|   2 |   NESTED LOOPS OUTER                                                         |                               |     2 | 48556 |   373   (1)| 00:00:05 |
|   3 |    NESTED LOOPS OUTER                                                        |                               |     2 | 48466 |   372   (1)| 00:00:05 |
|   4 |     NESTED LOOPS OUTER                                                       |                               |     2 | 48356 |   370   (1)| 00:00:05 |
|   5 |      NESTED LOOPS OUTER                                                      |                               |     2 | 48266 |   368   (1)| 00:00:05 |
|   6 |       NESTED LOOPS OUTER                                                     |                               |     2 | 48176 |   366   (1)| 00:00:05 |
|   7 |        NESTED LOOPS OUTER                                                    |                               |     2 | 48088 |   364   (1)| 00:00:05 |
|   8 |         NESTED LOOPS OUTER                                                   |                               |     2 | 47922 |   362   (1)| 00:00:05 |
|   9 |          NESTED LOOPS OUTER                                                  |                               |     2 | 47812 |   360   (1)| 00:00:05 |
|  10 |           HASH JOIN OUTER                                                    |                               |     2 | 47706 |   358   (1)| 00:00:05 |
|  11 |            HASH JOIN RIGHT OUTER                                             |                               |     1 | 23841 |   334   (1)| 00:00:05 |
|  12 |             TABLE ACCESS FULL                                                | FND_DOCUMENT_DETAIL           |     1 |  2080 |     2   (0)| 00:00:01 |
|  13 |             NESTED LOOPS OUTER                                               |                               |     1 | 21761 |   332   (1)| 00:00:04 |
|  14 |              HASH JOIN OUTER                                                 |                               |     1 | 21698 |   331   (1)| 00:00:04 |
|  15 |               HASH JOIN RIGHT OUTER                                          |                               |     1 | 21673 |   307   (1)| 00:00:04 |
|  16 |                TABLE ACCESS FULL                                             | FND_TENANT_APPLICATION_LOCALE |     1 |    30 |     3   (0)| 00:00:01 |
|  17 |                NESTED LOOPS OUTER                                            |                               |     1 | 21643 |   304   (1)| 00:00:04 |
|  18 |                 HASH JOIN RIGHT OUTER                                        |                               |     1 | 21598 |   303   (1)| 00:00:04 |
|  19 |                  TABLE ACCESS FULL                                           | FND_TENANT_OPERATING_COUNTRY  |     1 |    28 |     3   (0)| 00:00:01 |
|  20 |                  NESTED LOOPS OUTER                                          |                               |     1 | 21570 |   300   (1)| 00:00:04 |
|  21 |                   NESTED LOOPS OUTER                                         |                               |     1 | 21539 |   300   (1)| 00:00:04 |
|  22 |                    NESTED LOOPS OUTER                                        |                               |     1 | 21494 |   299   (1)| 00:00:04 |
|  23 |                     NESTED LOOPS OUTER                                       |                               |     1 | 21466 |   298   (1)| 00:00:04 |
|  24 |                      NESTED LOOPS OUTER                                      |                               |     1 | 21404 |   297   (1)| 00:00:04 |
|  25 |                       HASH JOIN RIGHT OUTER                                  |                               |     1 | 21347 |   297   (1)| 00:00:04 |
|  26 |                        TABLE ACCESS FULL                                     | PAY_BILLER_METADATA           |     1 |  2799 |     2   (0)| 00:00:01 |
|  27 |                        HASH JOIN RIGHT OUTER                                 |                               |     1 | 18548 |   294   (0)| 00:00:04 |
|  28 |                         TABLE ACCESS FULL                                    | PAY_BILLER_METADATA           |     1 |  2799 |     2   (0)| 00:00:01 |
|  29 |                         HASH JOIN RIGHT OUTER                                |                               |     1 | 15749 |   292   (0)| 00:00:04 |
|  30 |                          TABLE ACCESS FULL                                   | PAY_BILLER_SERVICE            |     1 |   375 |     2   (0)| 00:00:01 |
|  31 |                          NESTED LOOPS OUTER                                  |                               |     1 | 15374 |   290   (0)| 00:00:04 |
|  32 |                           HASH JOIN RIGHT OUTER                              |                               |     1 | 12575 |   290   (0)| 00:00:04 |
|  33 |                            TABLE ACCESS FULL                                 | PAY_BILLER_DATA               |     1 |   339 |     2   (0)| 00:00:01 |
|  34 |                            NESTED LOOPS OUTER                                |                               |     1 | 12236 |   288   (0)| 00:00:04 |
|  35 |                             NESTED LOOPS OUTER                               |                               |     1 | 12205 |   288   (0)| 00:00:04 |
|  36 |                              NESTED LOOPS OUTER                              |                               |     1 | 11790 |   288   (0)| 00:00:04 |
|  37 |                               NESTED LOOPS OUTER                             |                               |     1 | 11727 |   288   (0)| 00:00:04 |
|  38 |                                NESTED LOOPS OUTER                            |                               |     1 | 11682 |   288   (0)| 00:00:04 |
|  39 |                                 NESTED LOOPS OUTER                           |                               |     1 | 11648 |   288   (0)| 00:00:04 |
|  40 |                                  NESTED LOOPS OUTER                          |                               |     1 | 11603 |   287   (0)| 00:00:04 |
|  41 |                                   NESTED LOOPS OUTER                         |                               |     1 | 11558 |   286   (0)| 00:00:04 |
|  42 |                                    NESTED LOOPS OUTER                        |                               |     1 | 11499 |   285   (0)| 00:00:04 |
|  43 |                                     NESTED LOOPS OUTER                       |                               |     1 | 11454 |   284   (0)| 00:00:04 |
|  44 |                                      NESTED LOOPS OUTER                      |                               |     1 | 11362 |   284   (0)| 00:00:04 |
|  45 |                                       NESTED LOOPS OUTER                     |                               |     1 | 10947 |   284   (0)| 00:00:04 |
|  46 |                                        NESTED LOOPS OUTER                    |                               |     1 | 10902 |   283   (0)| 00:00:04 |
|  47 |                                         NESTED LOOPS OUTER                   |                               |     1 | 10855 |   283   (0)| 00:00:04 |
|  48 |                                          NESTED LOOPS OUTER                  |                               |     1 | 10808 |   283   (0)| 00:00:04 |
|  49 |                                           NESTED LOOPS OUTER                 |                               |     1 | 10763 |   282   (0)| 00:00:04 |
|  50 |                                            NESTED LOOPS OUTER                |                               |     1 | 10735 |   281   (0)| 00:00:04 |
|  51 |                                             NESTED LOOPS OUTER               |                               |     1 | 10696 |   280   (0)| 00:00:04 |
|  52 |                                              NESTED LOOPS OUTER              |                               |     1 | 10647 |   280   (0)| 00:00:04 |
|  53 |                                               NESTED LOOPS OUTER             |                               |     1 | 10617 |   278   (0)| 00:00:04 |
|  54 |                                                NESTED LOOPS OUTER            |                               |     1 | 10529 |   277   (0)| 00:00:04 |
|  55 |                                                 NESTED LOOPS OUTER           |                               |     1 | 10453 |   276   (0)| 00:00:04 |
|  56 |                                                  NESTED LOOPS OUTER          |                               |     1 | 10408 |   275   (0)| 00:00:04 |
|  57 |                                                   NESTED LOOPS OUTER         |                               |     1 | 10383 |   274   (0)| 00:00:04 |
|  58 |                                                    NESTED LOOPS OUTER        |                               |     1 | 10339 |   273   (0)| 00:00:04 |
|  59 |                                                     NESTED LOOPS OUTER       |                               |     1 | 10251 |   272   (0)| 00:00:04 |
|  60 |                                                      NESTED LOOPS OUTER      |                               |     1 | 10226 |   271   (0)| 00:00:04 |
|  61 |                                                       NESTED LOOPS OUTER     |                               |     1 | 10220 |   271   (0)| 00:00:04 |
|  62 |                                                        NESTED LOOPS OUTER    |                               |     1 | 10175 |   270   (0)| 00:00:04 |
|  63 |                                                         NESTED LOOPS OUTER   |                               |     1 | 10130 |   270   (0)| 00:00:04 |
|  64 |                                                          NESTED LOOPS OUTER  |                               |     1 | 10085 |   270   (0)| 00:00:04 |
|  65 |                                                           NESTED LOOPS OUTER |                               |     1 | 10040 |   269   (0)| 00:00:04 |
|  66 | R                                                          NESTED LOOPS OUTE |                               |     1 |  9973 |   268   (0)| 00:00:04 |
|  67 | ER                                                          NESTED LOOPS OUT |                               |     1 |  9847 |   268   (0)| 00:00:04 |
|  68 | TER                                                          NESTED LOOPS OU |                               |     1 |  9759 |   268   (0)| 00:00:04 |
|  69 | UTER                                                          NESTED LOOPS O |                               |     1 |  9714 |   267   (0)| 00:00:04 |
|  70 | OUTER                                                          NESTED LOOPS  |                               |     1 |  9652 |   266   (0)| 00:00:04 |
|  71 |  OUTER                                                          NESTED LOOPS |                               |     1 |  9624 |   265   (0)| 00:00:04 |
|  72 | S OUTER                                                          NESTED LOOP |                               |     1 |  9498 |   264   (0)| 00:00:04 |
|  73 | PS OUTER                                                          NESTED LOO |                               |     1 |  9473 |   263   (0)| 00:00:04 |
|  74 | OPS OUTER                                                          NESTED LO |                               |     1 |  9428 |   262   (0)| 00:00:04 |
|  75 | OOPS OUTER                                                          NESTED L |                               |     1 |  9373 |   261   (0)| 00:00:04 |
|  76 | LOOPS OUTER                                                          NESTED  |                               |     1 |  9342 |   260   (0)| 00:00:04 |
|  77 |  LOOPS OUTER                                                          NESTED |                               |     1 |  9297 |   259   (0)| 00:00:04 |
|  78 | D LOOPS OUTER                                                          NESTE |                               |     1 |  9252 |   258   (0)| 00:00:04 |
|  79 | ED LOOPS OUTER                                                          NEST |                               |     1 |  9172 |   257   (0)| 00:00:04 |
|  80 | TED LOOPS OUTER                                                          NES |                               |     1 |  9092 |   256   (0)| 00:00:04 |
|  81 | STED LOOPS OUTER                                                          NE |                               |     1 |  9047 |   255   (0)| 00:00:04 |
|  82 | ESTED LOOPS OUTER                                                          N |                               |     1 |  9012 |   254   (0)| 00:00:04 |
|  83 |.NESTED LOOPS OUTER                                                           |                               |     1 |  8984 |   253   (0)| 00:00:04 |
|  84 |. NESTED LOOPS OUTER                                                          |                               |     1 |  8943 |   252   (0)| 00:00:04 |
|  85 |.  NESTED LOOPS OUTER                                                         |                               |     1 |  8898 |   251   (0)| 00:00:04 |
|  86 |.   NESTED LOOPS OUTER                                                        |                               |     1 |  8870 |   250   (0)| 00:00:03 |
|  87 |.    NESTED LOOPS OUTER                                                       |                               |     1 |  8829 |   249   (0)| 00:00:03 |
|  88 |.     NESTED LOOPS OUTER                                                      |                               |     1 |  8788 |   248   (0)| 00:00:03 |
|  89 |.      NESTED LOOPS OUTER                                                     |                               |     1 |  8666 |   247   (0)| 00:00:03 |
|  90 |.       NESTED LOOPS OUTER                                                    |                               |     1 |  8544 |   246   (0)| 00:00:03 |
|  91 |.        NESTED LOOPS OUTER                                                   |                               |     1 |  8499 |   245   (0)| 00:00:03 |
|  92 |.         NESTED LOOPS OUTER                                                  |                               |     1 |  8084 |   245   (0)| 00:00:03 |
|  93 |.          NESTED LOOPS OUTER                                                 |                               |     1 |  7996 |   244   (0)| 00:00:03 |
|  94 |.           NESTED LOOPS OUTER                                                |                               |     1 |  7962 |   244   (0)| 00:00:03 |
|  95 |.            NESTED LOOPS OUTER                                               |                               |     1 |  7836 |   243   (0)| 00:00:03 |
|  96 |.             NESTED LOOPS OUTER                                              |                               |     1 |  7811 |   242   (0)| 00:00:03 |
|  97 |.              NESTED LOOPS OUTER                                             |                               |     1 |  7766 |   242   (0)| 00:00:03 |
|  98 |.               NESTED LOOPS OUTER                                            |                               |     1 |  7721 |   241   (0)| 00:00:03 |
|  99 |.                MERGE JOIN OUTER                                             |                               |     1 |  7676 |   241   (0)| 00:00:03 |
| 100 |.                 NESTED LOOPS OUTER                                          |                               |     1 |  7616 |   240   (0)| 00:00:03 |
| 101 |.                  NESTED LOOPS OUTER                                         |                               |     1 |  7179 |   240   (0)| 00:00:03 |
| 102 |.                   NESTED LOOPS OUTER                                        |                               |     1 |  7126 |   239   (0)| 00:00:03 |
| 103 |.                    NESTED LOOPS OUTER                                       |                               |     1 |  7081 |   238   (0)| 00:00:03 |
| 104 |.                     NESTED LOOPS OUTER                                      |                               |     1 |  7021 |   237   (0)| 00:00:03 |
| 105 |.                      NESTED LOOPS OUTER                                     |                               |     1 |  6966 |   236   (0)| 00:00:03 |
| 106 |.                       NESTED LOOPS OUTER                                    |                               |     1 |  6890 |   235   (0)| 00:00:03 |
| 107 |.                        NESTED LOOPS OUTER                                   |                               |     1 |  6746 |   234   (0)| 00:00:03 |
| 108 |.                         NESTED LOOPS OUTER                                  |                               |     1 |  4384 |   234   (0)| 00:00:03 |
| 109 |.                          NESTED LOOPS OUTER                                 |                               |     1 |  4354 |   232   (0)| 00:00:03 |
| 110 |.                           NESTED LOOPS OUTER                                |                               |     1 |  4271 |   231   (0)| 00:00:03 |
| 111 |.                            NESTED LOOPS OUTER                               |                               |     1 |  4230 |   230   (0)| 00:00:03 |
| 112 |.                             NESTED LOOPS OUTER                              |                               |     1 |  4150 |   229   (0)| 00:00:03 |
| 113 |.                              NESTED LOOPS OUTER                             |                               |     1 |  4105 |   229   (0)| 00:00:03 |
| 114 |.                               NESTED LOOPS OUTER                            |                               |     1 |  3535 |   229   (0)| 00:00:03 |
| 115 |.                                NESTED LOOPS OUTER                           |                               |     1 |  3490 |   229   (0)| 00:00:03 |
| 116 |.                                 NESTED LOOPS OUTER                          |                               |     1 |  3445 |   228   (0)| 00:00:03 |
| 117 |.                                  NESTED LOOPS OUTER                         |                               |     1 |  3398 |   228   (0)| 00:00:03 |
| 118 |.                                   NESTED LOOPS OUTER                        |                               |     1 |  3211 |   228   (0)| 00:00:03 |
| 119 |.                                    NESTED LOOPS OUTER                       |                               |     1 |  2641 |   228   (0)| 00:00:03 |
| 120 |.                                     NESTED LOOPS OUTER                      |                               |     1 |  2454 |   228   (0)| 00:00:03 |
| 121 |.                                      NESTED LOOPS OUTER                     |                               |     1 |  2409 |   228   (0)| 00:00:03 |
| 122 |.                                       NESTED LOOPS OUTER                    |                               |     1 |  2239 |   228   (0)| 00:00:03 |
| 123 |.                                        NESTED LOOPS OUTER                   |                               |     1 |  2198 |   228   (0)| 00:00:03 |
| 124 |.                                         NESTED LOOPS OUTER                  |                               |     1 |  1080 |   228   (0)| 00:00:03 |
| 125 |.                                          NESTED LOOPS OUTER                 |                               |     1 |  1027 |   228   (0)| 00:00:03 |
| 126 |.                                           NESTED LOOPS OUTER                |                               |     1 |   590 |   228   (0)| 00:00:03 |
| 127 |.                                            NESTED LOOPS OUTER               |                               |     1 |   535 |   228   (0)| 00:00:03 |
| 128 |.                                             NESTED LOOPS OUTER              |                               |     1 |   287 |   228   (0)| 00:00:03 |
| 129 |.                                              NESTED LOOPS OUTER             |                               |     1 |   257 |   227   (0)| 00:00:03 |
| 130 |.                                               NESTED LOOPS OUTER            |                               |     1 |   218 |   227   (0)| 00:00:03 |
| 131 |.                                                NESTED LOOPS                 |                               |     1 |   169 |   227   (0)| 00:00:03 |
| 132 |.                                                 TABLE ACCESS BY INDEX ROWID | LIMIT_DEFINITION_DETAIL       |     1 |   124 |   226   (0)| 00:00:03 |
| 133 |.                                                  INDEX SKIP SCAN            | DEFINITION_DETAILS_UK         |     1 |       |   225   (0)| 00:00:03 |
| 134 |.                                                 TABLE ACCESS BY INDEX ROWID | FND_LOOKUP_VALUE              |     1 |    45 |     1   (0)| 00:00:01 |
| 135 |.                                                  INDEX UNIQUE SCAN          | LOOKUP_VALUE_PK               |     1 |       |     0   (0)|          |

PLAN_TABLE_OUTPUT
------------------------------------------------------------------------------------------------------------------------------------------------------------------------------------------------------------------------------------------------------------------------------------------------------------
| 136 |.                                                TABLE ACCESS BY INDEX ROWID  | FND_SPECIAL_CATEGORY          |     1 |    49 |     0   (0)|          |
| 137 |.                                                 INDEX UNIQUE SCAN           | SPECIAL_CATEGORY_PK           |     1 |       |     0   (0)|          |
| 138 |.                                               TABLE ACCESS BY INDEX ROWID   | FND_SEGMENT                   |     1 |    39 |     0   (0)|          |
| 139 |.                                                INDEX UNIQUE SCAN            | SEGMENT_PK                    |     1 |       |     0   (0)|          |
| 140 |.                                              TABLE ACCESS BY INDEX ROWID    | PAY_PAYEE_INSTRUCTION         |     1 |    30 |     1   (0)| 00:00:01 |
| 141 |.                                               INDEX UNIQUE SCAN             | PAY_PAYEE_INSTRUCTION_PK      |     1 |       |     0   (0)|          |
| 142 |.                                             TABLE ACCESS BY INDEX ROWID     | PAY_BILLER_INSTRUCTION        |     1 |   248 |     0   (0)|          |
| 143 |.                                              INDEX UNIQUE SCAN              | BILLER_INSTRUCTION_PK         |     1 |       |     0   (0)|          |
| 144 |.                                            TABLE ACCESS BY INDEX ROWID      | FND_CURRENCY                  |     1 |    55 |     0   (0)|          |
| 145 |.                                             INDEX UNIQUE SCAN               | CURRENCY_PK                   |     1 |       |     0   (0)|          |
| 146 |.                                           TABLE ACCESS BY INDEX ROWID       | PAY_BILLER                    |     1 |   437 |     0   (0)|          |
| 147 |.                                            INDEX UNIQUE SCAN                | BILLER_PK                     |     1 |       |     0   (0)|          |
| 148 |.                                          TABLE ACCESS BY INDEX ROWID        | ACCT_ACCOUNT                  |     1 |    53 |     0   (0)|          |
| 149 |.                                           INDEX UNIQUE SCAN                 | ACCOUNT_PK                    |     1 |       |     0   (0)|          |
| 150 |.                                         TABLE ACCESS BY INDEX ROWID         | PAY_PG_INSTRUCTION            |     1 |  1118 |     0   (0)|          |
| 151 |.                                          INDEX UNIQUE SCAN                  | PAY_PG_INSTRUCTION_PK         |     1 |       |     0   (0)|          |
| 152 |.                                        TABLE ACCESS BY INDEX ROWID          | INF_TENANT_SERVICE            |     1 |    41 |     0   (0)|          |
| 153 |.                                         INDEX UNIQUE SCAN                   | TENANT_SERVICE_PK             |     1 |       |     0   (0)|          |
| 154 |.                                       TABLE ACCESS BY INDEX ROWID           | PG_MER_AGG_MAPPING_MASTER     |     1 |   170 |     0   (0)|          |
| 155 |.                                        INDEX UNIQUE SCAN                    | PG_MER_AGG_MAPPING_MASTER_PK  |     1 |       |     0   (0)|          |
| 156 |.                                      TABLE ACCESS BY INDEX ROWID            | FND_LOOKUP_VALUE              |     1 |    45 |     0   (0)|          |
| 157 |.                                       INDEX UNIQUE SCAN                     | LOOKUP_VALUE_PK               |     1 |       |     0   (0)|          |
| 158 |.                                     TABLE ACCESS BY INDEX ROWID             | PG_MERCHANT_MASTER            |     1 |   187 |     0   (0)|          |
| 159 |.                                      INDEX UNIQUE SCAN                      | PG_MERCHANT_MASTER_PK         |     1 |       |     0   (0)|          |
| 160 |.                                    TABLE ACCESS BY INDEX ROWID              | PG_AGGREGATOR_MASTER          |     1 |   570 |     0   (0)|          |
| 161 |.                                     INDEX UNIQUE SCAN                       | PG_AGGREGATOR_MASTER_PK       |     1 |       |     0   (0)|          |
| 162 |.                                   TABLE ACCESS BY INDEX ROWID               | PG_MERCHANT_MASTER            |     1 |   187 |     0   (0)|          |
| 163 |.                                    INDEX UNIQUE SCAN                        | PG_MERCHANT_MASTER_PK         |     1 |       |     0   (0)|          |
| 164 |.                                  TABLE ACCESS BY INDEX ROWID                | PG_BILLER_BUSINESS_SUB_CAT    |     1 |    47 |     0   (0)|          |
| 165 |.                                   INDEX UNIQUE SCAN                         | PG_BILLER_BUSINESS_SUB_CAT_PK |     1 |       |     0   (0)|          |
| 166 |.                                 TABLE ACCESS BY INDEX ROWID                 | FND_LOOKUP_VALUE              |     1 |    45 |     1   (0)| 00:00:01 |
| 167 |.                                  INDEX UNIQUE SCAN                          | LOOKUP_VALUE_PK               |     1 |       |     0   (0)|          |
| 168 |.                                TABLE ACCESS BY INDEX ROWID                  | FND_LOOKUP_VALUE              |     1 |    45 |     0   (0)|          |
| 169 |.                                 INDEX UNIQUE SCAN                           | LOOKUP_VALUE_PK               |     1 |       |     0   (0)|          |
| 170 |.                               TABLE ACCESS BY INDEX ROWID                   | PG_AGGREGATOR_MASTER          |     1 |   570 |     0   (0)|          |
| 171 |.                                INDEX UNIQUE SCAN                            | PG_AGGREGATOR_MASTER_PK       |     1 |       |     0   (0)|          |
| 172 |.                              TABLE ACCESS BY INDEX ROWID                    | FND_LOOKUP_VALUE              |     1 |    45 |     0   (0)|          |
| 173 |.                               INDEX UNIQUE SCAN                             | LOOKUP_VALUE_PK               |     1 |       |     0   (0)|          |
| 174 |.                             TABLE ACCESS BY INDEX ROWID                     | PAY_BENE_INSTRUCTION          |     1 |    80 |     1   (0)| 00:00:01 |
| 175 |.                              INDEX UNIQUE SCAN                              | BENE_INSTRUCTION_PK           |     1 |       |     0   (0)|          |
| 176 |.                            TABLE ACCESS BY INDEX ROWID                      | INF_TENANT_SERVICE            |     1 |    41 |     1   (0)| 00:00:01 |
| 177 |.                             INDEX UNIQUE SCAN                               | TENANT_SERVICE_PK             |     1 |       |     0   (0)|          |
| 178 |.                           TABLE ACCESS BY INDEX ROWID                       | ACCT_PRODUCT                  |     1 |    83 |     1   (0)| 00:00:01 |
| 179 |.                            INDEX UNIQUE SCAN                                | PRODUCT_PK                    |     1 |       |     0   (0)|          |
| 180 |.                          TABLE ACCESS BY INDEX ROWID                        | PAY_PAYEE_BANK_BRANCH         |     1 |    30 |     2   (0)| 00:00:01 |
| 181 |.                           INDEX UNIQUE SCAN                                 | PAY_PAYEE_BANK_BRANCH_PK      |     1 |       |     1   (0)| 00:00:01 |
| 182 |.                         TABLE ACCESS BY INDEX ROWID                         | PAY_FOREIGN_BANK_BRANCH       |     1 |  2362 |     0   (0)|          |
| 183 |.                          INDEX UNIQUE SCAN                                  | FOREIGN_BANK_BRANCH_PK        |     1 |       |     0   (0)|          |
| 184 |.                        TABLE ACCESS BY INDEX ROWID                          | PAY_DOMESTIC_BANK_BRANCH      |     1 |   144 |     1   (0)| 00:00:01 |
| 185 |.                         INDEX UNIQUE SCAN                                   | DOMESTIC_BANK_BRANCH_PK       |     1 |       |     0   (0)|          |
| 186 |.                       TABLE ACCESS BY INDEX ROWID                           | FND_TENANT_BRANCH             |     1 |    76 |     1   (0)| 00:00:01 |
| 187 |.                        INDEX UNIQUE SCAN                                    | TENANT_BRANCH_PK              |     1 |       |     0   (0)|          |
| 188 |.                      TABLE ACCESS BY INDEX ROWID                            | FND_CURRENCY                  |     1 |    55 |     1   (0)| 00:00:01 |
| 189 |.                       INDEX UNIQUE SCAN                                     | CURRENCY_PK                   |     1 |       |     0   (0)|          |
| 190 |.                     TABLE ACCESS BY INDEX ROWID                             | PAY_BENE                      |     1 |    60 |     1   (0)| 00:00:01 |
| 191 |.                      INDEX UNIQUE SCAN                                      | BENE_PK                       |     1 |       |     0   (0)|          |
| 192 |.                    TABLE ACCESS BY INDEX ROWID                              | FND_LOOKUP_VALUE              |     1 |    45 |     1   (0)| 00:00:01 |
| 193 |.                     INDEX UNIQUE SCAN                                       | LOOKUP_VALUE_PK               |     1 |       |     0   (0)|          |
| 194 |.                   TABLE ACCESS BY INDEX ROWID                               | ACCT_ACCOUNT                  |     1 |    53 |     1   (0)| 00:00:01 |
| 195 |.                    INDEX UNIQUE SCAN                                        | ACCOUNT_PK                    |     1 |       |     0   (0)|          |
| 196 |.                  TABLE ACCESS BY INDEX ROWID                                | PAY_BILLER                    |     1 |   437 |     0   (0)|          |
| 197 |.                   INDEX UNIQUE SCAN                                         | BILLER_PK                     |     1 |       |     0   (0)|          |
| 198 |.                 BUFFER SORT                                                 |                               |     1 |    60 |   241   (0)| 00:00:03 |
| 199 |.                  TABLE ACCESS BY INDEX ROWID                                | PAY_BENE                      |     1 |    60 |     1   (0)| 00:00:01 |
| 200 |.                   INDEX UNIQUE SCAN                                         | BENE_PK                       |     1 |       |     0   (0)|          |
| 201 |.                TABLE ACCESS BY INDEX ROWID                                  | FND_LOOKUP_VALUE              |     1 |    45 |     0   (0)|          |
| 202 |.                 INDEX UNIQUE SCAN                                           | LOOKUP_VALUE_PK               |     1 |       |     0   (0)|          |
| 203 |.               TABLE ACCESS BY INDEX ROWID                                   | FND_LOOKUP_VALUE              |     1 |    45 |     1   (0)| 00:00:01 |
| 204 |.                INDEX UNIQUE SCAN                                            | LOOKUP_VALUE_PK               |     1 |       |     0   (0)|          |
| 205 |.              TABLE ACCESS BY INDEX ROWID                                    | FND_LOOKUP_VALUE              |     1 |    45 |     0   (0)|          |
| 206 |.               INDEX UNIQUE SCAN                                             | LOOKUP_VALUE_PK               |     1 |       |     0   (0)|          |
| 207 |.             TABLE ACCESS BY INDEX ROWID                                     | USER_LOGIN_PROFILE_EXTEND     |     1 |    25 |     1   (0)| 00:00:01 |
| 208 |.              INDEX UNIQUE SCAN                                              | LOGIN_PROFILE_EXTEND_PK       |     1 |       |     0   (0)|          |
| 209 |.            TABLE ACCESS BY INDEX ROWID                                      | USER_LOGIN_PROFILE            |     1 |   126 |     1   (0)| 00:00:01 |
| 210 |.             INDEX UNIQUE SCAN                                               | LOGIN_PROFILE_PK              |     1 |       |     0   (0)|          |
| 211 |.           TABLE ACCESS BY INDEX ROWID                                       | FND_GROUP                     |     1 |    34 |     0   (0)|          |
| 212 |.            INDEX UNIQUE SCAN                                                | GROUP_PK                      |     1 |       |     0   (0)|          |
| 213 |.          TABLE ACCESS BY INDEX ROWID                                        | FND_CONTACT                   |     1 |    88 |     1   (0)| 00:00:01 |
| 214 |.           INDEX UNIQUE SCAN                                                 | CONTACT_PK                    |     1 |       |     0   (0)|          |
| 215 |.         TABLE ACCESS BY INDEX ROWID                                         | FND_COMPANY                   |     1 |   415 |     0   (0)|          |
| 216 |.          INDEX UNIQUE SCAN                                                  | COMPANY_PK                    |     1 |       |     0   (0)|          |
| 217 |.        TABLE ACCESS BY INDEX ROWID                                          | FND_LOOKUP_VALUE              |     1 |    45 |     1   (0)| 00:00:01 |
| 218 |.         INDEX UNIQUE SCAN                                                   | LOOKUP_VALUE_PK               |     1 |       |     0   (0)|          |
| 219 |.       TABLE ACCESS BY INDEX ROWID                                           | LIMIT_DEFINITION              |     1 |   122 |     1   (0)| 00:00:01 |
| 220 |.        INDEX UNIQUE SCAN                                                    | DEFINITION_PK                 |     1 |       |     0   (0)|          |
| 221 |.      TABLE ACCESS BY INDEX ROWID                                            | LIMIT_DEFINITION              |     1 |   122 |     1   (0)| 00:00:01 |
| 222 |.       INDEX UNIQUE SCAN                                                     | DEFINITION_PK                 |     1 |       |     0   (0)|          |
| 223 |.     TABLE ACCESS BY INDEX ROWID                                             | INF_TENANT_SERVICE            |     1 |    41 |     1   (0)| 00:00:01 |
| 224 |.      INDEX UNIQUE SCAN                                                      | TENANT_SERVICE_PK             |     1 |       |     0   (0)|          |
| 225 |.    TABLE ACCESS BY INDEX ROWID                                              | INF_TENANT_SERVICE            |     1 |    41 |     1   (0)| 00:00:01 |
| 226 |.     INDEX UNIQUE SCAN                                                       | TENANT_SERVICE_PK             |     1 |       |     0   (0)|          |
| 227 |.   TABLE ACCESS BY INDEX ROWID                                               | FND_TENANT_APPLICATION        |     1 |    28 |     1   (0)| 00:00:01 |
| 228 |.    INDEX UNIQUE SCAN                                                        | TENANT_APPLICATION_PK         |     1 |       |     0   (0)|          |
| 229 |.  TABLE ACCESS BY INDEX ROWID                                                | FND_LOOKUP_VALUE              |     1 |    45 |     1   (0)| 00:00:01 |
| 230 |.   INDEX UNIQUE SCAN                                                         | LOOKUP_VALUE_PK               |     1 |       |     0   (0)|          |
| 231 |. TABLE ACCESS BY INDEX ROWID                                                 | INF_TENANT_SERVICE            |     1 |    41 |     1   (0)| 00:00:01 |
| 232 |.  INDEX UNIQUE SCAN                                                          | TENANT_SERVICE_PK             |     1 |       |     0   (0)|          |
| 233 |.TABLE ACCESS BY INDEX ROWID                                                  | FND_TENANT_APPLICATION        |     1 |    28 |     1   (0)| 00:00:01 |
| 234 |. INDEX UNIQUE SCAN                                                           | TENANT_APPLICATION_PK         |     1 |       |     0   (0)|          |
| 235 | ABLE ACCESS BY INDEX ROWID                                                 T | INF_SERVICE_APPLICATION       |     1 |    35 |     1   (0)| 00:00:01 |
| 236 |.INDEX UNIQUE SCAN                                                            | SERVICE_APPLICATION_PK        |     1 |       |     0   (0)|          |
| 237 | BLE ACCESS BY INDEX ROWID                                                 TA | FND_LOOKUP_VALUE              |     1 |    45 |     1   (0)| 00:00:01 |
| 238 | NDEX UNIQUE SCAN                                                           I | LOOKUP_VALUE_PK               |     1 |       |     0   (0)|          |
| 239 | LE ACCESS BY INDEX ROWID                                                 TAB | INF_SERVICE                   |     1 |    80 |     1   (0)| 00:00:01 |
| 240 | DEX UNIQUE SCAN                                                           IN | SERVICE_PK                    |     1 |       |     0   (0)|          |
| 241 | E ACCESS BY INDEX ROWID                                                 TABL | INF_SERVICE                   |     1 |    80 |     1   (0)| 00:00:01 |
| 242 | EX UNIQUE SCAN                                                           IND | SERVICE_PK                    |     1 |       |     0   (0)|          |
| 243 |  ACCESS BY INDEX ROWID                                                 TABLE | FND_LOOKUP_VALUE              |     1 |    45 |     1   (0)| 00:00:01 |
| 244 | X UNIQUE SCAN                                                           INDE | LOOKUP_VALUE_PK               |     1 |       |     0   (0)|          |
| 245 | ACCESS BY INDEX ROWID                                                 TABLE  | FND_COUNTRY                   |     1 |    45 |     1   (0)| 00:00:01 |
| 246 |  UNIQUE SCAN                                                           INDEX | COUNTRY_PK                    |     1 |       |     0   (0)|          |
| 247 | CCESS BY INDEX ROWID                                                 TABLE A | INF_CHANNEL                   |     1 |    31 |     1   (0)| 00:00:01 |
| 248 | UNIQUE SCAN                                                           INDEX  | INF_CHANNEL_PK                |     1 |       |     0   (0)|          |
| 249 | CESS BY INDEX ROWID                                                 TABLE AC | FND_CURRENCY                  |     1 |    55 |     1   (0)| 00:00:01 |
| 250 | NIQUE SCAN                                                           INDEX U | CURRENCY_PK                   |     1 |       |     0   (0)|          |
| 251 | ESS BY INDEX ROWID                                                 TABLE ACC | FND_COUNTRY                   |     1 |    45 |     1   (0)| 00:00:01 |
| 252 | IQUE SCAN                                                           INDEX UN | COUNTRY_PK                    |     1 |       |     0   (0)|          |
| 253 | SS BY INDEX ROWID                                                 TABLE ACCE | USER_LOGIN_PROFILE_EXTEND     |     1 |    25 |     1   (0)| 00:00:01 |
| 254 | QUE SCAN                                                           INDEX UNI | LOGIN_PROFILE_EXTEND_PK       |     1 |       |     0   (0)|          |
| 255 | S BY INDEX ROWID                                                 TABLE ACCES | USER_LOGIN_PROFILE            |     1 |   126 |     1   (0)| 00:00:01 |
| 256 | UE SCAN                                                           INDEX UNIQ | LOGIN_PROFILE_PK              |     1 |       |     0   (0)|          |
| 257 |  BY INDEX ROWID                                                 TABLE ACCESS | FND_TENANT_APPLICATION        |     1 |    28 |     1   (0)| 00:00:01 |
| 258 | E SCAN                                                           INDEX UNIQU | TENANT_APPLICATION_PK         |     1 |       |     0   (0)|          |
| 259 | BY INDEX ROWID                                                 TABLE ACCESS  | FND_TENANT                    |     1 |    62 |     1   (0)| 00:00:01 |
| 260 |  SCAN                                                           INDEX UNIQUE | TENANT_PK                     |     1 |       |     0   (0)|          |
| 261 | Y INDEX ROWID                                                 TABLE ACCESS B | FND_COUNTRY                   |     1 |    45 |     1   (0)| 00:00:01 |
| 262 | SCAN                                                           INDEX UNIQUE  | COUNTRY_PK                    |     1 |       |     0   (0)|          |
| 263 |  INDEX ROWID                                                 TABLE ACCESS BY | FND_CONTACT                   |     1 |    88 |     0   (0)|          |
| 264 | CAN                                                           INDEX UNIQUE S | CONTACT_PK                    |     1 |       |     0   (0)|          |
| 265 | INDEX ROWID                                                 TABLE ACCESS BY  | USER_LOGIN_PROFILE            |     1 |   126 |     0   (0)|          |
| 266 | AN                                                           INDEX UNIQUE SC | LOGIN_PROFILE_PK              |     1 |       |     0   (0)|          |
| 267 | NDEX ROWID                                                 TABLE ACCESS BY I | USER_PROFILE                  |     1 |    67 |     1   (0)| 00:00:01 |
| 268 | N                                                           INDEX UNIQUE SCA | PROFILE_PK                    |     1 |       |     0   (0)|          |
| 269 | DEX ROWID                                                 TABLE ACCESS BY IN | FND_LOOKUP_VALUE              |     1 |    45 |     1   (0)| 00:00:01 |
| 270 |                                                            INDEX UNIQUE SCAN | LOOKUP_VALUE_PK               |     1 |       |     0   (0)|          |
| 271 | EX ROWID                                                 TABLE ACCESS BY IND | FND_LOOKUP_VALUE              |     1 |    45 |     0   (0)|          |
| 272 |                                                           INDEX UNIQUE SCAN  | LOOKUP_VALUE_PK               |     1 |       |     0   (0)|          |
| 273 | X ROWID                                                 TABLE ACCESS BY INDE | FND_LOOKUP_VALUE              |     1 |    45 |     0   (0)|          |
| 274 |                                                          INDEX UNIQUE SCAN   | LOOKUP_VALUE_PK               |     1 |       |     0   (0)|          |
| 275 |  ROWID                                                 TABLE ACCESS BY INDEX | FND_LOOKUP_VALUE              |     1 |    45 |     1   (0)| 00:00:01 |
| 276 |                                                         INDEX UNIQUE SCAN    | LOOKUP_VALUE_PK               |     1 |       |     0   (0)|          |
| 277 |                                                       INDEX UNIQUE SCAN      | PROFILE_EXTEND_PK             |     1 |     6 |     0   (0)|          |
| 278 | OWID                                                 TABLE ACCESS BY INDEX R | USER_CONTACT_DETAIL           |     1 |    25 |     1   (0)| 00:00:01 |
| 279 |                                                       INDEX UNIQUE SCAN      | CONTACT_DETAIL_PK             |     1 |       |     0   (0)|          |
| 280 | WID                                                 TABLE ACCESS BY INDEX RO | FND_CONTACT                   |     1 |    88 |     1   (0)| 00:00:01 |
| 281 |                                                      INDEX UNIQUE SCAN       | CONTACT_PK                    |     1 |       |     0   (0)|          |
| 282 | ID                                                 TABLE ACCESS BY INDEX ROW | FND_STATE                     |     1 |    44 |     1   (0)| 00:00:01 |
| 283 |                                                     INDEX UNIQUE SCAN        | STATE_PK                      |     1 |       |     0   (0)|          |
| 284 | D                                                 TABLE ACCESS BY INDEX ROWI | USER_LOGIN_PROFILE_EXTEND     |     1 |    25 |     1   (0)| 00:00:01 |
| 285 |                                                    INDEX UNIQUE SCAN         | LOGIN_PROFILE_EXTEND_PK       |     1 |       |     0   (0)|          |
| 286 |                                                  TABLE ACCESS BY INDEX ROWID | FND_LOOKUP_VALUE              |     1 |    45 |     1   (0)| 00:00:01 |
| 287 |                                                   INDEX UNIQUE SCAN          | LOOKUP_VALUE_PK               |     1 |       |     0   (0)|          |
| 288 |                                                 TABLE ACCESS BY INDEX ROWID  | FND_TENANT_BRANCH             |     1 |    76 |     1   (0)| 00:00:01 |
| 289 |                                                  INDEX UNIQUE SCAN           | TENANT_BRANCH_PK              |     1 |       |     0   (0)|          |
| 290 |                                                TABLE ACCESS BY INDEX ROWID   | FND_CONTACT                   |     1 |    88 |     1   (0)| 00:00:01 |
| 291 |                                                 INDEX UNIQUE SCAN            | CONTACT_PK                    |     1 |       |     0   (0)|          |
| 292 |                                               TABLE ACCESS BY INDEX ROWID    | PAY_PAYEE_BANK_BRANCH         |     1 |    30 |     2   (0)| 00:00:01 |
| 293 |                                                INDEX UNIQUE SCAN             | PAY_PAYEE_BANK_BRANCH_PK      |     1 |       |     1   (0)| 00:00:01 |
| 294 |                                              TABLE ACCESS BY INDEX ROWID     | FND_SPECIAL_CATEGORY          |     1 |    49 |     0   (0)|          |
| 295 |                                               INDEX UNIQUE SCAN              | SPECIAL_CATEGORY_PK           |     1 |       |     0   (0)|          |
| 296 |                                             TABLE ACCESS BY INDEX ROWID      | FND_SEGMENT                   |     1 |    39 |     1   (0)| 00:00:01 |
| 297 |                                              INDEX UNIQUE SCAN               | SEGMENT_PK                    |     1 |       |     0   (0)|          |
| 298 |                                            TABLE ACCESS BY INDEX ROWID       | FND_TENANT_APPLICATION        |     1 |    28 |     1   (0)| 00:00:01 |
| 299 |                                             INDEX UNIQUE SCAN                | TENANT_APPLICATION_PK         |     1 |       |     0   (0)|          |
| 300 |                                           TABLE ACCESS BY INDEX ROWID        | FND_LOOKUP_VALUE              |     1 |    45 |     1   (0)| 00:00:01 |
| 301 |                                            INDEX UNIQUE SCAN                 | LOOKUP_VALUE_PK               |     1 |       |     0   (0)|          |
| 302 |                                          TABLE ACCESS BY INDEX ROWID         | FND_DEPARTMENT                |     1 |    47 |     0   (0)|          |
| 303 |                                           INDEX UNIQUE SCAN                  | DEPARTMENT_PK                 |     1 |       |     0   (0)|          |
| 304 |                                         TABLE ACCESS BY INDEX ROWID          | FND_DEPARTMENT                |     1 |    47 |     0   (0)|          |
| 305 |                                          INDEX UNIQUE SCAN                   | DEPARTMENT_PK                 |     1 |       |     0   (0)|          |
| 306 |                                        TABLE ACCESS BY INDEX ROWID           | FND_LOOKUP_VALUE              |     1 |    45 |     1   (0)| 00:00:01 |
| 307 |                                         INDEX UNIQUE SCAN                    | LOOKUP_VALUE_PK               |     1 |       |     0   (0)|          |
| 308 |                                       TABLE ACCESS BY INDEX ROWID            | FND_COMPANY                   |     1 |   415 |     0   (0)|          |
| 309 |                                        INDEX UNIQUE SCAN                     | COMPANY_PK                    |     1 |       |     0   (0)|          |
| 310 |                                      TABLE ACCESS BY INDEX ROWID             | FND_DOCUMENT                  |     1 |    92 |     0   (0)|          |
| 311 |                                       INDEX UNIQUE SCAN                      | DOCUMENT_PK                   |     1 |       |     0   (0)|          |
| 312 |                                     TABLE ACCESS BY INDEX ROWID              | FND_COUNTRY                   |     1 |    45 |     1   (0)| 00:00:01 |
| 313 |                                      INDEX UNIQUE SCAN                       | COUNTRY_PK                    |     1 |       |     0   (0)|          |
| 314 |                                    TABLE ACCESS BY INDEX ROWID               | FND_CITY                      |     1 |    59 |     1   (0)| 00:00:01 |
| 315 |                                     INDEX UNIQUE SCAN                        | CITY_PK                       |     1 |       |     0   (0)|          |
| 316 |                                   TABLE ACCESS BY INDEX ROWID                | FND_LOOKUP_VALUE              |     1 |    45 |     1   (0)| 00:00:01 |
| 317 |                                    INDEX UNIQUE SCAN                         | LOOKUP_VALUE_PK               |     1 |       |     0   (0)|          |
| 318 |                                  TABLE ACCESS BY INDEX ROWID                 | FND_LOOKUP_VALUE              |     1 |    45 |     1   (0)| 00:00:01 |
| 319 |                                   INDEX UNIQUE SCAN                          | LOOKUP_VALUE_PK               |     1 |       |     0   (0)|          |
| 320 |                                 TABLE ACCESS BY INDEX ROWID                  | FND_GROUP                     |     1 |    34 |     0   (0)|          |
| 321 |                                  INDEX UNIQUE SCAN                           | GROUP_PK                      |     1 |       |     0   (0)|          |
| 322 |                                TABLE ACCESS BY INDEX ROWID                   | FND_COUNTRY                   |     1 |    45 |     0   (0)|          |
| 323 |                                 INDEX UNIQUE SCAN                            | COUNTRY_PK                    |     1 |       |     0   (0)|          |
| 324 |                               TABLE ACCESS BY INDEX ROWID                    | FND_CIF                       |     1 |    63 |     0   (0)|          |
| 325 |                                INDEX UNIQUE SCAN                             | CIF_PK                        |     1 |       |     0   (0)|          |
| 326 |                              TABLE ACCESS BY INDEX ROWID                     | FND_COMPANY                   |     1 |   415 |     0   (0)|          |
| 327 |                               INDEX UNIQUE SCAN                              | COMPANY_PK                    |     1 |       |     0   (0)|          |
| 328 |                             TABLE ACCESS BY INDEX ROWID                      | INF_CHANNEL                   |     1 |    31 |     0   (0)|          |
| 329 |                              INDEX UNIQUE SCAN                               | INF_CHANNEL_PK                |     1 |       |     0   (0)|          |
| 330 |                           TABLE ACCESS BY INDEX ROWID                        | PAY_BILLER_METADATA           |     1 |  2799 |     0   (0)|          |
| 331 |                            INDEX UNIQUE SCAN                                 | BILLER_METADATA_PK            |     1 |       |     0   (0)|          |
| 332 |                       TABLE ACCESS BY INDEX ROWID                            | FND_TENANT_LOOKUP_VALUE       |     1 |    57 |     0   (0)|          |

PLAN_TABLE_OUTPUT
------------------------------------------------------------------------------------------------------------------------------------------------------------------------------------------------------------------------------------------------------------------------------------------------------------
| 333 |                        INDEX UNIQUE SCAN                                     | TENANT_LOOKUP_VALUE_PK        |     1 |       |     0   (0)|          |
| 334 |                      TABLE ACCESS BY INDEX ROWID                             | FND_TENANT_LOOKUP_TYPE        |     1 |    62 |     1   (0)| 00:00:01 |
| 335 |                       INDEX UNIQUE SCAN                                      | TENANT_LOOKUP_TYPE_PK         |     1 |       |     0   (0)|          |
| 336 |                     TABLE ACCESS BY INDEX ROWID                              | FND_TENANT_APPLICATION        |     1 |    28 |     1   (0)| 00:00:01 |
| 337 |                      INDEX UNIQUE SCAN                                       | TENANT_APPLICATION_PK         |     1 |       |     0   (0)|          |
| 338 |                    TABLE ACCESS BY INDEX ROWID                               | FND_COUNTRY                   |     1 |    45 |     1   (0)| 00:00:01 |
| 339 |                     INDEX UNIQUE SCAN                                        | COUNTRY_PK                    |     1 |       |     0   (0)|          |
| 340 |                   TABLE ACCESS BY INDEX ROWID                                | INF_CHANNEL                   |     1 |    31 |     0   (0)|          |
| 341 |                    INDEX UNIQUE SCAN                                         | INF_CHANNEL_PK                |     1 |       |     0   (0)|          |
| 342 |                 TABLE ACCESS BY INDEX ROWID                                  | FND_COUNTRY                   |     1 |    45 |     1   (0)| 00:00:01 |
| 343 |                  INDEX UNIQUE SCAN                                           | COUNTRY_PK                    |     1 |       |     0   (0)|          |
| 344 |               TABLE ACCESS FULL                                              | USER_CIF                      | 18368 |   448K|    24   (5)| 00:00:01 |
| 345 |              TABLE ACCESS BY INDEX ROWID                                     | FND_CIF                       |     1 |    63 |     1   (0)| 00:00:01 |
| 346 |               INDEX UNIQUE SCAN                                              | CIF_PK                        |     1 |       |     0   (0)|          |
| 347 |            TABLE ACCESS FULL                                                 | FND_CIF_ACCOUNT               | 33093 |   387K|    24   (5)| 00:00:01 |
| 348 |           TABLE ACCESS BY INDEX ROWID                                        | ACCT_ACCOUNT                  |     1 |    53 |     1   (0)| 00:00:01 |
| 349 |            INDEX UNIQUE SCAN                                                 | ACCOUNT_PK                    |     1 |       |     0   (0)|          |
| 350 |          TABLE ACCESS BY INDEX ROWID                                         | FND_CURRENCY                  |     1 |    55 |     1   (0)| 00:00:01 |
| 351 |           INDEX UNIQUE SCAN                                                  | CURRENCY_PK                   |     1 |       |     0   (0)|          |
| 352 |         TABLE ACCESS BY INDEX ROWID                                          | ACCT_PRODUCT                  |     1 |    83 |     1   (0)| 00:00:01 |
| 353 |          INDEX UNIQUE SCAN                                                   | PRODUCT_PK                    |     1 |       |     0   (0)|          |
| 354 |        TABLE ACCESS BY INDEX ROWID                                           | ACCT_PRODUCT_TYPE             |     1 |    44 |     1   (0)| 00:00:01 |
| 355 |         INDEX UNIQUE SCAN                                                    | PRODUCT_TYPE_PK               |     1 |       |     0   (0)|          |
| 356 |       TABLE ACCESS BY INDEX ROWID                                            | FND_LOOKUP_VALUE              |     1 |    45 |     1   (0)| 00:00:01 |
| 357 |        INDEX UNIQUE SCAN                                                     | LOOKUP_VALUE_PK               |     1 |       |     0   (0)|          |
| 358 |      TABLE ACCESS BY INDEX ROWID                                             | FND_LOOKUP_VALUE              |     1 |    45 |     1   (0)| 00:00:01 |
| 359 |       INDEX UNIQUE SCAN                                                      | LOOKUP_VALUE_PK               |     1 |       |     0   (0)|          |
| 360 |     TABLE ACCESS BY INDEX ROWID                                              | FND_LOOKUP_TYPE               |     1 |    55 |     1   (0)| 00:00:01 |
| 361 |      INDEX UNIQUE SCAN                                                       | LOOKUP_TYPE_PK                |     1 |       |     0   (0)|          |
| 362 |    TABLE ACCESS BY INDEX ROWID                                               | FND_COUNTRY                   |     1 |    45 |     1   (0)| 00:00:01 |
| 363 |     INDEX UNIQUE SCAN                                                        | COUNTRY_PK                    |     1 |       |     0   (0)|          |
--------------------------------------------------------------------------------------------------------------------------------------------------------------

SQL_ID d9drmngtc7txj
--------------------
/* load com.vayana.ib.bm.core.api.model.payment.LimitDefinitionDetail
*/ select limitdefin0_.id as id1_153_111_, limitdefin0_."VERSION" as
VERSION2_153_111_, limitdefin0_.AUTH_BY as AUTH43_153_111_,
limitdefin0_.AUTH_DATE as AUTH3_153_111_, limitdefin0_.CREATED_BY as
CREATED44_153_111_, limitdefin0_.CREATED_DATE as CREATED4_153_111_,
limitdefin0_.MODIFIED_BY as MODIFIE45_153_111_,
limitdefin0_.MODIFIED_DATE as MODIFIED5_153_111_,
limitdefin0_.CHANNEL_ID as CHANNEL46_153_111_, limitdefin0_.CODE as
CODE6_153_111_, limitdefin0_.COMPANY_ID as COMPANY47_153_111_,
limitdefin0_.CIF_ID as CIF48_153_111_, limitdefin0_.DESCRIPTION as
DESCRIPT7_153_111_, limitdefin0_.EFFECTIVE_FROM_DATE as
EFFECTIV8_153_111_, limitdefin0_.EFFECTIVE_TO_DATE as
EFFECTIV9_153_111_, limitdefin0_.GLO_DAILY_MAX_TRX_AMOUNT as
GLO10_153_111_, limitdefin0_.GLO_DAILY_MAX_TRX_ALLOWED as
GLO11_153_111_, limitdefin0_.GLO_FORTNIGHT_MAX_TRX_AMOUNT as
GLO12_153_111_, limitdefin0_.GLO_FORTNIGHT_MAX_TRX_ALLOWED as
GLO13_153_111_, limitdefin0_.GLO_HALFERLY_MAX_TRX_AMOUNT as
GLO14_153_111_, limitdefin0_.GLO_HALFERLY_MAX_TRX_ALLOWED as
GLO15_153_111_, limitdefin0_.GLO_MAX_TRX_AMOUNT as GLO16_153_111_,
limitdefin0_.GLO_MIN_TRX_AMOUNT as GLO17_153_111_,
limitdefin0_.GLO_MONTHLY_MAX_TRX_AMOUNT as GLO18_153_111_,
limitdefin0_.GLO_MONTHLY_MAX_TRX_ALLOWED as GLO19_153_111_,
limitdefin0_.GLO_QUATERLY_MAX_TRX_AMOUNT as GLO20_153_111_,
limitdefin0_.GLO_QUATERLY_MAX_TRX_ALLOWED as GLO21_153_111_,
limitdefin0_.GLO_WEEKLY_MAX_TRX_AMOUNT as GLO22_153_111_,
limitdefin0_.GLO_WEEKLY_MAX_TRX_ALLOWED as GLO23_153_111_,
limitdefin0_.GLO_YEARLY_MAX_TRX_AMOUNT as GLO24_153_111_,
limitdefin0_.GLO_YEARLY_MAX_TRX_ALLOWED as GLO25_153_111_,
limitdefin0_.GROUP_ID as GROUP49_153_111_,
limitdefin0_.LOGIN_PROFILE_ID as LOGIN50_153_111_,
limitdefin0_.DEFINITION_ID as DEFINIT51_153_111_,
limitdefin0_.LIMIT_DEFINITION_TYPE as LIMIT26_153_111_,
limitdefin0_.BENE_ID as BENE52_153_111_, limitdefin0_.BILLER_ID as
BILLER53_153_111_, limitdefin0_.PAYEE_INSTRUCTION_ID as
PAYEE54_153_111_, limitdefin0_.REG_DAILY_MAX_TRX_AMOUNT as
REG27_153_111_, limitdefin0_.REG_DAILY_MAX_TRX_ALLOWED as
REG28_153_111_, limitdefin0_.REG_FORTNIGHT_MAX_TRX_AMOUNT as
REG29_153_111_, limitdefin0_.REG_FORTNIGHT_MAX_TRX_ALLOWED as
REG30_153_111_, limitdefin0_.REG_HALFERLY_MAX_TRX_AMOUNT as
REG31_153_111_, limitdefin0_.REG_HALFERLY_MAX_TRX_ALLOWED as
REG32_153_111_, limitdefin0_.REG_MAX_TRX_AMOUNT as REG33_153_111_,
limitdefin0_.REG_MIN_TRX_AMOUNT as REG34_153_111_,
limitdefin0_.REG_MONTHLY_MAX_TRX_AMOUNT as REG35_153_111_,
limitdefin0_.REG_MONTHLY_MAX_TRX_ALLOWED as REG36_153_111_,
limitdefin0_.REG_QUATERLY_MAX_TRX_AMOUNT as REG37_153_111_,
limitdefin0_.REG_QUATERLY_MAX_TRX_ALLOWED as REG38_153_111_,
limitdefin0_.REG_WEEKLY_MAX_TRX_AMOUNT as REG39_153_111_,
limitdefin0_.REG_WEEKLY_MAX_TRX_ALLOWED as REG40_153_111_,
limitdefin0_.REG_YEARLY_MAX_TRX_AMOUNT as REG41_153_111_,
limitdefin0_.REG_YEARLY_MAX_TRX_ALLOWED as REG42_153_111_,
limitdefin0_.SEGMENT_ID as SEGMENT55_153_111_,
limitdefin0_.SPECIAL_CATEGORY_ID as SPECIAL56_153_111_,
limitdefin0_.STATUS_ID as STATUS57_153_111_, channel1_.id as id1_95_0_,
channel1_."VERSION" as VERSION2_95_0_, channel1_.AUTH_BY as
AUTH8_95_0_, channel1_.AUTH_DATE as AUTH3_95_0_, channel1_.CREATED_BY
as CREATED9_95_0_, channel1_.CREATED_DATE as CREATED4_95_0_,
channel1_.MODIFIED_BY as MODIFIE10_95_0_, channel1_.MODIFIED_DATE as
MODIFIED5_95_0_, channel1_.CODE as CODE6_95_0_, channel1_.DESCRIPTION
as DESCRIPT7_95_0_, company2_.id as id1_39_1_, company2_."VERSION" as
VERSION2_39_1_, company2_.AUTH_BY as AUTH8_39_1_, company2_.AUTH_DATE
as AUTH3_39_1_, company2_.CREATED_BY as CREATED9_39_1_,
company2_.CREATED_DATE as CREATED4_39_1_, company2_.MODIFIED_BY as
MODIFIE10_39_1_, company2_.MODIFIED_DATE as MODIFIED5_39_1_,
company2_.AUTH_MATRIX_ID as AUTH11_39_1_, company2_.CHANNEL_ID as
CHANNEL12_39_1_, company2_.CODE as CODE6_39_1_, company2_.CONTACT_ID as
CONTACT13_39_1_, company2_.COUNTRY_ID as COUNTRY14_39_1_, co

Plan hash value: 2528397240

--------------------------------------------------------------------------------------------------------------------------------------------------------------
| Id  | Operation                                                                    | Name                          | Rows  | Bytes | Cost (%CPU)| Time     |
--------------------------------------------------------------------------------------------------------------------------------------------------------------
|   0 | SELECT STATEMENT                                                             |                               |       |       |   341 (100)|          |
|   1 |  SORT ORDER BY                                                               |                               |     1 | 24279 |   341   (2)| 00:00:05 |
|   2 |   NESTED LOOPS OUTER                                                         |                               |     1 | 24279 |   340   (1)| 00:00:05 |
|   3 |    NESTED LOOPS OUTER                                                        |                               |     1 | 24234 |   339   (1)| 00:00:05 |
|   4 |     NESTED LOOPS OUTER                                                       |                               |     1 | 24179 |   338   (1)| 00:00:05 |
|   5 |      NESTED LOOPS OUTER                                                      |                               |     1 | 24134 |   337   (1)| 00:00:05 |
|   6 |       NESTED LOOPS OUTER                                                     |                               |     1 | 24089 |   336   (1)| 00:00:05 |
|   7 |        NESTED LOOPS OUTER                                                    |                               |     1 | 24044 |   335   (1)| 00:00:05 |
|   8 |         NESTED LOOPS                                                         |                               |     1 | 23999 |   334   (1)| 00:00:05 |
|   9 |          NESTED LOOPS OUTER                                                  |                               |     1 | 23954 |   333   (1)| 00:00:04 |
|  10 |           NESTED LOOPS OUTER                                                 |                               |     1 | 23909 |   332   (1)| 00:00:04 |
|  11 |            NESTED LOOPS OUTER                                                |                               |     1 | 23864 |   331   (1)| 00:00:04 |
|  12 |             NESTED LOOPS OUTER                                               |                               |     1 | 23819 |   330   (1)| 00:00:04 |
|  13 |              NESTED LOOPS OUTER                                              |                               |     1 | 23774 |   329   (1)| 00:00:04 |
|  14 |               NESTED LOOPS OUTER                                             |                               |     1 | 23729 |   328   (1)| 00:00:04 |
|  15 |                NESTED LOOPS OUTER                                            |                               |     1 | 23684 |   327   (1)| 00:00:04 |
|  16 |                 NESTED LOOPS OUTER                                           |                               |     1 | 23639 |   326   (1)| 00:00:04 |
|  17 |                  NESTED LOOPS OUTER                                          |                               |     1 | 23594 |   325   (1)| 00:00:04 |
|  18 |                   NESTED LOOPS OUTER                                         |                               |     1 | 23549 |   325   (1)| 00:00:04 |
|  19 |                    NESTED LOOPS OUTER                                        |                               |     1 | 23504 |   325   (1)| 00:00:04 |
|  20 |                     NESTED LOOPS OUTER                                       |                               |     1 | 23459 |   324   (1)| 00:00:04 |
|  21 |                      NESTED LOOPS OUTER                                      |                               |     1 | 23414 |   323   (1)| 00:00:04 |
|  22 |                       NESTED LOOPS OUTER                                     |                               |     1 | 23369 |   322   (1)| 00:00:04 |
|  23 |                        NESTED LOOPS OUTER                                    |                               |     1 | 23324 |   322   (1)| 00:00:04 |
|  24 |                         NESTED LOOPS OUTER                                   |                               |     1 | 23279 |   322   (1)| 00:00:04 |
|  25 |                          NESTED LOOPS OUTER                                  |                               |     1 | 23234 |   321   (1)| 00:00:04 |
|  26 |                           NESTED LOOPS OUTER                                 |                               |     1 | 23189 |   321   (1)| 00:00:04 |
|  27 |                            NESTED LOOPS OUTER                                |                               |     1 | 23144 |   321   (1)| 00:00:04 |
|  28 |                             NESTED LOOPS OUTER                               |                               |     1 | 23099 |   321   (1)| 00:00:04 |
|  29 |                              NESTED LOOPS OUTER                              |                               |     1 | 22955 |   320   (1)| 00:00:04 |
|  30 |                               NESTED LOOPS OUTER                             |                               |     1 | 22879 |   319   (1)| 00:00:04 |
|  31 |                                NESTED LOOPS OUTER                            |                               |     1 | 20517 |   319   (1)| 00:00:04 |
|  32 |                                 NESTED LOOPS OUTER                           |                               |     1 | 20487 |   317   (1)| 00:00:04 |
|  33 |                                  NESTED LOOPS OUTER                          |                               |     1 | 20457 |   315   (1)| 00:00:04 |
|  34 |                                   NESTED LOOPS OUTER                         |                               |     1 | 20397 |   314   (1)| 00:00:04 |
|  35 |                                    NESTED LOOPS OUTER                        |                               |     1 | 20344 |   313   (1)| 00:00:04 |
|  36 |                                     NESTED LOOPS OUTER                       |                               |     1 | 20303 |   312   (1)| 00:00:04 |
|  37 |                                      NESTED LOOPS OUTER                      |                               |     1 | 20248 |   311   (1)| 00:00:04 |
|  38 |                                       NESTED LOOPS OUTER                     |                               |     1 | 20165 |   310   (1)| 00:00:04 |
|  39 |                                        NESTED LOOPS OUTER                    |                               |     1 | 20085 |   309   (1)| 00:00:04 |
|  40 |                                         NESTED LOOPS OUTER                   |                               |     1 | 20032 |   309   (1)| 00:00:04 |
|  41 |                                          NESTED LOOPS OUTER                  |                               |     1 | 19991 |   309   (1)| 00:00:04 |
|  42 |                                           NESTED LOOPS OUTER                 |                               |     1 | 19936 |   309   (1)| 00:00:04 |
|  43 |                                            NESTED LOOPS OUTER                |                               |     1 | 19889 |   309   (1)| 00:00:04 |
|  44 |                                             HASH JOIN RIGHT OUTER            |                               |     1 | 17090 |   309   (1)| 00:00:04 |
|  45 |                                              TABLE ACCESS FULL               | PAY_BILLER_DATA               |     1 |   339 |     2   (0)| 00:00:01 |
|  46 |                                              NESTED LOOPS OUTER              |                               |     1 | 16751 |   307   (1)| 00:00:04 |
|  47 |                                               NESTED LOOPS OUTER             |                               |     1 | 16181 |   307   (1)| 00:00:04 |
|  48 |                                                NESTED LOOPS OUTER            |                               |     1 | 15994 |   307   (1)| 00:00:04 |
|  49 |                                                 NESTED LOOPS OUTER           |                               |     1 | 15424 |   307   (1)| 00:00:04 |
|  50 |                                                  NESTED LOOPS OUTER          |                               |     1 | 15237 |   307   (1)| 00:00:04 |
|  51 |                                                   NESTED LOOPS OUTER         |                               |     1 | 15067 |   307   (1)| 00:00:04 |
|  52 |                                                    NESTED LOOPS OUTER        |                               |     1 | 13949 |   307   (1)| 00:00:04 |
|  53 |                                                     NESTED LOOPS OUTER       |                               |     1 | 13512 |   307   (1)| 00:00:04 |
|  54 |                                                      NESTED LOOPS OUTER      |                               |     1 | 13264 |   307   (1)| 00:00:04 |
|  55 |                                                       NESTED LOOPS OUTER     |                               |     1 | 13234 |   306   (1)| 00:00:04 |
|  56 |                                                        NESTED LOOPS OUTER    |                               |     1 | 13146 |   305   (1)| 00:00:04 |
|  57 |                                                         NESTED LOOPS OUTER   |                               |     1 | 13102 |   304   (1)| 00:00:04 |
|  58 |                                                          NESTED LOOPS OUTER  |                               |     1 | 13014 |   303   (1)| 00:00:04 |
|  59 |                                                           NESTED LOOPS OUTER |                               |     1 | 12955 |   302   (1)| 00:00:04 |
|  60 | R                                                          NESTED LOOPS OUTE |                               |     1 | 12879 |   301   (1)| 00:00:04 |
|  61 | ER                                                          NESTED LOOPS OUT |                               |     1 | 12834 |   300   (1)| 00:00:04 |
|  62 | TER                                                          NESTED LOOPS OU |                               |     1 | 12787 |   300   (1)| 00:00:04 |
|  63 | UTER                                                          NESTED LOOPS O |                               |     1 | 12372 |   300   (1)| 00:00:04 |
|  64 | HT OUTER                                                       HASH JOIN RIG |                               |     1 | 12325 |   300   (1)| 00:00:04 |
|  65 |  FULL                                                           TABLE ACCESS | FND_TENANT_APPLICATION_LOCALE |     1 |    30 |     3   (0)| 00:00:01 |
|  66 | GHT OUTER                                                       HASH JOIN RI |                               |     1 | 12295 |   297   (2)| 00:00:04 |
|  67 | S FULL                                                           TABLE ACCES | FND_TENANT_OPERATING_COUNTRY  |     1 |    28 |     3   (0)| 00:00:01 |
|  68 | S OUTER                                                          NESTED LOOP |                               |     1 | 12267 |   294   (2)| 00:00:04 |
|  69 | PS OUTER                                                          NESTED LOO |                               |     1 | 12239 |   293   (2)| 00:00:04 |
|  70 | OPS OUTER                                                          NESTED LO |                               |     1 | 12200 |   292   (2)| 00:00:04 |
|  71 | OOPS OUTER                                                          NESTED L |                               |     1 | 12151 |   292   (2)| 00:00:04 |
|  72 | LOOPS OUTER                                                          NESTED  |                               |     1 | 12126 |   291   (2)| 00:00:04 |
|  73 |  LOOPS OUTER                                                          NESTED |                               |     1 | 12063 |   290   (2)| 00:00:04 |
|  74 | JOIN OUTER                                                             HASH  |                               |     1 | 12057 |   290   (2)| 00:00:04 |
|  75 | ED LOOPS OUTER                                                          NEST |                               |     1 | 12032 |   266   (1)| 00:00:04 |
|  76 | TED LOOPS OUTER                                                          NES |                               |     1 | 11965 |   265   (1)| 00:00:04 |
|  77 | STED LOOPS OUTER                                                          NE |                               |     1 | 11940 |   264   (1)| 00:00:04 |
|  78 | ESTED LOOPS OUTER                                                          N |                               |     1 | 11814 |   264   (1)| 00:00:04 |
|  79 |.HASH JOIN RIGHT OUTER                                                        |                               |     1 | 11769 |   263   (1)| 00:00:04 |
|  80 |. TABLE ACCESS FULL                                                           | FND_DOCUMENT_DETAIL           |     1 |  2080 |     2   (0)| 00:00:01 |
|  81 |. NESTED LOOPS OUTER                                                          |                               |     1 |  9689 |   261   (1)| 00:00:04 |
|  82 |.  NESTED LOOPS OUTER                                                         |                               |     1 |  9597 |   261   (1)| 00:00:04 |
|  83 |.   NESTED LOOPS OUTER                                                        |                               |     1 |  9509 |   261   (1)| 00:00:04 |
|  84 |.    NESTED LOOPS OUTER                                                       |                               |     1 |  9421 |   260   (1)| 00:00:04 |
|  85 |.     NESTED LOOPS OUTER                                                      |                               |     1 |  9366 |   259   (1)| 00:00:04 |
|  86 |.      NESTED LOOPS OUTER                                                     |                               |     1 |  9322 |   258   (1)| 00:00:04 |
|  87 |.       NESTED LOOPS OUTER                                                    |                               |     1 |  9239 |   257   (1)| 00:00:04 |
|  88 |.        HASH JOIN OUTER                                                      |                               |     1 |  9186 |   256   (1)| 00:00:04 |
|  89 |.         NESTED LOOPS OUTER                                                  |                               |     1 |  9174 |   231   (0)| 00:00:03 |

PLAN_TABLE_OUTPUT
------------------------------------------------------------------------------------------------------------------------------------------------------------------------------------------------------------------------------------------------------------------------------------------------------------
|  90 |.          NESTED LOOPS OUTER                                                 |                               |     1 |  9129 |   230   (0)| 00:00:03 |
|  91 |.           NESTED LOOPS OUTER                                                |                               |     1 |  9067 |   229   (0)| 00:00:03 |
|  92 |.            NESTED LOOPS OUTER                                               |                               |     1 |  9039 |   228   (0)| 00:00:03 |
|  93 |.             NESTED LOOPS OUTER                                              |                               |     1 |  8913 |   227   (0)| 00:00:03 |
|  94 |.              NESTED LOOPS OUTER                                             |                               |     1 |  8787 |   226   (0)| 00:00:03 |
|  95 |.               NESTED LOOPS OUTER                                            |                               |     1 |  8762 |   225   (0)| 00:00:03 |
|  96 |.                NESTED LOOPS OUTER                                           |                               |     1 |  8737 |   224   (0)| 00:00:03 |
|  97 |.                 NESTED LOOPS OUTER                                          |                               |     1 |  8674 |   224   (0)| 00:00:03 |
|  98 |.                  NESTED LOOPS OUTER                                         |                               |     1 |  8629 |   223   (0)| 00:00:03 |
|  99 |.                   NESTED LOOPS OUTER                                        |                               |     1 |  8601 |   222   (0)| 00:00:03 |
| 100 |.                    NESTED LOOPS OUTER                                       |                               |     1 |  8539 |   221   (0)| 00:00:03 |
| 101 |.                     NESTED LOOPS OUTER                                      |                               |     1 |  8508 |   221   (0)| 00:00:03 |
| 102 |.                      NESTED LOOPS OUTER                                     |                               |     1 |  8451 |   221   (0)| 00:00:03 |
| 103 |.                       NESTED LOOPS OUTER                                    |                               |     1 |  8406 |   220   (0)| 00:00:03 |
| 104 |.                        NESTED LOOPS OUTER                                   |                               |     1 |  8361 |   219   (0)| 00:00:03 |
| 105 |.                         NESTED LOOPS OUTER                                  |                               |     1 |  8316 |   219   (0)| 00:00:03 |
| 106 |.                          NESTED LOOPS OUTER                                 |                               |     1 |  8236 |   218   (0)| 00:00:03 |
| 107 |.                           NESTED LOOPS OUTER                                |                               |     1 |  8156 |   217   (0)| 00:00:03 |
| 108 |.                            NESTED LOOPS OUTER                               |                               |     1 |  8115 |   216   (0)| 00:00:03 |
| 109 |.                             NESTED LOOPS OUTER                              |                               |     1 |  8074 |   215   (0)| 00:00:03 |
| 110 |.                              NESTED LOOPS OUTER                             |                               |     1 |  8039 |   214   (0)| 00:00:03 |
| 111 |.                               NESTED LOOPS OUTER                            |                               |     1 |  8008 |   213   (0)| 00:00:03 |
| 112 |.                                NESTED LOOPS OUTER                           |                               |     1 |  7980 |   212   (0)| 00:00:03 |
| 113 |.                                 NESTED LOOPS OUTER                          |                               |     1 |  7939 |   211   (0)| 00:00:03 |
| 114 |.                                  NESTED LOOPS OUTER                         |                               |     1 |  7884 |   210   (0)| 00:00:03 |
| 115 |.                                   NESTED LOOPS OUTER                        |                               |     1 |  7856 |   209   (0)| 00:00:03 |
| 116 |.                                    NESTED LOOPS OUTER                       |                               |     1 |  7734 |   208   (0)| 00:00:03 |
| 117 |.                                     NESTED LOOPS OUTER                      |                               |     1 |  7612 |   207   (0)| 00:00:03 |
| 118 |.                                      NESTED LOOPS OUTER                     |                               |     1 |  7573 |   207   (0)| 00:00:03 |
| 119 |.                                       NESTED LOOPS OUTER                    |                               |     1 |  7524 |   207   (0)| 00:00:03 |
| 120 |.                                        NESTED LOOPS OUTER                   |                               |     1 |  7493 |   207   (0)| 00:00:03 |
| 121 |.                                         NESTED LOOPS OUTER                  |                               |     1 |  7459 |   207   (0)| 00:00:03 |
| 122 |.                                          MERGE JOIN OUTER                   |                               |     1 |  7044 |   207   (0)| 00:00:03 |
| 123 |.                                           NESTED LOOPS OUTER                |                               |     1 |  6984 |   206   (0)| 00:00:03 |
| 124 |.                                            HASH JOIN OUTER                  |                               |     1 |  6950 |   206   (0)| 00:00:03 |
| 125 |.                                             HASH JOIN OUTER                 |                               |     1 |  4151 |   204   (0)| 00:00:03 |
| 126 |.                                              HASH JOIN OUTER                |                               |     1 |  1352 |   202   (0)| 00:00:03 |
| 127 |.                                               NESTED LOOPS OUTER            |                               |     1 |   977 |   200   (0)| 00:00:03 |
| 128 |.                                                NESTED LOOPS OUTER           |                               |     1 |   562 |   200   (0)| 00:00:03 |
| 129 |.                                                 TABLE ACCESS BY INDEX ROWID | LIMIT_DEFINITION_DETAIL       |     1 |   125 |   200   (0)| 00:00:03 |
| 130 |.                                                  INDEX SKIP SCAN            | DEFINITION_DETAILS_UK         |     1 |       |   200   (0)| 00:00:03 |
| 131 |.                                                 TABLE ACCESS BY INDEX ROWID | PAY_BILLER                    |     1 |   437 |     0   (0)|          |
| 132 |.                                                  INDEX UNIQUE SCAN          | BILLER_PK                     |     1 |       |     0   (0)|          |
| 133 |.                                                TABLE ACCESS BY INDEX ROWID  | FND_COMPANY                   |     1 |   415 |     0   (0)|          |
| 134 |.                                                 INDEX UNIQUE SCAN           | COMPANY_PK                    |     1 |       |     0   (0)|          |
| 135 |.                                               TABLE ACCESS FULL             | PAY_BILLER_SERVICE            |     1 |   375 |     2   (0)| 00:00:01 |
| 136 |.                                              TABLE ACCESS FULL              | PAY_BILLER_METADATA           |     1 |  2799 |     2   (0)| 00:00:01 |
| 137 |.                                             TABLE ACCESS FULL               | PAY_BILLER_METADATA           |     1 |  2799 |     2   (0)| 00:00:01 |
| 138 |.                                            TABLE ACCESS BY INDEX ROWID      | FND_GROUP                     |     1 |    34 |     0   (0)|          |
| 139 |.                                             INDEX UNIQUE SCAN               | GROUP_PK                      |     1 |       |     0   (0)|          |
| 140 |.                                           BUFFER SORT                       |                               |     1 |    60 |   207   (0)| 00:00:03 |
| 141 |.                                            TABLE ACCESS BY INDEX ROWID      | PAY_BENE                      |     1 |    60 |     1   (0)| 00:00:01 |
| 142 |.                                             INDEX UNIQUE SCAN               | BENE_PK                       |     1 |       |     0   (0)|          |
| 143 |.                                          TABLE ACCESS BY INDEX ROWID        | FND_COMPANY                   |     1 |   415 |     0   (0)|          |
| 144 |.                                           INDEX UNIQUE SCAN                 | COMPANY_PK                    |     1 |       |     0   (0)|          |
| 145 |.                                         TABLE ACCESS BY INDEX ROWID         | FND_GROUP                     |     1 |    34 |     0   (0)|          |
| 146 |.                                          INDEX UNIQUE SCAN                  | GROUP_PK                      |     1 |       |     0   (0)|          |
| 147 |.                                        TABLE ACCESS BY INDEX ROWID          | INF_CHANNEL                   |     1 |    31 |     0   (0)|          |
| 148 |.                                         INDEX UNIQUE SCAN                   | INF_CHANNEL_PK                |     1 |       |     0   (0)|          |
| 149 |.                                       TABLE ACCESS BY INDEX ROWID           | FND_SPECIAL_CATEGORY          |     1 |    49 |     0   (0)|          |
| 150 |.                                        INDEX UNIQUE SCAN                    | SPECIAL_CATEGORY_PK           |     1 |       |     0   (0)|          |
| 151 |.                                      TABLE ACCESS BY INDEX ROWID            | FND_SEGMENT                   |     1 |    39 |     0   (0)|          |
| 152 |.                                       INDEX UNIQUE SCAN                     | SEGMENT_PK                    |     1 |       |     0   (0)|          |
| 153 |.                                     TABLE ACCESS BY INDEX ROWID             | LIMIT_DEFINITION              |     1 |   122 |     1   (0)| 00:00:01 |
| 154 |.                                      INDEX UNIQUE SCAN                      | DEFINITION_PK                 |     1 |       |     0   (0)|          |
| 155 |.                                    TABLE ACCESS BY INDEX ROWID              | LIMIT_DEFINITION              |     1 |   122 |     1   (0)| 00:00:01 |
| 156 |.                                     INDEX UNIQUE SCAN                       | DEFINITION_PK                 |     1 |       |     0   (0)|          |
| 157 |.                                   TABLE ACCESS BY INDEX ROWID               | FND_TENANT_APPLICATION        |     1 |    28 |     1   (0)| 00:00:01 |
| 158 |.                                    INDEX UNIQUE SCAN                        | TENANT_APPLICATION_PK         |     1 |       |     0   (0)|          |
| 159 |.                                  TABLE ACCESS BY INDEX ROWID                | FND_CURRENCY                  |     1 |    55 |     1   (0)| 00:00:01 |
| 160 |.                                   INDEX UNIQUE SCAN                         | CURRENCY_PK                   |     1 |       |     0   (0)|          |
| 161 |.                                 TABLE ACCESS BY INDEX ROWID                 | INF_TENANT_SERVICE            |     1 |    41 |     1   (0)| 00:00:01 |
| 162 |.                                  INDEX UNIQUE SCAN                          | TENANT_SERVICE_PK             |     1 |       |     0   (0)|          |
| 163 |.                                TABLE ACCESS BY INDEX ROWID                  | FND_TENANT_APPLICATION        |     1 |    28 |     1   (0)| 00:00:01 |
| 164 |.                                 INDEX UNIQUE SCAN                           | TENANT_APPLICATION_PK         |     1 |       |     0   (0)|          |
| 165 |.                               TABLE ACCESS BY INDEX ROWID                   | INF_CHANNEL                   |     1 |    31 |     1   (0)| 00:00:01 |
| 166 |.                                INDEX UNIQUE SCAN                            | INF_CHANNEL_PK                |     1 |       |     0   (0)|          |
| 167 |.                              TABLE ACCESS BY INDEX ROWID                    | INF_SERVICE_APPLICATION       |     1 |    35 |     1   (0)| 00:00:01 |
| 168 |.                               INDEX UNIQUE SCAN                             | SERVICE_APPLICATION_PK        |     1 |       |     0   (0)|          |
| 169 |.                             TABLE ACCESS BY INDEX ROWID                     | INF_TENANT_SERVICE            |     1 |    41 |     1   (0)| 00:00:01 |
| 170 |.                              INDEX UNIQUE SCAN                              | TENANT_SERVICE_PK             |     1 |       |     0   (0)|          |
| 171 |.                            TABLE ACCESS BY INDEX ROWID                      | INF_TENANT_SERVICE            |     1 |    41 |     1   (0)| 00:00:01 |
| 172 |.                             INDEX UNIQUE SCAN                               | TENANT_SERVICE_PK             |     1 |       |     0   (0)|          |
| 173 |.                           TABLE ACCESS BY INDEX ROWID                       | INF_SERVICE                   |     1 |    80 |     1   (0)| 00:00:01 |
| 174 |.                            INDEX UNIQUE SCAN                                | SERVICE_PK                    |     1 |       |     0   (0)|          |
| 175 |.                          TABLE ACCESS BY INDEX ROWID                        | INF_SERVICE                   |     1 |    80 |     1   (0)| 00:00:01 |
| 176 |.                           INDEX UNIQUE SCAN                                 | SERVICE_PK                    |     1 |       |     0   (0)|          |
| 177 |.                         TABLE ACCESS BY INDEX ROWID                         | FND_COUNTRY                   |     1 |    45 |     0   (0)|          |
| 178 |.                          INDEX UNIQUE SCAN                                  | COUNTRY_PK                    |     1 |       |     0   (0)|          |
| 179 |.                        TABLE ACCESS BY INDEX ROWID                          | FND_COUNTRY                   |     1 |    45 |     1   (0)| 00:00:01 |
| 180 |.                         INDEX UNIQUE SCAN                                   | COUNTRY_PK                    |     1 |       |     0   (0)|          |
| 181 |.                       TABLE ACCESS BY INDEX ROWID                           | FND_COUNTRY                   |     1 |    45 |     1   (0)| 00:00:01 |
| 182 |.                        INDEX UNIQUE SCAN                                    | COUNTRY_PK                    |     1 |       |     0   (0)|          |
| 183 |.                      TABLE ACCESS BY INDEX ROWID                            | FND_TENANT_LOOKUP_VALUE       |     1 |    57 |     0   (0)|          |
| 184 |.                       INDEX UNIQUE SCAN                                     | TENANT_LOOKUP_VALUE_PK        |     1 |       |     0   (0)|          |
| 185 |.                     TABLE ACCESS BY INDEX ROWID                             | INF_CHANNEL                   |     1 |    31 |     0   (0)|          |
| 186 |.                      INDEX UNIQUE SCAN                                      | INF_CHANNEL_PK                |     1 |       |     0   (0)|          |
| 187 |.                    TABLE ACCESS BY INDEX ROWID                              | FND_TENANT_LOOKUP_TYPE        |     1 |    62 |     1   (0)| 00:00:01 |
| 188 |.                     INDEX UNIQUE SCAN                                       | TENANT_LOOKUP_TYPE_PK         |     1 |       |     0   (0)|          |
| 189 |.                   TABLE ACCESS BY INDEX ROWID                               | FND_TENANT_APPLICATION        |     1 |    28 |     1   (0)| 00:00:01 |
| 190 |.                    INDEX UNIQUE SCAN                                        | TENANT_APPLICATION_PK         |     1 |       |     0   (0)|          |
| 191 |.                  TABLE ACCESS BY INDEX ROWID                                | FND_COUNTRY                   |     1 |    45 |     1   (0)| 00:00:01 |
| 192 |.                   INDEX UNIQUE SCAN                                         | COUNTRY_PK                    |     1 |       |     0   (0)|          |
| 193 |.                 TABLE ACCESS BY INDEX ROWID                                 | FND_CIF                       |     1 |    63 |     0   (0)|          |
| 194 |.                  INDEX UNIQUE SCAN                                          | CIF_PK                        |     1 |       |     0   (0)|          |
| 195 |.                TABLE ACCESS BY INDEX ROWID                                  | USER_LOGIN_PROFILE_EXTEND     |     1 |    25 |     1   (0)| 00:00:01 |
| 196 |.                 INDEX UNIQUE SCAN                                           | LOGIN_PROFILE_EXTEND_PK       |     1 |       |     0   (0)|          |
| 197 |.               TABLE ACCESS BY INDEX ROWID                                   | USER_LOGIN_PROFILE_EXTEND     |     1 |    25 |     1   (0)| 00:00:01 |
| 198 |.                INDEX UNIQUE SCAN                                            | LOGIN_PROFILE_EXTEND_PK       |     1 |       |     0   (0)|          |
| 199 |.              TABLE ACCESS BY INDEX ROWID                                    | USER_LOGIN_PROFILE            |     1 |   126 |     1   (0)| 00:00:01 |
| 200 |.               INDEX UNIQUE SCAN                                             | LOGIN_PROFILE_PK              |     1 |       |     0   (0)|          |
| 201 |.             TABLE ACCESS BY INDEX ROWID                                     | USER_LOGIN_PROFILE            |     1 |   126 |     1   (0)| 00:00:01 |
| 202 |.              INDEX UNIQUE SCAN                                              | LOGIN_PROFILE_PK              |     1 |       |     0   (0)|          |
| 203 |.            TABLE ACCESS BY INDEX ROWID                                      | FND_TENANT_APPLICATION        |     1 |    28 |     1   (0)| 00:00:01 |
| 204 |.             INDEX UNIQUE SCAN                                               | TENANT_APPLICATION_PK         |     1 |       |     0   (0)|          |
| 205 |.           TABLE ACCESS BY INDEX ROWID                                       | FND_TENANT                    |     1 |    62 |     1   (0)| 00:00:01 |
| 206 |.            INDEX UNIQUE SCAN                                                | TENANT_PK                     |     1 |       |     0   (0)|          |
| 207 |.          TABLE ACCESS BY INDEX ROWID                                        | FND_COUNTRY                   |     1 |    45 |     1   (0)| 00:00:01 |
| 208 |.           INDEX UNIQUE SCAN                                                 | COUNTRY_PK                    |     1 |       |     0   (0)|          |
| 209 |.         TABLE ACCESS FULL                                                   | FND_CIF_ACCOUNT               | 33093 |   387K|    24   (5)| 00:00:01 |
| 210 |.        TABLE ACCESS BY INDEX ROWID                                          | ACCT_ACCOUNT                  |     1 |    53 |     1   (0)| 00:00:01 |
| 211 |.         INDEX UNIQUE SCAN                                                   | ACCOUNT_PK                    |     1 |       |     0   (0)|          |
| 212 |.       TABLE ACCESS BY INDEX ROWID                                           | ACCT_PRODUCT                  |     1 |    83 |     1   (0)| 00:00:01 |
| 213 |.        INDEX UNIQUE SCAN                                                    | PRODUCT_PK                    |     1 |       |     0   (0)|          |
| 214 |.      TABLE ACCESS BY INDEX ROWID                                            | ACCT_PRODUCT_TYPE             |     1 |    44 |     1   (0)| 00:00:01 |
| 215 |.       INDEX UNIQUE SCAN                                                     | PRODUCT_TYPE_PK               |     1 |       |     0   (0)|          |
| 216 |.     TABLE ACCESS BY INDEX ROWID                                             | FND_CURRENCY                  |     1 |    55 |     1   (0)| 00:00:01 |
| 217 |.      INDEX UNIQUE SCAN                                                      | CURRENCY_PK                   |     1 |       |     0   (0)|          |
| 218 |.    TABLE ACCESS BY INDEX ROWID                                              | FND_CONTACT                   |     1 |    88 |     1   (0)| 00:00:01 |
| 219 |.     INDEX UNIQUE SCAN                                                       | CONTACT_PK                    |     1 |       |     0   (0)|          |
| 220 |.   TABLE ACCESS BY INDEX ROWID                                               | FND_CONTACT                   |     1 |    88 |     0   (0)|          |
| 221 |.    INDEX UNIQUE SCAN                                                        | CONTACT_PK                    |     1 |       |     0   (0)|          |
| 222 |.  TABLE ACCESS BY INDEX ROWID                                                | FND_DOCUMENT                  |     1 |    92 |     0   (0)|          |
| 223 |.   INDEX UNIQUE SCAN                                                         | DOCUMENT_PK                   |     1 |       |     0   (0)|          |
| 224 |.TABLE ACCESS BY INDEX ROWID                                                  | FND_COUNTRY                   |     1 |    45 |     1   (0)| 00:00:01 |
| 225 |. INDEX UNIQUE SCAN                                                           | COUNTRY_PK                    |     1 |       |     0   (0)|          |
| 226 | ABLE ACCESS BY INDEX ROWID                                                 T | USER_LOGIN_PROFILE            |     1 |   126 |     0   (0)|          |
| 227 |.INDEX UNIQUE SCAN                                                            | LOGIN_PROFILE_PK              |     1 |       |     0   (0)|          |
| 228 | BLE ACCESS BY INDEX ROWID                                                 TA | USER_CONTACT_DETAIL           |     1 |    25 |     1   (0)| 00:00:01 |
| 229 | NDEX UNIQUE SCAN                                                           I | CONTACT_DETAIL_PK             |     1 |       |     0   (0)|          |
| 230 | LE ACCESS BY INDEX ROWID                                                 TAB | USER_PROFILE                  |     1 |    67 |     1   (0)| 00:00:01 |
| 231 | DEX UNIQUE SCAN                                                           IN | PROFILE_PK                    |     1 |       |     0   (0)|          |
| 232 | E ACCESS FULL                                                           TABL | USER_CIF                      | 18368 |   448K|    24   (5)| 00:00:01 |
| 233 |  UNIQUE SCAN                                                           INDEX | PROFILE_EXTEND_PK             |     1 |     6 |     0   (0)|          |
| 234 | ACCESS BY INDEX ROWID                                                 TABLE  | FND_CIF                       |     1 |    63 |     1   (0)| 00:00:01 |
| 235 |  UNIQUE SCAN                                                           INDEX | CIF_PK                        |     1 |       |     0   (0)|          |
| 236 | CCESS BY INDEX ROWID                                                 TABLE A | USER_LOGIN_PROFILE_EXTEND     |     1 |    25 |     1   (0)| 00:00:01 |
| 237 | UNIQUE SCAN                                                           INDEX  | LOGIN_PROFILE_EXTEND_PK       |     1 |       |     0   (0)|          |
| 238 | CESS BY INDEX ROWID                                                 TABLE AC | FND_SPECIAL_CATEGORY          |     1 |    49 |     0   (0)|          |
| 239 | NIQUE SCAN                                                           INDEX U | SPECIAL_CATEGORY_PK           |     1 |       |     0   (0)|          |
| 240 | ESS BY INDEX ROWID                                                 TABLE ACC | FND_SEGMENT                   |     1 |    39 |     1   (0)| 00:00:01 |
| 241 | IQUE SCAN                                                           INDEX UN | SEGMENT_PK                    |     1 |       |     0   (0)|          |
| 242 | SS BY INDEX ROWID                                                 TABLE ACCE | FND_TENANT_APPLICATION        |     1 |    28 |     1   (0)| 00:00:01 |
| 243 | QUE SCAN                                                           INDEX UNI | TENANT_APPLICATION_PK         |     1 |       |     0   (0)|          |
| 244 | BY INDEX ROWID                                                 TABLE ACCESS  | FND_DEPARTMENT                |     1 |    47 |     0   (0)|          |
| 245 |  SCAN                                                           INDEX UNIQUE | DEPARTMENT_PK                 |     1 |       |     0   (0)|          |
| 246 | Y INDEX ROWID                                                 TABLE ACCESS B | FND_COMPANY                   |     1 |   415 |     0   (0)|          |
| 247 | SCAN                                                           INDEX UNIQUE  | COMPANY_PK                    |     1 |       |     0   (0)|          |
| 248 |  INDEX ROWID                                                 TABLE ACCESS BY | FND_DEPARTMENT                |     1 |    47 |     0   (0)|          |
| 249 | CAN                                                           INDEX UNIQUE S | DEPARTMENT_PK                 |     1 |       |     0   (0)|          |
| 250 | INDEX ROWID                                                 TABLE ACCESS BY  | FND_COUNTRY                   |     1 |    45 |     1   (0)| 00:00:01 |
| 251 | AN                                                           INDEX UNIQUE SC | COUNTRY_PK                    |     1 |       |     0   (0)|          |
| 252 | NDEX ROWID                                                 TABLE ACCESS BY I | FND_TENANT_BRANCH             |     1 |    76 |     1   (0)| 00:00:01 |
| 253 | N                                                           INDEX UNIQUE SCA | TENANT_BRANCH_PK              |     1 |       |     0   (0)|          |
| 254 | DEX ROWID                                                 TABLE ACCESS BY IN | FND_CITY                      |     1 |    59 |     1   (0)| 00:00:01 |
| 255 |                                                            INDEX UNIQUE SCAN | CITY_PK                       |     1 |       |     0   (0)|          |
| 256 | EX ROWID                                                 TABLE ACCESS BY IND | FND_CONTACT                   |     1 |    88 |     1   (0)| 00:00:01 |
| 257 |                                                           INDEX UNIQUE SCAN  | CONTACT_PK                    |     1 |       |     0   (0)|          |
| 258 | X ROWID                                                 TABLE ACCESS BY INDE | FND_STATE                     |     1 |    44 |     1   (0)| 00:00:01 |
| 259 |                                                          INDEX UNIQUE SCAN   | STATE_PK                      |     1 |       |     0   (0)|          |
| 260 |  ROWID                                                 TABLE ACCESS BY INDEX | FND_CONTACT                   |     1 |    88 |     1   (0)| 00:00:01 |
| 261 |                                                         INDEX UNIQUE SCAN    | CONTACT_PK                    |     1 |       |     0   (0)|          |
| 262 | ROWID                                                 TABLE ACCESS BY INDEX  | PAY_PAYEE_INSTRUCTION         |     1 |    30 |     1   (0)| 00:00:01 |
| 263 |                                                        INDEX UNIQUE SCAN     | PAY_PAYEE_INSTRUCTION_PK      |     1 |       |     0   (0)|          |
| 264 | OWID                                                 TABLE ACCESS BY INDEX R | PAY_BILLER_INSTRUCTION        |     1 |   248 |     0   (0)|          |
| 265 |                                                       INDEX UNIQUE SCAN      | BILLER_INSTRUCTION_PK         |     1 |       |     0   (0)|          |
| 266 | WID                                                 TABLE ACCESS BY INDEX RO | PAY_BILLER                    |     1 |   437 |     0   (0)|          |
| 267 |                                                      INDEX UNIQUE SCAN       | BILLER_PK                     |     1 |       |     0   (0)|          |
| 268 | ID                                                 TABLE ACCESS BY INDEX ROW | PAY_PG_INSTRUCTION            |     1 |  1118 |     0   (0)|          |
| 269 |                                                     INDEX UNIQUE SCAN        | PAY_PG_INSTRUCTION_PK         |     1 |       |     0   (0)|          |
| 270 | D                                                 TABLE ACCESS BY INDEX ROWI | PG_MER_AGG_MAPPING_MASTER     |     1 |   170 |     0   (0)|          |
| 271 |                                                    INDEX UNIQUE SCAN         | PG_MER_AGG_MAPPING_MASTER_PK  |     1 |       |     0   (0)|          |
| 272 |                                                  TABLE ACCESS BY INDEX ROWID | PG_MERCHANT_MASTER            |     1 |   187 |     0   (0)|          |
| 273 |                                                   INDEX UNIQUE SCAN          | PG_MERCHANT_MASTER_PK         |     1 |       |     0   (0)|          |
| 274 |                                                 TABLE ACCESS BY INDEX ROWID  | PG_AGGREGATOR_MASTER          |     1 |   570 |     0   (0)|          |
| 275 |                                                  INDEX UNIQUE SCAN           | PG_AGGREGATOR_MASTER_PK       |     1 |       |     0   (0)|          |
| 276 |                                                TABLE ACCESS BY INDEX ROWID   | PG_MERCHANT_MASTER            |     1 |   187 |     0   (0)|          |
| 277 |                                                 INDEX UNIQUE SCAN            | PG_MERCHANT_MASTER_PK         |     1 |       |     0   (0)|          |
| 278 |                                               TABLE ACCESS BY INDEX ROWID    | PG_AGGREGATOR_MASTER          |     1 |   570 |     0   (0)|          |
| 279 |                                                INDEX UNIQUE SCAN             | PG_AGGREGATOR_MASTER_PK       |     1 |       |     0   (0)|          |
| 280 |                                             TABLE ACCESS BY INDEX ROWID      | PAY_BILLER_METADATA           |     1 |  2799 |     0   (0)|          |
| 281 |                                              INDEX UNIQUE SCAN               | BILLER_METADATA_PK            |     1 |       |     0   (0)|          |
| 282 |                                            TABLE ACCESS BY INDEX ROWID       | PG_BILLER_BUSINESS_SUB_CAT    |     1 |    47 |     0   (0)|          |
| 283 |                                             INDEX UNIQUE SCAN                | PG_BILLER_BUSINESS_SUB_CAT_PK |     1 |       |     0   (0)|          |
| 284 |                                           TABLE ACCESS BY INDEX ROWID        | FND_CURRENCY                  |     1 |    55 |     0   (0)|          |
| 285 |                                            INDEX UNIQUE SCAN                 | CURRENCY_PK                   |     1 |       |     0   (0)|          |
| 286 |                                          TABLE ACCESS BY INDEX ROWID         | INF_TENANT_SERVICE            |     1 |    41 |     0   (0)|          |

PLAN_TABLE_OUTPUT
------------------------------------------------------------------------------------------------------------------------------------------------------------------------------------------------------------------------------------------------------------------------------------------------------------
| 287 |                                           INDEX UNIQUE SCAN                  | TENANT_SERVICE_PK             |     1 |       |     0   (0)|          |
| 288 |                                         TABLE ACCESS BY INDEX ROWID          | ACCT_ACCOUNT                  |     1 |    53 |     0   (0)|          |
| 289 |                                          INDEX UNIQUE SCAN                   | ACCOUNT_PK                    |     1 |       |     0   (0)|          |
| 290 |                                        TABLE ACCESS BY INDEX ROWID           | PAY_BENE_INSTRUCTION          |     1 |    80 |     1   (0)| 00:00:01 |
| 291 |                                         INDEX UNIQUE SCAN                    | BENE_INSTRUCTION_PK           |     1 |       |     0   (0)|          |
| 292 |                                       TABLE ACCESS BY INDEX ROWID            | ACCT_PRODUCT                  |     1 |    83 |     1   (0)| 00:00:01 |
| 293 |                                        INDEX UNIQUE SCAN                     | PRODUCT_PK                    |     1 |       |     0   (0)|          |
| 294 |                                      TABLE ACCESS BY INDEX ROWID             | FND_CURRENCY                  |     1 |    55 |     1   (0)| 00:00:01 |
| 295 |                                       INDEX UNIQUE SCAN                      | CURRENCY_PK                   |     1 |       |     0   (0)|          |
| 296 |                                     TABLE ACCESS BY INDEX ROWID              | INF_TENANT_SERVICE            |     1 |    41 |     1   (0)| 00:00:01 |
| 297 |                                      INDEX UNIQUE SCAN                       | TENANT_SERVICE_PK             |     1 |       |     0   (0)|          |
| 298 |                                    TABLE ACCESS BY INDEX ROWID               | ACCT_ACCOUNT                  |     1 |    53 |     1   (0)| 00:00:01 |
| 299 |                                     INDEX UNIQUE SCAN                        | ACCOUNT_PK                    |     1 |       |     0   (0)|          |
| 300 |                                   TABLE ACCESS BY INDEX ROWID                | PAY_BENE                      |     1 |    60 |     1   (0)| 00:00:01 |
| 301 |                                    INDEX UNIQUE SCAN                         | BENE_PK                       |     1 |       |     0   (0)|          |
| 302 |                                  TABLE ACCESS BY INDEX ROWID                 | PAY_PAYEE_BANK_BRANCH         |     1 |    30 |     2   (0)| 00:00:01 |
| 303 |                                   INDEX UNIQUE SCAN                          | PAY_PAYEE_BANK_BRANCH_PK      |     1 |       |     1   (0)| 00:00:01 |
| 304 |                                 TABLE ACCESS BY INDEX ROWID                  | PAY_PAYEE_BANK_BRANCH         |     1 |    30 |     2   (0)| 00:00:01 |
| 305 |                                  INDEX UNIQUE SCAN                           | PAY_PAYEE_BANK_BRANCH_PK      |     1 |       |     1   (0)| 00:00:01 |
| 306 |                                TABLE ACCESS BY INDEX ROWID                   | PAY_FOREIGN_BANK_BRANCH       |     1 |  2362 |     0   (0)|          |
| 307 |                                 INDEX UNIQUE SCAN                            | FOREIGN_BANK_BRANCH_PK        |     1 |       |     0   (0)|          |
| 308 |                               TABLE ACCESS BY INDEX ROWID                    | FND_TENANT_BRANCH             |     1 |    76 |     1   (0)| 00:00:01 |
| 309 |                                INDEX UNIQUE SCAN                             | TENANT_BRANCH_PK              |     1 |       |     0   (0)|          |
| 310 |                              TABLE ACCESS BY INDEX ROWID                     | PAY_DOMESTIC_BANK_BRANCH      |     1 |   144 |     1   (0)| 00:00:01 |
| 311 |                               INDEX UNIQUE SCAN                              | DOMESTIC_BANK_BRANCH_PK       |     1 |       |     0   (0)|          |
| 312 |                             TABLE ACCESS BY INDEX ROWID                      | FND_LOOKUP_VALUE              |     1 |    45 |     0   (0)|          |
| 313 |                              INDEX UNIQUE SCAN                               | LOOKUP_VALUE_PK               |     1 |       |     0   (0)|          |
| 314 |                            TABLE ACCESS BY INDEX ROWID                       | FND_LOOKUP_VALUE              |     1 |    45 |     0   (0)|          |
| 315 |                             INDEX UNIQUE SCAN                                | LOOKUP_VALUE_PK               |     1 |       |     0   (0)|          |
| 316 |                           TABLE ACCESS BY INDEX ROWID                        | FND_LOOKUP_VALUE              |     1 |    45 |     0   (0)|          |
| 317 |                            INDEX UNIQUE SCAN                                 | LOOKUP_VALUE_PK               |     1 |       |     0   (0)|          |
| 318 |                          TABLE ACCESS BY INDEX ROWID                         | FND_LOOKUP_VALUE              |     1 |    45 |     1   (0)| 00:00:01 |
| 319 |                           INDEX UNIQUE SCAN                                  | LOOKUP_VALUE_PK               |     1 |       |     0   (0)|          |
| 320 |                         TABLE ACCESS BY INDEX ROWID                          | FND_LOOKUP_VALUE              |     1 |    45 |     0   (0)|          |
| 321 |                          INDEX UNIQUE SCAN                                   | LOOKUP_VALUE_PK               |     1 |       |     0   (0)|          |
| 322 |                        TABLE ACCESS BY INDEX ROWID                           | FND_LOOKUP_VALUE              |     1 |    45 |     0   (0)|          |
| 323 |                         INDEX UNIQUE SCAN                                    | LOOKUP_VALUE_PK               |     1 |       |     0   (0)|          |
| 324 |                       TABLE ACCESS BY INDEX ROWID                            | FND_LOOKUP_VALUE              |     1 |    45 |     1   (0)| 00:00:01 |
| 325 |                        INDEX UNIQUE SCAN                                     | LOOKUP_VALUE_PK               |     1 |       |     0   (0)|          |
| 326 |                      TABLE ACCESS BY INDEX ROWID                             | FND_LOOKUP_VALUE              |     1 |    45 |     1   (0)| 00:00:01 |
| 327 |                       INDEX UNIQUE SCAN                                      | LOOKUP_VALUE_PK               |     1 |       |     0   (0)|          |
| 328 |                     TABLE ACCESS BY INDEX ROWID                              | FND_LOOKUP_VALUE              |     1 |    45 |     1   (0)| 00:00:01 |
| 329 |                      INDEX UNIQUE SCAN                                       | LOOKUP_VALUE_PK               |     1 |       |     0   (0)|          |
| 330 |                    TABLE ACCESS BY INDEX ROWID                               | FND_LOOKUP_VALUE              |     1 |    45 |     0   (0)|          |
| 331 |                     INDEX UNIQUE SCAN                                        | LOOKUP_VALUE_PK               |     1 |       |     0   (0)|          |
| 332 |                   TABLE ACCESS BY INDEX ROWID                                | FND_LOOKUP_VALUE              |     1 |    45 |     0   (0)|          |
| 333 |                    INDEX UNIQUE SCAN                                         | LOOKUP_VALUE_PK               |     1 |       |     0   (0)|          |
| 334 |                  TABLE ACCESS BY INDEX ROWID                                 | FND_LOOKUP_VALUE              |     1 |    45 |     1   (0)| 00:00:01 |
| 335 |                   INDEX UNIQUE SCAN                                          | LOOKUP_VALUE_PK               |     1 |       |     0   (0)|          |
| 336 |                 TABLE ACCESS BY INDEX ROWID                                  | FND_LOOKUP_VALUE              |     1 |    45 |     1   (0)| 00:00:01 |
| 337 |                  INDEX UNIQUE SCAN                                           | LOOKUP_VALUE_PK               |     1 |       |     0   (0)|          |
| 338 |                TABLE ACCESS BY INDEX ROWID                                   | FND_LOOKUP_VALUE              |     1 |    45 |     1   (0)| 00:00:01 |
| 339 |                 INDEX UNIQUE SCAN                                            | LOOKUP_VALUE_PK               |     1 |       |     0   (0)|          |
| 340 |               TABLE ACCESS BY INDEX ROWID                                    | FND_LOOKUP_VALUE              |     1 |    45 |     1   (0)| 00:00:01 |
| 341 |                INDEX UNIQUE SCAN                                             | LOOKUP_VALUE_PK               |     1 |       |     0   (0)|          |
| 342 |              TABLE ACCESS BY INDEX ROWID                                     | FND_LOOKUP_VALUE              |     1 |    45 |     1   (0)| 00:00:01 |
| 343 |               INDEX UNIQUE SCAN                                              | LOOKUP_VALUE_PK               |     1 |       |     0   (0)|          |
| 344 |             TABLE ACCESS BY INDEX ROWID                                      | FND_LOOKUP_VALUE              |     1 |    45 |     1   (0)| 00:00:01 |
| 345 |              INDEX UNIQUE SCAN                                               | LOOKUP_VALUE_PK               |     1 |       |     0   (0)|          |
| 346 |            TABLE ACCESS BY INDEX ROWID                                       | FND_LOOKUP_VALUE              |     1 |    45 |     1   (0)| 00:00:01 |
| 347 |             INDEX UNIQUE SCAN                                                | LOOKUP_VALUE_PK               |     1 |       |     0   (0)|          |
| 348 |           TABLE ACCESS BY INDEX ROWID                                        | FND_LOOKUP_VALUE              |     1 |    45 |     1   (0)| 00:00:01 |
| 349 |            INDEX UNIQUE SCAN                                                 | LOOKUP_VALUE_PK               |     1 |       |     0   (0)|          |
| 350 |          TABLE ACCESS BY INDEX ROWID                                         | FND_LOOKUP_VALUE              |     1 |    45 |     1   (0)| 00:00:01 |
| 351 |           INDEX UNIQUE SCAN                                                  | LOOKUP_VALUE_PK               |     1 |       |     0   (0)|          |
| 352 |         TABLE ACCESS BY INDEX ROWID                                          | FND_LOOKUP_VALUE              |     1 |    45 |     1   (0)| 00:00:01 |
| 353 |          INDEX UNIQUE SCAN                                                   | LOOKUP_VALUE_PK               |     1 |       |     0   (0)|          |
| 354 |        TABLE ACCESS BY INDEX ROWID                                           | FND_LOOKUP_VALUE              |     1 |    45 |     1   (0)| 00:00:01 |
| 355 |         INDEX UNIQUE SCAN                                                    | LOOKUP_VALUE_PK               |     1 |       |     0   (0)|          |
| 356 |       TABLE ACCESS BY INDEX ROWID                                            | FND_LOOKUP_VALUE              |     1 |    45 |     1   (0)| 00:00:01 |
| 357 |        INDEX UNIQUE SCAN                                                     | LOOKUP_VALUE_PK               |     1 |       |     0   (0)|          |
| 358 |      TABLE ACCESS BY INDEX ROWID                                             | FND_LOOKUP_VALUE              |     1 |    45 |     1   (0)| 00:00:01 |
| 359 |       INDEX UNIQUE SCAN                                                      | LOOKUP_VALUE_PK               |     1 |       |     0   (0)|          |
| 360 |     TABLE ACCESS BY INDEX ROWID                                              | FND_LOOKUP_TYPE               |     1 |    55 |     1   (0)| 00:00:01 |
| 361 |      INDEX UNIQUE SCAN                                                       | LOOKUP_TYPE_PK                |     1 |       |     0   (0)|          |
| 362 |    TABLE ACCESS BY INDEX ROWID                                               | FND_COUNTRY                   |     1 |    45 |     1   (0)| 00:00:01 |
| 363 |     INDEX UNIQUE SCAN                                                        | COUNTRY_PK                    |     1 |       |     0   (0)|          |
--------------------------------------------------------------------------------------------------------------------------------------------------------------

SQL_ID d9drmngtc7txj
--------------------
/* load com.vayana.ib.bm.core.api.model.payment.LimitDefinitionDetail
*/ select limitdefin0_.id as id1_153_111_, limitdefin0_."VERSION" as
VERSION2_153_111_, limitdefin0_.AUTH_BY as AUTH43_153_111_,
limitdefin0_.AUTH_DATE as AUTH3_153_111_, limitdefin0_.CREATED_BY as
CREATED44_153_111_, limitdefin0_.CREATED_DATE as CREATED4_153_111_,
limitdefin0_.MODIFIED_BY as MODIFIE45_153_111_,
limitdefin0_.MODIFIED_DATE as MODIFIED5_153_111_,
limitdefin0_.CHANNEL_ID as CHANNEL46_153_111_, limitdefin0_.CODE as
CODE6_153_111_, limitdefin0_.COMPANY_ID as COMPANY47_153_111_,
limitdefin0_.CIF_ID as CIF48_153_111_, limitdefin0_.DESCRIPTION as
DESCRIPT7_153_111_, limitdefin0_.EFFECTIVE_FROM_DATE as
EFFECTIV8_153_111_, limitdefin0_.EFFECTIVE_TO_DATE as
EFFECTIV9_153_111_, limitdefin0_.GLO_DAILY_MAX_TRX_AMOUNT as
GLO10_153_111_, limitdefin0_.GLO_DAILY_MAX_TRX_ALLOWED as
GLO11_153_111_, limitdefin0_.GLO_FORTNIGHT_MAX_TRX_AMOUNT as
GLO12_153_111_, limitdefin0_.GLO_FORTNIGHT_MAX_TRX_ALLOWED as
GLO13_153_111_, limitdefin0_.GLO_HALFERLY_MAX_TRX_AMOUNT as
GLO14_153_111_, limitdefin0_.GLO_HALFERLY_MAX_TRX_ALLOWED as
GLO15_153_111_, limitdefin0_.GLO_MAX_TRX_AMOUNT as GLO16_153_111_,
limitdefin0_.GLO_MIN_TRX_AMOUNT as GLO17_153_111_,
limitdefin0_.GLO_MONTHLY_MAX_TRX_AMOUNT as GLO18_153_111_,
limitdefin0_.GLO_MONTHLY_MAX_TRX_ALLOWED as GLO19_153_111_,
limitdefin0_.GLO_QUATERLY_MAX_TRX_AMOUNT as GLO20_153_111_,
limitdefin0_.GLO_QUATERLY_MAX_TRX_ALLOWED as GLO21_153_111_,
limitdefin0_.GLO_WEEKLY_MAX_TRX_AMOUNT as GLO22_153_111_,
limitdefin0_.GLO_WEEKLY_MAX_TRX_ALLOWED as GLO23_153_111_,
limitdefin0_.GLO_YEARLY_MAX_TRX_AMOUNT as GLO24_153_111_,
limitdefin0_.GLO_YEARLY_MAX_TRX_ALLOWED as GLO25_153_111_,
limitdefin0_.GROUP_ID as GROUP49_153_111_,
limitdefin0_.LOGIN_PROFILE_ID as LOGIN50_153_111_,
limitdefin0_.DEFINITION_ID as DEFINIT51_153_111_,
limitdefin0_.LIMIT_DEFINITION_TYPE as LIMIT26_153_111_,
limitdefin0_.BENE_ID as BENE52_153_111_, limitdefin0_.BILLER_ID as
BILLER53_153_111_, limitdefin0_.PAYEE_INSTRUCTION_ID as
PAYEE54_153_111_, limitdefin0_.REG_DAILY_MAX_TRX_AMOUNT as
REG27_153_111_, limitdefin0_.REG_DAILY_MAX_TRX_ALLOWED as
REG28_153_111_, limitdefin0_.REG_FORTNIGHT_MAX_TRX_AMOUNT as
REG29_153_111_, limitdefin0_.REG_FORTNIGHT_MAX_TRX_ALLOWED as
REG30_153_111_, limitdefin0_.REG_HALFERLY_MAX_TRX_AMOUNT as
REG31_153_111_, limitdefin0_.REG_HALFERLY_MAX_TRX_ALLOWED as
REG32_153_111_, limitdefin0_.REG_MAX_TRX_AMOUNT as REG33_153_111_,
limitdefin0_.REG_MIN_TRX_AMOUNT as REG34_153_111_,
limitdefin0_.REG_MONTHLY_MAX_TRX_AMOUNT as REG35_153_111_,
limitdefin0_.REG_MONTHLY_MAX_TRX_ALLOWED as REG36_153_111_,
limitdefin0_.REG_QUATERLY_MAX_TRX_AMOUNT as REG37_153_111_,
limitdefin0_.REG_QUATERLY_MAX_TRX_ALLOWED as REG38_153_111_,
limitdefin0_.REG_WEEKLY_MAX_TRX_AMOUNT as REG39_153_111_,
limitdefin0_.REG_WEEKLY_MAX_TRX_ALLOWED as REG40_153_111_,
limitdefin0_.REG_YEARLY_MAX_TRX_AMOUNT as REG41_153_111_,
limitdefin0_.REG_YEARLY_MAX_TRX_ALLOWED as REG42_153_111_,
limitdefin0_.SEGMENT_ID as SEGMENT55_153_111_,
limitdefin0_.SPECIAL_CATEGORY_ID as SPECIAL56_153_111_,
limitdefin0_.STATUS_ID as STATUS57_153_111_, channel1_.id as id1_95_0_,
channel1_."VERSION" as VERSION2_95_0_, channel1_.AUTH_BY as
AUTH8_95_0_, channel1_.AUTH_DATE as AUTH3_95_0_, channel1_.CREATED_BY
as CREATED9_95_0_, channel1_.CREATED_DATE as CREATED4_95_0_,
channel1_.MODIFIED_BY as MODIFIE10_95_0_, channel1_.MODIFIED_DATE as
MODIFIED5_95_0_, channel1_.CODE as CODE6_95_0_, channel1_.DESCRIPTION
as DESCRIPT7_95_0_, company2_.id as id1_39_1_, company2_."VERSION" as
VERSION2_39_1_, company2_.AUTH_BY as AUTH8_39_1_, company2_.AUTH_DATE
as AUTH3_39_1_, company2_.CREATED_BY as CREATED9_39_1_,
company2_.CREATED_DATE as CREATED4_39_1_, company2_.MODIFIED_BY as
MODIFIE10_39_1_, company2_.MODIFIED_DATE as MODIFIED5_39_1_,
company2_.AUTH_MATRIX_ID as AUTH11_39_1_, company2_.CHANNEL_ID as
CHANNEL12_39_1_, company2_.CODE as CODE6_39_1_, company2_.CONTACT_ID as
CONTACT13_39_1_, company2_.COUNTRY_ID as COUNTRY14_39_1_, co

Plan hash value: 3049653991

--------------------------------------------------------------------------------------------------------------------------------------------------------------
| Id  | Operation                                                                    | Name                          | Rows  | Bytes | Cost (%CPU)| Time     |
--------------------------------------------------------------------------------------------------------------------------------------------------------------
|   0 | SELECT STATEMENT                                                             |                               |       |       |   341 (100)|          |
|   1 |  SORT ORDER BY                                                               |                               |     1 | 24279 |   341   (2)| 00:00:05 |
|   2 |   NESTED LOOPS OUTER                                                         |                               |     1 | 24279 |   340   (1)| 00:00:05 |
|   3 |    NESTED LOOPS OUTER                                                        |                               |     1 | 24234 |   339   (1)| 00:00:05 |
|   4 |     NESTED LOOPS OUTER                                                       |                               |     1 | 24179 |   338   (1)| 00:00:05 |
|   5 |      NESTED LOOPS OUTER                                                      |                               |     1 | 24134 |   337   (1)| 00:00:05 |
|   6 |       NESTED LOOPS OUTER                                                     |                               |     1 | 24089 |   336   (1)| 00:00:05 |
|   7 |        NESTED LOOPS OUTER                                                    |                               |     1 | 24044 |   335   (1)| 00:00:05 |
|   8 |         NESTED LOOPS                                                         |                               |     1 | 23999 |   334   (1)| 00:00:05 |
|   9 |          NESTED LOOPS OUTER                                                  |                               |     1 | 23954 |   333   (1)| 00:00:04 |
|  10 |           NESTED LOOPS OUTER                                                 |                               |     1 | 23909 |   332   (1)| 00:00:04 |
|  11 |            NESTED LOOPS OUTER                                                |                               |     1 | 23864 |   331   (1)| 00:00:04 |
|  12 |             NESTED LOOPS OUTER                                               |                               |     1 | 23819 |   330   (1)| 00:00:04 |
|  13 |              NESTED LOOPS OUTER                                              |                               |     1 | 23774 |   329   (1)| 00:00:04 |
|  14 |               NESTED LOOPS OUTER                                             |                               |     1 | 23729 |   328   (1)| 00:00:04 |
|  15 |                NESTED LOOPS OUTER                                            |                               |     1 | 23684 |   327   (1)| 00:00:04 |
|  16 |                 NESTED LOOPS OUTER                                           |                               |     1 | 23639 |   326   (1)| 00:00:04 |
|  17 |                  NESTED LOOPS OUTER                                          |                               |     1 | 23594 |   325   (1)| 00:00:04 |
|  18 |                   NESTED LOOPS OUTER                                         |                               |     1 | 23549 |   325   (1)| 00:00:04 |
|  19 |                    NESTED LOOPS OUTER                                        |                               |     1 | 23504 |   325   (1)| 00:00:04 |
|  20 |                     NESTED LOOPS OUTER                                       |                               |     1 | 23459 |   324   (1)| 00:00:04 |
|  21 |                      NESTED LOOPS OUTER                                      |                               |     1 | 23414 |   323   (1)| 00:00:04 |
|  22 |                       NESTED LOOPS OUTER                                     |                               |     1 | 23369 |   322   (1)| 00:00:04 |
|  23 |                        NESTED LOOPS OUTER                                    |                               |     1 | 23324 |   322   (1)| 00:00:04 |
|  24 |                         NESTED LOOPS OUTER                                   |                               |     1 | 23279 |   322   (1)| 00:00:04 |
|  25 |                          NESTED LOOPS OUTER                                  |                               |     1 | 23234 |   321   (1)| 00:00:04 |
|  26 |                           NESTED LOOPS OUTER                                 |                               |     1 | 23189 |   321   (1)| 00:00:04 |
|  27 |                            NESTED LOOPS OUTER                                |                               |     1 | 23144 |   321   (1)| 00:00:04 |
|  28 |                             NESTED LOOPS OUTER                               |                               |     1 | 23099 |   321   (1)| 00:00:04 |
|  29 |                              NESTED LOOPS OUTER                              |                               |     1 | 22955 |   320   (1)| 00:00:04 |
|  30 |                               NESTED LOOPS OUTER                             |                               |     1 | 22879 |   319   (1)| 00:00:04 |
|  31 |                                NESTED LOOPS OUTER                            |                               |     1 | 20517 |   319   (1)| 00:00:04 |
|  32 |                                 NESTED LOOPS OUTER                           |                               |     1 | 20487 |   317   (1)| 00:00:04 |
|  33 |                                  NESTED LOOPS OUTER                          |                               |     1 | 20457 |   315   (1)| 00:00:04 |
|  34 |                                   NESTED LOOPS OUTER                         |                               |     1 | 20397 |   314   (1)| 00:00:04 |
|  35 |                                    NESTED LOOPS OUTER                        |                               |     1 | 20344 |   313   (1)| 00:00:04 |
|  36 |                                     NESTED LOOPS OUTER                       |                               |     1 | 20303 |   312   (1)| 00:00:04 |
|  37 |                                      NESTED LOOPS OUTER                      |                               |     1 | 20248 |   311   (1)| 00:00:04 |
|  38 |                                       NESTED LOOPS OUTER                     |                               |     1 | 20165 |   310   (1)| 00:00:04 |
|  39 |                                        NESTED LOOPS OUTER                    |                               |     1 | 20085 |   309   (1)| 00:00:04 |
|  40 |                                         NESTED LOOPS OUTER                   |                               |     1 | 20032 |   309   (1)| 00:00:04 |
|  41 |                                          NESTED LOOPS OUTER                  |                               |     1 | 19991 |   309   (1)| 00:00:04 |
|  42 |                                           NESTED LOOPS OUTER                 |                               |     1 | 19936 |   309   (1)| 00:00:04 |
|  43 |                                            NESTED LOOPS OUTER                |                               |     1 | 19889 |   309   (1)| 00:00:04 |

PLAN_TABLE_OUTPUT
------------------------------------------------------------------------------------------------------------------------------------------------------------------------------------------------------------------------------------------------------------------------------------------------------------
|  44 |                                             HASH JOIN RIGHT OUTER            |                               |     1 | 17090 |   309   (1)| 00:00:04 |
|  45 |                                              TABLE ACCESS FULL               | PAY_BILLER_DATA               |     1 |   339 |     2   (0)| 00:00:01 |
|  46 |                                              NESTED LOOPS OUTER              |                               |     1 | 16751 |   307   (1)| 00:00:04 |
|  47 |                                               NESTED LOOPS OUTER             |                               |     1 | 16181 |   307   (1)| 00:00:04 |
|  48 |                                                NESTED LOOPS OUTER            |                               |     1 | 15994 |   307   (1)| 00:00:04 |
|  49 |                                                 NESTED LOOPS OUTER           |                               |     1 | 15424 |   307   (1)| 00:00:04 |
|  50 |                                                  NESTED LOOPS OUTER          |                               |     1 | 15237 |   307   (1)| 00:00:04 |
|  51 |                                                   NESTED LOOPS OUTER         |                               |     1 | 15067 |   307   (1)| 00:00:04 |
|  52 |                                                    NESTED LOOPS OUTER        |                               |     1 | 13949 |   307   (1)| 00:00:04 |
|  53 |                                                     NESTED LOOPS OUTER       |                               |     1 | 13512 |   307   (1)| 00:00:04 |
|  54 |                                                      NESTED LOOPS OUTER      |                               |     1 | 13264 |   307   (1)| 00:00:04 |
|  55 |                                                       NESTED LOOPS OUTER     |                               |     1 | 13234 |   306   (1)| 00:00:04 |
|  56 |                                                        NESTED LOOPS OUTER    |                               |     1 | 13146 |   305   (1)| 00:00:04 |
|  57 |                                                         NESTED LOOPS OUTER   |                               |     1 | 13102 |   304   (1)| 00:00:04 |
|  58 |                                                          NESTED LOOPS OUTER  |                               |     1 | 13014 |   303   (1)| 00:00:04 |
|  59 |                                                           NESTED LOOPS OUTER |                               |     1 | 12955 |   302   (1)| 00:00:04 |
|  60 | R                                                          NESTED LOOPS OUTE |                               |     1 | 12892 |   301   (1)| 00:00:04 |
|  61 | ER                                                          NESTED LOOPS OUT |                               |     1 | 12816 |   300   (1)| 00:00:04 |
|  62 | TER                                                          NESTED LOOPS OU |                               |     1 | 12771 |   299   (2)| 00:00:04 |
|  63 | UTER                                                          NESTED LOOPS O |                               |     1 | 12724 |   299   (2)| 00:00:04 |
|  64 | OUTER                                                          NESTED LOOPS  |                               |     1 | 12309 |   299   (2)| 00:00:04 |
|  65 | GHT OUTER                                                       HASH JOIN RI |                               |     1 | 12262 |   299   (2)| 00:00:04 |
|  66 | S FULL                                                           TABLE ACCES | FND_TENANT_APPLICATION_LOCALE |     1 |    30 |     3   (0)| 00:00:01 |
|  67 | IGHT OUTER                                                       HASH JOIN R |                               |     1 | 12232 |   296   (2)| 00:00:04 |
|  68 | SS FULL                                                           TABLE ACCE | FND_TENANT_OPERATING_COUNTRY  |     1 |    28 |     3   (0)| 00:00:01 |
|  69 | PS OUTER                                                          NESTED LOO |                               |     1 | 12204 |   293   (2)| 00:00:04 |
|  70 | OPS OUTER                                                          NESTED LO |                               |     1 | 12176 |   292   (2)| 00:00:04 |
|  71 | OOPS OUTER                                                          NESTED L |                               |     1 | 12137 |   291   (2)| 00:00:04 |
|  72 | LOOPS OUTER                                                          NESTED  |                               |     1 | 12088 |   291   (2)| 00:00:04 |
|  73 |  LOOPS OUTER                                                          NESTED |                               |     1 | 12063 |   290   (2)| 00:00:04 |
|  74 | JOIN OUTER                                                             HASH  |                               |     1 | 12057 |   290   (2)| 00:00:04 |
|  75 | ED LOOPS OUTER                                                          NEST |                               |     1 | 12032 |   266   (1)| 00:00:04 |
|  76 | TED LOOPS OUTER                                                          NES |                               |     1 | 11965 |   265   (1)| 00:00:04 |
|  77 | STED LOOPS OUTER                                                          NE |                               |     1 | 11940 |   264   (1)| 00:00:04 |
|  78 | ESTED LOOPS OUTER                                                          N |                               |     1 | 11814 |   264   (1)| 00:00:04 |
|  79 |.HASH JOIN RIGHT OUTER                                                        |                               |     1 | 11769 |   263   (1)| 00:00:04 |
|  80 |. TABLE ACCESS FULL                                                           | FND_DOCUMENT_DETAIL           |     1 |  2080 |     2   (0)| 00:00:01 |
|  81 |. NESTED LOOPS OUTER                                                          |                               |     1 |  9689 |   261   (1)| 00:00:04 |
|  82 |.  NESTED LOOPS OUTER                                                         |                               |     1 |  9597 |   261   (1)| 00:00:04 |
|  83 |.   NESTED LOOPS OUTER                                                        |                               |     1 |  9509 |   261   (1)| 00:00:04 |
|  84 |.    NESTED LOOPS OUTER                                                       |                               |     1 |  9421 |   260   (1)| 00:00:04 |
|  85 |.     NESTED LOOPS OUTER                                                      |                               |     1 |  9366 |   259   (1)| 00:00:04 |
|  86 |.      NESTED LOOPS OUTER                                                     |                               |     1 |  9322 |   258   (1)| 00:00:04 |
|  87 |.       NESTED LOOPS OUTER                                                    |                               |     1 |  9239 |   257   (1)| 00:00:04 |
|  88 |.        HASH JOIN OUTER                                                      |                               |     1 |  9186 |   256   (1)| 00:00:04 |
|  89 |.         NESTED LOOPS OUTER                                                  |                               |     1 |  9174 |   231   (0)| 00:00:03 |
|  90 |.          NESTED LOOPS OUTER                                                 |                               |     1 |  9129 |   230   (0)| 00:00:03 |
|  91 |.           NESTED LOOPS OUTER                                                |                               |     1 |  9067 |   229   (0)| 00:00:03 |
|  92 |.            NESTED LOOPS OUTER                                               |                               |     1 |  9039 |   228   (0)| 00:00:03 |
|  93 |.             NESTED LOOPS OUTER                                              |                               |     1 |  8913 |   227   (0)| 00:00:03 |
|  94 |.              NESTED LOOPS OUTER                                             |                               |     1 |  8787 |   226   (0)| 00:00:03 |
|  95 |.               NESTED LOOPS OUTER                                            |                               |     1 |  8724 |   226   (0)| 00:00:03 |
|  96 |.                NESTED LOOPS OUTER                                           |                               |     1 |  8699 |   225   (0)| 00:00:03 |
|  97 |.                 NESTED LOOPS OUTER                                          |                               |     1 |  8674 |   224   (0)| 00:00:03 |
|  98 |.                  NESTED LOOPS OUTER                                         |                               |     1 |  8629 |   223   (0)| 00:00:03 |
|  99 |.                   NESTED LOOPS OUTER                                        |                               |     1 |  8601 |   222   (0)| 00:00:03 |
| 100 |.                    NESTED LOOPS OUTER                                       |                               |     1 |  8539 |   221   (0)| 00:00:03 |
| 101 |.                     NESTED LOOPS OUTER                                      |                               |     1 |  8508 |   221   (0)| 00:00:03 |
| 102 |.                      NESTED LOOPS OUTER                                     |                               |     1 |  8451 |   221   (0)| 00:00:03 |
| 103 |.                       NESTED LOOPS OUTER                                    |                               |     1 |  8406 |   220   (0)| 00:00:03 |
| 104 |.                        NESTED LOOPS OUTER                                   |                               |     1 |  8361 |   219   (0)| 00:00:03 |
| 105 |.                         NESTED LOOPS OUTER                                  |                               |     1 |  8316 |   219   (0)| 00:00:03 |
| 106 |.                          NESTED LOOPS OUTER                                 |                               |     1 |  8236 |   218   (0)| 00:00:03 |
| 107 |.                           NESTED LOOPS OUTER                                |                               |     1 |  8156 |   217   (0)| 00:00:03 |
| 108 |.                            NESTED LOOPS OUTER                               |                               |     1 |  8115 |   216   (0)| 00:00:03 |
| 109 |.                             NESTED LOOPS OUTER                              |                               |     1 |  8074 |   215   (0)| 00:00:03 |
| 110 |.                              NESTED LOOPS OUTER                             |                               |     1 |  8039 |   214   (0)| 00:00:03 |
| 111 |.                               NESTED LOOPS OUTER                            |                               |     1 |  8008 |   213   (0)| 00:00:03 |
| 112 |.                                NESTED LOOPS OUTER                           |                               |     1 |  7980 |   212   (0)| 00:00:03 |
| 113 |.                                 NESTED LOOPS OUTER                          |                               |     1 |  7939 |   211   (0)| 00:00:03 |
| 114 |.                                  NESTED LOOPS OUTER                         |                               |     1 |  7884 |   210   (0)| 00:00:03 |
| 115 |.                                   NESTED LOOPS OUTER                        |                               |     1 |  7856 |   209   (0)| 00:00:03 |
| 116 |.                                    NESTED LOOPS OUTER                       |                               |     1 |  7734 |   208   (0)| 00:00:03 |
| 117 |.                                     NESTED LOOPS OUTER                      |                               |     1 |  7612 |   207   (0)| 00:00:03 |
| 118 |.                                      NESTED LOOPS OUTER                     |                               |     1 |  7573 |   207   (0)| 00:00:03 |
| 119 |.                                       NESTED LOOPS OUTER                    |                               |     1 |  7524 |   207   (0)| 00:00:03 |
| 120 |.                                        NESTED LOOPS OUTER                   |                               |     1 |  7493 |   207   (0)| 00:00:03 |
| 121 |.                                         NESTED LOOPS OUTER                  |                               |     1 |  7459 |   207   (0)| 00:00:03 |
| 122 |.                                          MERGE JOIN OUTER                   |                               |     1 |  7044 |   207   (0)| 00:00:03 |
| 123 |.                                           NESTED LOOPS OUTER                |                               |     1 |  6984 |   206   (0)| 00:00:03 |
| 124 |.                                            HASH JOIN OUTER                  |                               |     1 |  6950 |   206   (0)| 00:00:03 |
| 125 |.                                             HASH JOIN OUTER                 |                               |     1 |  4151 |   204   (0)| 00:00:03 |
| 126 |.                                              HASH JOIN OUTER                |                               |     1 |  1352 |   202   (0)| 00:00:03 |
| 127 |.                                               NESTED LOOPS OUTER            |                               |     1 |   977 |   200   (0)| 00:00:03 |
| 128 |.                                                NESTED LOOPS OUTER           |                               |     1 |   562 |   200   (0)| 00:00:03 |
| 129 |.                                                 TABLE ACCESS BY INDEX ROWID | LIMIT_DEFINITION_DETAIL       |     1 |   125 |   200   (0)| 00:00:03 |
| 130 |.                                                  INDEX SKIP SCAN            | DEFINITION_DETAILS_UK         |     1 |       |   200   (0)| 00:00:03 |
| 131 |.                                                 TABLE ACCESS BY INDEX ROWID | PAY_BILLER                    |     1 |   437 |     0   (0)|          |
| 132 |.                                                  INDEX UNIQUE SCAN          | BILLER_PK                     |     1 |       |     0   (0)|          |
| 133 |.                                                TABLE ACCESS BY INDEX ROWID  | FND_COMPANY                   |     1 |   415 |     0   (0)|          |
| 134 |.                                                 INDEX UNIQUE SCAN           | COMPANY_PK                    |     1 |       |     0   (0)|          |
| 135 |.                                               TABLE ACCESS FULL             | PAY_BILLER_SERVICE            |     1 |   375 |     2   (0)| 00:00:01 |
| 136 |.                                              TABLE ACCESS FULL              | PAY_BILLER_METADATA           |     1 |  2799 |     2   (0)| 00:00:01 |
| 137 |.                                             TABLE ACCESS FULL               | PAY_BILLER_METADATA           |     1 |  2799 |     2   (0)| 00:00:01 |
| 138 |.                                            TABLE ACCESS BY INDEX ROWID      | FND_GROUP                     |     1 |    34 |     0   (0)|          |
| 139 |.                                             INDEX UNIQUE SCAN               | GROUP_PK                      |     1 |       |     0   (0)|          |
| 140 |.                                           BUFFER SORT                       |                               |     1 |    60 |   207   (0)| 00:00:03 |
| 141 |.                                            TABLE ACCESS BY INDEX ROWID      | PAY_BENE                      |     1 |    60 |     1   (0)| 00:00:01 |
| 142 |.                                             INDEX UNIQUE SCAN               | BENE_PK                       |     1 |       |     0   (0)|          |
| 143 |.                                          TABLE ACCESS BY INDEX ROWID        | FND_COMPANY                   |     1 |   415 |     0   (0)|          |
| 144 |.                                           INDEX UNIQUE SCAN                 | COMPANY_PK                    |     1 |       |     0   (0)|          |
| 145 |.                                         TABLE ACCESS BY INDEX ROWID         | FND_GROUP                     |     1 |    34 |     0   (0)|          |
| 146 |.                                          INDEX UNIQUE SCAN                  | GROUP_PK                      |     1 |       |     0   (0)|          |
| 147 |.                                        TABLE ACCESS BY INDEX ROWID          | INF_CHANNEL                   |     1 |    31 |     0   (0)|          |
| 148 |.                                         INDEX UNIQUE SCAN                   | INF_CHANNEL_PK                |     1 |       |     0   (0)|          |
| 149 |.                                       TABLE ACCESS BY INDEX ROWID           | FND_SPECIAL_CATEGORY          |     1 |    49 |     0   (0)|          |
| 150 |.                                        INDEX UNIQUE SCAN                    | SPECIAL_CATEGORY_PK           |     1 |       |     0   (0)|          |
| 151 |.                                      TABLE ACCESS BY INDEX ROWID            | FND_SEGMENT                   |     1 |    39 |     0   (0)|          |
| 152 |.                                       INDEX UNIQUE SCAN                     | SEGMENT_PK                    |     1 |       |     0   (0)|          |
| 153 |.                                     TABLE ACCESS BY INDEX ROWID             | LIMIT_DEFINITION              |     1 |   122 |     1   (0)| 00:00:01 |
| 154 |.                                      INDEX UNIQUE SCAN                      | DEFINITION_PK                 |     1 |       |     0   (0)|          |
| 155 |.                                    TABLE ACCESS BY INDEX ROWID              | LIMIT_DEFINITION              |     1 |   122 |     1   (0)| 00:00:01 |
| 156 |.                                     INDEX UNIQUE SCAN                       | DEFINITION_PK                 |     1 |       |     0   (0)|          |
| 157 |.                                   TABLE ACCESS BY INDEX ROWID               | FND_TENANT_APPLICATION        |     1 |    28 |     1   (0)| 00:00:01 |
| 158 |.                                    INDEX UNIQUE SCAN                        | TENANT_APPLICATION_PK         |     1 |       |     0   (0)|          |
| 159 |.                                  TABLE ACCESS BY INDEX ROWID                | FND_CURRENCY                  |     1 |    55 |     1   (0)| 00:00:01 |
| 160 |.                                   INDEX UNIQUE SCAN                         | CURRENCY_PK                   |     1 |       |     0   (0)|          |
| 161 |.                                 TABLE ACCESS BY INDEX ROWID                 | INF_TENANT_SERVICE            |     1 |    41 |     1   (0)| 00:00:01 |
| 162 |.                                  INDEX UNIQUE SCAN                          | TENANT_SERVICE_PK             |     1 |       |     0   (0)|          |
| 163 |.                                TABLE ACCESS BY INDEX ROWID                  | FND_TENANT_APPLICATION        |     1 |    28 |     1   (0)| 00:00:01 |
| 164 |.                                 INDEX UNIQUE SCAN                           | TENANT_APPLICATION_PK         |     1 |       |     0   (0)|          |
| 165 |.                               TABLE ACCESS BY INDEX ROWID                   | INF_CHANNEL                   |     1 |    31 |     1   (0)| 00:00:01 |
| 166 |.                                INDEX UNIQUE SCAN                            | INF_CHANNEL_PK                |     1 |       |     0   (0)|          |
| 167 |.                              TABLE ACCESS BY INDEX ROWID                    | INF_SERVICE_APPLICATION       |     1 |    35 |     1   (0)| 00:00:01 |
| 168 |.                               INDEX UNIQUE SCAN                             | SERVICE_APPLICATION_PK        |     1 |       |     0   (0)|          |
| 169 |.                             TABLE ACCESS BY INDEX ROWID                     | INF_TENANT_SERVICE            |     1 |    41 |     1   (0)| 00:00:01 |
| 170 |.                              INDEX UNIQUE SCAN                              | TENANT_SERVICE_PK             |     1 |       |     0   (0)|          |
| 171 |.                            TABLE ACCESS BY INDEX ROWID                      | INF_TENANT_SERVICE            |     1 |    41 |     1   (0)| 00:00:01 |
| 172 |.                             INDEX UNIQUE SCAN                               | TENANT_SERVICE_PK             |     1 |       |     0   (0)|          |
| 173 |.                           TABLE ACCESS BY INDEX ROWID                       | INF_SERVICE                   |     1 |    80 |     1   (0)| 00:00:01 |
| 174 |.                            INDEX UNIQUE SCAN                                | SERVICE_PK                    |     1 |       |     0   (0)|          |
| 175 |.                          TABLE ACCESS BY INDEX ROWID                        | INF_SERVICE                   |     1 |    80 |     1   (0)| 00:00:01 |
| 176 |.                           INDEX UNIQUE SCAN                                 | SERVICE_PK                    |     1 |       |     0   (0)|          |
| 177 |.                         TABLE ACCESS BY INDEX ROWID                         | FND_COUNTRY                   |     1 |    45 |     0   (0)|          |
| 178 |.                          INDEX UNIQUE SCAN                                  | COUNTRY_PK                    |     1 |       |     0   (0)|          |
| 179 |.                        TABLE ACCESS BY INDEX ROWID                          | FND_COUNTRY                   |     1 |    45 |     1   (0)| 00:00:01 |
| 180 |.                         INDEX UNIQUE SCAN                                   | COUNTRY_PK                    |     1 |       |     0   (0)|          |
| 181 |.                       TABLE ACCESS BY INDEX ROWID                           | FND_COUNTRY                   |     1 |    45 |     1   (0)| 00:00:01 |
| 182 |.                        INDEX UNIQUE SCAN                                    | COUNTRY_PK                    |     1 |       |     0   (0)|          |
| 183 |.                      TABLE ACCESS BY INDEX ROWID                            | FND_TENANT_LOOKUP_VALUE       |     1 |    57 |     0   (0)|          |
| 184 |.                       INDEX UNIQUE SCAN                                     | TENANT_LOOKUP_VALUE_PK        |     1 |       |     0   (0)|          |
| 185 |.                     TABLE ACCESS BY INDEX ROWID                             | INF_CHANNEL                   |     1 |    31 |     0   (0)|          |
| 186 |.                      INDEX UNIQUE SCAN                                      | INF_CHANNEL_PK                |     1 |       |     0   (0)|          |
| 187 |.                    TABLE ACCESS BY INDEX ROWID                              | FND_TENANT_LOOKUP_TYPE        |     1 |    62 |     1   (0)| 00:00:01 |
| 188 |.                     INDEX UNIQUE SCAN                                       | TENANT_LOOKUP_TYPE_PK         |     1 |       |     0   (0)|          |
| 189 |.                   TABLE ACCESS BY INDEX ROWID                               | FND_TENANT_APPLICATION        |     1 |    28 |     1   (0)| 00:00:01 |
| 190 |.                    INDEX UNIQUE SCAN                                        | TENANT_APPLICATION_PK         |     1 |       |     0   (0)|          |
| 191 |.                  TABLE ACCESS BY INDEX ROWID                                | FND_COUNTRY                   |     1 |    45 |     1   (0)| 00:00:01 |
| 192 |.                   INDEX UNIQUE SCAN                                         | COUNTRY_PK                    |     1 |       |     0   (0)|          |
| 193 |.                 TABLE ACCESS BY INDEX ROWID                                 | USER_LOGIN_PROFILE_EXTEND     |     1 |    25 |     1   (0)| 00:00:01 |
| 194 |.                  INDEX UNIQUE SCAN                                          | LOGIN_PROFILE_EXTEND_PK       |     1 |       |     0   (0)|          |
| 195 |.                TABLE ACCESS BY INDEX ROWID                                  | USER_LOGIN_PROFILE_EXTEND     |     1 |    25 |     1   (0)| 00:00:01 |
| 196 |.                 INDEX UNIQUE SCAN                                           | LOGIN_PROFILE_EXTEND_PK       |     1 |       |     0   (0)|          |
| 197 |.               TABLE ACCESS BY INDEX ROWID                                   | FND_CIF                       |     1 |    63 |     0   (0)|          |
| 198 |.                INDEX UNIQUE SCAN                                            | CIF_PK                        |     1 |       |     0   (0)|          |
| 199 |.              TABLE ACCESS BY INDEX ROWID                                    | USER_LOGIN_PROFILE            |     1 |   126 |     1   (0)| 00:00:01 |
| 200 |.               INDEX UNIQUE SCAN                                             | LOGIN_PROFILE_PK              |     1 |       |     0   (0)|          |
| 201 |.             TABLE ACCESS BY INDEX ROWID                                     | USER_LOGIN_PROFILE            |     1 |   126 |     1   (0)| 00:00:01 |
| 202 |.              INDEX UNIQUE SCAN                                              | LOGIN_PROFILE_PK              |     1 |       |     0   (0)|          |
| 203 |.            TABLE ACCESS BY INDEX ROWID                                      | FND_TENANT_APPLICATION        |     1 |    28 |     1   (0)| 00:00:01 |
| 204 |.             INDEX UNIQUE SCAN                                               | TENANT_APPLICATION_PK         |     1 |       |     0   (0)|          |
| 205 |.           TABLE ACCESS BY INDEX ROWID                                       | FND_TENANT                    |     1 |    62 |     1   (0)| 00:00:01 |
| 206 |.            INDEX UNIQUE SCAN                                                | TENANT_PK                     |     1 |       |     0   (0)|          |
| 207 |.          TABLE ACCESS BY INDEX ROWID                                        | FND_COUNTRY                   |     1 |    45 |     1   (0)| 00:00:01 |
| 208 |.           INDEX UNIQUE SCAN                                                 | COUNTRY_PK                    |     1 |       |     0   (0)|          |
| 209 |.         TABLE ACCESS FULL                                                   | FND_CIF_ACCOUNT               | 33093 |   387K|    24   (5)| 00:00:01 |
| 210 |.        TABLE ACCESS BY INDEX ROWID                                          | ACCT_ACCOUNT                  |     1 |    53 |     1   (0)| 00:00:01 |
| 211 |.         INDEX UNIQUE SCAN                                                   | ACCOUNT_PK                    |     1 |       |     0   (0)|          |
| 212 |.       TABLE ACCESS BY INDEX ROWID                                           | ACCT_PRODUCT                  |     1 |    83 |     1   (0)| 00:00:01 |
| 213 |.        INDEX UNIQUE SCAN                                                    | PRODUCT_PK                    |     1 |       |     0   (0)|          |
| 214 |.      TABLE ACCESS BY INDEX ROWID                                            | ACCT_PRODUCT_TYPE             |     1 |    44 |     1   (0)| 00:00:01 |
| 215 |.       INDEX UNIQUE SCAN                                                     | PRODUCT_TYPE_PK               |     1 |       |     0   (0)|          |
| 216 |.     TABLE ACCESS BY INDEX ROWID                                             | FND_CURRENCY                  |     1 |    55 |     1   (0)| 00:00:01 |
| 217 |.      INDEX UNIQUE SCAN                                                      | CURRENCY_PK                   |     1 |       |     0   (0)|          |
| 218 |.    TABLE ACCESS BY INDEX ROWID                                              | FND_CONTACT                   |     1 |    88 |     1   (0)| 00:00:01 |
| 219 |.     INDEX UNIQUE SCAN                                                       | CONTACT_PK                    |     1 |       |     0   (0)|          |
| 220 |.   TABLE ACCESS BY INDEX ROWID                                               | FND_CONTACT                   |     1 |    88 |     0   (0)|          |
| 221 |.    INDEX UNIQUE SCAN                                                        | CONTACT_PK                    |     1 |       |     0   (0)|          |
| 222 |.  TABLE ACCESS BY INDEX ROWID                                                | FND_DOCUMENT                  |     1 |    92 |     0   (0)|          |
| 223 |.   INDEX UNIQUE SCAN                                                         | DOCUMENT_PK                   |     1 |       |     0   (0)|          |
| 224 |.TABLE ACCESS BY INDEX ROWID                                                  | FND_COUNTRY                   |     1 |    45 |     1   (0)| 00:00:01 |
| 225 |. INDEX UNIQUE SCAN                                                           | COUNTRY_PK                    |     1 |       |     0   (0)|          |
| 226 | ABLE ACCESS BY INDEX ROWID                                                 T | USER_LOGIN_PROFILE            |     1 |   126 |     0   (0)|          |
| 227 |.INDEX UNIQUE SCAN                                                            | LOGIN_PROFILE_PK              |     1 |       |     0   (0)|          |
| 228 | BLE ACCESS BY INDEX ROWID                                                 TA | USER_CONTACT_DETAIL           |     1 |    25 |     1   (0)| 00:00:01 |
| 229 | NDEX UNIQUE SCAN                                                           I | CONTACT_DETAIL_PK             |     1 |       |     0   (0)|          |
| 230 | LE ACCESS BY INDEX ROWID                                                 TAB | USER_PROFILE                  |     1 |    67 |     1   (0)| 00:00:01 |
| 231 | DEX UNIQUE SCAN                                                           IN | PROFILE_PK                    |     1 |       |     0   (0)|          |
| 232 | E ACCESS FULL                                                           TABL | USER_CIF                      | 18368 |   448K|    24   (5)| 00:00:01 |
| 233 |  UNIQUE SCAN                                                           INDEX | PROFILE_EXTEND_PK             |     1 |     6 |     0   (0)|          |
| 234 | ACCESS BY INDEX ROWID                                                 TABLE  | USER_LOGIN_PROFILE_EXTEND     |     1 |    25 |     1   (0)| 00:00:01 |
| 235 |  UNIQUE SCAN                                                           INDEX | LOGIN_PROFILE_EXTEND_PK       |     1 |       |     0   (0)|          |
| 236 | CCESS BY INDEX ROWID                                                 TABLE A | FND_SPECIAL_CATEGORY          |     1 |    49 |     0   (0)|          |
| 237 | UNIQUE SCAN                                                           INDEX  | SPECIAL_CATEGORY_PK           |     1 |       |     0   (0)|          |
| 238 | CESS BY INDEX ROWID                                                 TABLE AC | FND_SEGMENT                   |     1 |    39 |     1   (0)| 00:00:01 |
| 239 | NIQUE SCAN                                                           INDEX U | SEGMENT_PK                    |     1 |       |     0   (0)|          |
| 240 | ESS BY INDEX ROWID                                                 TABLE ACC | FND_TENANT_APPLICATION        |     1 |    28 |     1   (0)| 00:00:01 |

PLAN_TABLE_OUTPUT
------------------------------------------------------------------------------------------------------------------------------------------------------------------------------------------------------------------------------------------------------------------------------------------------------------
| 241 | IQUE SCAN                                                           INDEX UN | TENANT_APPLICATION_PK         |     1 |       |     0   (0)|          |
| 242 |  BY INDEX ROWID                                                 TABLE ACCESS | FND_DEPARTMENT                |     1 |    47 |     0   (0)|          |
| 243 | E SCAN                                                           INDEX UNIQU | DEPARTMENT_PK                 |     1 |       |     0   (0)|          |
| 244 | BY INDEX ROWID                                                 TABLE ACCESS  | FND_COMPANY                   |     1 |   415 |     0   (0)|          |
| 245 |  SCAN                                                           INDEX UNIQUE | COMPANY_PK                    |     1 |       |     0   (0)|          |
| 246 | Y INDEX ROWID                                                 TABLE ACCESS B | FND_DEPARTMENT                |     1 |    47 |     0   (0)|          |
| 247 | SCAN                                                           INDEX UNIQUE  | DEPARTMENT_PK                 |     1 |       |     0   (0)|          |
| 248 |  INDEX ROWID                                                 TABLE ACCESS BY | FND_COUNTRY                   |     1 |    45 |     1   (0)| 00:00:01 |
| 249 | CAN                                                           INDEX UNIQUE S | COUNTRY_PK                    |     1 |       |     0   (0)|          |
| 250 | INDEX ROWID                                                 TABLE ACCESS BY  | FND_TENANT_BRANCH             |     1 |    76 |     1   (0)| 00:00:01 |
| 251 | AN                                                           INDEX UNIQUE SC | TENANT_BRANCH_PK              |     1 |       |     0   (0)|          |
| 252 | NDEX ROWID                                                 TABLE ACCESS BY I | FND_CIF                       |     1 |    63 |     1   (0)| 00:00:01 |
| 253 | N                                                           INDEX UNIQUE SCA | CIF_PK                        |     1 |       |     0   (0)|          |
| 254 | DEX ROWID                                                 TABLE ACCESS BY IN | FND_CITY                      |     1 |    59 |     1   (0)| 00:00:01 |
| 255 |                                                            INDEX UNIQUE SCAN | CITY_PK                       |     1 |       |     0   (0)|          |
| 256 | EX ROWID                                                 TABLE ACCESS BY IND | FND_CONTACT                   |     1 |    88 |     1   (0)| 00:00:01 |
| 257 |                                                           INDEX UNIQUE SCAN  | CONTACT_PK                    |     1 |       |     0   (0)|          |
| 258 | X ROWID                                                 TABLE ACCESS BY INDE | FND_STATE                     |     1 |    44 |     1   (0)| 00:00:01 |
| 259 |                                                          INDEX UNIQUE SCAN   | STATE_PK                      |     1 |       |     0   (0)|          |
| 260 |  ROWID                                                 TABLE ACCESS BY INDEX | FND_CONTACT                   |     1 |    88 |     1   (0)| 00:00:01 |
| 261 |                                                         INDEX UNIQUE SCAN    | CONTACT_PK                    |     1 |       |     0   (0)|          |
| 262 | ROWID                                                 TABLE ACCESS BY INDEX  | PAY_PAYEE_INSTRUCTION         |     1 |    30 |     1   (0)| 00:00:01 |
| 263 |                                                        INDEX UNIQUE SCAN     | PAY_PAYEE_INSTRUCTION_PK      |     1 |       |     0   (0)|          |
| 264 | OWID                                                 TABLE ACCESS BY INDEX R | PAY_BILLER_INSTRUCTION        |     1 |   248 |     0   (0)|          |
| 265 |                                                       INDEX UNIQUE SCAN      | BILLER_INSTRUCTION_PK         |     1 |       |     0   (0)|          |
| 266 | WID                                                 TABLE ACCESS BY INDEX RO | PAY_BILLER                    |     1 |   437 |     0   (0)|          |
| 267 |                                                      INDEX UNIQUE SCAN       | BILLER_PK                     |     1 |       |     0   (0)|          |
| 268 | ID                                                 TABLE ACCESS BY INDEX ROW | PAY_PG_INSTRUCTION            |     1 |  1118 |     0   (0)|          |
| 269 |                                                     INDEX UNIQUE SCAN        | PAY_PG_INSTRUCTION_PK         |     1 |       |     0   (0)|          |
| 270 | D                                                 TABLE ACCESS BY INDEX ROWI | PG_MER_AGG_MAPPING_MASTER     |     1 |   170 |     0   (0)|          |
| 271 |                                                    INDEX UNIQUE SCAN         | PG_MER_AGG_MAPPING_MASTER_PK  |     1 |       |     0   (0)|          |
| 272 |                                                  TABLE ACCESS BY INDEX ROWID | PG_MERCHANT_MASTER            |     1 |   187 |     0   (0)|          |
| 273 |                                                   INDEX UNIQUE SCAN          | PG_MERCHANT_MASTER_PK         |     1 |       |     0   (0)|          |
| 274 |                                                 TABLE ACCESS BY INDEX ROWID  | PG_AGGREGATOR_MASTER          |     1 |   570 |     0   (0)|          |
| 275 |                                                  INDEX UNIQUE SCAN           | PG_AGGREGATOR_MASTER_PK       |     1 |       |     0   (0)|          |
| 276 |                                                TABLE ACCESS BY INDEX ROWID   | PG_MERCHANT_MASTER            |     1 |   187 |     0   (0)|          |
| 277 |                                                 INDEX UNIQUE SCAN            | PG_MERCHANT_MASTER_PK         |     1 |       |     0   (0)|          |
| 278 |                                               TABLE ACCESS BY INDEX ROWID    | PG_AGGREGATOR_MASTER          |     1 |   570 |     0   (0)|          |
| 279 |                                                INDEX UNIQUE SCAN             | PG_AGGREGATOR_MASTER_PK       |     1 |       |     0   (0)|          |
| 280 |                                             TABLE ACCESS BY INDEX ROWID      | PAY_BILLER_METADATA           |     1 |  2799 |     0   (0)|          |
| 281 |                                              INDEX UNIQUE SCAN               | BILLER_METADATA_PK            |     1 |       |     0   (0)|          |
| 282 |                                            TABLE ACCESS BY INDEX ROWID       | PG_BILLER_BUSINESS_SUB_CAT    |     1 |    47 |     0   (0)|          |
| 283 |                                             INDEX UNIQUE SCAN                | PG_BILLER_BUSINESS_SUB_CAT_PK |     1 |       |     0   (0)|          |
| 284 |                                           TABLE ACCESS BY INDEX ROWID        | FND_CURRENCY                  |     1 |    55 |     0   (0)|          |
| 285 |                                            INDEX UNIQUE SCAN                 | CURRENCY_PK                   |     1 |       |     0   (0)|          |
| 286 |                                          TABLE ACCESS BY INDEX ROWID         | INF_TENANT_SERVICE            |     1 |    41 |     0   (0)|          |
| 287 |                                           INDEX UNIQUE SCAN                  | TENANT_SERVICE_PK             |     1 |       |     0   (0)|          |
| 288 |                                         TABLE ACCESS BY INDEX ROWID          | ACCT_ACCOUNT                  |     1 |    53 |     0   (0)|          |
| 289 |                                          INDEX UNIQUE SCAN                   | ACCOUNT_PK                    |     1 |       |     0   (0)|          |
| 290 |                                        TABLE ACCESS BY INDEX ROWID           | PAY_BENE_INSTRUCTION          |     1 |    80 |     1   (0)| 00:00:01 |
| 291 |                                         INDEX UNIQUE SCAN                    | BENE_INSTRUCTION_PK           |     1 |       |     0   (0)|          |
| 292 |                                       TABLE ACCESS BY INDEX ROWID            | ACCT_PRODUCT                  |     1 |    83 |     1   (0)| 00:00:01 |
| 293 |                                        INDEX UNIQUE SCAN                     | PRODUCT_PK                    |     1 |       |     0   (0)|          |
| 294 |                                      TABLE ACCESS BY INDEX ROWID             | FND_CURRENCY                  |     1 |    55 |     1   (0)| 00:00:01 |
| 295 |                                       INDEX UNIQUE SCAN                      | CURRENCY_PK                   |     1 |       |     0   (0)|          |
| 296 |                                     TABLE ACCESS BY INDEX ROWID              | INF_TENANT_SERVICE            |     1 |    41 |     1   (0)| 00:00:01 |
| 297 |                                      INDEX UNIQUE SCAN                       | TENANT_SERVICE_PK             |     1 |       |     0   (0)|          |
| 298 |                                    TABLE ACCESS BY INDEX ROWID               | ACCT_ACCOUNT                  |     1 |    53 |     1   (0)| 00:00:01 |
| 299 |                                     INDEX UNIQUE SCAN                        | ACCOUNT_PK                    |     1 |       |     0   (0)|          |
| 300 |                                   TABLE ACCESS BY INDEX ROWID                | PAY_BENE                      |     1 |    60 |     1   (0)| 00:00:01 |
| 301 |                                    INDEX UNIQUE SCAN                         | BENE_PK                       |     1 |       |     0   (0)|          |
| 302 |                                  TABLE ACCESS BY INDEX ROWID                 | PAY_PAYEE_BANK_BRANCH         |     1 |    30 |     2   (0)| 00:00:01 |
| 303 |                                   INDEX UNIQUE SCAN                          | PAY_PAYEE_BANK_BRANCH_PK      |     1 |       |     1   (0)| 00:00:01 |
| 304 |                                 TABLE ACCESS BY INDEX ROWID                  | PAY_PAYEE_BANK_BRANCH         |     1 |    30 |     2   (0)| 00:00:01 |
| 305 |                                  INDEX UNIQUE SCAN                           | PAY_PAYEE_BANK_BRANCH_PK      |     1 |       |     1   (0)| 00:00:01 |
| 306 |                                TABLE ACCESS BY INDEX ROWID                   | PAY_FOREIGN_BANK_BRANCH       |     1 |  2362 |     0   (0)|          |
| 307 |                                 INDEX UNIQUE SCAN                            | FOREIGN_BANK_BRANCH_PK        |     1 |       |     0   (0)|          |
| 308 |                               TABLE ACCESS BY INDEX ROWID                    | FND_TENANT_BRANCH             |     1 |    76 |     1   (0)| 00:00:01 |
| 309 |                                INDEX UNIQUE SCAN                             | TENANT_BRANCH_PK              |     1 |       |     0   (0)|          |
| 310 |                              TABLE ACCESS BY INDEX ROWID                     | PAY_DOMESTIC_BANK_BRANCH      |     1 |   144 |     1   (0)| 00:00:01 |
| 311 |                               INDEX UNIQUE SCAN                              | DOMESTIC_BANK_BRANCH_PK       |     1 |       |     0   (0)|          |
| 312 |                             TABLE ACCESS BY INDEX ROWID                      | FND_LOOKUP_VALUE              |     1 |    45 |     0   (0)|          |
| 313 |                              INDEX UNIQUE SCAN                               | LOOKUP_VALUE_PK               |     1 |       |     0   (0)|          |
| 314 |                            TABLE ACCESS BY INDEX ROWID                       | FND_LOOKUP_VALUE              |     1 |    45 |     0   (0)|          |
| 315 |                             INDEX UNIQUE SCAN                                | LOOKUP_VALUE_PK               |     1 |       |     0   (0)|          |
| 316 |                           TABLE ACCESS BY INDEX ROWID                        | FND_LOOKUP_VALUE              |     1 |    45 |     0   (0)|          |
| 317 |                            INDEX UNIQUE SCAN                                 | LOOKUP_VALUE_PK               |     1 |       |     0   (0)|          |
| 318 |                          TABLE ACCESS BY INDEX ROWID                         | FND_LOOKUP_VALUE              |     1 |    45 |     1   (0)| 00:00:01 |
| 319 |                           INDEX UNIQUE SCAN                                  | LOOKUP_VALUE_PK               |     1 |       |     0   (0)|          |
| 320 |                         TABLE ACCESS BY INDEX ROWID                          | FND_LOOKUP_VALUE              |     1 |    45 |     0   (0)|          |
| 321 |                          INDEX UNIQUE SCAN                                   | LOOKUP_VALUE_PK               |     1 |       |     0   (0)|          |
| 322 |                        TABLE ACCESS BY INDEX ROWID                           | FND_LOOKUP_VALUE              |     1 |    45 |     0   (0)|          |
| 323 |                         INDEX UNIQUE SCAN                                    | LOOKUP_VALUE_PK               |     1 |       |     0   (0)|          |
| 324 |                       TABLE ACCESS BY INDEX ROWID                            | FND_LOOKUP_VALUE              |     1 |    45 |     1   (0)| 00:00:01 |
| 325 |                        INDEX UNIQUE SCAN                                     | LOOKUP_VALUE_PK               |     1 |       |     0   (0)|          |
| 326 |                      TABLE ACCESS BY INDEX ROWID                             | FND_LOOKUP_VALUE              |     1 |    45 |     1   (0)| 00:00:01 |
| 327 |                       INDEX UNIQUE SCAN                                      | LOOKUP_VALUE_PK               |     1 |       |     0   (0)|          |
| 328 |                     TABLE ACCESS BY INDEX ROWID                              | FND_LOOKUP_VALUE              |     1 |    45 |     1   (0)| 00:00:01 |
| 329 |                      INDEX UNIQUE SCAN                                       | LOOKUP_VALUE_PK               |     1 |       |     0   (0)|          |
| 330 |                    TABLE ACCESS BY INDEX ROWID                               | FND_LOOKUP_VALUE              |     1 |    45 |     0   (0)|          |
| 331 |                     INDEX UNIQUE SCAN                                        | LOOKUP_VALUE_PK               |     1 |       |     0   (0)|          |
| 332 |                   TABLE ACCESS BY INDEX ROWID                                | FND_LOOKUP_VALUE              |     1 |    45 |     0   (0)|          |
| 333 |                    INDEX UNIQUE SCAN                                         | LOOKUP_VALUE_PK               |     1 |       |     0   (0)|          |
| 334 |                  TABLE ACCESS BY INDEX ROWID                                 | FND_LOOKUP_VALUE              |     1 |    45 |     1   (0)| 00:00:01 |
| 335 |                   INDEX UNIQUE SCAN                                          | LOOKUP_VALUE_PK               |     1 |       |     0   (0)|          |
| 336 |                 TABLE ACCESS BY INDEX ROWID                                  | FND_LOOKUP_VALUE              |     1 |    45 |     1   (0)| 00:00:01 |
| 337 |                  INDEX UNIQUE SCAN                                           | LOOKUP_VALUE_PK               |     1 |       |     0   (0)|          |
| 338 |                TABLE ACCESS BY INDEX ROWID                                   | FND_LOOKUP_VALUE              |     1 |    45 |     1   (0)| 00:00:01 |
| 339 |                 INDEX UNIQUE SCAN                                            | LOOKUP_VALUE_PK               |     1 |       |     0   (0)|          |
| 340 |               TABLE ACCESS BY INDEX ROWID                                    | FND_LOOKUP_VALUE              |     1 |    45 |     1   (0)| 00:00:01 |
| 341 |                INDEX UNIQUE SCAN                                             | LOOKUP_VALUE_PK               |     1 |       |     0   (0)|          |
| 342 |              TABLE ACCESS BY INDEX ROWID                                     | FND_LOOKUP_VALUE              |     1 |    45 |     1   (0)| 00:00:01 |
| 343 |               INDEX UNIQUE SCAN                                              | LOOKUP_VALUE_PK               |     1 |       |     0   (0)|          |
| 344 |             TABLE ACCESS BY INDEX ROWID                                      | FND_LOOKUP_VALUE              |     1 |    45 |     1   (0)| 00:00:01 |
| 345 |              INDEX UNIQUE SCAN                                               | LOOKUP_VALUE_PK               |     1 |       |     0   (0)|          |
| 346 |            TABLE ACCESS BY INDEX ROWID                                       | FND_LOOKUP_VALUE              |     1 |    45 |     1   (0)| 00:00:01 |
| 347 |             INDEX UNIQUE SCAN                                                | LOOKUP_VALUE_PK               |     1 |       |     0   (0)|          |
| 348 |           TABLE ACCESS BY INDEX ROWID                                        | FND_LOOKUP_VALUE              |     1 |    45 |     1   (0)| 00:00:01 |
| 349 |            INDEX UNIQUE SCAN                                                 | LOOKUP_VALUE_PK               |     1 |       |     0   (0)|          |
| 350 |          TABLE ACCESS BY INDEX ROWID                                         | FND_LOOKUP_VALUE              |     1 |    45 |     1   (0)| 00:00:01 |
| 351 |           INDEX UNIQUE SCAN                                                  | LOOKUP_VALUE_PK               |     1 |       |     0   (0)|          |
| 352 |         TABLE ACCESS BY INDEX ROWID                                          | FND_LOOKUP_VALUE              |     1 |    45 |     1   (0)| 00:00:01 |
| 353 |          INDEX UNIQUE SCAN                                                   | LOOKUP_VALUE_PK               |     1 |       |     0   (0)|          |
| 354 |        TABLE ACCESS BY INDEX ROWID                                           | FND_LOOKUP_VALUE              |     1 |    45 |     1   (0)| 00:00:01 |
| 355 |         INDEX UNIQUE SCAN                                                    | LOOKUP_VALUE_PK               |     1 |       |     0   (0)|          |
| 356 |       TABLE ACCESS BY INDEX ROWID                                            | FND_LOOKUP_VALUE              |     1 |    45 |     1   (0)| 00:00:01 |
| 357 |        INDEX UNIQUE SCAN                                                     | LOOKUP_VALUE_PK               |     1 |       |     0   (0)|          |
| 358 |      TABLE ACCESS BY INDEX ROWID                                             | FND_LOOKUP_VALUE              |     1 |    45 |     1   (0)| 00:00:01 |
| 359 |       INDEX UNIQUE SCAN                                                      | LOOKUP_VALUE_PK               |     1 |       |     0   (0)|          |
| 360 |     TABLE ACCESS BY INDEX ROWID                                              | FND_LOOKUP_TYPE               |     1 |    55 |     1   (0)| 00:00:01 |
| 361 |      INDEX UNIQUE SCAN                                                       | LOOKUP_TYPE_PK                |     1 |       |     0   (0)|          |
| 362 |    TABLE ACCESS BY INDEX ROWID                                               | FND_COUNTRY                   |     1 |    45 |     1   (0)| 00:00:01 |
| 363 |     INDEX UNIQUE SCAN                                                        | COUNTRY_PK                    |     1 |       |     0   (0)|          |
--------------------------------------------------------------------------------------------------------------------------------------------------------------


3080 rows selected.




SYS:JFSMIBDB > select plan_table_output from table (dbms_xplan.display_awr('d9drmngtc7txj'));

PLAN_TABLE_OUTPUT
------------------------------------------------------------------------------------------------------------------------------------------------------------------------------------------------------------------------------------------------------------------------------------------------------------
SQL_ID d9drmngtc7txj
--------------------
/* load com.vayana.ib.bm.core.api.model.payment.LimitDefinitionDetail
*/ select limitdefin0_.id as id1_153_111_, limitdefin0_."VERSION" as
VERSION2_153_111_, limitdefin0_.AUTH_BY as AUTH43_153_111_,
limitdefin0_.AUTH_DATE as AUTH3_153_111_, limitdefin0_.CREATED_BY as
CREATED44_153_111_, limitdefin0_.CREATED_DATE as CREATED4_153_111_,
limitdefin0_.MODIFIED_BY as MODIFIE45_153_111_,
limitdefin0_.MODIFIED_DATE as MODIFIED5_153_111_,
limitdefin0_.CHANNEL_ID as CHANNEL46_153_111_, limitdefin0_.CODE as
CODE6_153_111_, limitdefin0_.COMPANY_ID as COMPANY47_153_111_,
limitdefin0_.CIF_ID as CIF48_153_111_, limitdefin0_.DESCRIPTION as
DESCRIPT7_153_111_, limitdefin0_.EFFECTIVE_FROM_DATE as
EFFECTIV8_153_111_, limitdefin0_.EFFECTIVE_TO_DATE as
EFFECTIV9_153_111_, limitdefin0_.GLO_DAILY_MAX_TRX_AMOUNT as
GLO10_153_111_, limitdefin0_.GLO_DAILY_MAX_TRX_ALLOWED as
GLO11_153_111_, limitdefin0_.GLO_FORTNIGHT_MAX_TRX_AMOUNT as
GLO12_153_111_, limitdefin0_.GLO_FORTNIGHT_MAX_TRX_ALLOWED as
GLO13_153_111_, limitdefin0_.GLO_HALFERLY_MAX_TRX_AMOUNT as
GLO14_153_111_, limitdefin0_.GLO_HALFERLY_MAX_TRX_ALLOWED as
GLO15_153_111_, limitdefin0_.GLO_MAX_TRX_AMOUNT as GLO16_153_111_,
limitdefin0_.GLO_MIN_TRX_AMOUNT as GLO17_153_111_,
limitdefin0_.GLO_MONTHLY_MAX_TRX_AMOUNT as GLO18_153_111_,
limitdefin0_.GLO_MONTHLY_MAX_TRX_ALLOWED as GLO19_153_111_,
limitdefin0_.GLO_QUATERLY_MAX_TRX_AMOUNT as GLO20_153_111_,
limitdefin0_.GLO_QUATERLY_MAX_TRX_ALLOWED as GLO21_153_111_,
limitdefin0_.GLO_WEEKLY_MAX_TRX_AMOUNT as GLO22_153_111_,
limitdefin0_.GLO_WEEKLY_MAX_TRX_ALLOWED as GLO23_153_111_,
limitdefin0_.GLO_YEARLY_MAX_TRX_AMOUNT as GLO24_153_111_,
limitdefin0_.GLO_YEARLY_MAX_TRX_ALLOWED as GLO25_153_111_,
limitdefin0_.GROUP_ID as GROUP49_153_111_,
limitdefin0_.LOGIN_PROFILE_ID as LOGIN50_153_111_,
limitdefin0_.DEFINITION_ID as DEFINIT51_153_111_,
limitdefin0_.LIMIT_DEFINITION_TYPE as LIMIT26_153_111_,
limitdefin0_.BENE_ID as BENE52_153_111_, limitdefin0_.BILLER_ID as
BILLER53_153_111_, limitdefin0_.PAYEE_INSTRUCTION_ID as
PAYEE54_153_111_, limitdefin0_.REG_DAILY_MAX_TRX_AMOUNT as
REG27_153_111_, limitdefin0_.REG_DAILY_MAX_TRX_ALLOWED as
REG28_153_111_, limitdefin0_.REG_FORTNIGHT_MAX_TRX_AMOUNT as
REG29_153_111_, limitdefin0_.REG_FORTNIGHT_MAX_TRX_ALLOWED as
REG30_153_111_, limitdefin0_.REG_HALFERLY_MAX_TRX_AMOUNT as
REG31_153_111_, limitdefin0_.REG_HALFERLY_MAX_TRX_ALLOWED as
REG32_153_111_, limitdefin0_.REG_MAX_TRX_AMOUNT as REG33_153_111_,
limitdefin0_.REG_MIN_TRX_AMOUNT as REG34_153_111_,
limitdefin0_.REG_MONTHLY_MAX_TRX_AMOUNT as REG35_153_111_,
limitdefin0_.REG_MONTHLY_MAX_TRX_ALLOWED as REG36_153_111_,
limitdefin0_.REG_QUATERLY_MAX_TRX_AMOUNT as REG37_153_111_,
limitdefin0_.REG_QUATERLY_MAX_TRX_ALLOWED as REG38_153_111_,
limitdefin0_.REG_WEEKLY_MAX_TRX_AMOUNT as REG39_153_111_,
limitdefin0_.REG_WEEKLY_MAX_TRX_ALLOWED as REG40_153_111_,
limitdefin0_.REG_YEARLY_MAX_TRX_AMOUNT as REG41_153_111_,
limitdefin0_.REG_YEARLY_MAX_TRX_ALLOWED as REG42_153_111_,
limitdefin0_.SEGMENT_ID as SEGMENT55_153_111_,
limitdefin0_.SPECIAL_CATEGORY_ID as SPECIAL56_153_111_,
limitdefin0_.STATUS_ID as STATUS57_153_111_, channel1_.id as id1_95_0_,
channel1_."VERSION" as VERSION2_95_0_, channel1_.AUTH_BY as
AUTH8_95_0_, channel1_.AUTH_DATE as AUTH3_95_0_, channel1_.CREATED_BY
as CREATED9_95_0_, channel1_.CREATED_DATE as CREATED4_95_0_,
channel1_.MODIFIED_BY as MODIFIE10_95_0_, channel1_.MODIFIED_DATE as
MODIFIED5_95_0_, channel1_.CODE as CODE6_95_0_, channel1_.DESCRIPTION
as DESCRIPT7_95_0_, company2_.id as id1_39_1_, company2_."VERSION" as
VERSION2_39_1_, company2_.AUTH_BY as AUTH8_39_1_, company2_.AUTH_DATE
as AUTH3_39_1_, company2_.CREATED_BY as CREATED9_39_1_,
company2_.CREATED_DATE as CREATED4_39_1_, company2_.MODIFIED_BY as
MODIFIE10_39_1_, company2_.MODIFIED_DATE as MODIFIED5_39_1_,
company2_.AUTH_MATRIX_ID as AUTH11_39_1_, company2_.CHANNEL_ID as
CHANNEL12_39_1_, company2_.CODE as CODE6_39_1_, company2_.CONTACT_ID as
CONTACT13_39_1_, company2_.COUNTRY_ID as COUNTRY14_39_1_, co

Plan hash value: 67631822

--------------------------------------------------------------------------------------------------------------------------------------------------------------
| Id  | Operation                                                                    | Name                          | Rows  | Bytes | Cost (%CPU)| Time     |
--------------------------------------------------------------------------------------------------------------------------------------------------------------
|   0 | SELECT STATEMENT                                                             |                               |       |       |   367 (100)|          |
|   1 |  SORT ORDER BY                                                               |                               |     1 | 24278 |   367   (2)| 00:00:05 |
|   2 |   NESTED LOOPS OUTER                                                         |                               |     1 | 24278 |   366   (1)| 00:00:05 |
|   3 |    NESTED LOOPS OUTER                                                        |                               |     1 | 24134 |   365   (1)| 00:00:05 |
|   4 |     NESTED LOOPS OUTER                                                       |                               |     1 | 24058 |   364   (1)| 00:00:05 |
|   5 |      NESTED LOOPS OUTER                                                      |                               |     1 | 21696 |   364   (1)| 00:00:05 |
|   6 |       NESTED LOOPS OUTER                                                     |                               |     1 | 21666 |   362   (1)| 00:00:05 |
|   7 |        NESTED LOOPS OUTER                                                    |                               |     1 | 21636 |   360   (1)| 00:00:05 |
|   8 |         NESTED LOOPS OUTER                                                   |                               |     1 | 21576 |   359   (1)| 00:00:05 |
|   9 |          NESTED LOOPS OUTER                                                  |                               |     1 | 21523 |   358   (1)| 00:00:05 |
|  10 |           NESTED LOOPS OUTER                                                 |                               |     1 | 21478 |   357   (1)| 00:00:05 |
|  11 |            NESTED LOOPS OUTER                                                |                               |     1 | 21437 |   356   (1)| 00:00:05 |
|  12 |             NESTED LOOPS OUTER                                               |                               |     1 | 21382 |   355   (1)| 00:00:05 |
|  13 |              NESTED LOOPS OUTER                                              |                               |     1 | 21299 |   354   (1)| 00:00:05 |
|  14 |               NESTED LOOPS OUTER                                             |                               |     1 | 21219 |   353   (1)| 00:00:05 |
|  15 |                NESTED LOOPS OUTER                                            |                               |     1 | 21166 |   353   (1)| 00:00:05 |
|  16 |                 NESTED LOOPS OUTER                                           |                               |     1 | 21121 |   353   (1)| 00:00:05 |
|  17 |                  NESTED LOOPS OUTER                                          |                               |     1 | 21076 |   352   (1)| 00:00:05 |
|  18 |                   NESTED LOOPS OUTER                                         |                               |     1 | 21031 |   352   (1)| 00:00:05 |
|  19 |                    NESTED LOOPS OUTER                                        |                               |     1 | 20986 |   352   (1)| 00:00:05 |
|  20 |                     NESTED LOOPS OUTER                                       |                               |     1 | 20945 |   352   (1)| 00:00:05 |
|  21 |                      NESTED LOOPS OUTER                                      |                               |     1 | 20890 |   352   (1)| 00:00:05 |
|  22 |                       NESTED LOOPS OUTER                                     |                               |     1 | 20843 |   352   (1)| 00:00:05 |
|  23 |                        HASH JOIN RIGHT OUTER                                 |                               |     1 | 18044 |   352   (1)| 00:00:05 |
|  24 |                         TABLE ACCESS FULL                                    | PAY_BILLER_DATA               |     1 |   339 |     2   (0)| 00:00:01 |
|  25 |                         NESTED LOOPS OUTER                                   |                               |     1 | 17705 |   350   (1)| 00:00:05 |
|  26 |                          NESTED LOOPS OUTER                                  |                               |     1 | 17268 |   350   (1)| 00:00:05 |
|  27 |                           NESTED LOOPS OUTER                                 |                               |     1 | 17081 |   350   (1)| 00:00:05 |
|  28 |                            NESTED LOOPS OUTER                                |                               |     1 | 16511 |   350   (1)| 00:00:05 |
|  29 |                             NESTED LOOPS OUTER                               |                               |     1 | 16341 |   350   (1)| 00:00:05 |
|  30 |                              NESTED LOOPS OUTER                              |                               |     1 | 16154 |   350   (1)| 00:00:05 |
|  31 |                               NESTED LOOPS OUTER                             |                               |     1 | 15584 |   350   (1)| 00:00:05 |
|  32 |                                NESTED LOOPS OUTER                            |                               |     1 | 15336 |   350   (1)| 00:00:05 |
|  33 |                                 NESTED LOOPS OUTER                           |                               |     1 | 14218 |   350   (1)| 00:00:05 |
|  34 |                                  NESTED LOOPS OUTER                          |                               |     1 | 14188 |   349   (1)| 00:00:05 |
|  35 |                                   NESTED LOOPS OUTER                         |                               |     1 | 14100 |   348   (1)| 00:00:05 |
|  36 |                                    NESTED LOOPS OUTER                        |                               |     1 | 14012 |   347   (1)| 00:00:05 |
|  37 |                                     NESTED LOOPS OUTER                       |                               |     1 | 13968 |   346   (1)| 00:00:05 |
|  38 |                                      NESTED LOOPS OUTER                      |                               |     1 | 13880 |   345   (1)| 00:00:05 |
|  39 |                                       NESTED LOOPS OUTER                     |                               |     1 | 13817 |   344   (1)| 00:00:05 |
|  40 |                                        HASH JOIN OUTER                       |                               |     1 | 13811 |   344   (1)| 00:00:05 |
|  41 |                                         NESTED LOOPS OUTER                   |                               |     1 | 13786 |   320   (1)| 00:00:04 |
|  42 |                                          NESTED LOOPS OUTER                  |                               |     1 | 13741 |   319   (1)| 00:00:04 |
|  43 |                                           NESTED LOOPS OUTER                 |                               |     1 | 13696 |   319   (1)| 00:00:04 |
|  44 |                                            NESTED LOOPS OUTER                |                               |     1 | 13651 |   319   (1)| 00:00:04 |
|  45 |                                             NESTED LOOPS OUTER               |                               |     1 | 13606 |   318   (1)| 00:00:04 |
|  46 |                                              NESTED LOOPS OUTER              |                               |     1 | 13539 |   317   (1)| 00:00:04 |
|  47 |                                               NESTED LOOPS OUTER             |                               |     1 | 13463 |   316   (1)| 00:00:04 |
|  48 |                                                NESTED LOOPS OUTER            |                               |     1 | 13418 |   315   (1)| 00:00:04 |
|  49 |                                                 NESTED LOOPS OUTER           |                               |     1 | 13373 |   314   (1)| 00:00:04 |
|  50 |                                                  NESTED LOOPS OUTER          |                               |     1 | 13328 |   313   (1)| 00:00:04 |
|  51 |                                                   NESTED LOOPS OUTER         |                               |     1 | 13283 |   312   (1)| 00:00:04 |
|  52 |                                                    NESTED LOOPS OUTER        |                               |     1 | 13236 |   312   (1)| 00:00:04 |
|  53 |                                                     NESTED LOOPS OUTER       |                               |     1 | 12821 |   312   (1)| 00:00:04 |
|  54 |                                                      NESTED LOOPS OUTER      |                               |     1 | 12774 |   312   (1)| 00:00:04 |
|  55 |                                                       HASH JOIN RIGHT OUTER  |                               |     1 | 12725 |   312   (1)| 00:00:04 |
|  56 |                                                        TABLE ACCESS FULL     | FND_TENANT_APPLICATION_LOCALE |     1 |    30 |     3   (0)| 00:00:01 |
|  57 |                                                        HASH JOIN RIGHT OUTER |                               |     1 | 12695 |   309   (1)| 00:00:04 |
|  58 |                                                         TABLE ACCESS FULL    | FND_TENANT_OPERATING_COUNTRY  |     1 |    28 |     3   (0)| 00:00:01 |
|  59 |                                                         NESTED LOOPS OUTER   |                               |     1 | 12667 |   306   (1)| 00:00:04 |
|  60 |                                                          NESTED LOOPS OUTER  |                               |     1 | 12639 |   305   (1)| 00:00:04 |
|  61 |                                                           NESTED LOOPS OUTER |                               |     1 | 12600 |   304   (1)| 00:00:04 |
|  62 | R                                                          NESTED LOOPS OUTE |                               |     1 | 12575 |   303   (1)| 00:00:04 |
|  63 | ER                                                          NESTED LOOPS OUT |                               |     1 | 12550 |   302   (1)| 00:00:04 |
|  64 | TER                                                          NESTED LOOPS OU |                               |     1 | 12424 |   302   (1)| 00:00:04 |
|  65 | UTER                                                          NESTED LOOPS O |                               |     1 | 12365 |   301   (1)| 00:00:04 |
|  66 | HT OUTER                                                       HASH JOIN RIG |                               |     1 | 12320 |   300   (1)| 00:00:04 |
|  67 |  FULL                                                           TABLE ACCESS | FND_DOCUMENT_DETAIL           |     1 |  2080 |     2   (0)| 00:00:01 |
|  68 |  OUTER                                                          NESTED LOOPS |                               |     1 | 10240 |   298   (1)| 00:00:04 |
|  69 | S OUTER                                                          NESTED LOOP |                               |     1 | 10148 |   298   (1)| 00:00:04 |
|  70 | PS OUTER                                                          NESTED LOO |                               |     1 | 10060 |   298   (1)| 00:00:04 |
|  71 | OPS OUTER                                                          NESTED LO |                               |     1 | 10015 |   297   (1)| 00:00:04 |
|  72 | OOPS OUTER                                                          NESTED L |                               |     1 |  9970 |   296   (1)| 00:00:04 |
|  73 | LOOPS OUTER                                                          NESTED  |                               |     1 |  9915 |   295   (1)| 00:00:04 |
|  74 |  LOOPS OUTER                                                          NESTED |                               |     1 |  9870 |   294   (1)| 00:00:04 |
|  75 | D LOOPS OUTER                                                          NESTE |                               |     1 |  9815 |   293   (1)| 00:00:04 |
|  76 | ED LOOPS OUTER                                                          NEST |                               |     1 |  9771 |   292   (1)| 00:00:04 |
|  77 | TED LOOPS OUTER                                                          NES |                               |     1 |  9688 |   291   (1)| 00:00:04 |
|  78 | SH JOIN OUTER                                                             HA |                               |     1 |  9635 |   290   (1)| 00:00:04 |
|  79 | ESTED LOOPS OUTER                                                          N |                               |     1 |  9623 |   265   (0)| 00:00:04 |
|  80 |.NESTED LOOPS OUTER                                                           |                               |     1 |  9497 |   264   (0)| 00:00:04 |
|  81 |. NESTED LOOPS OUTER                                                          |                               |     1 |  9452 |   263   (0)| 00:00:04 |
|  82 |.  NESTED LOOPS OUTER                                                         |                               |     1 |  9407 |   262   (0)| 00:00:04 |
|  83 |.   NESTED LOOPS OUTER                                                        |                               |     1 |  9362 |   261   (0)| 00:00:04 |
|  84 |.    NESTED LOOPS OUTER                                                       |                               |     1 |  9300 |   260   (0)| 00:00:04 |
|  85 |.     NESTED LOOPS OUTER                                                      |                               |     1 |  9272 |   259   (0)| 00:00:04 |
|  86 |.      NESTED LOOPS OUTER                                                     |                               |     1 |  9146 |   258   (0)| 00:00:04 |
|  87 |.       NESTED LOOPS OUTER                                                    |                               |     1 |  9083 |   258   (0)| 00:00:04 |
|  88 |.        NESTED LOOPS OUTER                                                   |                               |     1 |  9058 |   257   (0)| 00:00:04 |
|  89 |.         NESTED LOOPS                                                        |                               |     1 |  9033 |   256   (0)| 00:00:04 |
|  90 |.          NESTED LOOPS OUTER                                                 |                               |     1 |  8988 |   255   (0)| 00:00:04 |
|  91 |.           NESTED LOOPS OUTER                                                |                               |     1 |  8943 |   255   (0)| 00:00:04 |
|  92 |.            NESTED LOOPS OUTER                                               |                               |     1 |  8898 |   254   (0)| 00:00:04 |
|  93 |.             NESTED LOOPS OUTER                                              |                               |     1 |  8853 |   254   (0)| 00:00:04 |
|  94 |.              NESTED LOOPS OUTER                                             |                               |     1 |  8808 |   253   (0)| 00:00:04 |
|  95 |.               NESTED LOOPS OUTER                                            |                               |     1 |  8763 |   252   (0)| 00:00:04 |
|  96 |.                NESTED LOOPS OUTER                                           |                               |     1 |  8718 |   251   (0)| 00:00:04 |
|  97 |.                 NESTED LOOPS OUTER                                          |                               |     1 |  8673 |   250   (0)| 00:00:03 |
|  98 |.                  NESTED LOOPS OUTER                                         |                               |     1 |  8628 |   249   (0)| 00:00:03 |
|  99 |.                   NESTED LOOPS OUTER                                        |                               |     1 |  8600 |   248   (0)| 00:00:03 |
| 100 |.                    NESTED LOOPS OUTER                                       |                               |     1 |  8538 |   247   (0)| 00:00:03 |
| 101 |.                     NESTED LOOPS OUTER                                      |                               |     1 |  8507 |   247   (0)| 00:00:03 |
| 102 |.                      NESTED LOOPS OUTER                                     |                               |     1 |  8450 |   247   (0)| 00:00:03 |
| 103 |.                       NESTED LOOPS OUTER                                    |                               |     1 |  8405 |   246   (0)| 00:00:03 |
| 104 |.                        NESTED LOOPS OUTER                                   |                               |     1 |  8360 |   245   (0)| 00:00:03 |
| 105 |.                         NESTED LOOPS OUTER                                  |                               |     1 |  8315 |   245   (0)| 00:00:03 |
| 106 |.                          NESTED LOOPS OUTER                                 |                               |     1 |  8235 |   244   (0)| 00:00:03 |
| 107 |.                           NESTED LOOPS OUTER                                |                               |     1 |  8155 |   243   (0)| 00:00:03 |
| 108 |.                            NESTED LOOPS OUTER                               |                               |     1 |  8114 |   242   (0)| 00:00:03 |
| 109 |.                             NESTED LOOPS OUTER                              |                               |     1 |  8073 |   241   (0)| 00:00:03 |
| 110 |.                              NESTED LOOPS OUTER                             |                               |     1 |  8038 |   240   (0)| 00:00:03 |
| 111 |.                               NESTED LOOPS OUTER                            |                               |     1 |  8007 |   239   (0)| 00:00:03 |
| 112 |.                                NESTED LOOPS OUTER                           |                               |     1 |  7979 |   238   (0)| 00:00:03 |
| 113 |.                                 NESTED LOOPS OUTER                          |                               |     1 |  7938 |   237   (0)| 00:00:03 |
| 114 |.                                  NESTED LOOPS OUTER                         |                               |     1 |  7883 |   236   (0)| 00:00:03 |
| 115 |.                                   NESTED LOOPS OUTER                        |                               |     1 |  7855 |   235   (0)| 00:00:03 |
| 116 |.                                    NESTED LOOPS OUTER                       |                               |     1 |  7733 |   234   (0)| 00:00:03 |
| 117 |.                                     NESTED LOOPS OUTER                      |                               |     1 |  7611 |   233   (0)| 00:00:03 |
| 118 |.                                      NESTED LOOPS OUTER                     |                               |     1 |  7562 |   233   (0)| 00:00:03 |
| 119 |.                                       NESTED LOOPS OUTER                    |                               |     1 |  7523 |   233   (0)| 00:00:03 |
| 120 |.                                        NESTED LOOPS OUTER                   |                               |     1 |  7492 |   233   (0)| 00:00:03 |
| 121 |.                                         NESTED LOOPS OUTER                  |                               |     1 |  7458 |   233   (0)| 00:00:03 |
| 122 |.                                          MERGE JOIN OUTER                   |                               |     1 |  7043 |   233   (0)| 00:00:03 |

PLAN_TABLE_OUTPUT
------------------------------------------------------------------------------------------------------------------------------------------------------------------------------------------------------------------------------------------------------------------------------------------------------------
| 123 |.                                           NESTED LOOPS OUTER                |                               |     1 |  6983 |   232   (0)| 00:00:03 |
| 124 |.                                            HASH JOIN OUTER                  |                               |     1 |  6949 |   232   (0)| 00:00:03 |
| 125 |.                                             HASH JOIN OUTER                 |                               |     1 |  4150 |   230   (0)| 00:00:03 |
| 126 |.                                              HASH JOIN OUTER                |                               |     1 |  3775 |   228   (0)| 00:00:03 |
| 127 |.                                               NESTED LOOPS OUTER            |                               |     1 |   976 |   226   (0)| 00:00:03 |
| 128 |.                                                NESTED LOOPS OUTER           |                               |     1 |   539 |   226   (0)| 00:00:03 |
| 129 |.                                                 TABLE ACCESS BY INDEX ROWID | LIMIT_DEFINITION_DETAIL       |     1 |   124 |   226   (0)| 00:00:03 |
| 130 |.                                                  INDEX SKIP SCAN            | DEFINITION_DETAILS_UK         |     1 |       |   225   (0)| 00:00:03 |
| 131 |.                                                 TABLE ACCESS BY INDEX ROWID | FND_COMPANY                   |     1 |   415 |     0   (0)|          |
| 132 |.                                                  INDEX UNIQUE SCAN          | COMPANY_PK                    |     1 |       |     0   (0)|          |
| 133 |.                                                TABLE ACCESS BY INDEX ROWID  | PAY_BILLER                    |     1 |   437 |     0   (0)|          |
| 134 |.                                                 INDEX UNIQUE SCAN           | BILLER_PK                     |     1 |       |     0   (0)|          |
| 135 |.                                               TABLE ACCESS FULL             | PAY_BILLER_METADATA           |     1 |  2799 |     2   (0)| 00:00:01 |
| 136 |.                                              TABLE ACCESS FULL              | PAY_BILLER_SERVICE            |     1 |   375 |     2   (0)| 00:00:01 |
| 137 |.                                             TABLE ACCESS FULL               | PAY_BILLER_METADATA           |     1 |  2799 |     2   (0)| 00:00:01 |
| 138 |.                                            TABLE ACCESS BY INDEX ROWID      | FND_GROUP                     |     1 |    34 |     0   (0)|          |
| 139 |.                                             INDEX UNIQUE SCAN               | GROUP_PK                      |     1 |       |     0   (0)|          |
| 140 |.                                           BUFFER SORT                       |                               |     1 |    60 |   233   (0)| 00:00:03 |
| 141 |.                                            TABLE ACCESS BY INDEX ROWID      | PAY_BENE                      |     1 |    60 |     1   (0)| 00:00:01 |
| 142 |.                                             INDEX UNIQUE SCAN               | BENE_PK                       |     1 |       |     0   (0)|          |
| 143 |.                                          TABLE ACCESS BY INDEX ROWID        | FND_COMPANY                   |     1 |   415 |     0   (0)|          |
| 144 |.                                           INDEX UNIQUE SCAN                 | COMPANY_PK                    |     1 |       |     0   (0)|          |
| 145 |.                                         TABLE ACCESS BY INDEX ROWID         | FND_GROUP                     |     1 |    34 |     0   (0)|          |
| 146 |.                                          INDEX UNIQUE SCAN                  | GROUP_PK                      |     1 |       |     0   (0)|          |
| 147 |.                                        TABLE ACCESS BY INDEX ROWID          | INF_CHANNEL                   |     1 |    31 |     0   (0)|          |
| 148 |.                                         INDEX UNIQUE SCAN                   | INF_CHANNEL_PK                |     1 |       |     0   (0)|          |
| 149 |.                                       TABLE ACCESS BY INDEX ROWID           | FND_SEGMENT                   |     1 |    39 |     0   (0)|          |
| 150 |.                                        INDEX UNIQUE SCAN                    | SEGMENT_PK                    |     1 |       |     0   (0)|          |
| 151 |.                                      TABLE ACCESS BY INDEX ROWID            | FND_SPECIAL_CATEGORY          |     1 |    49 |     0   (0)|          |
| 152 |.                                       INDEX UNIQUE SCAN                     | SPECIAL_CATEGORY_PK           |     1 |       |     0   (0)|          |
| 153 |.                                     TABLE ACCESS BY INDEX ROWID             | LIMIT_DEFINITION              |     1 |   122 |     1   (0)| 00:00:01 |
| 154 |.                                      INDEX UNIQUE SCAN                      | DEFINITION_PK                 |     1 |       |     0   (0)|          |
| 155 |.                                    TABLE ACCESS BY INDEX ROWID              | LIMIT_DEFINITION              |     1 |   122 |     1   (0)| 00:00:01 |
| 156 |.                                     INDEX UNIQUE SCAN                       | DEFINITION_PK                 |     1 |       |     0   (0)|          |
| 157 |.                                   TABLE ACCESS BY INDEX ROWID               | FND_TENANT_APPLICATION        |     1 |    28 |     1   (0)| 00:00:01 |
| 158 |.                                    INDEX UNIQUE SCAN                        | TENANT_APPLICATION_PK         |     1 |       |     0   (0)|          |
| 159 |.                                  TABLE ACCESS BY INDEX ROWID                | FND_CURRENCY                  |     1 |    55 |     1   (0)| 00:00:01 |
| 160 |.                                   INDEX UNIQUE SCAN                         | CURRENCY_PK                   |     1 |       |     0   (0)|          |
| 161 |.                                 TABLE ACCESS BY INDEX ROWID                 | INF_TENANT_SERVICE            |     1 |    41 |     1   (0)| 00:00:01 |
| 162 |.                                  INDEX UNIQUE SCAN                          | TENANT_SERVICE_PK             |     1 |       |     0   (0)|          |
| 163 |.                                TABLE ACCESS BY INDEX ROWID                  | FND_TENANT_APPLICATION        |     1 |    28 |     1   (0)| 00:00:01 |
| 164 |.                                 INDEX UNIQUE SCAN                           | TENANT_APPLICATION_PK         |     1 |       |     0   (0)|          |
| 165 |.                               TABLE ACCESS BY INDEX ROWID                   | INF_CHANNEL                   |     1 |    31 |     1   (0)| 00:00:01 |
| 166 |.                                INDEX UNIQUE SCAN                            | INF_CHANNEL_PK                |     1 |       |     0   (0)|          |
| 167 |.                              TABLE ACCESS BY INDEX ROWID                    | INF_SERVICE_APPLICATION       |     1 |    35 |     1   (0)| 00:00:01 |
| 168 |.                               INDEX UNIQUE SCAN                             | SERVICE_APPLICATION_PK        |     1 |       |     0   (0)|          |
| 169 |.                             TABLE ACCESS BY INDEX ROWID                     | INF_TENANT_SERVICE            |     1 |    41 |     1   (0)| 00:00:01 |
| 170 |.                              INDEX UNIQUE SCAN                              | TENANT_SERVICE_PK             |     1 |       |     0   (0)|          |
| 171 |.                            TABLE ACCESS BY INDEX ROWID                      | INF_TENANT_SERVICE            |     1 |    41 |     1   (0)| 00:00:01 |
| 172 |.                             INDEX UNIQUE SCAN                               | TENANT_SERVICE_PK             |     1 |       |     0   (0)|          |
| 173 |.                           TABLE ACCESS BY INDEX ROWID                       | INF_SERVICE                   |     1 |    80 |     1   (0)| 00:00:01 |
| 174 |.                            INDEX UNIQUE SCAN                                | SERVICE_PK                    |     1 |       |     0   (0)|          |
| 175 |.                          TABLE ACCESS BY INDEX ROWID                        | INF_SERVICE                   |     1 |    80 |     1   (0)| 00:00:01 |
| 176 |.                           INDEX UNIQUE SCAN                                 | SERVICE_PK                    |     1 |       |     0   (0)|          |
| 177 |.                         TABLE ACCESS BY INDEX ROWID                         | FND_COUNTRY                   |     1 |    45 |     0   (0)|          |
| 178 |.                          INDEX UNIQUE SCAN                                  | COUNTRY_PK                    |     1 |       |     0   (0)|          |
| 179 |.                        TABLE ACCESS BY INDEX ROWID                          | FND_COUNTRY                   |     1 |    45 |     1   (0)| 00:00:01 |
| 180 |.                         INDEX UNIQUE SCAN                                   | COUNTRY_PK                    |     1 |       |     0   (0)|          |
| 181 |.                       TABLE ACCESS BY INDEX ROWID                           | FND_COUNTRY                   |     1 |    45 |     1   (0)| 00:00:01 |
| 182 |.                        INDEX UNIQUE SCAN                                    | COUNTRY_PK                    |     1 |       |     0   (0)|          |
| 183 |.                      TABLE ACCESS BY INDEX ROWID                            | FND_TENANT_LOOKUP_VALUE       |     1 |    57 |     0   (0)|          |
| 184 |.                       INDEX UNIQUE SCAN                                     | TENANT_LOOKUP_VALUE_PK        |     1 |       |     0   (0)|          |
| 185 |.                     TABLE ACCESS BY INDEX ROWID                             | INF_CHANNEL                   |     1 |    31 |     0   (0)|          |
| 186 |.                      INDEX UNIQUE SCAN                                      | INF_CHANNEL_PK                |     1 |       |     0   (0)|          |
| 187 |.                    TABLE ACCESS BY INDEX ROWID                              | FND_TENANT_LOOKUP_TYPE        |     1 |    62 |     1   (0)| 00:00:01 |
| 188 |.                     INDEX UNIQUE SCAN                                       | TENANT_LOOKUP_TYPE_PK         |     1 |       |     0   (0)|          |
| 189 |.                   TABLE ACCESS BY INDEX ROWID                               | FND_TENANT_APPLICATION        |     1 |    28 |     1   (0)| 00:00:01 |
| 190 |.                    INDEX UNIQUE SCAN                                        | TENANT_APPLICATION_PK         |     1 |       |     0   (0)|          |
| 191 |.                  TABLE ACCESS BY INDEX ROWID                                | FND_COUNTRY                   |     1 |    45 |     1   (0)| 00:00:01 |
| 192 |.                   INDEX UNIQUE SCAN                                         | COUNTRY_PK                    |     1 |       |     0   (0)|          |
| 193 |.                 TABLE ACCESS BY INDEX ROWID                                 | FND_LOOKUP_VALUE              |     1 |    45 |     1   (0)| 00:00:01 |
| 194 |.                  INDEX UNIQUE SCAN                                          | LOOKUP_VALUE_PK               |     1 |       |     0   (0)|          |
| 195 |.                TABLE ACCESS BY INDEX ROWID                                  | FND_LOOKUP_VALUE              |     1 |    45 |     1   (0)| 00:00:01 |
| 196 |.                 INDEX UNIQUE SCAN                                           | LOOKUP_VALUE_PK               |     1 |       |     0   (0)|          |
| 197 |.               TABLE ACCESS BY INDEX ROWID                                   | FND_LOOKUP_VALUE              |     1 |    45 |     1   (0)| 00:00:01 |
| 198 |.                INDEX UNIQUE SCAN                                            | LOOKUP_VALUE_PK               |     1 |       |     0   (0)|          |
| 199 |.              TABLE ACCESS BY INDEX ROWID                                    | FND_LOOKUP_VALUE              |     1 |    45 |     1   (0)| 00:00:01 |
| 200 |.               INDEX UNIQUE SCAN                                             | LOOKUP_VALUE_PK               |     1 |       |     0   (0)|          |
| 201 |.             TABLE ACCESS BY INDEX ROWID                                     | FND_LOOKUP_VALUE              |     1 |    45 |     0   (0)|          |
| 202 |.              INDEX UNIQUE SCAN                                              | LOOKUP_VALUE_PK               |     1 |       |     0   (0)|          |
| 203 |.            TABLE ACCESS BY INDEX ROWID                                      | FND_LOOKUP_VALUE              |     1 |    45 |     1   (0)| 00:00:01 |
| 204 |.             INDEX UNIQUE SCAN                                               | LOOKUP_VALUE_PK               |     1 |       |     0   (0)|          |
| 205 |.           TABLE ACCESS BY INDEX ROWID                                       | FND_LOOKUP_VALUE              |     1 |    45 |     0   (0)|          |
| 206 |.            INDEX UNIQUE SCAN                                                | LOOKUP_VALUE_PK               |     1 |       |     0   (0)|          |
| 207 |.          TABLE ACCESS BY INDEX ROWID                                        | FND_LOOKUP_VALUE              |     1 |    45 |     1   (0)| 00:00:01 |
| 208 |.           INDEX UNIQUE SCAN                                                 | LOOKUP_VALUE_PK               |     1 |       |     0   (0)|          |
| 209 |.         TABLE ACCESS BY INDEX ROWID                                         | USER_LOGIN_PROFILE_EXTEND     |     1 |    25 |     1   (0)| 00:00:01 |
| 210 |.          INDEX UNIQUE SCAN                                                  | LOGIN_PROFILE_EXTEND_PK       |     1 |       |     0   (0)|          |
| 211 |.        TABLE ACCESS BY INDEX ROWID                                          | USER_LOGIN_PROFILE_EXTEND     |     1 |    25 |     1   (0)| 00:00:01 |
| 212 |.         INDEX UNIQUE SCAN                                                   | LOGIN_PROFILE_EXTEND_PK       |     1 |       |     0   (0)|          |
| 213 |.       TABLE ACCESS BY INDEX ROWID                                           | FND_CIF                       |     1 |    63 |     0   (0)|          |
| 214 |.        INDEX UNIQUE SCAN                                                    | CIF_PK                        |     1 |       |     0   (0)|          |
| 215 |.      TABLE ACCESS BY INDEX ROWID                                            | USER_LOGIN_PROFILE            |     1 |   126 |     1   (0)| 00:00:01 |
| 216 |.       INDEX UNIQUE SCAN                                                     | LOGIN_PROFILE_PK              |     1 |       |     0   (0)|          |
| 217 |.     TABLE ACCESS BY INDEX ROWID                                             | FND_TENANT_APPLICATION        |     1 |    28 |     1   (0)| 00:00:01 |
| 218 |.      INDEX UNIQUE SCAN                                                      | TENANT_APPLICATION_PK         |     1 |       |     0   (0)|          |
| 219 |.    TABLE ACCESS BY INDEX ROWID                                              | FND_TENANT                    |     1 |    62 |     1   (0)| 00:00:01 |
| 220 |.     INDEX UNIQUE SCAN                                                       | TENANT_PK                     |     1 |       |     0   (0)|          |
| 221 |.   TABLE ACCESS BY INDEX ROWID                                               | FND_COUNTRY                   |     1 |    45 |     1   (0)| 00:00:01 |
| 222 |.    INDEX UNIQUE SCAN                                                        | COUNTRY_PK                    |     1 |       |     0   (0)|          |
| 223 |.  TABLE ACCESS BY INDEX ROWID                                                | FND_LOOKUP_VALUE              |     1 |    45 |     1   (0)| 00:00:01 |
| 224 |.   INDEX UNIQUE SCAN                                                         | LOOKUP_VALUE_PK               |     1 |       |     0   (0)|          |
| 225 |. TABLE ACCESS BY INDEX ROWID                                                 | FND_LOOKUP_VALUE              |     1 |    45 |     1   (0)| 00:00:01 |
| 226 |.  INDEX UNIQUE SCAN                                                          | LOOKUP_VALUE_PK               |     1 |       |     0   (0)|          |
| 227 |.TABLE ACCESS BY INDEX ROWID                                                  | USER_LOGIN_PROFILE            |     1 |   126 |     1   (0)| 00:00:01 |
| 228 |. INDEX UNIQUE SCAN                                                           | LOGIN_PROFILE_PK              |     1 |       |     0   (0)|          |
| 229 | ABLE ACCESS FULL                                                           T | FND_CIF_ACCOUNT               | 33093 |   387K|    24   (5)| 00:00:01 |
| 230 | BLE ACCESS BY INDEX ROWID                                                 TA | ACCT_ACCOUNT                  |     1 |    53 |     1   (0)| 00:00:01 |
| 231 | NDEX UNIQUE SCAN                                                           I | ACCOUNT_PK                    |     1 |       |     0   (0)|          |
| 232 | LE ACCESS BY INDEX ROWID                                                 TAB | ACCT_PRODUCT                  |     1 |    83 |     1   (0)| 00:00:01 |
| 233 | DEX UNIQUE SCAN                                                           IN | PRODUCT_PK                    |     1 |       |     0   (0)|          |
| 234 | E ACCESS BY INDEX ROWID                                                 TABL | ACCT_PRODUCT_TYPE             |     1 |    44 |     1   (0)| 00:00:01 |
| 235 | EX UNIQUE SCAN                                                           IND | PRODUCT_TYPE_PK               |     1 |       |     0   (0)|          |
| 236 |  ACCESS BY INDEX ROWID                                                 TABLE | FND_CURRENCY                  |     1 |    55 |     1   (0)| 00:00:01 |
| 237 | X UNIQUE SCAN                                                           INDE | CURRENCY_PK                   |     1 |       |     0   (0)|          |
| 238 | ACCESS BY INDEX ROWID                                                 TABLE  | FND_LOOKUP_VALUE              |     1 |    45 |     1   (0)| 00:00:01 |
| 239 |  UNIQUE SCAN                                                           INDEX | LOOKUP_VALUE_PK               |     1 |       |     0   (0)|          |
| 240 | CCESS BY INDEX ROWID                                                 TABLE A | FND_LOOKUP_TYPE               |     1 |    55 |     1   (0)| 00:00:01 |
| 241 | UNIQUE SCAN                                                           INDEX  | LOOKUP_TYPE_PK                |     1 |       |     0   (0)|          |
| 242 | CESS BY INDEX ROWID                                                 TABLE AC | FND_COUNTRY                   |     1 |    45 |     1   (0)| 00:00:01 |
| 243 | NIQUE SCAN                                                           INDEX U | COUNTRY_PK                    |     1 |       |     0   (0)|          |
| 244 | ESS BY INDEX ROWID                                                 TABLE ACC | FND_LOOKUP_VALUE              |     1 |    45 |     1   (0)| 00:00:01 |
| 245 | IQUE SCAN                                                           INDEX UN | LOOKUP_VALUE_PK               |     1 |       |     0   (0)|          |
| 246 | SS BY INDEX ROWID                                                 TABLE ACCE | FND_CONTACT                   |     1 |    88 |     0   (0)|          |
| 247 | QUE SCAN                                                           INDEX UNI | CONTACT_PK                    |     1 |       |     0   (0)|          |
| 248 | S BY INDEX ROWID                                                 TABLE ACCES | FND_DOCUMENT                  |     1 |    92 |     0   (0)|          |
| 249 | UE SCAN                                                           INDEX UNIQ | DOCUMENT_PK                   |     1 |       |     0   (0)|          |
| 250 | BY INDEX ROWID                                                 TABLE ACCESS  | FND_COUNTRY                   |     1 |    45 |     1   (0)| 00:00:01 |
| 251 |  SCAN                                                           INDEX UNIQUE | COUNTRY_PK                    |     1 |       |     0   (0)|          |
| 252 | Y INDEX ROWID                                                 TABLE ACCESS B | FND_CITY                      |     1 |    59 |     1   (0)| 00:00:01 |
| 253 | SCAN                                                           INDEX UNIQUE  | CITY_PK                       |     1 |       |     0   (0)|          |
| 254 |  INDEX ROWID                                                 TABLE ACCESS BY | USER_LOGIN_PROFILE            |     1 |   126 |     0   (0)|          |
| 255 | CAN                                                           INDEX UNIQUE S | LOGIN_PROFILE_PK              |     1 |       |     0   (0)|          |
| 256 | INDEX ROWID                                                 TABLE ACCESS BY  | USER_CONTACT_DETAIL           |     1 |    25 |     1   (0)| 00:00:01 |
| 257 | AN                                                           INDEX UNIQUE SC | CONTACT_DETAIL_PK             |     1 |       |     0   (0)|          |
| 258 | NDEX ROWID                                                 TABLE ACCESS BY I | USER_LOGIN_PROFILE_EXTEND     |     1 |    25 |     1   (0)| 00:00:01 |
| 259 | N                                                           INDEX UNIQUE SCA | LOGIN_PROFILE_EXTEND_PK       |     1 |       |     0   (0)|          |
| 260 | DEX ROWID                                                 TABLE ACCESS BY IN | FND_SEGMENT                   |     1 |    39 |     1   (0)| 00:00:01 |
| 261 |                                                            INDEX UNIQUE SCAN | SEGMENT_PK                    |     1 |       |     0   (0)|          |
| 262 | EX ROWID                                                 TABLE ACCESS BY IND | FND_TENANT_APPLICATION        |     1 |    28 |     1   (0)| 00:00:01 |
| 263 |                                                           INDEX UNIQUE SCAN  | TENANT_APPLICATION_PK         |     1 |       |     0   (0)|          |
| 264 | ROWID                                                 TABLE ACCESS BY INDEX  | FND_SPECIAL_CATEGORY          |     1 |    49 |     0   (0)|          |
| 265 |                                                        INDEX UNIQUE SCAN     | SPECIAL_CATEGORY_PK           |     1 |       |     0   (0)|          |
| 266 | OWID                                                 TABLE ACCESS BY INDEX R | FND_DEPARTMENT                |     1 |    47 |     0   (0)|          |
| 267 |                                                       INDEX UNIQUE SCAN      | DEPARTMENT_PK                 |     1 |       |     0   (0)|          |
| 268 | WID                                                 TABLE ACCESS BY INDEX RO | FND_COMPANY                   |     1 |   415 |     0   (0)|          |
| 269 |                                                      INDEX UNIQUE SCAN       | COMPANY_PK                    |     1 |       |     0   (0)|          |
| 270 | ID                                                 TABLE ACCESS BY INDEX ROW | FND_DEPARTMENT                |     1 |    47 |     0   (0)|          |
| 271 |                                                     INDEX UNIQUE SCAN        | DEPARTMENT_PK                 |     1 |       |     0   (0)|          |
| 272 | D                                                 TABLE ACCESS BY INDEX ROWI | FND_COUNTRY                   |     1 |    45 |     1   (0)| 00:00:01 |
| 273 |                                                    INDEX UNIQUE SCAN         | COUNTRY_PK                    |     1 |       |     0   (0)|          |
| 274 |                                                  TABLE ACCESS BY INDEX ROWID | FND_LOOKUP_VALUE              |     1 |    45 |     1   (0)| 00:00:01 |
| 275 |                                                   INDEX UNIQUE SCAN          | LOOKUP_VALUE_PK               |     1 |       |     0   (0)|          |
| 276 |                                                 TABLE ACCESS BY INDEX ROWID  | FND_LOOKUP_VALUE              |     1 |    45 |     1   (0)| 00:00:01 |
| 277 |                                                  INDEX UNIQUE SCAN           | LOOKUP_VALUE_PK               |     1 |       |     0   (0)|          |
| 278 |                                                TABLE ACCESS BY INDEX ROWID   | FND_LOOKUP_VALUE              |     1 |    45 |     1   (0)| 00:00:01 |
| 279 |                                                 INDEX UNIQUE SCAN            | LOOKUP_VALUE_PK               |     1 |       |     0   (0)|          |
| 280 |                                               TABLE ACCESS BY INDEX ROWID    | FND_TENANT_BRANCH             |     1 |    76 |     1   (0)| 00:00:01 |
| 281 |                                                INDEX UNIQUE SCAN             | TENANT_BRANCH_PK              |     1 |       |     0   (0)|          |
| 282 |                                              TABLE ACCESS BY INDEX ROWID     | USER_PROFILE                  |     1 |    67 |     1   (0)| 00:00:01 |
| 283 |                                               INDEX UNIQUE SCAN              | PROFILE_PK                    |     1 |       |     0   (0)|          |
| 284 |                                             TABLE ACCESS BY INDEX ROWID      | FND_LOOKUP_VALUE              |     1 |    45 |     1   (0)| 00:00:01 |
| 285 |                                              INDEX UNIQUE SCAN               | LOOKUP_VALUE_PK               |     1 |       |     0   (0)|          |
| 286 |                                            TABLE ACCESS BY INDEX ROWID       | FND_LOOKUP_VALUE              |     1 |    45 |     0   (0)|          |
| 287 |                                             INDEX UNIQUE SCAN                | LOOKUP_VALUE_PK               |     1 |       |     0   (0)|          |
| 288 |                                           TABLE ACCESS BY INDEX ROWID        | FND_LOOKUP_VALUE              |     1 |    45 |     0   (0)|          |
| 289 |                                            INDEX UNIQUE SCAN                 | LOOKUP_VALUE_PK               |     1 |       |     0   (0)|          |
| 290 |                                          TABLE ACCESS BY INDEX ROWID         | FND_LOOKUP_VALUE              |     1 |    45 |     1   (0)| 00:00:01 |
| 291 |                                           INDEX UNIQUE SCAN                  | LOOKUP_VALUE_PK               |     1 |       |     0   (0)|          |
| 292 |                                         TABLE ACCESS FULL                    | USER_CIF                      | 18368 |   448K|    24   (5)| 00:00:01 |
| 293 |                                        INDEX UNIQUE SCAN                     | PROFILE_EXTEND_PK             |     1 |     6 |     0   (0)|          |
| 294 |                                       TABLE ACCESS BY INDEX ROWID            | FND_CIF                       |     1 |    63 |     1   (0)| 00:00:01 |
| 295 |                                        INDEX UNIQUE SCAN                     | CIF_PK                        |     1 |       |     0   (0)|          |
| 296 |                                      TABLE ACCESS BY INDEX ROWID             | FND_CONTACT                   |     1 |    88 |     1   (0)| 00:00:01 |
| 297 |                                       INDEX UNIQUE SCAN                      | CONTACT_PK                    |     1 |       |     0   (0)|          |
| 298 |                                     TABLE ACCESS BY INDEX ROWID              | FND_STATE                     |     1 |    44 |     1   (0)| 00:00:01 |
| 299 |                                      INDEX UNIQUE SCAN                       | STATE_PK                      |     1 |       |     0   (0)|          |
| 300 |                                    TABLE ACCESS BY INDEX ROWID               | FND_CONTACT                   |     1 |    88 |     1   (0)| 00:00:01 |
| 301 |                                     INDEX UNIQUE SCAN                        | CONTACT_PK                    |     1 |       |     0   (0)|          |
| 302 |                                   TABLE ACCESS BY INDEX ROWID                | FND_CONTACT                   |     1 |    88 |     1   (0)| 00:00:01 |
| 303 |                                    INDEX UNIQUE SCAN                         | CONTACT_PK                    |     1 |       |     0   (0)|          |
| 304 |                                  TABLE ACCESS BY INDEX ROWID                 | PAY_PAYEE_INSTRUCTION         |     1 |    30 |     1   (0)| 00:00:01 |
| 305 |                                   INDEX UNIQUE SCAN                          | PAY_PAYEE_INSTRUCTION_PK      |     1 |       |     0   (0)|          |
| 306 |                                 TABLE ACCESS BY INDEX ROWID                  | PAY_PG_INSTRUCTION            |     1 |  1118 |     0   (0)|          |
| 307 |                                  INDEX UNIQUE SCAN                           | PAY_PG_INSTRUCTION_PK         |     1 |       |     0   (0)|          |
| 308 |                                TABLE ACCESS BY INDEX ROWID                   | PAY_BILLER_INSTRUCTION        |     1 |   248 |     0   (0)|          |
| 309 |                                 INDEX UNIQUE SCAN                            | BILLER_INSTRUCTION_PK         |     1 |       |     0   (0)|          |
| 310 |                               TABLE ACCESS BY INDEX ROWID                    | PG_AGGREGATOR_MASTER          |     1 |   570 |     0   (0)|          |
| 311 |                                INDEX UNIQUE SCAN                             | PG_AGGREGATOR_MASTER_PK       |     1 |       |     0   (0)|          |
| 312 |                              TABLE ACCESS BY INDEX ROWID                     | PG_MERCHANT_MASTER            |     1 |   187 |     0   (0)|          |
| 313 |                               INDEX UNIQUE SCAN                              | PG_MERCHANT_MASTER_PK         |     1 |       |     0   (0)|          |
| 314 |                             TABLE ACCESS BY INDEX ROWID                      | PG_MER_AGG_MAPPING_MASTER     |     1 |   170 |     0   (0)|          |
| 315 |                              INDEX UNIQUE SCAN                               | PG_MER_AGG_MAPPING_MASTER_PK  |     1 |       |     0   (0)|          |
| 316 |                            TABLE ACCESS BY INDEX ROWID                       | PG_AGGREGATOR_MASTER          |     1 |   570 |     0   (0)|          |
| 317 |                             INDEX UNIQUE SCAN                                | PG_AGGREGATOR_MASTER_PK       |     1 |       |     0   (0)|          |
| 318 |                           TABLE ACCESS BY INDEX ROWID                        | PG_MERCHANT_MASTER            |     1 |   187 |     0   (0)|          |
| 319 |                            INDEX UNIQUE SCAN                                 | PG_MERCHANT_MASTER_PK         |     1 |       |     0   (0)|          |

PLAN_TABLE_OUTPUT
------------------------------------------------------------------------------------------------------------------------------------------------------------------------------------------------------------------------------------------------------------------------------------------------------------
| 320 |                          TABLE ACCESS BY INDEX ROWID                         | PAY_BILLER                    |     1 |   437 |     0   (0)|          |
| 321 |                           INDEX UNIQUE SCAN                                  | BILLER_PK                     |     1 |       |     0   (0)|          |
| 322 |                        TABLE ACCESS BY INDEX ROWID                           | PAY_BILLER_METADATA           |     1 |  2799 |     0   (0)|          |
| 323 |                         INDEX UNIQUE SCAN                                    | BILLER_METADATA_PK            |     1 |       |     0   (0)|          |
| 324 |                       TABLE ACCESS BY INDEX ROWID                            | PG_BILLER_BUSINESS_SUB_CAT    |     1 |    47 |     0   (0)|          |
| 325 |                        INDEX UNIQUE SCAN                                     | PG_BILLER_BUSINESS_SUB_CAT_PK |     1 |       |     0   (0)|          |
| 326 |                      TABLE ACCESS BY INDEX ROWID                             | FND_CURRENCY                  |     1 |    55 |     0   (0)|          |
| 327 |                       INDEX UNIQUE SCAN                                      | CURRENCY_PK                   |     1 |       |     0   (0)|          |
| 328 |                     TABLE ACCESS BY INDEX ROWID                              | INF_TENANT_SERVICE            |     1 |    41 |     0   (0)|          |
| 329 |                      INDEX UNIQUE SCAN                                       | TENANT_SERVICE_PK             |     1 |       |     0   (0)|          |
| 330 |                    TABLE ACCESS BY INDEX ROWID                               | FND_LOOKUP_VALUE              |     1 |    45 |     0   (0)|          |
| 331 |                     INDEX UNIQUE SCAN                                        | LOOKUP_VALUE_PK               |     1 |       |     0   (0)|          |
| 332 |                   TABLE ACCESS BY INDEX ROWID                                | FND_LOOKUP_VALUE              |     1 |    45 |     0   (0)|          |
| 333 |                    INDEX UNIQUE SCAN                                         | LOOKUP_VALUE_PK               |     1 |       |     0   (0)|          |
| 334 |                  TABLE ACCESS BY INDEX ROWID                                 | FND_LOOKUP_VALUE              |     1 |    45 |     1   (0)| 00:00:01 |
| 335 |                   INDEX UNIQUE SCAN                                          | LOOKUP_VALUE_PK               |     1 |       |     0   (0)|          |
| 336 |                 TABLE ACCESS BY INDEX ROWID                                  | FND_LOOKUP_VALUE              |     1 |    45 |     0   (0)|          |
| 337 |                  INDEX UNIQUE SCAN                                           | LOOKUP_VALUE_PK               |     1 |       |     0   (0)|          |
| 338 |                TABLE ACCESS BY INDEX ROWID                                   | ACCT_ACCOUNT                  |     1 |    53 |     0   (0)|          |
| 339 |                 INDEX UNIQUE SCAN                                            | ACCOUNT_PK                    |     1 |       |     0   (0)|          |
| 340 |               TABLE ACCESS BY INDEX ROWID                                    | PAY_BENE_INSTRUCTION          |     1 |    80 |     1   (0)| 00:00:01 |
| 341 |                INDEX UNIQUE SCAN                                             | BENE_INSTRUCTION_PK           |     1 |       |     0   (0)|          |
| 342 |              TABLE ACCESS BY INDEX ROWID                                     | ACCT_PRODUCT                  |     1 |    83 |     1   (0)| 00:00:01 |
| 343 |               INDEX UNIQUE SCAN                                              | PRODUCT_PK                    |     1 |       |     0   (0)|          |
| 344 |             TABLE ACCESS BY INDEX ROWID                                      | FND_CURRENCY                  |     1 |    55 |     1   (0)| 00:00:01 |
| 345 |              INDEX UNIQUE SCAN                                               | CURRENCY_PK                   |     1 |       |     0   (0)|          |
| 346 |            TABLE ACCESS BY INDEX ROWID                                       | INF_TENANT_SERVICE            |     1 |    41 |     1   (0)| 00:00:01 |
| 347 |             INDEX UNIQUE SCAN                                                | TENANT_SERVICE_PK             |     1 |       |     0   (0)|          |
| 348 |           TABLE ACCESS BY INDEX ROWID                                        | FND_LOOKUP_VALUE              |     1 |    45 |     1   (0)| 00:00:01 |
| 349 |            INDEX UNIQUE SCAN                                                 | LOOKUP_VALUE_PK               |     1 |       |     0   (0)|          |
| 350 |          TABLE ACCESS BY INDEX ROWID                                         | ACCT_ACCOUNT                  |     1 |    53 |     1   (0)| 00:00:01 |
| 351 |           INDEX UNIQUE SCAN                                                  | ACCOUNT_PK                    |     1 |       |     0   (0)|          |
| 352 |         TABLE ACCESS BY INDEX ROWID                                          | PAY_BENE                      |     1 |    60 |     1   (0)| 00:00:01 |
| 353 |          INDEX UNIQUE SCAN                                                   | BENE_PK                       |     1 |       |     0   (0)|          |
| 354 |        TABLE ACCESS BY INDEX ROWID                                           | PAY_PAYEE_BANK_BRANCH         |     1 |    30 |     2   (0)| 00:00:01 |
| 355 |         INDEX UNIQUE SCAN                                                    | PAY_PAYEE_BANK_BRANCH_PK      |     1 |       |     1   (0)| 00:00:01 |
| 356 |       TABLE ACCESS BY INDEX ROWID                                            | PAY_PAYEE_BANK_BRANCH         |     1 |    30 |     2   (0)| 00:00:01 |
| 357 |        INDEX UNIQUE SCAN                                                     | PAY_PAYEE_BANK_BRANCH_PK      |     1 |       |     1   (0)| 00:00:01 |
| 358 |      TABLE ACCESS BY INDEX ROWID                                             | PAY_FOREIGN_BANK_BRANCH       |     1 |  2362 |     0   (0)|          |
| 359 |       INDEX UNIQUE SCAN                                                      | FOREIGN_BANK_BRANCH_PK        |     1 |       |     0   (0)|          |
| 360 |     TABLE ACCESS BY INDEX ROWID                                              | FND_TENANT_BRANCH             |     1 |    76 |     1   (0)| 00:00:01 |
| 361 |      INDEX UNIQUE SCAN                                                       | TENANT_BRANCH_PK              |     1 |       |     0   (0)|          |
| 362 |    TABLE ACCESS BY INDEX ROWID                                               | PAY_DOMESTIC_BANK_BRANCH      |     1 |   144 |     1   (0)| 00:00:01 |
| 363 |     INDEX UNIQUE SCAN                                                        | DOMESTIC_BANK_BRANCH_PK       |     1 |       |     0   (0)|          |
--------------------------------------------------------------------------------------------------------------------------------------------------------------

SQL_ID d9drmngtc7txj
--------------------
/* load com.vayana.ib.bm.core.api.model.payment.LimitDefinitionDetail
*/ select limitdefin0_.id as id1_153_111_, limitdefin0_."VERSION" as
VERSION2_153_111_, limitdefin0_.AUTH_BY as AUTH43_153_111_,
limitdefin0_.AUTH_DATE as AUTH3_153_111_, limitdefin0_.CREATED_BY as
CREATED44_153_111_, limitdefin0_.CREATED_DATE as CREATED4_153_111_,
limitdefin0_.MODIFIED_BY as MODIFIE45_153_111_,
limitdefin0_.MODIFIED_DATE as MODIFIED5_153_111_,
limitdefin0_.CHANNEL_ID as CHANNEL46_153_111_, limitdefin0_.CODE as
CODE6_153_111_, limitdefin0_.COMPANY_ID as COMPANY47_153_111_,
limitdefin0_.CIF_ID as CIF48_153_111_, limitdefin0_.DESCRIPTION as
DESCRIPT7_153_111_, limitdefin0_.EFFECTIVE_FROM_DATE as
EFFECTIV8_153_111_, limitdefin0_.EFFECTIVE_TO_DATE as
EFFECTIV9_153_111_, limitdefin0_.GLO_DAILY_MAX_TRX_AMOUNT as
GLO10_153_111_, limitdefin0_.GLO_DAILY_MAX_TRX_ALLOWED as
GLO11_153_111_, limitdefin0_.GLO_FORTNIGHT_MAX_TRX_AMOUNT as
GLO12_153_111_, limitdefin0_.GLO_FORTNIGHT_MAX_TRX_ALLOWED as
GLO13_153_111_, limitdefin0_.GLO_HALFERLY_MAX_TRX_AMOUNT as
GLO14_153_111_, limitdefin0_.GLO_HALFERLY_MAX_TRX_ALLOWED as
GLO15_153_111_, limitdefin0_.GLO_MAX_TRX_AMOUNT as GLO16_153_111_,
limitdefin0_.GLO_MIN_TRX_AMOUNT as GLO17_153_111_,
limitdefin0_.GLO_MONTHLY_MAX_TRX_AMOUNT as GLO18_153_111_,
limitdefin0_.GLO_MONTHLY_MAX_TRX_ALLOWED as GLO19_153_111_,
limitdefin0_.GLO_QUATERLY_MAX_TRX_AMOUNT as GLO20_153_111_,
limitdefin0_.GLO_QUATERLY_MAX_TRX_ALLOWED as GLO21_153_111_,
limitdefin0_.GLO_WEEKLY_MAX_TRX_AMOUNT as GLO22_153_111_,
limitdefin0_.GLO_WEEKLY_MAX_TRX_ALLOWED as GLO23_153_111_,
limitdefin0_.GLO_YEARLY_MAX_TRX_AMOUNT as GLO24_153_111_,
limitdefin0_.GLO_YEARLY_MAX_TRX_ALLOWED as GLO25_153_111_,
limitdefin0_.GROUP_ID as GROUP49_153_111_,
limitdefin0_.LOGIN_PROFILE_ID as LOGIN50_153_111_,
limitdefin0_.DEFINITION_ID as DEFINIT51_153_111_,
limitdefin0_.LIMIT_DEFINITION_TYPE as LIMIT26_153_111_,
limitdefin0_.BENE_ID as BENE52_153_111_, limitdefin0_.BILLER_ID as
BILLER53_153_111_, limitdefin0_.PAYEE_INSTRUCTION_ID as
PAYEE54_153_111_, limitdefin0_.REG_DAILY_MAX_TRX_AMOUNT as
REG27_153_111_, limitdefin0_.REG_DAILY_MAX_TRX_ALLOWED as
REG28_153_111_, limitdefin0_.REG_FORTNIGHT_MAX_TRX_AMOUNT as
REG29_153_111_, limitdefin0_.REG_FORTNIGHT_MAX_TRX_ALLOWED as
REG30_153_111_, limitdefin0_.REG_HALFERLY_MAX_TRX_AMOUNT as
REG31_153_111_, limitdefin0_.REG_HALFERLY_MAX_TRX_ALLOWED as
REG32_153_111_, limitdefin0_.REG_MAX_TRX_AMOUNT as REG33_153_111_,
limitdefin0_.REG_MIN_TRX_AMOUNT as REG34_153_111_,
limitdefin0_.REG_MONTHLY_MAX_TRX_AMOUNT as REG35_153_111_,
limitdefin0_.REG_MONTHLY_MAX_TRX_ALLOWED as REG36_153_111_,
limitdefin0_.REG_QUATERLY_MAX_TRX_AMOUNT as REG37_153_111_,
limitdefin0_.REG_QUATERLY_MAX_TRX_ALLOWED as REG38_153_111_,
limitdefin0_.REG_WEEKLY_MAX_TRX_AMOUNT as REG39_153_111_,
limitdefin0_.REG_WEEKLY_MAX_TRX_ALLOWED as REG40_153_111_,
limitdefin0_.REG_YEARLY_MAX_TRX_AMOUNT as REG41_153_111_,
limitdefin0_.REG_YEARLY_MAX_TRX_ALLOWED as REG42_153_111_,
limitdefin0_.SEGMENT_ID as SEGMENT55_153_111_,
limitdefin0_.SPECIAL_CATEGORY_ID as SPECIAL56_153_111_,
limitdefin0_.STATUS_ID as STATUS57_153_111_, channel1_.id as id1_95_0_,
channel1_."VERSION" as VERSION2_95_0_, channel1_.AUTH_BY as
AUTH8_95_0_, channel1_.AUTH_DATE as AUTH3_95_0_, channel1_.CREATED_BY
as CREATED9_95_0_, channel1_.CREATED_DATE as CREATED4_95_0_,
channel1_.MODIFIED_BY as MODIFIE10_95_0_, channel1_.MODIFIED_DATE as
MODIFIED5_95_0_, channel1_.CODE as CODE6_95_0_, channel1_.DESCRIPTION
as DESCRIPT7_95_0_, company2_.id as id1_39_1_, company2_."VERSION" as
VERSION2_39_1_, company2_.AUTH_BY as AUTH8_39_1_, company2_.AUTH_DATE
as AUTH3_39_1_, company2_.CREATED_BY as CREATED9_39_1_,
company2_.CREATED_DATE as CREATED4_39_1_, company2_.MODIFIED_BY as
MODIFIE10_39_1_, company2_.MODIFIED_DATE as MODIFIED5_39_1_,
company2_.AUTH_MATRIX_ID as AUTH11_39_1_, company2_.CHANNEL_ID as
CHANNEL12_39_1_, company2_.CODE as CODE6_39_1_, company2_.CONTACT_ID as
CONTACT13_39_1_, company2_.COUNTRY_ID as COUNTRY14_39_1_, co

Plan hash value: 392087281

--------------------------------------------------------------------------------------------------------------------------------------------------------------
| Id  | Operation                                                                    | Name                          | Rows  | Bytes | Cost (%CPU)| Time     |
--------------------------------------------------------------------------------------------------------------------------------------------------------------
|   0 | SELECT STATEMENT                                                             |                               |       |       |   367 (100)|          |
|   1 |  SORT ORDER BY                                                               |                               |     1 | 24279 |   367   (2)| 00:00:05 |
|   2 |   NESTED LOOPS OUTER                                                         |                               |     1 | 24279 |   366   (1)| 00:00:05 |
|   3 |    NESTED LOOPS OUTER                                                        |                               |     1 | 24134 |   365   (1)| 00:00:05 |
|   4 |     NESTED LOOPS OUTER                                                       |                               |     1 | 24058 |   364   (1)| 00:00:05 |
|   5 |      NESTED LOOPS OUTER                                                      |                               |     1 | 21696 |   364   (1)| 00:00:05 |
|   6 |       NESTED LOOPS OUTER                                                     |                               |     1 | 21666 |   362   (1)| 00:00:05 |
|   7 |        NESTED LOOPS OUTER                                                    |                               |     1 | 21636 |   360   (1)| 00:00:05 |
|   8 |         NESTED LOOPS OUTER                                                   |                               |     1 | 21576 |   359   (1)| 00:00:05 |
|   9 |          NESTED LOOPS OUTER                                                  |                               |     1 | 21523 |   358   (1)| 00:00:05 |
|  10 |           NESTED LOOPS OUTER                                                 |                               |     1 | 21478 |   357   (1)| 00:00:05 |
|  11 |            NESTED LOOPS OUTER                                                |                               |     1 | 21437 |   356   (1)| 00:00:05 |
|  12 |             NESTED LOOPS OUTER                                               |                               |     1 | 21382 |   355   (1)| 00:00:05 |
|  13 |              NESTED LOOPS OUTER                                              |                               |     1 | 21299 |   354   (1)| 00:00:05 |
|  14 |               NESTED LOOPS OUTER                                             |                               |     1 | 21219 |   353   (1)| 00:00:05 |
|  15 |                NESTED LOOPS OUTER                                            |                               |     1 | 21166 |   353   (1)| 00:00:05 |
|  16 |                 NESTED LOOPS OUTER                                           |                               |     1 | 21121 |   353   (1)| 00:00:05 |
|  17 |                  NESTED LOOPS OUTER                                          |                               |     1 | 21076 |   352   (1)| 00:00:05 |
|  18 |                   NESTED LOOPS OUTER                                         |                               |     1 | 21031 |   352   (1)| 00:00:05 |
|  19 |                    NESTED LOOPS OUTER                                        |                               |     1 | 20986 |   352   (1)| 00:00:05 |
|  20 |                     NESTED LOOPS OUTER                                       |                               |     1 | 20945 |   352   (1)| 00:00:05 |
|  21 |                      NESTED LOOPS OUTER                                      |                               |     1 | 20890 |   352   (1)| 00:00:05 |
|  22 |                       NESTED LOOPS OUTER                                     |                               |     1 | 20843 |   352   (1)| 00:00:05 |
|  23 |                        HASH JOIN RIGHT OUTER                                 |                               |     1 | 18044 |   352   (1)| 00:00:05 |
|  24 |                         TABLE ACCESS FULL                                    | PAY_BILLER_DATA               |     1 |   339 |     2   (0)| 00:00:01 |
|  25 |                         NESTED LOOPS OUTER                                   |                               |     1 | 17705 |   350   (1)| 00:00:05 |
|  26 |                          NESTED LOOPS OUTER                                  |                               |     1 | 17268 |   350   (1)| 00:00:05 |
|  27 |                           NESTED LOOPS OUTER                                 |                               |     1 | 17081 |   350   (1)| 00:00:05 |
|  28 |                            NESTED LOOPS OUTER                                |                               |     1 | 16511 |   350   (1)| 00:00:05 |
|  29 |                             NESTED LOOPS OUTER                               |                               |     1 | 16341 |   350   (1)| 00:00:05 |
|  30 |                              NESTED LOOPS OUTER                              |                               |     1 | 16154 |   350   (1)| 00:00:05 |
|  31 |                               NESTED LOOPS OUTER                             |                               |     1 | 15584 |   350   (1)| 00:00:05 |
|  32 |                                NESTED LOOPS OUTER                            |                               |     1 | 15336 |   350   (1)| 00:00:05 |
|  33 |                                 NESTED LOOPS OUTER                           |                               |     1 | 14218 |   350   (1)| 00:00:05 |
|  34 |                                  NESTED LOOPS OUTER                          |                               |     1 | 14188 |   349   (1)| 00:00:05 |
|  35 |                                   NESTED LOOPS OUTER                         |                               |     1 | 14100 |   348   (1)| 00:00:05 |
|  36 |                                    NESTED LOOPS OUTER                        |                               |     1 | 14012 |   347   (1)| 00:00:05 |
|  37 |                                     NESTED LOOPS OUTER                       |                               |     1 | 13968 |   346   (1)| 00:00:05 |
|  38 |                                      NESTED LOOPS OUTER                      |                               |     1 | 13880 |   345   (1)| 00:00:05 |
|  39 |                                       NESTED LOOPS OUTER                     |                               |     1 | 13804 |   344   (1)| 00:00:05 |
|  40 |                                        NESTED LOOPS OUTER                    |                               |     1 | 13759 |   343   (1)| 00:00:05 |
|  41 |                                         NESTED LOOPS OUTER                   |                               |     1 | 13714 |   342   (1)| 00:00:05 |
|  42 |                                          NESTED LOOPS OUTER                  |                               |     1 | 13669 |   341   (1)| 00:00:05 |
|  43 |                                           NESTED LOOPS OUTER                 |                               |     1 | 13624 |   340   (1)| 00:00:05 |
|  44 |                                            NESTED LOOPS OUTER                |                               |     1 | 13577 |   340   (1)| 00:00:05 |
|  45 |                                             NESTED LOOPS OUTER               |                               |     1 | 13162 |   340   (1)| 00:00:05 |
|  46 |                                              NESTED LOOPS OUTER              |                               |     1 | 13115 |   340   (1)| 00:00:05 |
|  47 |                                               HASH JOIN RIGHT OUTER          |                               |     1 | 13066 |   340   (1)| 00:00:05 |
|  48 |                                                TABLE ACCESS FULL             | FND_TENANT_APPLICATION_LOCALE |     1 |    30 |     3   (0)| 00:00:01 |
|  49 |                                                HASH JOIN RIGHT OUTER         |                               |     1 | 13036 |   337   (1)| 00:00:05 |
|  50 |                                                 TABLE ACCESS FULL            | FND_TENANT_OPERATING_COUNTRY  |     1 |    28 |     3   (0)| 00:00:01 |
|  51 |                                                 NESTED LOOPS OUTER           |                               |     1 | 13008 |   334   (1)| 00:00:05 |
|  52 |                                                  NESTED LOOPS OUTER          |                               |     1 | 12980 |   333   (1)| 00:00:04 |
|  53 |                                                   NESTED LOOPS OUTER         |                               |     1 | 12941 |   332   (1)| 00:00:04 |
|  54 |                                                    NESTED LOOPS OUTER        |                               |     1 | 12916 |   331   (1)| 00:00:04 |
|  55 |                                                     NESTED LOOPS OUTER       |                               |     1 | 12853 |   330   (1)| 00:00:04 |
|  56 |                                                      HASH JOIN OUTER         |                               |     1 | 12847 |   330   (1)| 00:00:04 |
|  57 |                                                       NESTED LOOPS OUTER     |                               |     1 | 12822 |   306   (1)| 00:00:04 |
|  58 |                                                        NESTED LOOPS OUTER    |                               |     1 | 12777 |   305   (1)| 00:00:04 |
|  59 |                                                         NESTED LOOPS OUTER   |                               |     1 | 12732 |   305   (1)| 00:00:04 |
|  60 |                                                          NESTED LOOPS OUTER  |                               |     1 | 12687 |   305   (1)| 00:00:04 |
|  61 |                                                           NESTED LOOPS OUTER |                               |     1 | 12642 |   304   (1)| 00:00:04 |
|  62 | R                                                          NESTED LOOPS OUTE |                               |     1 | 12575 |   303   (1)| 00:00:04 |
|  63 | ER                                                          NESTED LOOPS OUT |                               |     1 | 12550 |   302   (1)| 00:00:04 |
|  64 | TER                                                          NESTED LOOPS OU |                               |     1 | 12424 |   302   (1)| 00:00:04 |
|  65 | UTER                                                          NESTED LOOPS O |                               |     1 | 12365 |   301   (1)| 00:00:04 |
|  66 | HT OUTER                                                       HASH JOIN RIG |                               |     1 | 12320 |   300   (1)| 00:00:04 |
|  67 |  FULL                                                           TABLE ACCESS | FND_DOCUMENT_DETAIL           |     1 |  2080 |     2   (0)| 00:00:01 |
|  68 |  OUTER                                                          NESTED LOOPS |                               |     1 | 10240 |   298   (1)| 00:00:04 |
|  69 | S OUTER                                                          NESTED LOOP |                               |     1 | 10148 |   298   (1)| 00:00:04 |
|  70 | PS OUTER                                                          NESTED LOO |                               |     1 | 10060 |   298   (1)| 00:00:04 |
|  71 | OPS OUTER                                                          NESTED LO |                               |     1 | 10015 |   297   (1)| 00:00:04 |
|  72 | OOPS OUTER                                                          NESTED L |                               |     1 |  9970 |   296   (1)| 00:00:04 |
|  73 | LOOPS OUTER                                                          NESTED  |                               |     1 |  9915 |   295   (1)| 00:00:04 |
|  74 |  LOOPS OUTER                                                          NESTED |                               |     1 |  9870 |   294   (1)| 00:00:04 |
|  75 | D LOOPS OUTER                                                          NESTE |                               |     1 |  9815 |   293   (1)| 00:00:04 |
|  76 | ED LOOPS OUTER                                                          NEST |                               |     1 |  9771 |   292   (1)| 00:00:04 |

PLAN_TABLE_OUTPUT
------------------------------------------------------------------------------------------------------------------------------------------------------------------------------------------------------------------------------------------------------------------------------------------------------------
|  77 | TED LOOPS OUTER                                                          NES |                               |     1 |  9688 |   291   (1)| 00:00:04 |
|  78 | SH JOIN OUTER                                                             HA |                               |     1 |  9635 |   290   (1)| 00:00:04 |
|  79 | ESTED LOOPS OUTER                                                          N |                               |     1 |  9623 |   265   (0)| 00:00:04 |
|  80 |.NESTED LOOPS OUTER                                                           |                               |     1 |  9497 |   264   (0)| 00:00:04 |
|  81 |. NESTED LOOPS OUTER                                                          |                               |     1 |  9452 |   263   (0)| 00:00:04 |
|  82 |.  NESTED LOOPS OUTER                                                         |                               |     1 |  9407 |   262   (0)| 00:00:04 |
|  83 |.   NESTED LOOPS OUTER                                                        |                               |     1 |  9362 |   261   (0)| 00:00:04 |
|  84 |.    NESTED LOOPS OUTER                                                       |                               |     1 |  9300 |   260   (0)| 00:00:04 |
|  85 |.     NESTED LOOPS OUTER                                                      |                               |     1 |  9272 |   259   (0)| 00:00:04 |
|  86 |.      NESTED LOOPS OUTER                                                     |                               |     1 |  9146 |   258   (0)| 00:00:04 |
|  87 |.       NESTED LOOPS OUTER                                                    |                               |     1 |  9121 |   257   (0)| 00:00:04 |
|  88 |.        NESTED LOOPS OUTER                                                   |                               |     1 |  9096 |   256   (0)| 00:00:04 |
|  89 |.         NESTED LOOPS                                                        |                               |     1 |  9033 |   256   (0)| 00:00:04 |
|  90 |.          NESTED LOOPS OUTER                                                 |                               |     1 |  8988 |   255   (0)| 00:00:04 |
|  91 |.           NESTED LOOPS OUTER                                                |                               |     1 |  8943 |   255   (0)| 00:00:04 |
|  92 |.            NESTED LOOPS OUTER                                               |                               |     1 |  8898 |   254   (0)| 00:00:04 |
|  93 |.             NESTED LOOPS OUTER                                              |                               |     1 |  8853 |   254   (0)| 00:00:04 |
|  94 |.              NESTED LOOPS OUTER                                             |                               |     1 |  8808 |   253   (0)| 00:00:04 |
|  95 |.               NESTED LOOPS OUTER                                            |                               |     1 |  8763 |   252   (0)| 00:00:04 |
|  96 |.                NESTED LOOPS OUTER                                           |                               |     1 |  8718 |   251   (0)| 00:00:04 |
|  97 |.                 NESTED LOOPS OUTER                                          |                               |     1 |  8673 |   250   (0)| 00:00:03 |
|  98 |.                  NESTED LOOPS OUTER                                         |                               |     1 |  8628 |   249   (0)| 00:00:03 |
|  99 |.                   NESTED LOOPS OUTER                                        |                               |     1 |  8600 |   248   (0)| 00:00:03 |
| 100 |.                    NESTED LOOPS OUTER                                       |                               |     1 |  8538 |   247   (0)| 00:00:03 |
| 101 |.                     NESTED LOOPS OUTER                                      |                               |     1 |  8507 |   247   (0)| 00:00:03 |
| 102 |.                      NESTED LOOPS OUTER                                     |                               |     1 |  8450 |   247   (0)| 00:00:03 |
| 103 |.                       NESTED LOOPS OUTER                                    |                               |     1 |  8405 |   246   (0)| 00:00:03 |
| 104 |.                        NESTED LOOPS OUTER                                   |                               |     1 |  8360 |   245   (0)| 00:00:03 |
| 105 |.                         NESTED LOOPS OUTER                                  |                               |     1 |  8315 |   245   (0)| 00:00:03 |
| 106 |.                          NESTED LOOPS OUTER                                 |                               |     1 |  8235 |   244   (0)| 00:00:03 |
| 107 |.                           NESTED LOOPS OUTER                                |                               |     1 |  8155 |   243   (0)| 00:00:03 |
| 108 |.                            NESTED LOOPS OUTER                               |                               |     1 |  8114 |   242   (0)| 00:00:03 |
| 109 |.                             NESTED LOOPS OUTER                              |                               |     1 |  8073 |   241   (0)| 00:00:03 |
| 110 |.                              NESTED LOOPS OUTER                             |                               |     1 |  8038 |   240   (0)| 00:00:03 |
| 111 |.                               NESTED LOOPS OUTER                            |                               |     1 |  8007 |   239   (0)| 00:00:03 |
| 112 |.                                NESTED LOOPS OUTER                           |                               |     1 |  7979 |   238   (0)| 00:00:03 |
| 113 |.                                 NESTED LOOPS OUTER                          |                               |     1 |  7938 |   237   (0)| 00:00:03 |
| 114 |.                                  NESTED LOOPS OUTER                         |                               |     1 |  7883 |   236   (0)| 00:00:03 |
| 115 |.                                   NESTED LOOPS OUTER                        |                               |     1 |  7855 |   235   (0)| 00:00:03 |
| 116 |.                                    NESTED LOOPS OUTER                       |                               |     1 |  7733 |   234   (0)| 00:00:03 |
| 117 |.                                     NESTED LOOPS OUTER                      |                               |     1 |  7611 |   233   (0)| 00:00:03 |
| 118 |.                                      NESTED LOOPS OUTER                     |                               |     1 |  7562 |   233   (0)| 00:00:03 |
| 119 |.                                       NESTED LOOPS OUTER                    |                               |     1 |  7523 |   233   (0)| 00:00:03 |
| 120 |.                                        NESTED LOOPS OUTER                   |                               |     1 |  7492 |   233   (0)| 00:00:03 |
| 121 |.                                         NESTED LOOPS OUTER                  |                               |     1 |  7458 |   233   (0)| 00:00:03 |
| 122 |.                                          MERGE JOIN OUTER                   |                               |     1 |  7043 |   233   (0)| 00:00:03 |
| 123 |.                                           NESTED LOOPS OUTER                |                               |     1 |  6983 |   232   (0)| 00:00:03 |
| 124 |.                                            HASH JOIN OUTER                  |                               |     1 |  6949 |   232   (0)| 00:00:03 |
| 125 |.                                             HASH JOIN OUTER                 |                               |     1 |  4150 |   230   (0)| 00:00:03 |
| 126 |.                                              HASH JOIN OUTER                |                               |     1 |  3775 |   228   (0)| 00:00:03 |
| 127 |.                                               NESTED LOOPS OUTER            |                               |     1 |   976 |   226   (0)| 00:00:03 |
| 128 |.                                                NESTED LOOPS OUTER           |                               |     1 |   539 |   226   (0)| 00:00:03 |
| 129 |.                                                 TABLE ACCESS BY INDEX ROWID | LIMIT_DEFINITION_DETAIL       |     1 |   124 |   226   (0)| 00:00:03 |
| 130 |.                                                  INDEX SKIP SCAN            | DEFINITION_DETAILS_UK         |     1 |       |   225   (0)| 00:00:03 |
| 131 |.                                                 TABLE ACCESS BY INDEX ROWID | FND_COMPANY                   |     1 |   415 |     0   (0)|          |
| 132 |.                                                  INDEX UNIQUE SCAN          | COMPANY_PK                    |     1 |       |     0   (0)|          |
| 133 |.                                                TABLE ACCESS BY INDEX ROWID  | PAY_BILLER                    |     1 |   437 |     0   (0)|          |
| 134 |.                                                 INDEX UNIQUE SCAN           | BILLER_PK                     |     1 |       |     0   (0)|          |
| 135 |.                                               TABLE ACCESS FULL             | PAY_BILLER_METADATA           |     1 |  2799 |     2   (0)| 00:00:01 |
| 136 |.                                              TABLE ACCESS FULL              | PAY_BILLER_SERVICE            |     1 |   375 |     2   (0)| 00:00:01 |
| 137 |.                                             TABLE ACCESS FULL               | PAY_BILLER_METADATA           |     1 |  2799 |     2   (0)| 00:00:01 |
| 138 |.                                            TABLE ACCESS BY INDEX ROWID      | FND_GROUP                     |     1 |    34 |     0   (0)|          |
| 139 |.                                             INDEX UNIQUE SCAN               | GROUP_PK                      |     1 |       |     0   (0)|          |
| 140 |.                                           BUFFER SORT                       |                               |     1 |    60 |   233   (0)| 00:00:03 |
| 141 |.                                            TABLE ACCESS BY INDEX ROWID      | PAY_BENE                      |     1 |    60 |     1   (0)| 00:00:01 |
| 142 |.                                             INDEX UNIQUE SCAN               | BENE_PK                       |     1 |       |     0   (0)|          |
| 143 |.                                          TABLE ACCESS BY INDEX ROWID        | FND_COMPANY                   |     1 |   415 |     0   (0)|          |
| 144 |.                                           INDEX UNIQUE SCAN                 | COMPANY_PK                    |     1 |       |     0   (0)|          |
| 145 |.                                         TABLE ACCESS BY INDEX ROWID         | FND_GROUP                     |     1 |    34 |     0   (0)|          |
| 146 |.                                          INDEX UNIQUE SCAN                  | GROUP_PK                      |     1 |       |     0   (0)|          |
| 147 |.                                        TABLE ACCESS BY INDEX ROWID          | INF_CHANNEL                   |     1 |    31 |     0   (0)|          |
| 148 |.                                         INDEX UNIQUE SCAN                   | INF_CHANNEL_PK                |     1 |       |     0   (0)|          |
| 149 |.                                       TABLE ACCESS BY INDEX ROWID           | FND_SEGMENT                   |     1 |    39 |     0   (0)|          |
| 150 |.                                        INDEX UNIQUE SCAN                    | SEGMENT_PK                    |     1 |       |     0   (0)|          |
| 151 |.                                      TABLE ACCESS BY INDEX ROWID            | FND_SPECIAL_CATEGORY          |     1 |    49 |     0   (0)|          |
| 152 |.                                       INDEX UNIQUE SCAN                     | SPECIAL_CATEGORY_PK           |     1 |       |     0   (0)|          |
| 153 |.                                     TABLE ACCESS BY INDEX ROWID             | LIMIT_DEFINITION              |     1 |   122 |     1   (0)| 00:00:01 |
| 154 |.                                      INDEX UNIQUE SCAN                      | DEFINITION_PK                 |     1 |       |     0   (0)|          |
| 155 |.                                    TABLE ACCESS BY INDEX ROWID              | LIMIT_DEFINITION              |     1 |   122 |     1   (0)| 00:00:01 |
| 156 |.                                     INDEX UNIQUE SCAN                       | DEFINITION_PK                 |     1 |       |     0   (0)|          |
| 157 |.                                   TABLE ACCESS BY INDEX ROWID               | FND_TENANT_APPLICATION        |     1 |    28 |     1   (0)| 00:00:01 |
| 158 |.                                    INDEX UNIQUE SCAN                        | TENANT_APPLICATION_PK         |     1 |       |     0   (0)|          |
| 159 |.                                  TABLE ACCESS BY INDEX ROWID                | FND_CURRENCY                  |     1 |    55 |     1   (0)| 00:00:01 |
| 160 |.                                   INDEX UNIQUE SCAN                         | CURRENCY_PK                   |     1 |       |     0   (0)|          |
| 161 |.                                 TABLE ACCESS BY INDEX ROWID                 | INF_TENANT_SERVICE            |     1 |    41 |     1   (0)| 00:00:01 |
| 162 |.                                  INDEX UNIQUE SCAN                          | TENANT_SERVICE_PK             |     1 |       |     0   (0)|          |
| 163 |.                                TABLE ACCESS BY INDEX ROWID                  | FND_TENANT_APPLICATION        |     1 |    28 |     1   (0)| 00:00:01 |
| 164 |.                                 INDEX UNIQUE SCAN                           | TENANT_APPLICATION_PK         |     1 |       |     0   (0)|          |
| 165 |.                               TABLE ACCESS BY INDEX ROWID                   | INF_CHANNEL                   |     1 |    31 |     1   (0)| 00:00:01 |
| 166 |.                                INDEX UNIQUE SCAN                            | INF_CHANNEL_PK                |     1 |       |     0   (0)|          |
| 167 |.                              TABLE ACCESS BY INDEX ROWID                    | INF_SERVICE_APPLICATION       |     1 |    35 |     1   (0)| 00:00:01 |
| 168 |.                               INDEX UNIQUE SCAN                             | SERVICE_APPLICATION_PK        |     1 |       |     0   (0)|          |
| 169 |.                             TABLE ACCESS BY INDEX ROWID                     | INF_TENANT_SERVICE            |     1 |    41 |     1   (0)| 00:00:01 |
| 170 |.                              INDEX UNIQUE SCAN                              | TENANT_SERVICE_PK             |     1 |       |     0   (0)|          |
| 171 |.                            TABLE ACCESS BY INDEX ROWID                      | INF_TENANT_SERVICE            |     1 |    41 |     1   (0)| 00:00:01 |
| 172 |.                             INDEX UNIQUE SCAN                               | TENANT_SERVICE_PK             |     1 |       |     0   (0)|          |
| 173 |.                           TABLE ACCESS BY INDEX ROWID                       | INF_SERVICE                   |     1 |    80 |     1   (0)| 00:00:01 |
| 174 |.                            INDEX UNIQUE SCAN                                | SERVICE_PK                    |     1 |       |     0   (0)|          |
| 175 |.                          TABLE ACCESS BY INDEX ROWID                        | INF_SERVICE                   |     1 |    80 |     1   (0)| 00:00:01 |
| 176 |.                           INDEX UNIQUE SCAN                                 | SERVICE_PK                    |     1 |       |     0   (0)|          |
| 177 |.                         TABLE ACCESS BY INDEX ROWID                         | FND_COUNTRY                   |     1 |    45 |     0   (0)|          |
| 178 |.                          INDEX UNIQUE SCAN                                  | COUNTRY_PK                    |     1 |       |     0   (0)|          |
| 179 |.                        TABLE ACCESS BY INDEX ROWID                          | FND_COUNTRY                   |     1 |    45 |     1   (0)| 00:00:01 |
| 180 |.                         INDEX UNIQUE SCAN                                   | COUNTRY_PK                    |     1 |       |     0   (0)|          |
| 181 |.                       TABLE ACCESS BY INDEX ROWID                           | FND_COUNTRY                   |     1 |    45 |     1   (0)| 00:00:01 |
| 182 |.                        INDEX UNIQUE SCAN                                    | COUNTRY_PK                    |     1 |       |     0   (0)|          |
| 183 |.                      TABLE ACCESS BY INDEX ROWID                            | FND_TENANT_LOOKUP_VALUE       |     1 |    57 |     0   (0)|          |
| 184 |.                       INDEX UNIQUE SCAN                                     | TENANT_LOOKUP_VALUE_PK        |     1 |       |     0   (0)|          |
| 185 |.                     TABLE ACCESS BY INDEX ROWID                             | INF_CHANNEL                   |     1 |    31 |     0   (0)|          |
| 186 |.                      INDEX UNIQUE SCAN                                      | INF_CHANNEL_PK                |     1 |       |     0   (0)|          |
| 187 |.                    TABLE ACCESS BY INDEX ROWID                              | FND_TENANT_LOOKUP_TYPE        |     1 |    62 |     1   (0)| 00:00:01 |
| 188 |.                     INDEX UNIQUE SCAN                                       | TENANT_LOOKUP_TYPE_PK         |     1 |       |     0   (0)|          |
| 189 |.                   TABLE ACCESS BY INDEX ROWID                               | FND_TENANT_APPLICATION        |     1 |    28 |     1   (0)| 00:00:01 |
| 190 |.                    INDEX UNIQUE SCAN                                        | TENANT_APPLICATION_PK         |     1 |       |     0   (0)|          |
| 191 |.                  TABLE ACCESS BY INDEX ROWID                                | FND_COUNTRY                   |     1 |    45 |     1   (0)| 00:00:01 |
| 192 |.                   INDEX UNIQUE SCAN                                         | COUNTRY_PK                    |     1 |       |     0   (0)|          |
| 193 |.                 TABLE ACCESS BY INDEX ROWID                                 | FND_LOOKUP_VALUE              |     1 |    45 |     1   (0)| 00:00:01 |
| 194 |.                  INDEX UNIQUE SCAN                                          | LOOKUP_VALUE_PK               |     1 |       |     0   (0)|          |
| 195 |.                TABLE ACCESS BY INDEX ROWID                                  | FND_LOOKUP_VALUE              |     1 |    45 |     1   (0)| 00:00:01 |
| 196 |.                 INDEX UNIQUE SCAN                                           | LOOKUP_VALUE_PK               |     1 |       |     0   (0)|          |
| 197 |.               TABLE ACCESS BY INDEX ROWID                                   | FND_LOOKUP_VALUE              |     1 |    45 |     1   (0)| 00:00:01 |
| 198 |.                INDEX UNIQUE SCAN                                            | LOOKUP_VALUE_PK               |     1 |       |     0   (0)|          |
| 199 |.              TABLE ACCESS BY INDEX ROWID                                    | FND_LOOKUP_VALUE              |     1 |    45 |     1   (0)| 00:00:01 |
| 200 |.               INDEX UNIQUE SCAN                                             | LOOKUP_VALUE_PK               |     1 |       |     0   (0)|          |
| 201 |.             TABLE ACCESS BY INDEX ROWID                                     | FND_LOOKUP_VALUE              |     1 |    45 |     0   (0)|          |
| 202 |.              INDEX UNIQUE SCAN                                              | LOOKUP_VALUE_PK               |     1 |       |     0   (0)|          |
| 203 |.            TABLE ACCESS BY INDEX ROWID                                      | FND_LOOKUP_VALUE              |     1 |    45 |     1   (0)| 00:00:01 |
| 204 |.             INDEX UNIQUE SCAN                                               | LOOKUP_VALUE_PK               |     1 |       |     0   (0)|          |
| 205 |.           TABLE ACCESS BY INDEX ROWID                                       | FND_LOOKUP_VALUE              |     1 |    45 |     0   (0)|          |
| 206 |.            INDEX UNIQUE SCAN                                                | LOOKUP_VALUE_PK               |     1 |       |     0   (0)|          |
| 207 |.          TABLE ACCESS BY INDEX ROWID                                        | FND_LOOKUP_VALUE              |     1 |    45 |     1   (0)| 00:00:01 |
| 208 |.           INDEX UNIQUE SCAN                                                 | LOOKUP_VALUE_PK               |     1 |       |     0   (0)|          |
| 209 |.         TABLE ACCESS BY INDEX ROWID                                         | FND_CIF                       |     1 |    63 |     0   (0)|          |
| 210 |.          INDEX UNIQUE SCAN                                                  | CIF_PK                        |     1 |       |     0   (0)|          |
| 211 |.        TABLE ACCESS BY INDEX ROWID                                          | USER_LOGIN_PROFILE_EXTEND     |     1 |    25 |     1   (0)| 00:00:01 |
| 212 |.         INDEX UNIQUE SCAN                                                   | LOGIN_PROFILE_EXTEND_PK       |     1 |       |     0   (0)|          |
| 213 |.       TABLE ACCESS BY INDEX ROWID                                           | USER_LOGIN_PROFILE_EXTEND     |     1 |    25 |     1   (0)| 00:00:01 |
| 214 |.        INDEX UNIQUE SCAN                                                    | LOGIN_PROFILE_EXTEND_PK       |     1 |       |     0   (0)|          |
| 215 |.      TABLE ACCESS BY INDEX ROWID                                            | USER_LOGIN_PROFILE            |     1 |   126 |     1   (0)| 00:00:01 |
| 216 |.       INDEX UNIQUE SCAN                                                     | LOGIN_PROFILE_PK              |     1 |       |     0   (0)|          |
| 217 |.     TABLE ACCESS BY INDEX ROWID                                             | FND_TENANT_APPLICATION        |     1 |    28 |     1   (0)| 00:00:01 |
| 218 |.      INDEX UNIQUE SCAN                                                      | TENANT_APPLICATION_PK         |     1 |       |     0   (0)|          |
| 219 |.    TABLE ACCESS BY INDEX ROWID                                              | FND_TENANT                    |     1 |    62 |     1   (0)| 00:00:01 |
| 220 |.     INDEX UNIQUE SCAN                                                       | TENANT_PK                     |     1 |       |     0   (0)|          |
| 221 |.   TABLE ACCESS BY INDEX ROWID                                               | FND_COUNTRY                   |     1 |    45 |     1   (0)| 00:00:01 |
| 222 |.    INDEX UNIQUE SCAN                                                        | COUNTRY_PK                    |     1 |       |     0   (0)|          |
| 223 |.  TABLE ACCESS BY INDEX ROWID                                                | FND_LOOKUP_VALUE              |     1 |    45 |     1   (0)| 00:00:01 |
| 224 |.   INDEX UNIQUE SCAN                                                         | LOOKUP_VALUE_PK               |     1 |       |     0   (0)|          |
| 225 |. TABLE ACCESS BY INDEX ROWID                                                 | FND_LOOKUP_VALUE              |     1 |    45 |     1   (0)| 00:00:01 |
| 226 |.  INDEX UNIQUE SCAN                                                          | LOOKUP_VALUE_PK               |     1 |       |     0   (0)|          |
| 227 |.TABLE ACCESS BY INDEX ROWID                                                  | USER_LOGIN_PROFILE            |     1 |   126 |     1   (0)| 00:00:01 |
| 228 |. INDEX UNIQUE SCAN                                                           | LOGIN_PROFILE_PK              |     1 |       |     0   (0)|          |
| 229 | ABLE ACCESS FULL                                                           T | FND_CIF_ACCOUNT               | 33093 |   387K|    24   (5)| 00:00:01 |
| 230 | BLE ACCESS BY INDEX ROWID                                                 TA | ACCT_ACCOUNT                  |     1 |    53 |     1   (0)| 00:00:01 |
| 231 | NDEX UNIQUE SCAN                                                           I | ACCOUNT_PK                    |     1 |       |     0   (0)|          |
| 232 | LE ACCESS BY INDEX ROWID                                                 TAB | ACCT_PRODUCT                  |     1 |    83 |     1   (0)| 00:00:01 |
| 233 | DEX UNIQUE SCAN                                                           IN | PRODUCT_PK                    |     1 |       |     0   (0)|          |
| 234 | E ACCESS BY INDEX ROWID                                                 TABL | ACCT_PRODUCT_TYPE             |     1 |    44 |     1   (0)| 00:00:01 |
| 235 | EX UNIQUE SCAN                                                           IND | PRODUCT_TYPE_PK               |     1 |       |     0   (0)|          |
| 236 |  ACCESS BY INDEX ROWID                                                 TABLE | FND_CURRENCY                  |     1 |    55 |     1   (0)| 00:00:01 |
| 237 | X UNIQUE SCAN                                                           INDE | CURRENCY_PK                   |     1 |       |     0   (0)|          |
| 238 | ACCESS BY INDEX ROWID                                                 TABLE  | FND_LOOKUP_VALUE              |     1 |    45 |     1   (0)| 00:00:01 |
| 239 |  UNIQUE SCAN                                                           INDEX | LOOKUP_VALUE_PK               |     1 |       |     0   (0)|          |
| 240 | CCESS BY INDEX ROWID                                                 TABLE A | FND_LOOKUP_TYPE               |     1 |    55 |     1   (0)| 00:00:01 |
| 241 | UNIQUE SCAN                                                           INDEX  | LOOKUP_TYPE_PK                |     1 |       |     0   (0)|          |
| 242 | CESS BY INDEX ROWID                                                 TABLE AC | FND_COUNTRY                   |     1 |    45 |     1   (0)| 00:00:01 |
| 243 | NIQUE SCAN                                                           INDEX U | COUNTRY_PK                    |     1 |       |     0   (0)|          |
| 244 | ESS BY INDEX ROWID                                                 TABLE ACC | FND_LOOKUP_VALUE              |     1 |    45 |     1   (0)| 00:00:01 |
| 245 | IQUE SCAN                                                           INDEX UN | LOOKUP_VALUE_PK               |     1 |       |     0   (0)|          |
| 246 | SS BY INDEX ROWID                                                 TABLE ACCE | FND_CONTACT                   |     1 |    88 |     0   (0)|          |
| 247 | QUE SCAN                                                           INDEX UNI | CONTACT_PK                    |     1 |       |     0   (0)|          |
| 248 | S BY INDEX ROWID                                                 TABLE ACCES | FND_DOCUMENT                  |     1 |    92 |     0   (0)|          |
| 249 | UE SCAN                                                           INDEX UNIQ | DOCUMENT_PK                   |     1 |       |     0   (0)|          |
| 250 | BY INDEX ROWID                                                 TABLE ACCESS  | FND_COUNTRY                   |     1 |    45 |     1   (0)| 00:00:01 |
| 251 |  SCAN                                                           INDEX UNIQUE | COUNTRY_PK                    |     1 |       |     0   (0)|          |
| 252 | Y INDEX ROWID                                                 TABLE ACCESS B | FND_CITY                      |     1 |    59 |     1   (0)| 00:00:01 |
| 253 | SCAN                                                           INDEX UNIQUE  | CITY_PK                       |     1 |       |     0   (0)|          |
| 254 |  INDEX ROWID                                                 TABLE ACCESS BY | USER_LOGIN_PROFILE            |     1 |   126 |     0   (0)|          |
| 255 | CAN                                                           INDEX UNIQUE S | LOGIN_PROFILE_PK              |     1 |       |     0   (0)|          |
| 256 | INDEX ROWID                                                 TABLE ACCESS BY  | USER_CONTACT_DETAIL           |     1 |    25 |     1   (0)| 00:00:01 |
| 257 | AN                                                           INDEX UNIQUE SC | CONTACT_DETAIL_PK             |     1 |       |     0   (0)|          |
| 258 | NDEX ROWID                                                 TABLE ACCESS BY I | USER_PROFILE                  |     1 |    67 |     1   (0)| 00:00:01 |
| 259 | N                                                           INDEX UNIQUE SCA | PROFILE_PK                    |     1 |       |     0   (0)|          |
| 260 | DEX ROWID                                                 TABLE ACCESS BY IN | FND_LOOKUP_VALUE              |     1 |    45 |     1   (0)| 00:00:01 |
| 261 |                                                            INDEX UNIQUE SCAN | LOOKUP_VALUE_PK               |     1 |       |     0   (0)|          |
| 262 | EX ROWID                                                 TABLE ACCESS BY IND | FND_LOOKUP_VALUE              |     1 |    45 |     0   (0)|          |
| 263 |                                                           INDEX UNIQUE SCAN  | LOOKUP_VALUE_PK               |     1 |       |     0   (0)|          |
| 264 | X ROWID                                                 TABLE ACCESS BY INDE | FND_LOOKUP_VALUE              |     1 |    45 |     0   (0)|          |
| 265 |                                                          INDEX UNIQUE SCAN   | LOOKUP_VALUE_PK               |     1 |       |     0   (0)|          |
| 266 |  ROWID                                                 TABLE ACCESS BY INDEX | FND_LOOKUP_VALUE              |     1 |    45 |     1   (0)| 00:00:01 |
| 267 |                                                         INDEX UNIQUE SCAN    | LOOKUP_VALUE_PK               |     1 |       |     0   (0)|          |
| 268 |                                                       TABLE ACCESS FULL      | USER_CIF                      | 18368 |   448K|    24   (5)| 00:00:01 |
| 269 |                                                      INDEX UNIQUE SCAN       | PROFILE_EXTEND_PK             |     1 |     6 |     0   (0)|          |
| 270 | WID                                                 TABLE ACCESS BY INDEX RO | FND_CIF                       |     1 |    63 |     1   (0)| 00:00:01 |
| 271 |                                                      INDEX UNIQUE SCAN       | CIF_PK                        |     1 |       |     0   (0)|          |
| 272 | ID                                                 TABLE ACCESS BY INDEX ROW | USER_LOGIN_PROFILE_EXTEND     |     1 |    25 |     1   (0)| 00:00:01 |
| 273 |                                                     INDEX UNIQUE SCAN        | LOGIN_PROFILE_EXTEND_PK       |     1 |       |     0   (0)|          |

PLAN_TABLE_OUTPUT
------------------------------------------------------------------------------------------------------------------------------------------------------------------------------------------------------------------------------------------------------------------------------------------------------------
| 274 | D                                                 TABLE ACCESS BY INDEX ROWI | FND_SEGMENT                   |     1 |    39 |     1   (0)| 00:00:01 |
| 275 |                                                    INDEX UNIQUE SCAN         | SEGMENT_PK                    |     1 |       |     0   (0)|          |
| 276 |                                                  TABLE ACCESS BY INDEX ROWID | FND_TENANT_APPLICATION        |     1 |    28 |     1   (0)| 00:00:01 |
| 277 |                                                   INDEX UNIQUE SCAN          | TENANT_APPLICATION_PK         |     1 |       |     0   (0)|          |
| 278 |                                               TABLE ACCESS BY INDEX ROWID    | FND_SPECIAL_CATEGORY          |     1 |    49 |     0   (0)|          |
| 279 |                                                INDEX UNIQUE SCAN             | SPECIAL_CATEGORY_PK           |     1 |       |     0   (0)|          |
| 280 |                                              TABLE ACCESS BY INDEX ROWID     | FND_DEPARTMENT                |     1 |    47 |     0   (0)|          |
| 281 |                                               INDEX UNIQUE SCAN              | DEPARTMENT_PK                 |     1 |       |     0   (0)|          |
| 282 |                                             TABLE ACCESS BY INDEX ROWID      | FND_COMPANY                   |     1 |   415 |     0   (0)|          |
| 283 |                                              INDEX UNIQUE SCAN               | COMPANY_PK                    |     1 |       |     0   (0)|          |
| 284 |                                            TABLE ACCESS BY INDEX ROWID       | FND_DEPARTMENT                |     1 |    47 |     0   (0)|          |
| 285 |                                             INDEX UNIQUE SCAN                | DEPARTMENT_PK                 |     1 |       |     0   (0)|          |
| 286 |                                           TABLE ACCESS BY INDEX ROWID        | FND_COUNTRY                   |     1 |    45 |     1   (0)| 00:00:01 |
| 287 |                                            INDEX UNIQUE SCAN                 | COUNTRY_PK                    |     1 |       |     0   (0)|          |
| 288 |                                          TABLE ACCESS BY INDEX ROWID         | FND_LOOKUP_VALUE              |     1 |    45 |     1   (0)| 00:00:01 |
| 289 |                                           INDEX UNIQUE SCAN                  | LOOKUP_VALUE_PK               |     1 |       |     0   (0)|          |
| 290 |                                         TABLE ACCESS BY INDEX ROWID          | FND_LOOKUP_VALUE              |     1 |    45 |     1   (0)| 00:00:01 |
| 291 |                                          INDEX UNIQUE SCAN                   | LOOKUP_VALUE_PK               |     1 |       |     0   (0)|          |
| 292 |                                        TABLE ACCESS BY INDEX ROWID           | FND_LOOKUP_VALUE              |     1 |    45 |     1   (0)| 00:00:01 |
| 293 |                                         INDEX UNIQUE SCAN                    | LOOKUP_VALUE_PK               |     1 |       |     0   (0)|          |
| 294 |                                       TABLE ACCESS BY INDEX ROWID            | FND_TENANT_BRANCH             |     1 |    76 |     1   (0)| 00:00:01 |
| 295 |                                        INDEX UNIQUE SCAN                     | TENANT_BRANCH_PK              |     1 |       |     0   (0)|          |
| 296 |                                      TABLE ACCESS BY INDEX ROWID             | FND_CONTACT                   |     1 |    88 |     1   (0)| 00:00:01 |
| 297 |                                       INDEX UNIQUE SCAN                      | CONTACT_PK                    |     1 |       |     0   (0)|          |
| 298 |                                     TABLE ACCESS BY INDEX ROWID              | FND_STATE                     |     1 |    44 |     1   (0)| 00:00:01 |
| 299 |                                      INDEX UNIQUE SCAN                       | STATE_PK                      |     1 |       |     0   (0)|          |
| 300 |                                    TABLE ACCESS BY INDEX ROWID               | FND_CONTACT                   |     1 |    88 |     1   (0)| 00:00:01 |
| 301 |                                     INDEX UNIQUE SCAN                        | CONTACT_PK                    |     1 |       |     0   (0)|          |
| 302 |                                   TABLE ACCESS BY INDEX ROWID                | FND_CONTACT                   |     1 |    88 |     1   (0)| 00:00:01 |
| 303 |                                    INDEX UNIQUE SCAN                         | CONTACT_PK                    |     1 |       |     0   (0)|          |
| 304 |                                  TABLE ACCESS BY INDEX ROWID                 | PAY_PAYEE_INSTRUCTION         |     1 |    30 |     1   (0)| 00:00:01 |
| 305 |                                   INDEX UNIQUE SCAN                          | PAY_PAYEE_INSTRUCTION_PK      |     1 |       |     0   (0)|          |
| 306 |                                 TABLE ACCESS BY INDEX ROWID                  | PAY_PG_INSTRUCTION            |     1 |  1118 |     0   (0)|          |
| 307 |                                  INDEX UNIQUE SCAN                           | PAY_PG_INSTRUCTION_PK         |     1 |       |     0   (0)|          |
| 308 |                                TABLE ACCESS BY INDEX ROWID                   | PAY_BILLER_INSTRUCTION        |     1 |   248 |     0   (0)|          |
| 309 |                                 INDEX UNIQUE SCAN                            | BILLER_INSTRUCTION_PK         |     1 |       |     0   (0)|          |
| 310 |                               TABLE ACCESS BY INDEX ROWID                    | PG_AGGREGATOR_MASTER          |     1 |   570 |     0   (0)|          |
| 311 |                                INDEX UNIQUE SCAN                             | PG_AGGREGATOR_MASTER_PK       |     1 |       |     0   (0)|          |
| 312 |                              TABLE ACCESS BY INDEX ROWID                     | PG_MERCHANT_MASTER            |     1 |   187 |     0   (0)|          |
| 313 |                               INDEX UNIQUE SCAN                              | PG_MERCHANT_MASTER_PK         |     1 |       |     0   (0)|          |
| 314 |                             TABLE ACCESS BY INDEX ROWID                      | PG_MER_AGG_MAPPING_MASTER     |     1 |   170 |     0   (0)|          |
| 315 |                              INDEX UNIQUE SCAN                               | PG_MER_AGG_MAPPING_MASTER_PK  |     1 |       |     0   (0)|          |
| 316 |                            TABLE ACCESS BY INDEX ROWID                       | PG_AGGREGATOR_MASTER          |     1 |   570 |     0   (0)|          |
| 317 |                             INDEX UNIQUE SCAN                                | PG_AGGREGATOR_MASTER_PK       |     1 |       |     0   (0)|          |
| 318 |                           TABLE ACCESS BY INDEX ROWID                        | PG_MERCHANT_MASTER            |     1 |   187 |     0   (0)|          |
| 319 |                            INDEX UNIQUE SCAN                                 | PG_MERCHANT_MASTER_PK         |     1 |       |     0   (0)|          |
| 320 |                          TABLE ACCESS BY INDEX ROWID                         | PAY_BILLER                    |     1 |   437 |     0   (0)|          |
| 321 |                           INDEX UNIQUE SCAN                                  | BILLER_PK                     |     1 |       |     0   (0)|          |
| 322 |                        TABLE ACCESS BY INDEX ROWID                           | PAY_BILLER_METADATA           |     1 |  2799 |     0   (0)|          |
| 323 |                         INDEX UNIQUE SCAN                                    | BILLER_METADATA_PK            |     1 |       |     0   (0)|          |
| 324 |                       TABLE ACCESS BY INDEX ROWID                            | PG_BILLER_BUSINESS_SUB_CAT    |     1 |    47 |     0   (0)|          |
| 325 |                        INDEX UNIQUE SCAN                                     | PG_BILLER_BUSINESS_SUB_CAT_PK |     1 |       |     0   (0)|          |
| 326 |                      TABLE ACCESS BY INDEX ROWID                             | FND_CURRENCY                  |     1 |    55 |     0   (0)|          |
| 327 |                       INDEX UNIQUE SCAN                                      | CURRENCY_PK                   |     1 |       |     0   (0)|          |
| 328 |                     TABLE ACCESS BY INDEX ROWID                              | INF_TENANT_SERVICE            |     1 |    41 |     0   (0)|          |
| 329 |                      INDEX UNIQUE SCAN                                       | TENANT_SERVICE_PK             |     1 |       |     0   (0)|          |
| 330 |                    TABLE ACCESS BY INDEX ROWID                               | FND_LOOKUP_VALUE              |     1 |    45 |     0   (0)|          |
| 331 |                     INDEX UNIQUE SCAN                                        | LOOKUP_VALUE_PK               |     1 |       |     0   (0)|          |
| 332 |                   TABLE ACCESS BY INDEX ROWID                                | FND_LOOKUP_VALUE              |     1 |    45 |     0   (0)|          |
| 333 |                    INDEX UNIQUE SCAN                                         | LOOKUP_VALUE_PK               |     1 |       |     0   (0)|          |
| 334 |                  TABLE ACCESS BY INDEX ROWID                                 | FND_LOOKUP_VALUE              |     1 |    45 |     1   (0)| 00:00:01 |
| 335 |                   INDEX UNIQUE SCAN                                          | LOOKUP_VALUE_PK               |     1 |       |     0   (0)|          |
| 336 |                 TABLE ACCESS BY INDEX ROWID                                  | FND_LOOKUP_VALUE              |     1 |    45 |     0   (0)|          |
| 337 |                  INDEX UNIQUE SCAN                                           | LOOKUP_VALUE_PK               |     1 |       |     0   (0)|          |
| 338 |                TABLE ACCESS BY INDEX ROWID                                   | ACCT_ACCOUNT                  |     1 |    53 |     0   (0)|          |
| 339 |                 INDEX UNIQUE SCAN                                            | ACCOUNT_PK                    |     1 |       |     0   (0)|          |
| 340 |               TABLE ACCESS BY INDEX ROWID                                    | PAY_BENE_INSTRUCTION          |     1 |    80 |     1   (0)| 00:00:01 |
| 341 |                INDEX UNIQUE SCAN                                             | BENE_INSTRUCTION_PK           |     1 |       |     0   (0)|          |
| 342 |              TABLE ACCESS BY INDEX ROWID                                     | ACCT_PRODUCT                  |     1 |    83 |     1   (0)| 00:00:01 |
| 343 |               INDEX UNIQUE SCAN                                              | PRODUCT_PK                    |     1 |       |     0   (0)|          |
| 344 |             TABLE ACCESS BY INDEX ROWID                                      | FND_CURRENCY                  |     1 |    55 |     1   (0)| 00:00:01 |
| 345 |              INDEX UNIQUE SCAN                                               | CURRENCY_PK                   |     1 |       |     0   (0)|          |
| 346 |            TABLE ACCESS BY INDEX ROWID                                       | INF_TENANT_SERVICE            |     1 |    41 |     1   (0)| 00:00:01 |
| 347 |             INDEX UNIQUE SCAN                                                | TENANT_SERVICE_PK             |     1 |       |     0   (0)|          |
| 348 |           TABLE ACCESS BY INDEX ROWID                                        | FND_LOOKUP_VALUE              |     1 |    45 |     1   (0)| 00:00:01 |
| 349 |            INDEX UNIQUE SCAN                                                 | LOOKUP_VALUE_PK               |     1 |       |     0   (0)|          |
| 350 |          TABLE ACCESS BY INDEX ROWID                                         | ACCT_ACCOUNT                  |     1 |    53 |     1   (0)| 00:00:01 |
| 351 |           INDEX UNIQUE SCAN                                                  | ACCOUNT_PK                    |     1 |       |     0   (0)|          |
| 352 |         TABLE ACCESS BY INDEX ROWID                                          | PAY_BENE                      |     1 |    60 |     1   (0)| 00:00:01 |
| 353 |          INDEX UNIQUE SCAN                                                   | BENE_PK                       |     1 |       |     0   (0)|          |
| 354 |        TABLE ACCESS BY INDEX ROWID                                           | PAY_PAYEE_BANK_BRANCH         |     1 |    30 |     2   (0)| 00:00:01 |
| 355 |         INDEX UNIQUE SCAN                                                    | PAY_PAYEE_BANK_BRANCH_PK      |     1 |       |     1   (0)| 00:00:01 |
| 356 |       TABLE ACCESS BY INDEX ROWID                                            | PAY_PAYEE_BANK_BRANCH         |     1 |    30 |     2   (0)| 00:00:01 |
| 357 |        INDEX UNIQUE SCAN                                                     | PAY_PAYEE_BANK_BRANCH_PK      |     1 |       |     1   (0)| 00:00:01 |
| 358 |      TABLE ACCESS BY INDEX ROWID                                             | PAY_FOREIGN_BANK_BRANCH       |     1 |  2362 |     0   (0)|          |
| 359 |       INDEX UNIQUE SCAN                                                      | FOREIGN_BANK_BRANCH_PK        |     1 |       |     0   (0)|          |
| 360 |     TABLE ACCESS BY INDEX ROWID                                              | FND_TENANT_BRANCH             |     1 |    76 |     1   (0)| 00:00:01 |
| 361 |      INDEX UNIQUE SCAN                                                       | TENANT_BRANCH_PK              |     1 |       |     0   (0)|          |
| 362 |    TABLE ACCESS BY INDEX ROWID                                               | PAY_DOMESTIC_BANK_BRANCH      |     1 |   145 |     1   (0)| 00:00:01 |
| 363 |     INDEX UNIQUE SCAN                                                        | DOMESTIC_BANK_BRANCH_PK       |     1 |       |     0   (0)|          |
--------------------------------------------------------------------------------------------------------------------------------------------------------------

SQL_ID d9drmngtc7txj
--------------------
/* load com.vayana.ib.bm.core.api.model.payment.LimitDefinitionDetail
*/ select limitdefin0_.id as id1_153_111_, limitdefin0_."VERSION" as
VERSION2_153_111_, limitdefin0_.AUTH_BY as AUTH43_153_111_,
limitdefin0_.AUTH_DATE as AUTH3_153_111_, limitdefin0_.CREATED_BY as
CREATED44_153_111_, limitdefin0_.CREATED_DATE as CREATED4_153_111_,
limitdefin0_.MODIFIED_BY as MODIFIE45_153_111_,
limitdefin0_.MODIFIED_DATE as MODIFIED5_153_111_,
limitdefin0_.CHANNEL_ID as CHANNEL46_153_111_, limitdefin0_.CODE as
CODE6_153_111_, limitdefin0_.COMPANY_ID as COMPANY47_153_111_,
limitdefin0_.CIF_ID as CIF48_153_111_, limitdefin0_.DESCRIPTION as
DESCRIPT7_153_111_, limitdefin0_.EFFECTIVE_FROM_DATE as
EFFECTIV8_153_111_, limitdefin0_.EFFECTIVE_TO_DATE as
EFFECTIV9_153_111_, limitdefin0_.GLO_DAILY_MAX_TRX_AMOUNT as
GLO10_153_111_, limitdefin0_.GLO_DAILY_MAX_TRX_ALLOWED as
GLO11_153_111_, limitdefin0_.GLO_FORTNIGHT_MAX_TRX_AMOUNT as
GLO12_153_111_, limitdefin0_.GLO_FORTNIGHT_MAX_TRX_ALLOWED as
GLO13_153_111_, limitdefin0_.GLO_HALFERLY_MAX_TRX_AMOUNT as
GLO14_153_111_, limitdefin0_.GLO_HALFERLY_MAX_TRX_ALLOWED as
GLO15_153_111_, limitdefin0_.GLO_MAX_TRX_AMOUNT as GLO16_153_111_,
limitdefin0_.GLO_MIN_TRX_AMOUNT as GLO17_153_111_,
limitdefin0_.GLO_MONTHLY_MAX_TRX_AMOUNT as GLO18_153_111_,
limitdefin0_.GLO_MONTHLY_MAX_TRX_ALLOWED as GLO19_153_111_,
limitdefin0_.GLO_QUATERLY_MAX_TRX_AMOUNT as GLO20_153_111_,
limitdefin0_.GLO_QUATERLY_MAX_TRX_ALLOWED as GLO21_153_111_,
limitdefin0_.GLO_WEEKLY_MAX_TRX_AMOUNT as GLO22_153_111_,
limitdefin0_.GLO_WEEKLY_MAX_TRX_ALLOWED as GLO23_153_111_,
limitdefin0_.GLO_YEARLY_MAX_TRX_AMOUNT as GLO24_153_111_,
limitdefin0_.GLO_YEARLY_MAX_TRX_ALLOWED as GLO25_153_111_,
limitdefin0_.GROUP_ID as GROUP49_153_111_,
limitdefin0_.LOGIN_PROFILE_ID as LOGIN50_153_111_,
limitdefin0_.DEFINITION_ID as DEFINIT51_153_111_,
limitdefin0_.LIMIT_DEFINITION_TYPE as LIMIT26_153_111_,
limitdefin0_.BENE_ID as BENE52_153_111_, limitdefin0_.BILLER_ID as
BILLER53_153_111_, limitdefin0_.PAYEE_INSTRUCTION_ID as
PAYEE54_153_111_, limitdefin0_.REG_DAILY_MAX_TRX_AMOUNT as
REG27_153_111_, limitdefin0_.REG_DAILY_MAX_TRX_ALLOWED as
REG28_153_111_, limitdefin0_.REG_FORTNIGHT_MAX_TRX_AMOUNT as
REG29_153_111_, limitdefin0_.REG_FORTNIGHT_MAX_TRX_ALLOWED as
REG30_153_111_, limitdefin0_.REG_HALFERLY_MAX_TRX_AMOUNT as
REG31_153_111_, limitdefin0_.REG_HALFERLY_MAX_TRX_ALLOWED as
REG32_153_111_, limitdefin0_.REG_MAX_TRX_AMOUNT as REG33_153_111_,
limitdefin0_.REG_MIN_TRX_AMOUNT as REG34_153_111_,
limitdefin0_.REG_MONTHLY_MAX_TRX_AMOUNT as REG35_153_111_,
limitdefin0_.REG_MONTHLY_MAX_TRX_ALLOWED as REG36_153_111_,
limitdefin0_.REG_QUATERLY_MAX_TRX_AMOUNT as REG37_153_111_,
limitdefin0_.REG_QUATERLY_MAX_TRX_ALLOWED as REG38_153_111_,
limitdefin0_.REG_WEEKLY_MAX_TRX_AMOUNT as REG39_153_111_,
limitdefin0_.REG_WEEKLY_MAX_TRX_ALLOWED as REG40_153_111_,
limitdefin0_.REG_YEARLY_MAX_TRX_AMOUNT as REG41_153_111_,
limitdefin0_.REG_YEARLY_MAX_TRX_ALLOWED as REG42_153_111_,
limitdefin0_.SEGMENT_ID as SEGMENT55_153_111_,
limitdefin0_.SPECIAL_CATEGORY_ID as SPECIAL56_153_111_,
limitdefin0_.STATUS_ID as STATUS57_153_111_, channel1_.id as id1_95_0_,
channel1_."VERSION" as VERSION2_95_0_, channel1_.AUTH_BY as
AUTH8_95_0_, channel1_.AUTH_DATE as AUTH3_95_0_, channel1_.CREATED_BY
as CREATED9_95_0_, channel1_.CREATED_DATE as CREATED4_95_0_,
channel1_.MODIFIED_BY as MODIFIE10_95_0_, channel1_.MODIFIED_DATE as
MODIFIED5_95_0_, channel1_.CODE as CODE6_95_0_, channel1_.DESCRIPTION
as DESCRIPT7_95_0_, company2_.id as id1_39_1_, company2_."VERSION" as
VERSION2_39_1_, company2_.AUTH_BY as AUTH8_39_1_, company2_.AUTH_DATE
as AUTH3_39_1_, company2_.CREATED_BY as CREATED9_39_1_,
company2_.CREATED_DATE as CREATED4_39_1_, company2_.MODIFIED_BY as
MODIFIE10_39_1_, company2_.MODIFIED_DATE as MODIFIED5_39_1_,
company2_.AUTH_MATRIX_ID as AUTH11_39_1_, company2_.CHANNEL_ID as
CHANNEL12_39_1_, company2_.CODE as CODE6_39_1_, company2_.CONTACT_ID as
CONTACT13_39_1_, company2_.COUNTRY_ID as COUNTRY14_39_1_, co

Plan hash value: 1440880676

--------------------------------------------------------------------------------------------------------------------------------------------------------------
| Id  | Operation                                                                    | Name                          | Rows  | Bytes | Cost (%CPU)| Time     |
--------------------------------------------------------------------------------------------------------------------------------------------------------------
|   0 | SELECT STATEMENT                                                             |                               |       |       |   341 (100)|          |
|   1 |  SORT ORDER BY                                                               |                               |     1 | 24279 |   341   (2)| 00:00:05 |
|   2 |   NESTED LOOPS OUTER                                                         |                               |     1 | 24279 |   340   (1)| 00:00:05 |
|   3 |    NESTED LOOPS OUTER                                                        |                               |     1 | 24234 |   339   (1)| 00:00:05 |
|   4 |     NESTED LOOPS OUTER                                                       |                               |     1 | 24179 |   338   (1)| 00:00:05 |
|   5 |      NESTED LOOPS OUTER                                                      |                               |     1 | 24134 |   337   (1)| 00:00:05 |
|   6 |       NESTED LOOPS OUTER                                                     |                               |     1 | 24089 |   336   (1)| 00:00:05 |
|   7 |        NESTED LOOPS OUTER                                                    |                               |     1 | 24044 |   335   (1)| 00:00:05 |
|   8 |         NESTED LOOPS                                                         |                               |     1 | 23999 |   334   (1)| 00:00:05 |
|   9 |          NESTED LOOPS OUTER                                                  |                               |     1 | 23954 |   333   (1)| 00:00:04 |
|  10 |           NESTED LOOPS OUTER                                                 |                               |     1 | 23909 |   332   (1)| 00:00:04 |
|  11 |            NESTED LOOPS OUTER                                                |                               |     1 | 23864 |   331   (1)| 00:00:04 |
|  12 |             NESTED LOOPS OUTER                                               |                               |     1 | 23819 |   330   (1)| 00:00:04 |
|  13 |              NESTED LOOPS OUTER                                              |                               |     1 | 23774 |   329   (1)| 00:00:04 |
|  14 |               NESTED LOOPS OUTER                                             |                               |     1 | 23729 |   328   (1)| 00:00:04 |
|  15 |                NESTED LOOPS OUTER                                            |                               |     1 | 23684 |   327   (1)| 00:00:04 |
|  16 |                 NESTED LOOPS OUTER                                           |                               |     1 | 23639 |   326   (1)| 00:00:04 |
|  17 |                  NESTED LOOPS OUTER                                          |                               |     1 | 23594 |   325   (1)| 00:00:04 |
|  18 |                   NESTED LOOPS OUTER                                         |                               |     1 | 23549 |   325   (1)| 00:00:04 |
|  19 |                    NESTED LOOPS OUTER                                        |                               |     1 | 23504 |   325   (1)| 00:00:04 |
|  20 |                     NESTED LOOPS OUTER                                       |                               |     1 | 23459 |   324   (1)| 00:00:04 |
|  21 |                      NESTED LOOPS OUTER                                      |                               |     1 | 23414 |   323   (1)| 00:00:04 |
|  22 |                       NESTED LOOPS OUTER                                     |                               |     1 | 23369 |   322   (1)| 00:00:04 |
|  23 |                        NESTED LOOPS OUTER                                    |                               |     1 | 23324 |   322   (1)| 00:00:04 |
|  24 |                         NESTED LOOPS OUTER                                   |                               |     1 | 23279 |   322   (1)| 00:00:04 |
|  25 |                          NESTED LOOPS OUTER                                  |                               |     1 | 23234 |   321   (1)| 00:00:04 |
|  26 |                           NESTED LOOPS OUTER                                 |                               |     1 | 23189 |   321   (1)| 00:00:04 |
|  27 |                            NESTED LOOPS OUTER                                |                               |     1 | 23144 |   321   (1)| 00:00:04 |
|  28 |                             NESTED LOOPS OUTER                               |                               |     1 | 23099 |   321   (1)| 00:00:04 |
|  29 |                              NESTED LOOPS OUTER                              |                               |     1 | 22955 |   320   (1)| 00:00:04 |
|  30 |                               NESTED LOOPS OUTER                             |                               |     1 | 22879 |   319   (1)| 00:00:04 |

PLAN_TABLE_OUTPUT
------------------------------------------------------------------------------------------------------------------------------------------------------------------------------------------------------------------------------------------------------------------------------------------------------------
|  31 |                                NESTED LOOPS OUTER                            |                               |     1 | 20517 |   319   (1)| 00:00:04 |
|  32 |                                 NESTED LOOPS OUTER                           |                               |     1 | 20487 |   317   (1)| 00:00:04 |
|  33 |                                  NESTED LOOPS OUTER                          |                               |     1 | 20457 |   315   (1)| 00:00:04 |
|  34 |                                   NESTED LOOPS OUTER                         |                               |     1 | 20397 |   314   (1)| 00:00:04 |
|  35 |                                    NESTED LOOPS OUTER                        |                               |     1 | 20344 |   313   (1)| 00:00:04 |
|  36 |                                     NESTED LOOPS OUTER                       |                               |     1 | 20303 |   312   (1)| 00:00:04 |
|  37 |                                      NESTED LOOPS OUTER                      |                               |     1 | 20248 |   311   (1)| 00:00:04 |
|  38 |                                       NESTED LOOPS OUTER                     |                               |     1 | 20165 |   310   (1)| 00:00:04 |
|  39 |                                        NESTED LOOPS OUTER                    |                               |     1 | 20085 |   309   (1)| 00:00:04 |
|  40 |                                         NESTED LOOPS OUTER                   |                               |     1 | 20032 |   309   (1)| 00:00:04 |
|  41 |                                          NESTED LOOPS OUTER                  |                               |     1 | 19991 |   309   (1)| 00:00:04 |
|  42 |                                           NESTED LOOPS OUTER                 |                               |     1 | 19936 |   309   (1)| 00:00:04 |
|  43 |                                            NESTED LOOPS OUTER                |                               |     1 | 19889 |   309   (1)| 00:00:04 |
|  44 |                                             HASH JOIN RIGHT OUTER            |                               |     1 | 17090 |   309   (1)| 00:00:04 |
|  45 |                                              TABLE ACCESS FULL               | PAY_BILLER_DATA               |     1 |   339 |     2   (0)| 00:00:01 |
|  46 |                                              NESTED LOOPS OUTER              |                               |     1 | 16751 |   307   (1)| 00:00:04 |
|  47 |                                               NESTED LOOPS OUTER             |                               |     1 | 16181 |   307   (1)| 00:00:04 |
|  48 |                                                NESTED LOOPS OUTER            |                               |     1 | 15994 |   307   (1)| 00:00:04 |
|  49 |                                                 NESTED LOOPS OUTER           |                               |     1 | 15424 |   307   (1)| 00:00:04 |
|  50 |                                                  NESTED LOOPS OUTER          |                               |     1 | 15237 |   307   (1)| 00:00:04 |
|  51 |                                                   NESTED LOOPS OUTER         |                               |     1 | 15067 |   307   (1)| 00:00:04 |
|  52 |                                                    NESTED LOOPS OUTER        |                               |     1 | 13949 |   307   (1)| 00:00:04 |
|  53 |                                                     NESTED LOOPS OUTER       |                               |     1 | 13512 |   307   (1)| 00:00:04 |
|  54 |                                                      NESTED LOOPS OUTER      |                               |     1 | 13264 |   307   (1)| 00:00:04 |
|  55 |                                                       NESTED LOOPS OUTER     |                               |     1 | 13234 |   306   (1)| 00:00:04 |
|  56 |                                                        NESTED LOOPS OUTER    |                               |     1 | 13190 |   305   (1)| 00:00:04 |
|  57 |                                                         NESTED LOOPS OUTER   |                               |     1 | 13102 |   304   (1)| 00:00:04 |
|  58 |                                                          NESTED LOOPS OUTER  |                               |     1 | 13014 |   303   (1)| 00:00:04 |
|  59 |                                                           NESTED LOOPS OUTER |                               |     1 | 12951 |   302   (1)| 00:00:04 |
|  60 | R                                                          NESTED LOOPS OUTE |                               |     1 | 12875 |   301   (1)| 00:00:04 |
|  61 | ER                                                          NESTED LOOPS OUT |                               |     1 | 12830 |   300   (1)| 00:00:04 |
|  62 | TER                                                          NESTED LOOPS OU |                               |     1 | 12783 |   300   (1)| 00:00:04 |
|  63 | UTER                                                          NESTED LOOPS O |                               |     1 | 12368 |   300   (1)| 00:00:04 |
|  64 | HT OUTER                                                       HASH JOIN RIG |                               |     1 | 12321 |   300   (1)| 00:00:04 |
|  65 |  FULL                                                           TABLE ACCESS | FND_TENANT_APPLICATION_LOCALE |     1 |    30 |     3   (0)| 00:00:01 |
|  66 | GHT OUTER                                                       HASH JOIN RI |                               |     1 | 12291 |   297   (2)| 00:00:04 |
|  67 | S FULL                                                           TABLE ACCES | FND_TENANT_OPERATING_COUNTRY  |     1 |    28 |     3   (0)| 00:00:01 |
|  68 | S OUTER                                                          NESTED LOOP |                               |     1 | 12263 |   294   (2)| 00:00:04 |
|  69 | PS OUTER                                                          NESTED LOO |                               |     1 | 12235 |   293   (2)| 00:00:04 |
|  70 | OPS OUTER                                                          NESTED LO |                               |     1 | 12196 |   292   (2)| 00:00:04 |
|  71 | OOPS OUTER                                                          NESTED L |                               |     1 | 12147 |   292   (2)| 00:00:04 |
|  72 | LOOPS OUTER                                                          NESTED  |                               |     1 | 12122 |   291   (2)| 00:00:04 |
|  73 | OIN OUTER                                                             HASH J |                               |     1 | 12116 |   291   (2)| 00:00:04 |
|  74 | D LOOPS OUTER                                                          NESTE |                               |     1 | 12091 |   267   (1)| 00:00:04 |
|  75 | ED LOOPS OUTER                                                          NEST |                               |     1 | 12024 |   266   (1)| 00:00:04 |
|  76 | TED LOOPS OUTER                                                          NES |                               |     1 | 11999 |   265   (1)| 00:00:04 |
|  77 | STED LOOPS OUTER                                                          NE |                               |     1 | 11873 |   265   (1)| 00:00:04 |
|  78 | ESTED LOOPS OUTER                                                          N |                               |     1 | 11814 |   264   (1)| 00:00:04 |
|  79 |.HASH JOIN RIGHT OUTER                                                        |                               |     1 | 11769 |   263   (1)| 00:00:04 |
|  80 |. TABLE ACCESS FULL                                                           | FND_DOCUMENT_DETAIL           |     1 |  2080 |     2   (0)| 00:00:01 |
|  81 |. NESTED LOOPS OUTER                                                          |                               |     1 |  9689 |   261   (1)| 00:00:04 |
|  82 |.  NESTED LOOPS OUTER                                                         |                               |     1 |  9597 |   261   (1)| 00:00:04 |
|  83 |.   NESTED LOOPS OUTER                                                        |                               |     1 |  9509 |   261   (1)| 00:00:04 |
|  84 |.    NESTED LOOPS OUTER                                                       |                               |     1 |  9421 |   260   (1)| 00:00:04 |
|  85 |.     NESTED LOOPS OUTER                                                      |                               |     1 |  9366 |   259   (1)| 00:00:04 |
|  86 |.      NESTED LOOPS OUTER                                                     |                               |     1 |  9322 |   258   (1)| 00:00:04 |
|  87 |.       NESTED LOOPS OUTER                                                    |                               |     1 |  9239 |   257   (1)| 00:00:04 |
|  88 |.        HASH JOIN OUTER                                                      |                               |     1 |  9186 |   256   (1)| 00:00:04 |
|  89 |.         NESTED LOOPS OUTER                                                  |                               |     1 |  9174 |   231   (0)| 00:00:03 |
|  90 |.          NESTED LOOPS OUTER                                                 |                               |     1 |  9129 |   230   (0)| 00:00:03 |
|  91 |.           NESTED LOOPS OUTER                                                |                               |     1 |  9067 |   229   (0)| 00:00:03 |
|  92 |.            NESTED LOOPS OUTER                                               |                               |     1 |  9039 |   228   (0)| 00:00:03 |
|  93 |.             NESTED LOOPS OUTER                                              |                               |     1 |  8913 |   227   (0)| 00:00:03 |
|  94 |.              NESTED LOOPS OUTER                                             |                               |     1 |  8787 |   226   (0)| 00:00:03 |
|  95 |.               NESTED LOOPS OUTER                                            |                               |     1 |  8724 |   226   (0)| 00:00:03 |
|  96 |.                NESTED LOOPS OUTER                                           |                               |     1 |  8699 |   225   (0)| 00:00:03 |
|  97 |.                 NESTED LOOPS OUTER                                          |                               |     1 |  8674 |   224   (0)| 00:00:03 |
|  98 |.                  NESTED LOOPS OUTER                                         |                               |     1 |  8629 |   223   (0)| 00:00:03 |
|  99 |.                   NESTED LOOPS OUTER                                        |                               |     1 |  8601 |   222   (0)| 00:00:03 |
| 100 |.                    NESTED LOOPS OUTER                                       |                               |     1 |  8539 |   221   (0)| 00:00:03 |
| 101 |.                     NESTED LOOPS OUTER                                      |                               |     1 |  8508 |   221   (0)| 00:00:03 |
| 102 |.                      NESTED LOOPS OUTER                                     |                               |     1 |  8451 |   221   (0)| 00:00:03 |
| 103 |.                       NESTED LOOPS OUTER                                    |                               |     1 |  8406 |   220   (0)| 00:00:03 |
| 104 |.                        NESTED LOOPS OUTER                                   |                               |     1 |  8361 |   219   (0)| 00:00:03 |
| 105 |.                         NESTED LOOPS OUTER                                  |                               |     1 |  8316 |   219   (0)| 00:00:03 |
| 106 |.                          NESTED LOOPS OUTER                                 |                               |     1 |  8236 |   218   (0)| 00:00:03 |
| 107 |.                           NESTED LOOPS OUTER                                |                               |     1 |  8156 |   217   (0)| 00:00:03 |
| 108 |.                            NESTED LOOPS OUTER                               |                               |     1 |  8115 |   216   (0)| 00:00:03 |
| 109 |.                             NESTED LOOPS OUTER                              |                               |     1 |  8074 |   215   (0)| 00:00:03 |
| 110 |.                              NESTED LOOPS OUTER                             |                               |     1 |  8039 |   214   (0)| 00:00:03 |
| 111 |.                               NESTED LOOPS OUTER                            |                               |     1 |  8008 |   213   (0)| 00:00:03 |
| 112 |.                                NESTED LOOPS OUTER                           |                               |     1 |  7980 |   212   (0)| 00:00:03 |
| 113 |.                                 NESTED LOOPS OUTER                          |                               |     1 |  7939 |   211   (0)| 00:00:03 |
| 114 |.                                  NESTED LOOPS OUTER                         |                               |     1 |  7884 |   210   (0)| 00:00:03 |
| 115 |.                                   NESTED LOOPS OUTER                        |                               |     1 |  7856 |   209   (0)| 00:00:03 |
| 116 |.                                    NESTED LOOPS OUTER                       |                               |     1 |  7734 |   208   (0)| 00:00:03 |
| 117 |.                                     NESTED LOOPS OUTER                      |                               |     1 |  7612 |   207   (0)| 00:00:03 |
| 118 |.                                      NESTED LOOPS OUTER                     |                               |     1 |  7573 |   207   (0)| 00:00:03 |
| 119 |.                                       NESTED LOOPS OUTER                    |                               |     1 |  7524 |   207   (0)| 00:00:03 |
| 120 |.                                        NESTED LOOPS OUTER                   |                               |     1 |  7493 |   207   (0)| 00:00:03 |
| 121 |.                                         NESTED LOOPS OUTER                  |                               |     1 |  7459 |   207   (0)| 00:00:03 |
| 122 |.                                          MERGE JOIN OUTER                   |                               |     1 |  7044 |   207   (0)| 00:00:03 |
| 123 |.                                           NESTED LOOPS OUTER                |                               |     1 |  6984 |   206   (0)| 00:00:03 |
| 124 |.                                            HASH JOIN OUTER                  |                               |     1 |  6950 |   206   (0)| 00:00:03 |
| 125 |.                                             HASH JOIN OUTER                 |                               |     1 |  4151 |   204   (0)| 00:00:03 |
| 126 |.                                              HASH JOIN OUTER                |                               |     1 |  1352 |   202   (0)| 00:00:03 |
| 127 |.                                               NESTED LOOPS OUTER            |                               |     1 |   977 |   200   (0)| 00:00:03 |
| 128 |.                                                NESTED LOOPS OUTER           |                               |     1 |   562 |   200   (0)| 00:00:03 |
| 129 |.                                                 TABLE ACCESS BY INDEX ROWID | LIMIT_DEFINITION_DETAIL       |     1 |   125 |   200   (0)| 00:00:03 |
| 130 |.                                                  INDEX SKIP SCAN            | DEFINITION_DETAILS_UK         |     1 |       |   200   (0)| 00:00:03 |
| 131 |.                                                 TABLE ACCESS BY INDEX ROWID | PAY_BILLER                    |     1 |   437 |     0   (0)|          |
| 132 |.                                                  INDEX UNIQUE SCAN          | BILLER_PK                     |     1 |       |     0   (0)|          |
| 133 |.                                                TABLE ACCESS BY INDEX ROWID  | FND_COMPANY                   |     1 |   415 |     0   (0)|          |
| 134 |.                                                 INDEX UNIQUE SCAN           | COMPANY_PK                    |     1 |       |     0   (0)|          |
| 135 |.                                               TABLE ACCESS FULL             | PAY_BILLER_SERVICE            |     1 |   375 |     2   (0)| 00:00:01 |
| 136 |.                                              TABLE ACCESS FULL              | PAY_BILLER_METADATA           |     1 |  2799 |     2   (0)| 00:00:01 |
| 137 |.                                             TABLE ACCESS FULL               | PAY_BILLER_METADATA           |     1 |  2799 |     2   (0)| 00:00:01 |
| 138 |.                                            TABLE ACCESS BY INDEX ROWID      | FND_GROUP                     |     1 |    34 |     0   (0)|          |
| 139 |.                                             INDEX UNIQUE SCAN               | GROUP_PK                      |     1 |       |     0   (0)|          |
| 140 |.                                           BUFFER SORT                       |                               |     1 |    60 |   207   (0)| 00:00:03 |
| 141 |.                                            TABLE ACCESS BY INDEX ROWID      | PAY_BENE                      |     1 |    60 |     1   (0)| 00:00:01 |
| 142 |.                                             INDEX UNIQUE SCAN               | BENE_PK                       |     1 |       |     0   (0)|          |
| 143 |.                                          TABLE ACCESS BY INDEX ROWID        | FND_COMPANY                   |     1 |   415 |     0   (0)|          |
| 144 |.                                           INDEX UNIQUE SCAN                 | COMPANY_PK                    |     1 |       |     0   (0)|          |
| 145 |.                                         TABLE ACCESS BY INDEX ROWID         | FND_GROUP                     |     1 |    34 |     0   (0)|          |
| 146 |.                                          INDEX UNIQUE SCAN                  | GROUP_PK                      |     1 |       |     0   (0)|          |
| 147 |.                                        TABLE ACCESS BY INDEX ROWID          | INF_CHANNEL                   |     1 |    31 |     0   (0)|          |
| 148 |.                                         INDEX UNIQUE SCAN                   | INF_CHANNEL_PK                |     1 |       |     0   (0)|          |
| 149 |.                                       TABLE ACCESS BY INDEX ROWID           | FND_SPECIAL_CATEGORY          |     1 |    49 |     0   (0)|          |
| 150 |.                                        INDEX UNIQUE SCAN                    | SPECIAL_CATEGORY_PK           |     1 |       |     0   (0)|          |
| 151 |.                                      TABLE ACCESS BY INDEX ROWID            | FND_SEGMENT                   |     1 |    39 |     0   (0)|          |
| 152 |.                                       INDEX UNIQUE SCAN                     | SEGMENT_PK                    |     1 |       |     0   (0)|          |
| 153 |.                                     TABLE ACCESS BY INDEX ROWID             | LIMIT_DEFINITION              |     1 |   122 |     1   (0)| 00:00:01 |
| 154 |.                                      INDEX UNIQUE SCAN                      | DEFINITION_PK                 |     1 |       |     0   (0)|          |
| 155 |.                                    TABLE ACCESS BY INDEX ROWID              | LIMIT_DEFINITION              |     1 |   122 |     1   (0)| 00:00:01 |
| 156 |.                                     INDEX UNIQUE SCAN                       | DEFINITION_PK                 |     1 |       |     0   (0)|          |
| 157 |.                                   TABLE ACCESS BY INDEX ROWID               | FND_TENANT_APPLICATION        |     1 |    28 |     1   (0)| 00:00:01 |
| 158 |.                                    INDEX UNIQUE SCAN                        | TENANT_APPLICATION_PK         |     1 |       |     0   (0)|          |
| 159 |.                                  TABLE ACCESS BY INDEX ROWID                | FND_CURRENCY                  |     1 |    55 |     1   (0)| 00:00:01 |
| 160 |.                                   INDEX UNIQUE SCAN                         | CURRENCY_PK                   |     1 |       |     0   (0)|          |
| 161 |.                                 TABLE ACCESS BY INDEX ROWID                 | INF_TENANT_SERVICE            |     1 |    41 |     1   (0)| 00:00:01 |
| 162 |.                                  INDEX UNIQUE SCAN                          | TENANT_SERVICE_PK             |     1 |       |     0   (0)|          |
| 163 |.                                TABLE ACCESS BY INDEX ROWID                  | FND_TENANT_APPLICATION        |     1 |    28 |     1   (0)| 00:00:01 |
| 164 |.                                 INDEX UNIQUE SCAN                           | TENANT_APPLICATION_PK         |     1 |       |     0   (0)|          |
| 165 |.                               TABLE ACCESS BY INDEX ROWID                   | INF_CHANNEL                   |     1 |    31 |     1   (0)| 00:00:01 |
| 166 |.                                INDEX UNIQUE SCAN                            | INF_CHANNEL_PK                |     1 |       |     0   (0)|          |
| 167 |.                              TABLE ACCESS BY INDEX ROWID                    | INF_SERVICE_APPLICATION       |     1 |    35 |     1   (0)| 00:00:01 |
| 168 |.                               INDEX UNIQUE SCAN                             | SERVICE_APPLICATION_PK        |     1 |       |     0   (0)|          |
| 169 |.                             TABLE ACCESS BY INDEX ROWID                     | INF_TENANT_SERVICE            |     1 |    41 |     1   (0)| 00:00:01 |
| 170 |.                              INDEX UNIQUE SCAN                              | TENANT_SERVICE_PK             |     1 |       |     0   (0)|          |
| 171 |.                            TABLE ACCESS BY INDEX ROWID                      | INF_TENANT_SERVICE            |     1 |    41 |     1   (0)| 00:00:01 |
| 172 |.                             INDEX UNIQUE SCAN                               | TENANT_SERVICE_PK             |     1 |       |     0   (0)|          |
| 173 |.                           TABLE ACCESS BY INDEX ROWID                       | INF_SERVICE                   |     1 |    80 |     1   (0)| 00:00:01 |
| 174 |.                            INDEX UNIQUE SCAN                                | SERVICE_PK                    |     1 |       |     0   (0)|          |
| 175 |.                          TABLE ACCESS BY INDEX ROWID                        | INF_SERVICE                   |     1 |    80 |     1   (0)| 00:00:01 |
| 176 |.                           INDEX UNIQUE SCAN                                 | SERVICE_PK                    |     1 |       |     0   (0)|          |
| 177 |.                         TABLE ACCESS BY INDEX ROWID                         | FND_COUNTRY                   |     1 |    45 |     0   (0)|          |
| 178 |.                          INDEX UNIQUE SCAN                                  | COUNTRY_PK                    |     1 |       |     0   (0)|          |
| 179 |.                        TABLE ACCESS BY INDEX ROWID                          | FND_COUNTRY                   |     1 |    45 |     1   (0)| 00:00:01 |
| 180 |.                         INDEX UNIQUE SCAN                                   | COUNTRY_PK                    |     1 |       |     0   (0)|          |
| 181 |.                       TABLE ACCESS BY INDEX ROWID                           | FND_COUNTRY                   |     1 |    45 |     1   (0)| 00:00:01 |
| 182 |.                        INDEX UNIQUE SCAN                                    | COUNTRY_PK                    |     1 |       |     0   (0)|          |
| 183 |.                      TABLE ACCESS BY INDEX ROWID                            | FND_TENANT_LOOKUP_VALUE       |     1 |    57 |     0   (0)|          |
| 184 |.                       INDEX UNIQUE SCAN                                     | TENANT_LOOKUP_VALUE_PK        |     1 |       |     0   (0)|          |
| 185 |.                     TABLE ACCESS BY INDEX ROWID                             | INF_CHANNEL                   |     1 |    31 |     0   (0)|          |
| 186 |.                      INDEX UNIQUE SCAN                                      | INF_CHANNEL_PK                |     1 |       |     0   (0)|          |
| 187 |.                    TABLE ACCESS BY INDEX ROWID                              | FND_TENANT_LOOKUP_TYPE        |     1 |    62 |     1   (0)| 00:00:01 |
| 188 |.                     INDEX UNIQUE SCAN                                       | TENANT_LOOKUP_TYPE_PK         |     1 |       |     0   (0)|          |
| 189 |.                   TABLE ACCESS BY INDEX ROWID                               | FND_TENANT_APPLICATION        |     1 |    28 |     1   (0)| 00:00:01 |
| 190 |.                    INDEX UNIQUE SCAN                                        | TENANT_APPLICATION_PK         |     1 |       |     0   (0)|          |
| 191 |.                  TABLE ACCESS BY INDEX ROWID                                | FND_COUNTRY                   |     1 |    45 |     1   (0)| 00:00:01 |
| 192 |.                   INDEX UNIQUE SCAN                                         | COUNTRY_PK                    |     1 |       |     0   (0)|          |
| 193 |.                 TABLE ACCESS BY INDEX ROWID                                 | USER_LOGIN_PROFILE_EXTEND     |     1 |    25 |     1   (0)| 00:00:01 |
| 194 |.                  INDEX UNIQUE SCAN                                          | LOGIN_PROFILE_EXTEND_PK       |     1 |       |     0   (0)|          |
| 195 |.                TABLE ACCESS BY INDEX ROWID                                  | USER_LOGIN_PROFILE_EXTEND     |     1 |    25 |     1   (0)| 00:00:01 |
| 196 |.                 INDEX UNIQUE SCAN                                           | LOGIN_PROFILE_EXTEND_PK       |     1 |       |     0   (0)|          |
| 197 |.               TABLE ACCESS BY INDEX ROWID                                   | FND_CIF                       |     1 |    63 |     0   (0)|          |
| 198 |.                INDEX UNIQUE SCAN                                            | CIF_PK                        |     1 |       |     0   (0)|          |
| 199 |.              TABLE ACCESS BY INDEX ROWID                                    | USER_LOGIN_PROFILE            |     1 |   126 |     1   (0)| 00:00:01 |
| 200 |.               INDEX UNIQUE SCAN                                             | LOGIN_PROFILE_PK              |     1 |       |     0   (0)|          |
| 201 |.             TABLE ACCESS BY INDEX ROWID                                     | USER_LOGIN_PROFILE            |     1 |   126 |     1   (0)| 00:00:01 |
| 202 |.              INDEX UNIQUE SCAN                                              | LOGIN_PROFILE_PK              |     1 |       |     0   (0)|          |
| 203 |.            TABLE ACCESS BY INDEX ROWID                                      | FND_TENANT_APPLICATION        |     1 |    28 |     1   (0)| 00:00:01 |
| 204 |.             INDEX UNIQUE SCAN                                               | TENANT_APPLICATION_PK         |     1 |       |     0   (0)|          |
| 205 |.           TABLE ACCESS BY INDEX ROWID                                       | FND_TENANT                    |     1 |    62 |     1   (0)| 00:00:01 |
| 206 |.            INDEX UNIQUE SCAN                                                | TENANT_PK                     |     1 |       |     0   (0)|          |
| 207 |.          TABLE ACCESS BY INDEX ROWID                                        | FND_COUNTRY                   |     1 |    45 |     1   (0)| 00:00:01 |
| 208 |.           INDEX UNIQUE SCAN                                                 | COUNTRY_PK                    |     1 |       |     0   (0)|          |
| 209 |.         TABLE ACCESS FULL                                                   | FND_CIF_ACCOUNT               | 33093 |   387K|    24   (5)| 00:00:01 |
| 210 |.        TABLE ACCESS BY INDEX ROWID                                          | ACCT_ACCOUNT                  |     1 |    53 |     1   (0)| 00:00:01 |
| 211 |.         INDEX UNIQUE SCAN                                                   | ACCOUNT_PK                    |     1 |       |     0   (0)|          |
| 212 |.       TABLE ACCESS BY INDEX ROWID                                           | ACCT_PRODUCT                  |     1 |    83 |     1   (0)| 00:00:01 |
| 213 |.        INDEX UNIQUE SCAN                                                    | PRODUCT_PK                    |     1 |       |     0   (0)|          |
| 214 |.      TABLE ACCESS BY INDEX ROWID                                            | ACCT_PRODUCT_TYPE             |     1 |    44 |     1   (0)| 00:00:01 |
| 215 |.       INDEX UNIQUE SCAN                                                     | PRODUCT_TYPE_PK               |     1 |       |     0   (0)|          |
| 216 |.     TABLE ACCESS BY INDEX ROWID                                             | FND_CURRENCY                  |     1 |    55 |     1   (0)| 00:00:01 |
| 217 |.      INDEX UNIQUE SCAN                                                      | CURRENCY_PK                   |     1 |       |     0   (0)|          |
| 218 |.    TABLE ACCESS BY INDEX ROWID                                              | FND_CONTACT                   |     1 |    88 |     1   (0)| 00:00:01 |
| 219 |.     INDEX UNIQUE SCAN                                                       | CONTACT_PK                    |     1 |       |     0   (0)|          |
| 220 |.   TABLE ACCESS BY INDEX ROWID                                               | FND_CONTACT                   |     1 |    88 |     0   (0)|          |
| 221 |.    INDEX UNIQUE SCAN                                                        | CONTACT_PK                    |     1 |       |     0   (0)|          |
| 222 |.  TABLE ACCESS BY INDEX ROWID                                                | FND_DOCUMENT                  |     1 |    92 |     0   (0)|          |
| 223 |.   INDEX UNIQUE SCAN                                                         | DOCUMENT_PK                   |     1 |       |     0   (0)|          |
| 224 |.TABLE ACCESS BY INDEX ROWID                                                  | FND_COUNTRY                   |     1 |    45 |     1   (0)| 00:00:01 |
| 225 |. INDEX UNIQUE SCAN                                                           | COUNTRY_PK                    |     1 |       |     0   (0)|          |
| 226 | ABLE ACCESS BY INDEX ROWID                                                 T | FND_CITY                      |     1 |    59 |     1   (0)| 00:00:01 |
| 227 |.INDEX UNIQUE SCAN                                                            | CITY_PK                       |     1 |       |     0   (0)|          |

PLAN_TABLE_OUTPUT
------------------------------------------------------------------------------------------------------------------------------------------------------------------------------------------------------------------------------------------------------------------------------------------------------------
| 228 | BLE ACCESS BY INDEX ROWID                                                 TA | USER_LOGIN_PROFILE            |     1 |   126 |     0   (0)|          |
| 229 | NDEX UNIQUE SCAN                                                           I | LOGIN_PROFILE_PK              |     1 |       |     0   (0)|          |
| 230 | LE ACCESS BY INDEX ROWID                                                 TAB | USER_CONTACT_DETAIL           |     1 |    25 |     1   (0)| 00:00:01 |
| 231 | DEX UNIQUE SCAN                                                           IN | CONTACT_DETAIL_PK             |     1 |       |     0   (0)|          |
| 232 | E ACCESS BY INDEX ROWID                                                 TABL | USER_PROFILE                  |     1 |    67 |     1   (0)| 00:00:01 |
| 233 | EX UNIQUE SCAN                                                           IND | PROFILE_PK                    |     1 |       |     0   (0)|          |
| 234 |  ACCESS FULL                                                           TABLE | USER_CIF                      | 18368 |   448K|    24   (5)| 00:00:01 |
| 235 | UNIQUE SCAN                                                           INDEX  | PROFILE_EXTEND_PK             |     1 |     6 |     0   (0)|          |
| 236 | CCESS BY INDEX ROWID                                                 TABLE A | USER_LOGIN_PROFILE_EXTEND     |     1 |    25 |     1   (0)| 00:00:01 |
| 237 | UNIQUE SCAN                                                           INDEX  | LOGIN_PROFILE_EXTEND_PK       |     1 |       |     0   (0)|          |
| 238 | CESS BY INDEX ROWID                                                 TABLE AC | FND_SPECIAL_CATEGORY          |     1 |    49 |     0   (0)|          |
| 239 | NIQUE SCAN                                                           INDEX U | SPECIAL_CATEGORY_PK           |     1 |       |     0   (0)|          |
| 240 | ESS BY INDEX ROWID                                                 TABLE ACC | FND_SEGMENT                   |     1 |    39 |     1   (0)| 00:00:01 |
| 241 | IQUE SCAN                                                           INDEX UN | SEGMENT_PK                    |     1 |       |     0   (0)|          |
| 242 | SS BY INDEX ROWID                                                 TABLE ACCE | FND_TENANT_APPLICATION        |     1 |    28 |     1   (0)| 00:00:01 |
| 243 | QUE SCAN                                                           INDEX UNI | TENANT_APPLICATION_PK         |     1 |       |     0   (0)|          |
| 244 | BY INDEX ROWID                                                 TABLE ACCESS  | FND_DEPARTMENT                |     1 |    47 |     0   (0)|          |
| 245 |  SCAN                                                           INDEX UNIQUE | DEPARTMENT_PK                 |     1 |       |     0   (0)|          |
| 246 | Y INDEX ROWID                                                 TABLE ACCESS B | FND_COMPANY                   |     1 |   415 |     0   (0)|          |
| 247 | SCAN                                                           INDEX UNIQUE  | COMPANY_PK                    |     1 |       |     0   (0)|          |
| 248 |  INDEX ROWID                                                 TABLE ACCESS BY | FND_DEPARTMENT                |     1 |    47 |     0   (0)|          |
| 249 | CAN                                                           INDEX UNIQUE S | DEPARTMENT_PK                 |     1 |       |     0   (0)|          |
| 250 | INDEX ROWID                                                 TABLE ACCESS BY  | FND_COUNTRY                   |     1 |    45 |     1   (0)| 00:00:01 |
| 251 | AN                                                           INDEX UNIQUE SC | COUNTRY_PK                    |     1 |       |     0   (0)|          |
| 252 | NDEX ROWID                                                 TABLE ACCESS BY I | FND_TENANT_BRANCH             |     1 |    76 |     1   (0)| 00:00:01 |
| 253 | N                                                           INDEX UNIQUE SCA | TENANT_BRANCH_PK              |     1 |       |     0   (0)|          |
| 254 | DEX ROWID                                                 TABLE ACCESS BY IN | FND_CIF                       |     1 |    63 |     1   (0)| 00:00:01 |
| 255 |                                                            INDEX UNIQUE SCAN | CIF_PK                        |     1 |       |     0   (0)|          |
| 256 | EX ROWID                                                 TABLE ACCESS BY IND | FND_CONTACT                   |     1 |    88 |     1   (0)| 00:00:01 |
| 257 |                                                           INDEX UNIQUE SCAN  | CONTACT_PK                    |     1 |       |     0   (0)|          |
| 258 | X ROWID                                                 TABLE ACCESS BY INDE | FND_CONTACT                   |     1 |    88 |     1   (0)| 00:00:01 |
| 259 |                                                          INDEX UNIQUE SCAN   | CONTACT_PK                    |     1 |       |     0   (0)|          |
| 260 |  ROWID                                                 TABLE ACCESS BY INDEX | FND_STATE                     |     1 |    44 |     1   (0)| 00:00:01 |
| 261 |                                                         INDEX UNIQUE SCAN    | STATE_PK                      |     1 |       |     0   (0)|          |
| 262 | ROWID                                                 TABLE ACCESS BY INDEX  | PAY_PAYEE_INSTRUCTION         |     1 |    30 |     1   (0)| 00:00:01 |
| 263 |                                                        INDEX UNIQUE SCAN     | PAY_PAYEE_INSTRUCTION_PK      |     1 |       |     0   (0)|          |
| 264 | OWID                                                 TABLE ACCESS BY INDEX R | PAY_BILLER_INSTRUCTION        |     1 |   248 |     0   (0)|          |
| 265 |                                                       INDEX UNIQUE SCAN      | BILLER_INSTRUCTION_PK         |     1 |       |     0   (0)|          |
| 266 | WID                                                 TABLE ACCESS BY INDEX RO | PAY_BILLER                    |     1 |   437 |     0   (0)|          |
| 267 |                                                      INDEX UNIQUE SCAN       | BILLER_PK                     |     1 |       |     0   (0)|          |
| 268 | ID                                                 TABLE ACCESS BY INDEX ROW | PAY_PG_INSTRUCTION            |     1 |  1118 |     0   (0)|          |
| 269 |                                                     INDEX UNIQUE SCAN        | PAY_PG_INSTRUCTION_PK         |     1 |       |     0   (0)|          |
| 270 | D                                                 TABLE ACCESS BY INDEX ROWI | PG_MER_AGG_MAPPING_MASTER     |     1 |   170 |     0   (0)|          |
| 271 |                                                    INDEX UNIQUE SCAN         | PG_MER_AGG_MAPPING_MASTER_PK  |     1 |       |     0   (0)|          |
| 272 |                                                  TABLE ACCESS BY INDEX ROWID | PG_MERCHANT_MASTER            |     1 |   187 |     0   (0)|          |
| 273 |                                                   INDEX UNIQUE SCAN          | PG_MERCHANT_MASTER_PK         |     1 |       |     0   (0)|          |
| 274 |                                                 TABLE ACCESS BY INDEX ROWID  | PG_AGGREGATOR_MASTER          |     1 |   570 |     0   (0)|          |
| 275 |                                                  INDEX UNIQUE SCAN           | PG_AGGREGATOR_MASTER_PK       |     1 |       |     0   (0)|          |
| 276 |                                                TABLE ACCESS BY INDEX ROWID   | PG_MERCHANT_MASTER            |     1 |   187 |     0   (0)|          |
| 277 |                                                 INDEX UNIQUE SCAN            | PG_MERCHANT_MASTER_PK         |     1 |       |     0   (0)|          |
| 278 |                                               TABLE ACCESS BY INDEX ROWID    | PG_AGGREGATOR_MASTER          |     1 |   570 |     0   (0)|          |
| 279 |                                                INDEX UNIQUE SCAN             | PG_AGGREGATOR_MASTER_PK       |     1 |       |     0   (0)|          |
| 280 |                                             TABLE ACCESS BY INDEX ROWID      | PAY_BILLER_METADATA           |     1 |  2799 |     0   (0)|          |
| 281 |                                              INDEX UNIQUE SCAN               | BILLER_METADATA_PK            |     1 |       |     0   (0)|          |
| 282 |                                            TABLE ACCESS BY INDEX ROWID       | PG_BILLER_BUSINESS_SUB_CAT    |     1 |    47 |     0   (0)|          |
| 283 |                                             INDEX UNIQUE SCAN                | PG_BILLER_BUSINESS_SUB_CAT_PK |     1 |       |     0   (0)|          |
| 284 |                                           TABLE ACCESS BY INDEX ROWID        | FND_CURRENCY                  |     1 |    55 |     0   (0)|          |
| 285 |                                            INDEX UNIQUE SCAN                 | CURRENCY_PK                   |     1 |       |     0   (0)|          |
| 286 |                                          TABLE ACCESS BY INDEX ROWID         | INF_TENANT_SERVICE            |     1 |    41 |     0   (0)|          |
| 287 |                                           INDEX UNIQUE SCAN                  | TENANT_SERVICE_PK             |     1 |       |     0   (0)|          |
| 288 |                                         TABLE ACCESS BY INDEX ROWID          | ACCT_ACCOUNT                  |     1 |    53 |     0   (0)|          |
| 289 |                                          INDEX UNIQUE SCAN                   | ACCOUNT_PK                    |     1 |       |     0   (0)|          |
| 290 |                                        TABLE ACCESS BY INDEX ROWID           | PAY_BENE_INSTRUCTION          |     1 |    80 |     1   (0)| 00:00:01 |
| 291 |                                         INDEX UNIQUE SCAN                    | BENE_INSTRUCTION_PK           |     1 |       |     0   (0)|          |
| 292 |                                       TABLE ACCESS BY INDEX ROWID            | ACCT_PRODUCT                  |     1 |    83 |     1   (0)| 00:00:01 |
| 293 |                                        INDEX UNIQUE SCAN                     | PRODUCT_PK                    |     1 |       |     0   (0)|          |
| 294 |                                      TABLE ACCESS BY INDEX ROWID             | FND_CURRENCY                  |     1 |    55 |     1   (0)| 00:00:01 |
| 295 |                                       INDEX UNIQUE SCAN                      | CURRENCY_PK                   |     1 |       |     0   (0)|          |
| 296 |                                     TABLE ACCESS BY INDEX ROWID              | INF_TENANT_SERVICE            |     1 |    41 |     1   (0)| 00:00:01 |
| 297 |                                      INDEX UNIQUE SCAN                       | TENANT_SERVICE_PK             |     1 |       |     0   (0)|          |
| 298 |                                    TABLE ACCESS BY INDEX ROWID               | ACCT_ACCOUNT                  |     1 |    53 |     1   (0)| 00:00:01 |
| 299 |                                     INDEX UNIQUE SCAN                        | ACCOUNT_PK                    |     1 |       |     0   (0)|          |
| 300 |                                   TABLE ACCESS BY INDEX ROWID                | PAY_BENE                      |     1 |    60 |     1   (0)| 00:00:01 |
| 301 |                                    INDEX UNIQUE SCAN                         | BENE_PK                       |     1 |       |     0   (0)|          |
| 302 |                                  TABLE ACCESS BY INDEX ROWID                 | PAY_PAYEE_BANK_BRANCH         |     1 |    30 |     2   (0)| 00:00:01 |
| 303 |                                   INDEX UNIQUE SCAN                          | PAY_PAYEE_BANK_BRANCH_PK      |     1 |       |     1   (0)| 00:00:01 |
| 304 |                                 TABLE ACCESS BY INDEX ROWID                  | PAY_PAYEE_BANK_BRANCH         |     1 |    30 |     2   (0)| 00:00:01 |
| 305 |                                  INDEX UNIQUE SCAN                           | PAY_PAYEE_BANK_BRANCH_PK      |     1 |       |     1   (0)| 00:00:01 |
| 306 |                                TABLE ACCESS BY INDEX ROWID                   | PAY_FOREIGN_BANK_BRANCH       |     1 |  2362 |     0   (0)|          |
| 307 |                                 INDEX UNIQUE SCAN                            | FOREIGN_BANK_BRANCH_PK        |     1 |       |     0   (0)|          |
| 308 |                               TABLE ACCESS BY INDEX ROWID                    | FND_TENANT_BRANCH             |     1 |    76 |     1   (0)| 00:00:01 |
| 309 |                                INDEX UNIQUE SCAN                             | TENANT_BRANCH_PK              |     1 |       |     0   (0)|          |
| 310 |                              TABLE ACCESS BY INDEX ROWID                     | PAY_DOMESTIC_BANK_BRANCH      |     1 |   144 |     1   (0)| 00:00:01 |
| 311 |                               INDEX UNIQUE SCAN                              | DOMESTIC_BANK_BRANCH_PK       |     1 |       |     0   (0)|          |
| 312 |                             TABLE ACCESS BY INDEX ROWID                      | FND_LOOKUP_VALUE              |     1 |    45 |     0   (0)|          |
| 313 |                              INDEX UNIQUE SCAN                               | LOOKUP_VALUE_PK               |     1 |       |     0   (0)|          |
| 314 |                            TABLE ACCESS BY INDEX ROWID                       | FND_LOOKUP_VALUE              |     1 |    45 |     0   (0)|          |
| 315 |                             INDEX UNIQUE SCAN                                | LOOKUP_VALUE_PK               |     1 |       |     0   (0)|          |
| 316 |                           TABLE ACCESS BY INDEX ROWID                        | FND_LOOKUP_VALUE              |     1 |    45 |     0   (0)|          |
| 317 |                            INDEX UNIQUE SCAN                                 | LOOKUP_VALUE_PK               |     1 |       |     0   (0)|          |
| 318 |                          TABLE ACCESS BY INDEX ROWID                         | FND_LOOKUP_VALUE              |     1 |    45 |     1   (0)| 00:00:01 |
| 319 |                           INDEX UNIQUE SCAN                                  | LOOKUP_VALUE_PK               |     1 |       |     0   (0)|          |
| 320 |                         TABLE ACCESS BY INDEX ROWID                          | FND_LOOKUP_VALUE              |     1 |    45 |     0   (0)|          |
| 321 |                          INDEX UNIQUE SCAN                                   | LOOKUP_VALUE_PK               |     1 |       |     0   (0)|          |
| 322 |                        TABLE ACCESS BY INDEX ROWID                           | FND_LOOKUP_VALUE              |     1 |    45 |     0   (0)|          |
| 323 |                         INDEX UNIQUE SCAN                                    | LOOKUP_VALUE_PK               |     1 |       |     0   (0)|          |
| 324 |                       TABLE ACCESS BY INDEX ROWID                            | FND_LOOKUP_VALUE              |     1 |    45 |     1   (0)| 00:00:01 |
| 325 |                        INDEX UNIQUE SCAN                                     | LOOKUP_VALUE_PK               |     1 |       |     0   (0)|          |
| 326 |                      TABLE ACCESS BY INDEX ROWID                             | FND_LOOKUP_VALUE              |     1 |    45 |     1   (0)| 00:00:01 |
| 327 |                       INDEX UNIQUE SCAN                                      | LOOKUP_VALUE_PK               |     1 |       |     0   (0)|          |
| 328 |                     TABLE ACCESS BY INDEX ROWID                              | FND_LOOKUP_VALUE              |     1 |    45 |     1   (0)| 00:00:01 |
| 329 |                      INDEX UNIQUE SCAN                                       | LOOKUP_VALUE_PK               |     1 |       |     0   (0)|          |
| 330 |                    TABLE ACCESS BY INDEX ROWID                               | FND_LOOKUP_VALUE              |     1 |    45 |     0   (0)|          |
| 331 |                     INDEX UNIQUE SCAN                                        | LOOKUP_VALUE_PK               |     1 |       |     0   (0)|          |
| 332 |                   TABLE ACCESS BY INDEX ROWID                                | FND_LOOKUP_VALUE              |     1 |    45 |     0   (0)|          |
| 333 |                    INDEX UNIQUE SCAN                                         | LOOKUP_VALUE_PK               |     1 |       |     0   (0)|          |
| 334 |                  TABLE ACCESS BY INDEX ROWID                                 | FND_LOOKUP_VALUE              |     1 |    45 |     1   (0)| 00:00:01 |
| 335 |                   INDEX UNIQUE SCAN                                          | LOOKUP_VALUE_PK               |     1 |       |     0   (0)|          |
| 336 |                 TABLE ACCESS BY INDEX ROWID                                  | FND_LOOKUP_VALUE              |     1 |    45 |     1   (0)| 00:00:01 |
| 337 |                  INDEX UNIQUE SCAN                                           | LOOKUP_VALUE_PK               |     1 |       |     0   (0)|          |
| 338 |                TABLE ACCESS BY INDEX ROWID                                   | FND_LOOKUP_VALUE              |     1 |    45 |     1   (0)| 00:00:01 |
| 339 |                 INDEX UNIQUE SCAN                                            | LOOKUP_VALUE_PK               |     1 |       |     0   (0)|          |
| 340 |               TABLE ACCESS BY INDEX ROWID                                    | FND_LOOKUP_VALUE              |     1 |    45 |     1   (0)| 00:00:01 |
| 341 |                INDEX UNIQUE SCAN                                             | LOOKUP_VALUE_PK               |     1 |       |     0   (0)|          |
| 342 |              TABLE ACCESS BY INDEX ROWID                                     | FND_LOOKUP_VALUE              |     1 |    45 |     1   (0)| 00:00:01 |
| 343 |               INDEX UNIQUE SCAN                                              | LOOKUP_VALUE_PK               |     1 |       |     0   (0)|          |
| 344 |             TABLE ACCESS BY INDEX ROWID                                      | FND_LOOKUP_VALUE              |     1 |    45 |     1   (0)| 00:00:01 |
| 345 |              INDEX UNIQUE SCAN                                               | LOOKUP_VALUE_PK               |     1 |       |     0   (0)|          |
| 346 |            TABLE ACCESS BY INDEX ROWID                                       | FND_LOOKUP_VALUE              |     1 |    45 |     1   (0)| 00:00:01 |
| 347 |             INDEX UNIQUE SCAN                                                | LOOKUP_VALUE_PK               |     1 |       |     0   (0)|          |
| 348 |           TABLE ACCESS BY INDEX ROWID                                        | FND_LOOKUP_VALUE              |     1 |    45 |     1   (0)| 00:00:01 |
| 349 |            INDEX UNIQUE SCAN                                                 | LOOKUP_VALUE_PK               |     1 |       |     0   (0)|          |
| 350 |          TABLE ACCESS BY INDEX ROWID                                         | FND_LOOKUP_VALUE              |     1 |    45 |     1   (0)| 00:00:01 |
| 351 |           INDEX UNIQUE SCAN                                                  | LOOKUP_VALUE_PK               |     1 |       |     0   (0)|          |
| 352 |         TABLE ACCESS BY INDEX ROWID                                          | FND_LOOKUP_VALUE              |     1 |    45 |     1   (0)| 00:00:01 |
| 353 |          INDEX UNIQUE SCAN                                                   | LOOKUP_VALUE_PK               |     1 |       |     0   (0)|          |
| 354 |        TABLE ACCESS BY INDEX ROWID                                           | FND_LOOKUP_VALUE              |     1 |    45 |     1   (0)| 00:00:01 |
| 355 |         INDEX UNIQUE SCAN                                                    | LOOKUP_VALUE_PK               |     1 |       |     0   (0)|          |
| 356 |       TABLE ACCESS BY INDEX ROWID                                            | FND_LOOKUP_VALUE              |     1 |    45 |     1   (0)| 00:00:01 |
| 357 |        INDEX UNIQUE SCAN                                                     | LOOKUP_VALUE_PK               |     1 |       |     0   (0)|          |
| 358 |      TABLE ACCESS BY INDEX ROWID                                             | FND_LOOKUP_VALUE              |     1 |    45 |     1   (0)| 00:00:01 |
| 359 |       INDEX UNIQUE SCAN                                                      | LOOKUP_VALUE_PK               |     1 |       |     0   (0)|          |
| 360 |     TABLE ACCESS BY INDEX ROWID                                              | FND_LOOKUP_TYPE               |     1 |    55 |     1   (0)| 00:00:01 |
| 361 |      INDEX UNIQUE SCAN                                                       | LOOKUP_TYPE_PK                |     1 |       |     0   (0)|          |
| 362 |    TABLE ACCESS BY INDEX ROWID                                               | FND_COUNTRY                   |     1 |    45 |     1   (0)| 00:00:01 |
| 363 |     INDEX UNIQUE SCAN                                                        | COUNTRY_PK                    |     1 |       |     0   (0)|          |
--------------------------------------------------------------------------------------------------------------------------------------------------------------

SQL_ID d9drmngtc7txj
--------------------
/* load com.vayana.ib.bm.core.api.model.payment.LimitDefinitionDetail
*/ select limitdefin0_.id as id1_153_111_, limitdefin0_."VERSION" as
VERSION2_153_111_, limitdefin0_.AUTH_BY as AUTH43_153_111_,
limitdefin0_.AUTH_DATE as AUTH3_153_111_, limitdefin0_.CREATED_BY as
CREATED44_153_111_, limitdefin0_.CREATED_DATE as CREATED4_153_111_,
limitdefin0_.MODIFIED_BY as MODIFIE45_153_111_,
limitdefin0_.MODIFIED_DATE as MODIFIED5_153_111_,
limitdefin0_.CHANNEL_ID as CHANNEL46_153_111_, limitdefin0_.CODE as
CODE6_153_111_, limitdefin0_.COMPANY_ID as COMPANY47_153_111_,
limitdefin0_.CIF_ID as CIF48_153_111_, limitdefin0_.DESCRIPTION as
DESCRIPT7_153_111_, limitdefin0_.EFFECTIVE_FROM_DATE as
EFFECTIV8_153_111_, limitdefin0_.EFFECTIVE_TO_DATE as
EFFECTIV9_153_111_, limitdefin0_.GLO_DAILY_MAX_TRX_AMOUNT as
GLO10_153_111_, limitdefin0_.GLO_DAILY_MAX_TRX_ALLOWED as
GLO11_153_111_, limitdefin0_.GLO_FORTNIGHT_MAX_TRX_AMOUNT as
GLO12_153_111_, limitdefin0_.GLO_FORTNIGHT_MAX_TRX_ALLOWED as
GLO13_153_111_, limitdefin0_.GLO_HALFERLY_MAX_TRX_AMOUNT as
GLO14_153_111_, limitdefin0_.GLO_HALFERLY_MAX_TRX_ALLOWED as
GLO15_153_111_, limitdefin0_.GLO_MAX_TRX_AMOUNT as GLO16_153_111_,
limitdefin0_.GLO_MIN_TRX_AMOUNT as GLO17_153_111_,
limitdefin0_.GLO_MONTHLY_MAX_TRX_AMOUNT as GLO18_153_111_,
limitdefin0_.GLO_MONTHLY_MAX_TRX_ALLOWED as GLO19_153_111_,
limitdefin0_.GLO_QUATERLY_MAX_TRX_AMOUNT as GLO20_153_111_,
limitdefin0_.GLO_QUATERLY_MAX_TRX_ALLOWED as GLO21_153_111_,
limitdefin0_.GLO_WEEKLY_MAX_TRX_AMOUNT as GLO22_153_111_,
limitdefin0_.GLO_WEEKLY_MAX_TRX_ALLOWED as GLO23_153_111_,
limitdefin0_.GLO_YEARLY_MAX_TRX_AMOUNT as GLO24_153_111_,
limitdefin0_.GLO_YEARLY_MAX_TRX_ALLOWED as GLO25_153_111_,
limitdefin0_.GROUP_ID as GROUP49_153_111_,
limitdefin0_.LOGIN_PROFILE_ID as LOGIN50_153_111_,
limitdefin0_.DEFINITION_ID as DEFINIT51_153_111_,
limitdefin0_.LIMIT_DEFINITION_TYPE as LIMIT26_153_111_,
limitdefin0_.BENE_ID as BENE52_153_111_, limitdefin0_.BILLER_ID as
BILLER53_153_111_, limitdefin0_.PAYEE_INSTRUCTION_ID as
PAYEE54_153_111_, limitdefin0_.REG_DAILY_MAX_TRX_AMOUNT as
REG27_153_111_, limitdefin0_.REG_DAILY_MAX_TRX_ALLOWED as
REG28_153_111_, limitdefin0_.REG_FORTNIGHT_MAX_TRX_AMOUNT as
REG29_153_111_, limitdefin0_.REG_FORTNIGHT_MAX_TRX_ALLOWED as
REG30_153_111_, limitdefin0_.REG_HALFERLY_MAX_TRX_AMOUNT as
REG31_153_111_, limitdefin0_.REG_HALFERLY_MAX_TRX_ALLOWED as
REG32_153_111_, limitdefin0_.REG_MAX_TRX_AMOUNT as REG33_153_111_,
limitdefin0_.REG_MIN_TRX_AMOUNT as REG34_153_111_,
limitdefin0_.REG_MONTHLY_MAX_TRX_AMOUNT as REG35_153_111_,
limitdefin0_.REG_MONTHLY_MAX_TRX_ALLOWED as REG36_153_111_,
limitdefin0_.REG_QUATERLY_MAX_TRX_AMOUNT as REG37_153_111_,
limitdefin0_.REG_QUATERLY_MAX_TRX_ALLOWED as REG38_153_111_,
limitdefin0_.REG_WEEKLY_MAX_TRX_AMOUNT as REG39_153_111_,
limitdefin0_.REG_WEEKLY_MAX_TRX_ALLOWED as REG40_153_111_,
limitdefin0_.REG_YEARLY_MAX_TRX_AMOUNT as REG41_153_111_,
limitdefin0_.REG_YEARLY_MAX_TRX_ALLOWED as REG42_153_111_,
limitdefin0_.SEGMENT_ID as SEGMENT55_153_111_,
limitdefin0_.SPECIAL_CATEGORY_ID as SPECIAL56_153_111_,
limitdefin0_.STATUS_ID as STATUS57_153_111_, channel1_.id as id1_95_0_,
channel1_."VERSION" as VERSION2_95_0_, channel1_.AUTH_BY as
AUTH8_95_0_, channel1_.AUTH_DATE as AUTH3_95_0_, channel1_.CREATED_BY
as CREATED9_95_0_, channel1_.CREATED_DATE as CREATED4_95_0_,
channel1_.MODIFIED_BY as MODIFIE10_95_0_, channel1_.MODIFIED_DATE as

PLAN_TABLE_OUTPUT
------------------------------------------------------------------------------------------------------------------------------------------------------------------------------------------------------------------------------------------------------------------------------------------------------------
MODIFIED5_95_0_, channel1_.CODE as CODE6_95_0_, channel1_.DESCRIPTION
as DESCRIPT7_95_0_, company2_.id as id1_39_1_, company2_."VERSION" as
VERSION2_39_1_, company2_.AUTH_BY as AUTH8_39_1_, company2_.AUTH_DATE
as AUTH3_39_1_, company2_.CREATED_BY as CREATED9_39_1_,
company2_.CREATED_DATE as CREATED4_39_1_, company2_.MODIFIED_BY as
MODIFIE10_39_1_, company2_.MODIFIED_DATE as MODIFIED5_39_1_,
company2_.AUTH_MATRIX_ID as AUTH11_39_1_, company2_.CHANNEL_ID as
CHANNEL12_39_1_, company2_.CODE as CODE6_39_1_, company2_.CONTACT_ID as
CONTACT13_39_1_, company2_.COUNTRY_ID as COUNTRY14_39_1_, co

Plan hash value: 2190815641

--------------------------------------------------------------------------------------------------------------------------------------------------------------
| Id  | Operation                                                                    | Name                          | Rows  | Bytes | Cost (%CPU)| Time     |
--------------------------------------------------------------------------------------------------------------------------------------------------------------
|   0 | SELECT STATEMENT                                                             |                               |       |       |   367 (100)|          |
|   1 |  SORT ORDER BY                                                               |                               |     1 | 24278 |   367   (2)| 00:00:05 |
|   2 |   NESTED LOOPS OUTER                                                         |                               |     1 | 24278 |   366   (1)| 00:00:05 |
|   3 |    NESTED LOOPS OUTER                                                        |                               |     1 | 24134 |   365   (1)| 00:00:05 |
|   4 |     NESTED LOOPS OUTER                                                       |                               |     1 | 24058 |   364   (1)| 00:00:05 |
|   5 |      NESTED LOOPS OUTER                                                      |                               |     1 | 21696 |   364   (1)| 00:00:05 |
|   6 |       NESTED LOOPS OUTER                                                     |                               |     1 | 21666 |   362   (1)| 00:00:05 |
|   7 |        NESTED LOOPS OUTER                                                    |                               |     1 | 21636 |   360   (1)| 00:00:05 |
|   8 |         NESTED LOOPS OUTER                                                   |                               |     1 | 21576 |   359   (1)| 00:00:05 |
|   9 |          NESTED LOOPS OUTER                                                  |                               |     1 | 21523 |   358   (1)| 00:00:05 |
|  10 |           NESTED LOOPS OUTER                                                 |                               |     1 | 21478 |   357   (1)| 00:00:05 |
|  11 |            NESTED LOOPS OUTER                                                |                               |     1 | 21437 |   356   (1)| 00:00:05 |
|  12 |             NESTED LOOPS OUTER                                               |                               |     1 | 21382 |   355   (1)| 00:00:05 |
|  13 |              NESTED LOOPS OUTER                                              |                               |     1 | 21299 |   354   (1)| 00:00:05 |
|  14 |               NESTED LOOPS OUTER                                             |                               |     1 | 21219 |   353   (1)| 00:00:05 |
|  15 |                NESTED LOOPS OUTER                                            |                               |     1 | 21166 |   353   (1)| 00:00:05 |
|  16 |                 NESTED LOOPS OUTER                                           |                               |     1 | 21121 |   353   (1)| 00:00:05 |
|  17 |                  NESTED LOOPS OUTER                                          |                               |     1 | 21076 |   352   (1)| 00:00:05 |
|  18 |                   NESTED LOOPS OUTER                                         |                               |     1 | 21031 |   352   (1)| 00:00:05 |
|  19 |                    NESTED LOOPS OUTER                                        |                               |     1 | 20986 |   352   (1)| 00:00:05 |
|  20 |                     NESTED LOOPS OUTER                                       |                               |     1 | 20945 |   352   (1)| 00:00:05 |
|  21 |                      NESTED LOOPS OUTER                                      |                               |     1 | 20890 |   352   (1)| 00:00:05 |
|  22 |                       NESTED LOOPS OUTER                                     |                               |     1 | 20843 |   352   (1)| 00:00:05 |
|  23 |                        HASH JOIN RIGHT OUTER                                 |                               |     1 | 18044 |   352   (1)| 00:00:05 |
|  24 |                         TABLE ACCESS FULL                                    | PAY_BILLER_DATA               |     1 |   339 |     2   (0)| 00:00:01 |
|  25 |                         NESTED LOOPS OUTER                                   |                               |     1 | 17705 |   350   (1)| 00:00:05 |
|  26 |                          NESTED LOOPS OUTER                                  |                               |     1 | 17268 |   350   (1)| 00:00:05 |
|  27 |                           NESTED LOOPS OUTER                                 |                               |     1 | 17081 |   350   (1)| 00:00:05 |
|  28 |                            NESTED LOOPS OUTER                                |                               |     1 | 16511 |   350   (1)| 00:00:05 |
|  29 |                             NESTED LOOPS OUTER                               |                               |     1 | 16341 |   350   (1)| 00:00:05 |
|  30 |                              NESTED LOOPS OUTER                              |                               |     1 | 16154 |   350   (1)| 00:00:05 |
|  31 |                               NESTED LOOPS OUTER                             |                               |     1 | 15584 |   350   (1)| 00:00:05 |
|  32 |                                NESTED LOOPS OUTER                            |                               |     1 | 15336 |   350   (1)| 00:00:05 |
|  33 |                                 NESTED LOOPS OUTER                           |                               |     1 | 14218 |   350   (1)| 00:00:05 |
|  34 |                                  NESTED LOOPS OUTER                          |                               |     1 | 14188 |   349   (1)| 00:00:05 |
|  35 |                                   NESTED LOOPS OUTER                         |                               |     1 | 14100 |   348   (1)| 00:00:05 |
|  36 |                                    NESTED LOOPS OUTER                        |                               |     1 | 14012 |   347   (1)| 00:00:05 |
|  37 |                                     NESTED LOOPS OUTER                       |                               |     1 | 13968 |   346   (1)| 00:00:05 |
|  38 |                                      NESTED LOOPS OUTER                      |                               |     1 | 13880 |   345   (1)| 00:00:05 |
|  39 |                                       NESTED LOOPS OUTER                     |                               |     1 | 13817 |   344   (1)| 00:00:05 |
|  40 |                                        HASH JOIN OUTER                       |                               |     1 | 13811 |   344   (1)| 00:00:05 |
|  41 |                                         NESTED LOOPS OUTER                   |                               |     1 | 13786 |   320   (1)| 00:00:04 |
|  42 |                                          NESTED LOOPS OUTER                  |                               |     1 | 13741 |   319   (1)| 00:00:04 |
|  43 |                                           NESTED LOOPS OUTER                 |                               |     1 | 13696 |   319   (1)| 00:00:04 |
|  44 |                                            NESTED LOOPS OUTER                |                               |     1 | 13651 |   319   (1)| 00:00:04 |
|  45 |                                             NESTED LOOPS OUTER               |                               |     1 | 13606 |   318   (1)| 00:00:04 |
|  46 |                                              NESTED LOOPS OUTER              |                               |     1 | 13539 |   317   (1)| 00:00:04 |
|  47 |                                               NESTED LOOPS OUTER             |                               |     1 | 13463 |   316   (1)| 00:00:04 |
|  48 |                                                NESTED LOOPS OUTER            |                               |     1 | 13418 |   315   (1)| 00:00:04 |
|  49 |                                                 NESTED LOOPS OUTER           |                               |     1 | 13373 |   314   (1)| 00:00:04 |
|  50 |                                                  NESTED LOOPS OUTER          |                               |     1 | 13328 |   313   (1)| 00:00:04 |
|  51 |                                                   NESTED LOOPS OUTER         |                               |     1 | 13283 |   312   (1)| 00:00:04 |
|  52 |                                                    NESTED LOOPS OUTER        |                               |     1 | 13236 |   312   (1)| 00:00:04 |
|  53 |                                                     NESTED LOOPS OUTER       |                               |     1 | 12821 |   312   (1)| 00:00:04 |
|  54 |                                                      NESTED LOOPS OUTER      |                               |     1 | 12774 |   312   (1)| 00:00:04 |
|  55 |                                                       HASH JOIN RIGHT OUTER  |                               |     1 | 12725 |   312   (1)| 00:00:04 |
|  56 |                                                        TABLE ACCESS FULL     | FND_TENANT_APPLICATION_LOCALE |     1 |    30 |     3   (0)| 00:00:01 |
|  57 |                                                        HASH JOIN RIGHT OUTER |                               |     1 | 12695 |   309   (1)| 00:00:04 |
|  58 |                                                         TABLE ACCESS FULL    | FND_TENANT_OPERATING_COUNTRY  |     1 |    28 |     3   (0)| 00:00:01 |
|  59 |                                                         NESTED LOOPS OUTER   |                               |     1 | 12667 |   306   (1)| 00:00:04 |
|  60 |                                                          NESTED LOOPS OUTER  |                               |     1 | 12639 |   305   (1)| 00:00:04 |
|  61 |                                                           NESTED LOOPS OUTER |                               |     1 | 12600 |   304   (1)| 00:00:04 |
|  62 | R                                                          NESTED LOOPS OUTE |                               |     1 | 12575 |   303   (1)| 00:00:04 |
|  63 | ER                                                          NESTED LOOPS OUT |                               |     1 | 12550 |   302   (1)| 00:00:04 |
|  64 | TER                                                          NESTED LOOPS OU |                               |     1 | 12424 |   302   (1)| 00:00:04 |
|  65 | UTER                                                          NESTED LOOPS O |                               |     1 | 12365 |   301   (1)| 00:00:04 |
|  66 | HT OUTER                                                       HASH JOIN RIG |                               |     1 | 12320 |   300   (1)| 00:00:04 |
|  67 |  FULL                                                           TABLE ACCESS | FND_DOCUMENT_DETAIL           |     1 |  2080 |     2   (0)| 00:00:01 |
|  68 |  OUTER                                                          NESTED LOOPS |                               |     1 | 10240 |   298   (1)| 00:00:04 |
|  69 | S OUTER                                                          NESTED LOOP |                               |     1 | 10148 |   298   (1)| 00:00:04 |
|  70 | PS OUTER                                                          NESTED LOO |                               |     1 | 10060 |   298   (1)| 00:00:04 |
|  71 | OPS OUTER                                                          NESTED LO |                               |     1 | 10015 |   297   (1)| 00:00:04 |
|  72 | OOPS OUTER                                                          NESTED L |                               |     1 |  9970 |   296   (1)| 00:00:04 |
|  73 | LOOPS OUTER                                                          NESTED  |                               |     1 |  9915 |   295   (1)| 00:00:04 |
|  74 |  LOOPS OUTER                                                          NESTED |                               |     1 |  9870 |   294   (1)| 00:00:04 |
|  75 | D LOOPS OUTER                                                          NESTE |                               |     1 |  9815 |   293   (1)| 00:00:04 |
|  76 | ED LOOPS OUTER                                                          NEST |                               |     1 |  9771 |   292   (1)| 00:00:04 |
|  77 | TED LOOPS OUTER                                                          NES |                               |     1 |  9688 |   291   (1)| 00:00:04 |
|  78 | SH JOIN OUTER                                                             HA |                               |     1 |  9635 |   290   (1)| 00:00:04 |
|  79 | ESTED LOOPS OUTER                                                          N |                               |     1 |  9623 |   265   (0)| 00:00:04 |
|  80 |.NESTED LOOPS OUTER                                                           |                               |     1 |  9497 |   264   (0)| 00:00:04 |
|  81 |. NESTED LOOPS OUTER                                                          |                               |     1 |  9452 |   263   (0)| 00:00:04 |
|  82 |.  NESTED LOOPS OUTER                                                         |                               |     1 |  9407 |   262   (0)| 00:00:04 |
|  83 |.   NESTED LOOPS OUTER                                                        |                               |     1 |  9362 |   261   (0)| 00:00:04 |
|  84 |.    NESTED LOOPS OUTER                                                       |                               |     1 |  9300 |   260   (0)| 00:00:04 |
|  85 |.     NESTED LOOPS OUTER                                                      |                               |     1 |  9272 |   259   (0)| 00:00:04 |
|  86 |.      NESTED LOOPS OUTER                                                     |                               |     1 |  9146 |   258   (0)| 00:00:04 |
|  87 |.       NESTED LOOPS OUTER                                                    |                               |     1 |  9121 |   257   (0)| 00:00:04 |
|  88 |.        NESTED LOOPS OUTER                                                   |                               |     1 |  9096 |   256   (0)| 00:00:04 |
|  89 |.         NESTED LOOPS                                                        |                               |     1 |  9033 |   256   (0)| 00:00:04 |
|  90 |.          NESTED LOOPS OUTER                                                 |                               |     1 |  8988 |   255   (0)| 00:00:04 |
|  91 |.           NESTED LOOPS OUTER                                                |                               |     1 |  8943 |   255   (0)| 00:00:04 |
|  92 |.            NESTED LOOPS OUTER                                               |                               |     1 |  8898 |   254   (0)| 00:00:04 |
|  93 |.             NESTED LOOPS OUTER                                              |                               |     1 |  8853 |   254   (0)| 00:00:04 |
|  94 |.              NESTED LOOPS OUTER                                             |                               |     1 |  8808 |   253   (0)| 00:00:04 |
|  95 |.               NESTED LOOPS OUTER                                            |                               |     1 |  8763 |   252   (0)| 00:00:04 |
|  96 |.                NESTED LOOPS OUTER                                           |                               |     1 |  8718 |   251   (0)| 00:00:04 |
|  97 |.                 NESTED LOOPS OUTER                                          |                               |     1 |  8673 |   250   (0)| 00:00:03 |
|  98 |.                  NESTED LOOPS OUTER                                         |                               |     1 |  8628 |   249   (0)| 00:00:03 |
|  99 |.                   NESTED LOOPS OUTER                                        |                               |     1 |  8600 |   248   (0)| 00:00:03 |
| 100 |.                    NESTED LOOPS OUTER                                       |                               |     1 |  8538 |   247   (0)| 00:00:03 |
| 101 |.                     NESTED LOOPS OUTER                                      |                               |     1 |  8507 |   247   (0)| 00:00:03 |
| 102 |.                      NESTED LOOPS OUTER                                     |                               |     1 |  8450 |   247   (0)| 00:00:03 |
| 103 |.                       NESTED LOOPS OUTER                                    |                               |     1 |  8405 |   246   (0)| 00:00:03 |
| 104 |.                        NESTED LOOPS OUTER                                   |                               |     1 |  8360 |   245   (0)| 00:00:03 |
| 105 |.                         NESTED LOOPS OUTER                                  |                               |     1 |  8315 |   245   (0)| 00:00:03 |
| 106 |.                          NESTED LOOPS OUTER                                 |                               |     1 |  8235 |   244   (0)| 00:00:03 |
| 107 |.                           NESTED LOOPS OUTER                                |                               |     1 |  8155 |   243   (0)| 00:00:03 |
| 108 |.                            NESTED LOOPS OUTER                               |                               |     1 |  8114 |   242   (0)| 00:00:03 |
| 109 |.                             NESTED LOOPS OUTER                              |                               |     1 |  8073 |   241   (0)| 00:00:03 |
| 110 |.                              NESTED LOOPS OUTER                             |                               |     1 |  8038 |   240   (0)| 00:00:03 |
| 111 |.                               NESTED LOOPS OUTER                            |                               |     1 |  8007 |   239   (0)| 00:00:03 |
| 112 |.                                NESTED LOOPS OUTER                           |                               |     1 |  7979 |   238   (0)| 00:00:03 |
| 113 |.                                 NESTED LOOPS OUTER                          |                               |     1 |  7938 |   237   (0)| 00:00:03 |
| 114 |.                                  NESTED LOOPS OUTER                         |                               |     1 |  7883 |   236   (0)| 00:00:03 |
| 115 |.                                   NESTED LOOPS OUTER                        |                               |     1 |  7855 |   235   (0)| 00:00:03 |
| 116 |.                                    NESTED LOOPS OUTER                       |                               |     1 |  7733 |   234   (0)| 00:00:03 |
| 117 |.                                     NESTED LOOPS OUTER                      |                               |     1 |  7611 |   233   (0)| 00:00:03 |
| 118 |.                                      NESTED LOOPS OUTER                     |                               |     1 |  7562 |   233   (0)| 00:00:03 |
| 119 |.                                       NESTED LOOPS OUTER                    |                               |     1 |  7523 |   233   (0)| 00:00:03 |
| 120 |.                                        NESTED LOOPS OUTER                   |                               |     1 |  7492 |   233   (0)| 00:00:03 |
| 121 |.                                         NESTED LOOPS OUTER                  |                               |     1 |  7458 |   233   (0)| 00:00:03 |
| 122 |.                                          MERGE JOIN OUTER                   |                               |     1 |  7043 |   233   (0)| 00:00:03 |
| 123 |.                                           NESTED LOOPS OUTER                |                               |     1 |  6983 |   232   (0)| 00:00:03 |
| 124 |.                                            HASH JOIN OUTER                  |                               |     1 |  6949 |   232   (0)| 00:00:03 |
| 125 |.                                             HASH JOIN OUTER                 |                               |     1 |  4150 |   230   (0)| 00:00:03 |
| 126 |.                                              HASH JOIN OUTER                |                               |     1 |  3775 |   228   (0)| 00:00:03 |
| 127 |.                                               NESTED LOOPS OUTER            |                               |     1 |   976 |   226   (0)| 00:00:03 |
| 128 |.                                                NESTED LOOPS OUTER           |                               |     1 |   539 |   226   (0)| 00:00:03 |
| 129 |.                                                 TABLE ACCESS BY INDEX ROWID | LIMIT_DEFINITION_DETAIL       |     1 |   124 |   226   (0)| 00:00:03 |
| 130 |.                                                  INDEX SKIP SCAN            | DEFINITION_DETAILS_UK         |     1 |       |   225   (0)| 00:00:03 |
| 131 |.                                                 TABLE ACCESS BY INDEX ROWID | FND_COMPANY                   |     1 |   415 |     0   (0)|          |
| 132 |.                                                  INDEX UNIQUE SCAN          | COMPANY_PK                    |     1 |       |     0   (0)|          |
| 133 |.                                                TABLE ACCESS BY INDEX ROWID  | PAY_BILLER                    |     1 |   437 |     0   (0)|          |
| 134 |.                                                 INDEX UNIQUE SCAN           | BILLER_PK                     |     1 |       |     0   (0)|          |
| 135 |.                                               TABLE ACCESS FULL             | PAY_BILLER_METADATA           |     1 |  2799 |     2   (0)| 00:00:01 |
| 136 |.                                              TABLE ACCESS FULL              | PAY_BILLER_SERVICE            |     1 |   375 |     2   (0)| 00:00:01 |
| 137 |.                                             TABLE ACCESS FULL               | PAY_BILLER_METADATA           |     1 |  2799 |     2   (0)| 00:00:01 |
| 138 |.                                            TABLE ACCESS BY INDEX ROWID      | FND_GROUP                     |     1 |    34 |     0   (0)|          |
| 139 |.                                             INDEX UNIQUE SCAN               | GROUP_PK                      |     1 |       |     0   (0)|          |
| 140 |.                                           BUFFER SORT                       |                               |     1 |    60 |   233   (0)| 00:00:03 |
| 141 |.                                            TABLE ACCESS BY INDEX ROWID      | PAY_BENE                      |     1 |    60 |     1   (0)| 00:00:01 |
| 142 |.                                             INDEX UNIQUE SCAN               | BENE_PK                       |     1 |       |     0   (0)|          |
| 143 |.                                          TABLE ACCESS BY INDEX ROWID        | FND_COMPANY                   |     1 |   415 |     0   (0)|          |
| 144 |.                                           INDEX UNIQUE SCAN                 | COMPANY_PK                    |     1 |       |     0   (0)|          |
| 145 |.                                         TABLE ACCESS BY INDEX ROWID         | FND_GROUP                     |     1 |    34 |     0   (0)|          |
| 146 |.                                          INDEX UNIQUE SCAN                  | GROUP_PK                      |     1 |       |     0   (0)|          |
| 147 |.                                        TABLE ACCESS BY INDEX ROWID          | INF_CHANNEL                   |     1 |    31 |     0   (0)|          |
| 148 |.                                         INDEX UNIQUE SCAN                   | INF_CHANNEL_PK                |     1 |       |     0   (0)|          |
| 149 |.                                       TABLE ACCESS BY INDEX ROWID           | FND_SEGMENT                   |     1 |    39 |     0   (0)|          |
| 150 |.                                        INDEX UNIQUE SCAN                    | SEGMENT_PK                    |     1 |       |     0   (0)|          |
| 151 |.                                      TABLE ACCESS BY INDEX ROWID            | FND_SPECIAL_CATEGORY          |     1 |    49 |     0   (0)|          |
| 152 |.                                       INDEX UNIQUE SCAN                     | SPECIAL_CATEGORY_PK           |     1 |       |     0   (0)|          |
| 153 |.                                     TABLE ACCESS BY INDEX ROWID             | LIMIT_DEFINITION              |     1 |   122 |     1   (0)| 00:00:01 |
| 154 |.                                      INDEX UNIQUE SCAN                      | DEFINITION_PK                 |     1 |       |     0   (0)|          |
| 155 |.                                    TABLE ACCESS BY INDEX ROWID              | LIMIT_DEFINITION              |     1 |   122 |     1   (0)| 00:00:01 |
| 156 |.                                     INDEX UNIQUE SCAN                       | DEFINITION_PK                 |     1 |       |     0   (0)|          |
| 157 |.                                   TABLE ACCESS BY INDEX ROWID               | FND_TENANT_APPLICATION        |     1 |    28 |     1   (0)| 00:00:01 |
| 158 |.                                    INDEX UNIQUE SCAN                        | TENANT_APPLICATION_PK         |     1 |       |     0   (0)|          |
| 159 |.                                  TABLE ACCESS BY INDEX ROWID                | FND_CURRENCY                  |     1 |    55 |     1   (0)| 00:00:01 |
| 160 |.                                   INDEX UNIQUE SCAN                         | CURRENCY_PK                   |     1 |       |     0   (0)|          |
| 161 |.                                 TABLE ACCESS BY INDEX ROWID                 | INF_TENANT_SERVICE            |     1 |    41 |     1   (0)| 00:00:01 |
| 162 |.                                  INDEX UNIQUE SCAN                          | TENANT_SERVICE_PK             |     1 |       |     0   (0)|          |
| 163 |.                                TABLE ACCESS BY INDEX ROWID                  | FND_TENANT_APPLICATION        |     1 |    28 |     1   (0)| 00:00:01 |
| 164 |.                                 INDEX UNIQUE SCAN                           | TENANT_APPLICATION_PK         |     1 |       |     0   (0)|          |
| 165 |.                               TABLE ACCESS BY INDEX ROWID                   | INF_CHANNEL                   |     1 |    31 |     1   (0)| 00:00:01 |
| 166 |.                                INDEX UNIQUE SCAN                            | INF_CHANNEL_PK                |     1 |       |     0   (0)|          |
| 167 |.                              TABLE ACCESS BY INDEX ROWID                    | INF_SERVICE_APPLICATION       |     1 |    35 |     1   (0)| 00:00:01 |
| 168 |.                               INDEX UNIQUE SCAN                             | SERVICE_APPLICATION_PK        |     1 |       |     0   (0)|          |
| 169 |.                             TABLE ACCESS BY INDEX ROWID                     | INF_TENANT_SERVICE            |     1 |    41 |     1   (0)| 00:00:01 |
| 170 |.                              INDEX UNIQUE SCAN                              | TENANT_SERVICE_PK             |     1 |       |     0   (0)|          |
| 171 |.                            TABLE ACCESS BY INDEX ROWID                      | INF_TENANT_SERVICE            |     1 |    41 |     1   (0)| 00:00:01 |
| 172 |.                             INDEX UNIQUE SCAN                               | TENANT_SERVICE_PK             |     1 |       |     0   (0)|          |
| 173 |.                           TABLE ACCESS BY INDEX ROWID                       | INF_SERVICE                   |     1 |    80 |     1   (0)| 00:00:01 |
| 174 |.                            INDEX UNIQUE SCAN                                | SERVICE_PK                    |     1 |       |     0   (0)|          |
| 175 |.                          TABLE ACCESS BY INDEX ROWID                        | INF_SERVICE                   |     1 |    80 |     1   (0)| 00:00:01 |
| 176 |.                           INDEX UNIQUE SCAN                                 | SERVICE_PK                    |     1 |       |     0   (0)|          |
| 177 |.                         TABLE ACCESS BY INDEX ROWID                         | FND_COUNTRY                   |     1 |    45 |     0   (0)|          |
| 178 |.                          INDEX UNIQUE SCAN                                  | COUNTRY_PK                    |     1 |       |     0   (0)|          |
| 179 |.                        TABLE ACCESS BY INDEX ROWID                          | FND_COUNTRY                   |     1 |    45 |     1   (0)| 00:00:01 |
| 180 |.                         INDEX UNIQUE SCAN                                   | COUNTRY_PK                    |     1 |       |     0   (0)|          |
| 181 |.                       TABLE ACCESS BY INDEX ROWID                           | FND_COUNTRY                   |     1 |    45 |     1   (0)| 00:00:01 |

PLAN_TABLE_OUTPUT
------------------------------------------------------------------------------------------------------------------------------------------------------------------------------------------------------------------------------------------------------------------------------------------------------------
| 182 |.                        INDEX UNIQUE SCAN                                    | COUNTRY_PK                    |     1 |       |     0   (0)|          |
| 183 |.                      TABLE ACCESS BY INDEX ROWID                            | FND_TENANT_LOOKUP_VALUE       |     1 |    57 |     0   (0)|          |
| 184 |.                       INDEX UNIQUE SCAN                                     | TENANT_LOOKUP_VALUE_PK        |     1 |       |     0   (0)|          |
| 185 |.                     TABLE ACCESS BY INDEX ROWID                             | INF_CHANNEL                   |     1 |    31 |     0   (0)|          |
| 186 |.                      INDEX UNIQUE SCAN                                      | INF_CHANNEL_PK                |     1 |       |     0   (0)|          |
| 187 |.                    TABLE ACCESS BY INDEX ROWID                              | FND_TENANT_LOOKUP_TYPE        |     1 |    62 |     1   (0)| 00:00:01 |
| 188 |.                     INDEX UNIQUE SCAN                                       | TENANT_LOOKUP_TYPE_PK         |     1 |       |     0   (0)|          |
| 189 |.                   TABLE ACCESS BY INDEX ROWID                               | FND_TENANT_APPLICATION        |     1 |    28 |     1   (0)| 00:00:01 |
| 190 |.                    INDEX UNIQUE SCAN                                        | TENANT_APPLICATION_PK         |     1 |       |     0   (0)|          |
| 191 |.                  TABLE ACCESS BY INDEX ROWID                                | FND_COUNTRY                   |     1 |    45 |     1   (0)| 00:00:01 |
| 192 |.                   INDEX UNIQUE SCAN                                         | COUNTRY_PK                    |     1 |       |     0   (0)|          |
| 193 |.                 TABLE ACCESS BY INDEX ROWID                                 | FND_LOOKUP_VALUE              |     1 |    45 |     1   (0)| 00:00:01 |
| 194 |.                  INDEX UNIQUE SCAN                                          | LOOKUP_VALUE_PK               |     1 |       |     0   (0)|          |
| 195 |.                TABLE ACCESS BY INDEX ROWID                                  | FND_LOOKUP_VALUE              |     1 |    45 |     1   (0)| 00:00:01 |
| 196 |.                 INDEX UNIQUE SCAN                                           | LOOKUP_VALUE_PK               |     1 |       |     0   (0)|          |
| 197 |.               TABLE ACCESS BY INDEX ROWID                                   | FND_LOOKUP_VALUE              |     1 |    45 |     1   (0)| 00:00:01 |
| 198 |.                INDEX UNIQUE SCAN                                            | LOOKUP_VALUE_PK               |     1 |       |     0   (0)|          |
| 199 |.              TABLE ACCESS BY INDEX ROWID                                    | FND_LOOKUP_VALUE              |     1 |    45 |     1   (0)| 00:00:01 |
| 200 |.               INDEX UNIQUE SCAN                                             | LOOKUP_VALUE_PK               |     1 |       |     0   (0)|          |
| 201 |.             TABLE ACCESS BY INDEX ROWID                                     | FND_LOOKUP_VALUE              |     1 |    45 |     0   (0)|          |
| 202 |.              INDEX UNIQUE SCAN                                              | LOOKUP_VALUE_PK               |     1 |       |     0   (0)|          |
| 203 |.            TABLE ACCESS BY INDEX ROWID                                      | FND_LOOKUP_VALUE              |     1 |    45 |     1   (0)| 00:00:01 |
| 204 |.             INDEX UNIQUE SCAN                                               | LOOKUP_VALUE_PK               |     1 |       |     0   (0)|          |
| 205 |.           TABLE ACCESS BY INDEX ROWID                                       | FND_LOOKUP_VALUE              |     1 |    45 |     0   (0)|          |
| 206 |.            INDEX UNIQUE SCAN                                                | LOOKUP_VALUE_PK               |     1 |       |     0   (0)|          |
| 207 |.          TABLE ACCESS BY INDEX ROWID                                        | FND_LOOKUP_VALUE              |     1 |    45 |     1   (0)| 00:00:01 |
| 208 |.           INDEX UNIQUE SCAN                                                 | LOOKUP_VALUE_PK               |     1 |       |     0   (0)|          |
| 209 |.         TABLE ACCESS BY INDEX ROWID                                         | FND_CIF                       |     1 |    63 |     0   (0)|          |
| 210 |.          INDEX UNIQUE SCAN                                                  | CIF_PK                        |     1 |       |     0   (0)|          |
| 211 |.        TABLE ACCESS BY INDEX ROWID                                          | USER_LOGIN_PROFILE_EXTEND     |     1 |    25 |     1   (0)| 00:00:01 |
| 212 |.         INDEX UNIQUE SCAN                                                   | LOGIN_PROFILE_EXTEND_PK       |     1 |       |     0   (0)|          |
| 213 |.       TABLE ACCESS BY INDEX ROWID                                           | USER_LOGIN_PROFILE_EXTEND     |     1 |    25 |     1   (0)| 00:00:01 |
| 214 |.        INDEX UNIQUE SCAN                                                    | LOGIN_PROFILE_EXTEND_PK       |     1 |       |     0   (0)|          |
| 215 |.      TABLE ACCESS BY INDEX ROWID                                            | USER_LOGIN_PROFILE            |     1 |   126 |     1   (0)| 00:00:01 |
| 216 |.       INDEX UNIQUE SCAN                                                     | LOGIN_PROFILE_PK              |     1 |       |     0   (0)|          |
| 217 |.     TABLE ACCESS BY INDEX ROWID                                             | FND_TENANT_APPLICATION        |     1 |    28 |     1   (0)| 00:00:01 |
| 218 |.      INDEX UNIQUE SCAN                                                      | TENANT_APPLICATION_PK         |     1 |       |     0   (0)|          |
| 219 |.    TABLE ACCESS BY INDEX ROWID                                              | FND_TENANT                    |     1 |    62 |     1   (0)| 00:00:01 |
| 220 |.     INDEX UNIQUE SCAN                                                       | TENANT_PK                     |     1 |       |     0   (0)|          |
| 221 |.   TABLE ACCESS BY INDEX ROWID                                               | FND_COUNTRY                   |     1 |    45 |     1   (0)| 00:00:01 |
| 222 |.    INDEX UNIQUE SCAN                                                        | COUNTRY_PK                    |     1 |       |     0   (0)|          |
| 223 |.  TABLE ACCESS BY INDEX ROWID                                                | FND_LOOKUP_VALUE              |     1 |    45 |     1   (0)| 00:00:01 |
| 224 |.   INDEX UNIQUE SCAN                                                         | LOOKUP_VALUE_PK               |     1 |       |     0   (0)|          |
| 225 |. TABLE ACCESS BY INDEX ROWID                                                 | FND_LOOKUP_VALUE              |     1 |    45 |     1   (0)| 00:00:01 |
| 226 |.  INDEX UNIQUE SCAN                                                          | LOOKUP_VALUE_PK               |     1 |       |     0   (0)|          |
| 227 |.TABLE ACCESS BY INDEX ROWID                                                  | USER_LOGIN_PROFILE            |     1 |   126 |     1   (0)| 00:00:01 |
| 228 |. INDEX UNIQUE SCAN                                                           | LOGIN_PROFILE_PK              |     1 |       |     0   (0)|          |
| 229 | ABLE ACCESS FULL                                                           T | FND_CIF_ACCOUNT               | 33093 |   387K|    24   (5)| 00:00:01 |
| 230 | BLE ACCESS BY INDEX ROWID                                                 TA | ACCT_ACCOUNT                  |     1 |    53 |     1   (0)| 00:00:01 |
| 231 | NDEX UNIQUE SCAN                                                           I | ACCOUNT_PK                    |     1 |       |     0   (0)|          |
| 232 | LE ACCESS BY INDEX ROWID                                                 TAB | ACCT_PRODUCT                  |     1 |    83 |     1   (0)| 00:00:01 |
| 233 | DEX UNIQUE SCAN                                                           IN | PRODUCT_PK                    |     1 |       |     0   (0)|          |
| 234 | E ACCESS BY INDEX ROWID                                                 TABL | ACCT_PRODUCT_TYPE             |     1 |    44 |     1   (0)| 00:00:01 |
| 235 | EX UNIQUE SCAN                                                           IND | PRODUCT_TYPE_PK               |     1 |       |     0   (0)|          |
| 236 |  ACCESS BY INDEX ROWID                                                 TABLE | FND_CURRENCY                  |     1 |    55 |     1   (0)| 00:00:01 |
| 237 | X UNIQUE SCAN                                                           INDE | CURRENCY_PK                   |     1 |       |     0   (0)|          |
| 238 | ACCESS BY INDEX ROWID                                                 TABLE  | FND_LOOKUP_VALUE              |     1 |    45 |     1   (0)| 00:00:01 |
| 239 |  UNIQUE SCAN                                                           INDEX | LOOKUP_VALUE_PK               |     1 |       |     0   (0)|          |
| 240 | CCESS BY INDEX ROWID                                                 TABLE A | FND_LOOKUP_TYPE               |     1 |    55 |     1   (0)| 00:00:01 |
| 241 | UNIQUE SCAN                                                           INDEX  | LOOKUP_TYPE_PK                |     1 |       |     0   (0)|          |
| 242 | CESS BY INDEX ROWID                                                 TABLE AC | FND_COUNTRY                   |     1 |    45 |     1   (0)| 00:00:01 |
| 243 | NIQUE SCAN                                                           INDEX U | COUNTRY_PK                    |     1 |       |     0   (0)|          |
| 244 | ESS BY INDEX ROWID                                                 TABLE ACC | FND_LOOKUP_VALUE              |     1 |    45 |     1   (0)| 00:00:01 |
| 245 | IQUE SCAN                                                           INDEX UN | LOOKUP_VALUE_PK               |     1 |       |     0   (0)|          |
| 246 | SS BY INDEX ROWID                                                 TABLE ACCE | FND_CONTACT                   |     1 |    88 |     0   (0)|          |
| 247 | QUE SCAN                                                           INDEX UNI | CONTACT_PK                    |     1 |       |     0   (0)|          |
| 248 | S BY INDEX ROWID                                                 TABLE ACCES | FND_DOCUMENT                  |     1 |    92 |     0   (0)|          |
| 249 | UE SCAN                                                           INDEX UNIQ | DOCUMENT_PK                   |     1 |       |     0   (0)|          |
| 250 | BY INDEX ROWID                                                 TABLE ACCESS  | FND_COUNTRY                   |     1 |    45 |     1   (0)| 00:00:01 |
| 251 |  SCAN                                                           INDEX UNIQUE | COUNTRY_PK                    |     1 |       |     0   (0)|          |
| 252 | Y INDEX ROWID                                                 TABLE ACCESS B | FND_CITY                      |     1 |    59 |     1   (0)| 00:00:01 |
| 253 | SCAN                                                           INDEX UNIQUE  | CITY_PK                       |     1 |       |     0   (0)|          |
| 254 |  INDEX ROWID                                                 TABLE ACCESS BY | USER_LOGIN_PROFILE            |     1 |   126 |     0   (0)|          |
| 255 | CAN                                                           INDEX UNIQUE S | LOGIN_PROFILE_PK              |     1 |       |     0   (0)|          |
| 256 | INDEX ROWID                                                 TABLE ACCESS BY  | USER_CONTACT_DETAIL           |     1 |    25 |     1   (0)| 00:00:01 |
| 257 | AN                                                           INDEX UNIQUE SC | CONTACT_DETAIL_PK             |     1 |       |     0   (0)|          |
| 258 | NDEX ROWID                                                 TABLE ACCESS BY I | USER_LOGIN_PROFILE_EXTEND     |     1 |    25 |     1   (0)| 00:00:01 |
| 259 | N                                                           INDEX UNIQUE SCA | LOGIN_PROFILE_EXTEND_PK       |     1 |       |     0   (0)|          |
| 260 | DEX ROWID                                                 TABLE ACCESS BY IN | FND_SEGMENT                   |     1 |    39 |     1   (0)| 00:00:01 |
| 261 |                                                            INDEX UNIQUE SCAN | SEGMENT_PK                    |     1 |       |     0   (0)|          |
| 262 | EX ROWID                                                 TABLE ACCESS BY IND | FND_TENANT_APPLICATION        |     1 |    28 |     1   (0)| 00:00:01 |
| 263 |                                                           INDEX UNIQUE SCAN  | TENANT_APPLICATION_PK         |     1 |       |     0   (0)|          |
| 264 | ROWID                                                 TABLE ACCESS BY INDEX  | FND_SPECIAL_CATEGORY          |     1 |    49 |     0   (0)|          |
| 265 |                                                        INDEX UNIQUE SCAN     | SPECIAL_CATEGORY_PK           |     1 |       |     0   (0)|          |
| 266 | OWID                                                 TABLE ACCESS BY INDEX R | FND_DEPARTMENT                |     1 |    47 |     0   (0)|          |
| 267 |                                                       INDEX UNIQUE SCAN      | DEPARTMENT_PK                 |     1 |       |     0   (0)|          |
| 268 | WID                                                 TABLE ACCESS BY INDEX RO | FND_COMPANY                   |     1 |   415 |     0   (0)|          |
| 269 |                                                      INDEX UNIQUE SCAN       | COMPANY_PK                    |     1 |       |     0   (0)|          |
| 270 | ID                                                 TABLE ACCESS BY INDEX ROW | FND_DEPARTMENT                |     1 |    47 |     0   (0)|          |
| 271 |                                                     INDEX UNIQUE SCAN        | DEPARTMENT_PK                 |     1 |       |     0   (0)|          |
| 272 | D                                                 TABLE ACCESS BY INDEX ROWI | FND_COUNTRY                   |     1 |    45 |     1   (0)| 00:00:01 |
| 273 |                                                    INDEX UNIQUE SCAN         | COUNTRY_PK                    |     1 |       |     0   (0)|          |
| 274 |                                                  TABLE ACCESS BY INDEX ROWID | FND_LOOKUP_VALUE              |     1 |    45 |     1   (0)| 00:00:01 |
| 275 |                                                   INDEX UNIQUE SCAN          | LOOKUP_VALUE_PK               |     1 |       |     0   (0)|          |
| 276 |                                                 TABLE ACCESS BY INDEX ROWID  | FND_LOOKUP_VALUE              |     1 |    45 |     1   (0)| 00:00:01 |
| 277 |                                                  INDEX UNIQUE SCAN           | LOOKUP_VALUE_PK               |     1 |       |     0   (0)|          |
| 278 |                                                TABLE ACCESS BY INDEX ROWID   | FND_LOOKUP_VALUE              |     1 |    45 |     1   (0)| 00:00:01 |
| 279 |                                                 INDEX UNIQUE SCAN            | LOOKUP_VALUE_PK               |     1 |       |     0   (0)|          |
| 280 |                                               TABLE ACCESS BY INDEX ROWID    | FND_TENANT_BRANCH             |     1 |    76 |     1   (0)| 00:00:01 |
| 281 |                                                INDEX UNIQUE SCAN             | TENANT_BRANCH_PK              |     1 |       |     0   (0)|          |
| 282 |                                              TABLE ACCESS BY INDEX ROWID     | USER_PROFILE                  |     1 |    67 |     1   (0)| 00:00:01 |
| 283 |                                               INDEX UNIQUE SCAN              | PROFILE_PK                    |     1 |       |     0   (0)|          |
| 284 |                                             TABLE ACCESS BY INDEX ROWID      | FND_LOOKUP_VALUE              |     1 |    45 |     1   (0)| 00:00:01 |
| 285 |                                              INDEX UNIQUE SCAN               | LOOKUP_VALUE_PK               |     1 |       |     0   (0)|          |
| 286 |                                            TABLE ACCESS BY INDEX ROWID       | FND_LOOKUP_VALUE              |     1 |    45 |     0   (0)|          |
| 287 |                                             INDEX UNIQUE SCAN                | LOOKUP_VALUE_PK               |     1 |       |     0   (0)|          |
| 288 |                                           TABLE ACCESS BY INDEX ROWID        | FND_LOOKUP_VALUE              |     1 |    45 |     0   (0)|          |
| 289 |                                            INDEX UNIQUE SCAN                 | LOOKUP_VALUE_PK               |     1 |       |     0   (0)|          |
| 290 |                                          TABLE ACCESS BY INDEX ROWID         | FND_LOOKUP_VALUE              |     1 |    45 |     1   (0)| 00:00:01 |
| 291 |                                           INDEX UNIQUE SCAN                  | LOOKUP_VALUE_PK               |     1 |       |     0   (0)|          |
| 292 |                                         TABLE ACCESS FULL                    | USER_CIF                      | 18368 |   448K|    24   (5)| 00:00:01 |
| 293 |                                        INDEX UNIQUE SCAN                     | PROFILE_EXTEND_PK             |     1 |     6 |     0   (0)|          |
| 294 |                                       TABLE ACCESS BY INDEX ROWID            | FND_CIF                       |     1 |    63 |     1   (0)| 00:00:01 |
| 295 |                                        INDEX UNIQUE SCAN                     | CIF_PK                        |     1 |       |     0   (0)|          |
| 296 |                                      TABLE ACCESS BY INDEX ROWID             | FND_CONTACT                   |     1 |    88 |     1   (0)| 00:00:01 |
| 297 |                                       INDEX UNIQUE SCAN                      | CONTACT_PK                    |     1 |       |     0   (0)|          |
| 298 |                                     TABLE ACCESS BY INDEX ROWID              | FND_STATE                     |     1 |    44 |     1   (0)| 00:00:01 |
| 299 |                                      INDEX UNIQUE SCAN                       | STATE_PK                      |     1 |       |     0   (0)|          |
| 300 |                                    TABLE ACCESS BY INDEX ROWID               | FND_CONTACT                   |     1 |    88 |     1   (0)| 00:00:01 |
| 301 |                                     INDEX UNIQUE SCAN                        | CONTACT_PK                    |     1 |       |     0   (0)|          |
| 302 |                                   TABLE ACCESS BY INDEX ROWID                | FND_CONTACT                   |     1 |    88 |     1   (0)| 00:00:01 |
| 303 |                                    INDEX UNIQUE SCAN                         | CONTACT_PK                    |     1 |       |     0   (0)|          |
| 304 |                                  TABLE ACCESS BY INDEX ROWID                 | PAY_PAYEE_INSTRUCTION         |     1 |    30 |     1   (0)| 00:00:01 |
| 305 |                                   INDEX UNIQUE SCAN                          | PAY_PAYEE_INSTRUCTION_PK      |     1 |       |     0   (0)|          |
| 306 |                                 TABLE ACCESS BY INDEX ROWID                  | PAY_PG_INSTRUCTION            |     1 |  1118 |     0   (0)|          |
| 307 |                                  INDEX UNIQUE SCAN                           | PAY_PG_INSTRUCTION_PK         |     1 |       |     0   (0)|          |
| 308 |                                TABLE ACCESS BY INDEX ROWID                   | PAY_BILLER_INSTRUCTION        |     1 |   248 |     0   (0)|          |
| 309 |                                 INDEX UNIQUE SCAN                            | BILLER_INSTRUCTION_PK         |     1 |       |     0   (0)|          |
| 310 |                               TABLE ACCESS BY INDEX ROWID                    | PG_AGGREGATOR_MASTER          |     1 |   570 |     0   (0)|          |
| 311 |                                INDEX UNIQUE SCAN                             | PG_AGGREGATOR_MASTER_PK       |     1 |       |     0   (0)|          |
| 312 |                              TABLE ACCESS BY INDEX ROWID                     | PG_MERCHANT_MASTER            |     1 |   187 |     0   (0)|          |
| 313 |                               INDEX UNIQUE SCAN                              | PG_MERCHANT_MASTER_PK         |     1 |       |     0   (0)|          |
| 314 |                             TABLE ACCESS BY INDEX ROWID                      | PG_MER_AGG_MAPPING_MASTER     |     1 |   170 |     0   (0)|          |
| 315 |                              INDEX UNIQUE SCAN                               | PG_MER_AGG_MAPPING_MASTER_PK  |     1 |       |     0   (0)|          |
| 316 |                            TABLE ACCESS BY INDEX ROWID                       | PG_AGGREGATOR_MASTER          |     1 |   570 |     0   (0)|          |
| 317 |                             INDEX UNIQUE SCAN                                | PG_AGGREGATOR_MASTER_PK       |     1 |       |     0   (0)|          |
| 318 |                           TABLE ACCESS BY INDEX ROWID                        | PG_MERCHANT_MASTER            |     1 |   187 |     0   (0)|          |
| 319 |                            INDEX UNIQUE SCAN                                 | PG_MERCHANT_MASTER_PK         |     1 |       |     0   (0)|          |
| 320 |                          TABLE ACCESS BY INDEX ROWID                         | PAY_BILLER                    |     1 |   437 |     0   (0)|          |
| 321 |                           INDEX UNIQUE SCAN                                  | BILLER_PK                     |     1 |       |     0   (0)|          |
| 322 |                        TABLE ACCESS BY INDEX ROWID                           | PAY_BILLER_METADATA           |     1 |  2799 |     0   (0)|          |
| 323 |                         INDEX UNIQUE SCAN                                    | BILLER_METADATA_PK            |     1 |       |     0   (0)|          |
| 324 |                       TABLE ACCESS BY INDEX ROWID                            | PG_BILLER_BUSINESS_SUB_CAT    |     1 |    47 |     0   (0)|          |
| 325 |                        INDEX UNIQUE SCAN                                     | PG_BILLER_BUSINESS_SUB_CAT_PK |     1 |       |     0   (0)|          |
| 326 |                      TABLE ACCESS BY INDEX ROWID                             | FND_CURRENCY                  |     1 |    55 |     0   (0)|          |
| 327 |                       INDEX UNIQUE SCAN                                      | CURRENCY_PK                   |     1 |       |     0   (0)|          |
| 328 |                     TABLE ACCESS BY INDEX ROWID                              | INF_TENANT_SERVICE            |     1 |    41 |     0   (0)|          |
| 329 |                      INDEX UNIQUE SCAN                                       | TENANT_SERVICE_PK             |     1 |       |     0   (0)|          |
| 330 |                    TABLE ACCESS BY INDEX ROWID                               | FND_LOOKUP_VALUE              |     1 |    45 |     0   (0)|          |
| 331 |                     INDEX UNIQUE SCAN                                        | LOOKUP_VALUE_PK               |     1 |       |     0   (0)|          |
| 332 |                   TABLE ACCESS BY INDEX ROWID                                | FND_LOOKUP_VALUE              |     1 |    45 |     0   (0)|          |
| 333 |                    INDEX UNIQUE SCAN                                         | LOOKUP_VALUE_PK               |     1 |       |     0   (0)|          |
| 334 |                  TABLE ACCESS BY INDEX ROWID                                 | FND_LOOKUP_VALUE              |     1 |    45 |     1   (0)| 00:00:01 |
| 335 |                   INDEX UNIQUE SCAN                                          | LOOKUP_VALUE_PK               |     1 |       |     0   (0)|          |
| 336 |                 TABLE ACCESS BY INDEX ROWID                                  | FND_LOOKUP_VALUE              |     1 |    45 |     0   (0)|          |
| 337 |                  INDEX UNIQUE SCAN                                           | LOOKUP_VALUE_PK               |     1 |       |     0   (0)|          |
| 338 |                TABLE ACCESS BY INDEX ROWID                                   | ACCT_ACCOUNT                  |     1 |    53 |     0   (0)|          |
| 339 |                 INDEX UNIQUE SCAN                                            | ACCOUNT_PK                    |     1 |       |     0   (0)|          |
| 340 |               TABLE ACCESS BY INDEX ROWID                                    | PAY_BENE_INSTRUCTION          |     1 |    80 |     1   (0)| 00:00:01 |
| 341 |                INDEX UNIQUE SCAN                                             | BENE_INSTRUCTION_PK           |     1 |       |     0   (0)|          |
| 342 |              TABLE ACCESS BY INDEX ROWID                                     | ACCT_PRODUCT                  |     1 |    83 |     1   (0)| 00:00:01 |
| 343 |               INDEX UNIQUE SCAN                                              | PRODUCT_PK                    |     1 |       |     0   (0)|          |
| 344 |             TABLE ACCESS BY INDEX ROWID                                      | FND_CURRENCY                  |     1 |    55 |     1   (0)| 00:00:01 |
| 345 |              INDEX UNIQUE SCAN                                               | CURRENCY_PK                   |     1 |       |     0   (0)|          |
| 346 |            TABLE ACCESS BY INDEX ROWID                                       | INF_TENANT_SERVICE            |     1 |    41 |     1   (0)| 00:00:01 |
| 347 |             INDEX UNIQUE SCAN                                                | TENANT_SERVICE_PK             |     1 |       |     0   (0)|          |
| 348 |           TABLE ACCESS BY INDEX ROWID                                        | FND_LOOKUP_VALUE              |     1 |    45 |     1   (0)| 00:00:01 |
| 349 |            INDEX UNIQUE SCAN                                                 | LOOKUP_VALUE_PK               |     1 |       |     0   (0)|          |
| 350 |          TABLE ACCESS BY INDEX ROWID                                         | ACCT_ACCOUNT                  |     1 |    53 |     1   (0)| 00:00:01 |
| 351 |           INDEX UNIQUE SCAN                                                  | ACCOUNT_PK                    |     1 |       |     0   (0)|          |
| 352 |         TABLE ACCESS BY INDEX ROWID                                          | PAY_BENE                      |     1 |    60 |     1   (0)| 00:00:01 |
| 353 |          INDEX UNIQUE SCAN                                                   | BENE_PK                       |     1 |       |     0   (0)|          |
| 354 |        TABLE ACCESS BY INDEX ROWID                                           | PAY_PAYEE_BANK_BRANCH         |     1 |    30 |     2   (0)| 00:00:01 |
| 355 |         INDEX UNIQUE SCAN                                                    | PAY_PAYEE_BANK_BRANCH_PK      |     1 |       |     1   (0)| 00:00:01 |
| 356 |       TABLE ACCESS BY INDEX ROWID                                            | PAY_PAYEE_BANK_BRANCH         |     1 |    30 |     2   (0)| 00:00:01 |
| 357 |        INDEX UNIQUE SCAN                                                     | PAY_PAYEE_BANK_BRANCH_PK      |     1 |       |     1   (0)| 00:00:01 |
| 358 |      TABLE ACCESS BY INDEX ROWID                                             | PAY_FOREIGN_BANK_BRANCH       |     1 |  2362 |     0   (0)|          |
| 359 |       INDEX UNIQUE SCAN                                                      | FOREIGN_BANK_BRANCH_PK        |     1 |       |     0   (0)|          |
| 360 |     TABLE ACCESS BY INDEX ROWID                                              | FND_TENANT_BRANCH             |     1 |    76 |     1   (0)| 00:00:01 |
| 361 |      INDEX UNIQUE SCAN                                                       | TENANT_BRANCH_PK              |     1 |       |     0   (0)|          |
| 362 |    TABLE ACCESS BY INDEX ROWID                                               | PAY_DOMESTIC_BANK_BRANCH      |     1 |   144 |     1   (0)| 00:00:01 |
| 363 |     INDEX UNIQUE SCAN                                                        | DOMESTIC_BANK_BRANCH_PK       |     1 |       |     0   (0)|          |
--------------------------------------------------------------------------------------------------------------------------------------------------------------

SQL_ID d9drmngtc7txj
--------------------
/* load com.vayana.ib.bm.core.api.model.payment.LimitDefinitionDetail
*/ select limitdefin0_.id as id1_153_111_, limitdefin0_."VERSION" as
VERSION2_153_111_, limitdefin0_.AUTH_BY as AUTH43_153_111_,
limitdefin0_.AUTH_DATE as AUTH3_153_111_, limitdefin0_.CREATED_BY as
CREATED44_153_111_, limitdefin0_.CREATED_DATE as CREATED4_153_111_,
limitdefin0_.MODIFIED_BY as MODIFIE45_153_111_,
limitdefin0_.MODIFIED_DATE as MODIFIED5_153_111_,
limitdefin0_.CHANNEL_ID as CHANNEL46_153_111_, limitdefin0_.CODE as
CODE6_153_111_, limitdefin0_.COMPANY_ID as COMPANY47_153_111_,
limitdefin0_.CIF_ID as CIF48_153_111_, limitdefin0_.DESCRIPTION as
DESCRIPT7_153_111_, limitdefin0_.EFFECTIVE_FROM_DATE as

PLAN_TABLE_OUTPUT
------------------------------------------------------------------------------------------------------------------------------------------------------------------------------------------------------------------------------------------------------------------------------------------------------------
EFFECTIV8_153_111_, limitdefin0_.EFFECTIVE_TO_DATE as
EFFECTIV9_153_111_, limitdefin0_.GLO_DAILY_MAX_TRX_AMOUNT as
GLO10_153_111_, limitdefin0_.GLO_DAILY_MAX_TRX_ALLOWED as
GLO11_153_111_, limitdefin0_.GLO_FORTNIGHT_MAX_TRX_AMOUNT as
GLO12_153_111_, limitdefin0_.GLO_FORTNIGHT_MAX_TRX_ALLOWED as
GLO13_153_111_, limitdefin0_.GLO_HALFERLY_MAX_TRX_AMOUNT as
GLO14_153_111_, limitdefin0_.GLO_HALFERLY_MAX_TRX_ALLOWED as
GLO15_153_111_, limitdefin0_.GLO_MAX_TRX_AMOUNT as GLO16_153_111_,
limitdefin0_.GLO_MIN_TRX_AMOUNT as GLO17_153_111_,
limitdefin0_.GLO_MONTHLY_MAX_TRX_AMOUNT as GLO18_153_111_,
limitdefin0_.GLO_MONTHLY_MAX_TRX_ALLOWED as GLO19_153_111_,
limitdefin0_.GLO_QUATERLY_MAX_TRX_AMOUNT as GLO20_153_111_,
limitdefin0_.GLO_QUATERLY_MAX_TRX_ALLOWED as GLO21_153_111_,
limitdefin0_.GLO_WEEKLY_MAX_TRX_AMOUNT as GLO22_153_111_,
limitdefin0_.GLO_WEEKLY_MAX_TRX_ALLOWED as GLO23_153_111_,
limitdefin0_.GLO_YEARLY_MAX_TRX_AMOUNT as GLO24_153_111_,
limitdefin0_.GLO_YEARLY_MAX_TRX_ALLOWED as GLO25_153_111_,
limitdefin0_.GROUP_ID as GROUP49_153_111_,
limitdefin0_.LOGIN_PROFILE_ID as LOGIN50_153_111_,
limitdefin0_.DEFINITION_ID as DEFINIT51_153_111_,
limitdefin0_.LIMIT_DEFINITION_TYPE as LIMIT26_153_111_,
limitdefin0_.BENE_ID as BENE52_153_111_, limitdefin0_.BILLER_ID as
BILLER53_153_111_, limitdefin0_.PAYEE_INSTRUCTION_ID as
PAYEE54_153_111_, limitdefin0_.REG_DAILY_MAX_TRX_AMOUNT as
REG27_153_111_, limitdefin0_.REG_DAILY_MAX_TRX_ALLOWED as
REG28_153_111_, limitdefin0_.REG_FORTNIGHT_MAX_TRX_AMOUNT as
REG29_153_111_, limitdefin0_.REG_FORTNIGHT_MAX_TRX_ALLOWED as
REG30_153_111_, limitdefin0_.REG_HALFERLY_MAX_TRX_AMOUNT as
REG31_153_111_, limitdefin0_.REG_HALFERLY_MAX_TRX_ALLOWED as
REG32_153_111_, limitdefin0_.REG_MAX_TRX_AMOUNT as REG33_153_111_,
limitdefin0_.REG_MIN_TRX_AMOUNT as REG34_153_111_,
limitdefin0_.REG_MONTHLY_MAX_TRX_AMOUNT as REG35_153_111_,
limitdefin0_.REG_MONTHLY_MAX_TRX_ALLOWED as REG36_153_111_,
limitdefin0_.REG_QUATERLY_MAX_TRX_AMOUNT as REG37_153_111_,
limitdefin0_.REG_QUATERLY_MAX_TRX_ALLOWED as REG38_153_111_,
limitdefin0_.REG_WEEKLY_MAX_TRX_AMOUNT as REG39_153_111_,
limitdefin0_.REG_WEEKLY_MAX_TRX_ALLOWED as REG40_153_111_,
limitdefin0_.REG_YEARLY_MAX_TRX_AMOUNT as REG41_153_111_,
limitdefin0_.REG_YEARLY_MAX_TRX_ALLOWED as REG42_153_111_,
limitdefin0_.SEGMENT_ID as SEGMENT55_153_111_,
limitdefin0_.SPECIAL_CATEGORY_ID as SPECIAL56_153_111_,
limitdefin0_.STATUS_ID as STATUS57_153_111_, channel1_.id as id1_95_0_,
channel1_."VERSION" as VERSION2_95_0_, channel1_.AUTH_BY as
AUTH8_95_0_, channel1_.AUTH_DATE as AUTH3_95_0_, channel1_.CREATED_BY
as CREATED9_95_0_, channel1_.CREATED_DATE as CREATED4_95_0_,
channel1_.MODIFIED_BY as MODIFIE10_95_0_, channel1_.MODIFIED_DATE as
MODIFIED5_95_0_, channel1_.CODE as CODE6_95_0_, channel1_.DESCRIPTION
as DESCRIPT7_95_0_, company2_.id as id1_39_1_, company2_."VERSION" as
VERSION2_39_1_, company2_.AUTH_BY as AUTH8_39_1_, company2_.AUTH_DATE
as AUTH3_39_1_, company2_.CREATED_BY as CREATED9_39_1_,
company2_.CREATED_DATE as CREATED4_39_1_, company2_.MODIFIED_BY as
MODIFIE10_39_1_, company2_.MODIFIED_DATE as MODIFIED5_39_1_,
company2_.AUTH_MATRIX_ID as AUTH11_39_1_, company2_.CHANNEL_ID as
CHANNEL12_39_1_, company2_.CODE as CODE6_39_1_, company2_.CONTACT_ID as
CONTACT13_39_1_, company2_.COUNTRY_ID as COUNTRY14_39_1_, co

Plan hash value: 2269713747

--------------------------------------------------------------------------------------------------------------------------------------------------------------
| Id  | Operation                                                                    | Name                          | Rows  | Bytes | Cost (%CPU)| Time     |
--------------------------------------------------------------------------------------------------------------------------------------------------------------
|   0 | SELECT STATEMENT                                                             |                               |       |       |   374 (100)|          |
|   1 |  SORT ORDER BY                                                               |                               |     2 | 48556 |   374   (2)| 00:00:05 |
|   2 |   NESTED LOOPS OUTER                                                         |                               |     2 | 48556 |   373   (1)| 00:00:05 |
|   3 |    NESTED LOOPS OUTER                                                        |                               |     2 | 48466 |   372   (1)| 00:00:05 |
|   4 |     NESTED LOOPS OUTER                                                       |                               |     2 | 48356 |   370   (1)| 00:00:05 |
|   5 |      NESTED LOOPS OUTER                                                      |                               |     2 | 48266 |   368   (1)| 00:00:05 |
|   6 |       NESTED LOOPS OUTER                                                     |                               |     2 | 48176 |   366   (1)| 00:00:05 |
|   7 |        NESTED LOOPS OUTER                                                    |                               |     2 | 48088 |   364   (1)| 00:00:05 |
|   8 |         NESTED LOOPS OUTER                                                   |                               |     2 | 47922 |   362   (1)| 00:00:05 |
|   9 |          NESTED LOOPS OUTER                                                  |                               |     2 | 47812 |   360   (1)| 00:00:05 |
|  10 |           HASH JOIN OUTER                                                    |                               |     2 | 47706 |   358   (1)| 00:00:05 |
|  11 |            HASH JOIN RIGHT OUTER                                             |                               |     1 | 23841 |   334   (1)| 00:00:05 |
|  12 |             TABLE ACCESS FULL                                                | FND_DOCUMENT_DETAIL           |     1 |  2080 |     2   (0)| 00:00:01 |
|  13 |             NESTED LOOPS OUTER                                               |                               |     1 | 21761 |   332   (1)| 00:00:04 |
|  14 |              HASH JOIN OUTER                                                 |                               |     1 | 21698 |   331   (1)| 00:00:04 |
|  15 |               HASH JOIN RIGHT OUTER                                          |                               |     1 | 21673 |   307   (1)| 00:00:04 |
|  16 |                TABLE ACCESS FULL                                             | FND_TENANT_APPLICATION_LOCALE |     1 |    30 |     3   (0)| 00:00:01 |
|  17 |                NESTED LOOPS OUTER                                            |                               |     1 | 21643 |   304   (1)| 00:00:04 |
|  18 |                 HASH JOIN RIGHT OUTER                                        |                               |     1 | 21598 |   303   (1)| 00:00:04 |
|  19 |                  TABLE ACCESS FULL                                           | FND_TENANT_OPERATING_COUNTRY  |     1 |    28 |     3   (0)| 00:00:01 |
|  20 |                  NESTED LOOPS OUTER                                          |                               |     1 | 21570 |   300   (1)| 00:00:04 |
|  21 |                   NESTED LOOPS OUTER                                         |                               |     1 | 21539 |   300   (1)| 00:00:04 |
|  22 |                    NESTED LOOPS OUTER                                        |                               |     1 | 21494 |   299   (1)| 00:00:04 |
|  23 |                     NESTED LOOPS OUTER                                       |                               |     1 | 21466 |   298   (1)| 00:00:04 |
|  24 |                      NESTED LOOPS OUTER                                      |                               |     1 | 21404 |   297   (1)| 00:00:04 |
|  25 |                       HASH JOIN RIGHT OUTER                                  |                               |     1 | 21347 |   297   (1)| 00:00:04 |
|  26 |                        TABLE ACCESS FULL                                     | PAY_BILLER_METADATA           |     1 |  2799 |     2   (0)| 00:00:01 |
|  27 |                        HASH JOIN RIGHT OUTER                                 |                               |     1 | 18548 |   294   (0)| 00:00:04 |
|  28 |                         TABLE ACCESS FULL                                    | PAY_BILLER_METADATA           |     1 |  2799 |     2   (0)| 00:00:01 |
|  29 |                         HASH JOIN RIGHT OUTER                                |                               |     1 | 15749 |   292   (0)| 00:00:04 |
|  30 |                          TABLE ACCESS FULL                                   | PAY_BILLER_SERVICE            |     1 |   375 |     2   (0)| 00:00:01 |
|  31 |                          NESTED LOOPS OUTER                                  |                               |     1 | 15374 |   290   (0)| 00:00:04 |
|  32 |                           HASH JOIN RIGHT OUTER                              |                               |     1 | 12575 |   290   (0)| 00:00:04 |
|  33 |                            TABLE ACCESS FULL                                 | PAY_BILLER_DATA               |     1 |   339 |     2   (0)| 00:00:01 |
|  34 |                            NESTED LOOPS OUTER                                |                               |     1 | 12236 |   288   (0)| 00:00:04 |
|  35 |                             NESTED LOOPS OUTER                               |                               |     1 | 12205 |   288   (0)| 00:00:04 |
|  36 |                              NESTED LOOPS OUTER                              |                               |     1 | 11790 |   288   (0)| 00:00:04 |
|  37 |                               NESTED LOOPS OUTER                             |                               |     1 | 11727 |   288   (0)| 00:00:04 |
|  38 |                                NESTED LOOPS OUTER                            |                               |     1 | 11682 |   288   (0)| 00:00:04 |
|  39 |                                 NESTED LOOPS OUTER                           |                               |     1 | 11648 |   288   (0)| 00:00:04 |
|  40 |                                  NESTED LOOPS OUTER                          |                               |     1 | 11603 |   287   (0)| 00:00:04 |
|  41 |                                   NESTED LOOPS OUTER                         |                               |     1 | 11558 |   286   (0)| 00:00:04 |
|  42 |                                    NESTED LOOPS OUTER                        |                               |     1 | 11499 |   285   (0)| 00:00:04 |
|  43 |                                     NESTED LOOPS OUTER                       |                               |     1 | 11454 |   284   (0)| 00:00:04 |
|  44 |                                      NESTED LOOPS OUTER                      |                               |     1 | 11362 |   284   (0)| 00:00:04 |
|  45 |                                       NESTED LOOPS OUTER                     |                               |     1 | 10947 |   284   (0)| 00:00:04 |
|  46 |                                        NESTED LOOPS OUTER                    |                               |     1 | 10902 |   283   (0)| 00:00:04 |
|  47 |                                         NESTED LOOPS OUTER                   |                               |     1 | 10855 |   283   (0)| 00:00:04 |
|  48 |                                          NESTED LOOPS OUTER                  |                               |     1 | 10808 |   283   (0)| 00:00:04 |
|  49 |                                           NESTED LOOPS OUTER                 |                               |     1 | 10763 |   282   (0)| 00:00:04 |
|  50 |                                            NESTED LOOPS OUTER                |                               |     1 | 10735 |   281   (0)| 00:00:04 |
|  51 |                                             NESTED LOOPS OUTER               |                               |     1 | 10696 |   280   (0)| 00:00:04 |
|  52 |                                              NESTED LOOPS OUTER              |                               |     1 | 10647 |   280   (0)| 00:00:04 |
|  53 |                                               NESTED LOOPS OUTER             |                               |     1 | 10617 |   278   (0)| 00:00:04 |
|  54 |                                                NESTED LOOPS OUTER            |                               |     1 | 10529 |   277   (0)| 00:00:04 |
|  55 |                                                 NESTED LOOPS OUTER           |                               |     1 | 10453 |   276   (0)| 00:00:04 |
|  56 |                                                  NESTED LOOPS OUTER          |                               |     1 | 10408 |   275   (0)| 00:00:04 |
|  57 |                                                   NESTED LOOPS OUTER         |                               |     1 | 10383 |   274   (0)| 00:00:04 |
|  58 |                                                    NESTED LOOPS OUTER        |                               |     1 | 10339 |   273   (0)| 00:00:04 |
|  59 |                                                     NESTED LOOPS OUTER       |                               |     1 | 10251 |   272   (0)| 00:00:04 |
|  60 |                                                      NESTED LOOPS OUTER      |                               |     1 | 10226 |   271   (0)| 00:00:04 |
|  61 |                                                       NESTED LOOPS OUTER     |                               |     1 | 10220 |   271   (0)| 00:00:04 |
|  62 |                                                        NESTED LOOPS OUTER    |                               |     1 | 10175 |   270   (0)| 00:00:04 |
|  63 |                                                         NESTED LOOPS OUTER   |                               |     1 | 10130 |   270   (0)| 00:00:04 |
|  64 |                                                          NESTED LOOPS OUTER  |                               |     1 | 10085 |   270   (0)| 00:00:04 |
|  65 |                                                           NESTED LOOPS OUTER |                               |     1 | 10040 |   269   (0)| 00:00:04 |
|  66 | R                                                          NESTED LOOPS OUTE |                               |     1 |  9973 |   268   (0)| 00:00:04 |
|  67 | ER                                                          NESTED LOOPS OUT |                               |     1 |  9847 |   268   (0)| 00:00:04 |
|  68 | TER                                                          NESTED LOOPS OU |                               |     1 |  9759 |   268   (0)| 00:00:04 |
|  69 | UTER                                                          NESTED LOOPS O |                               |     1 |  9714 |   267   (0)| 00:00:04 |
|  70 | OUTER                                                          NESTED LOOPS  |                               |     1 |  9652 |   266   (0)| 00:00:04 |
|  71 |  OUTER                                                          NESTED LOOPS |                               |     1 |  9624 |   265   (0)| 00:00:04 |
|  72 | S OUTER                                                          NESTED LOOP |                               |     1 |  9498 |   264   (0)| 00:00:04 |
|  73 | PS OUTER                                                          NESTED LOO |                               |     1 |  9473 |   263   (0)| 00:00:04 |
|  74 | OPS OUTER                                                          NESTED LO |                               |     1 |  9428 |   262   (0)| 00:00:04 |
|  75 | OOPS OUTER                                                          NESTED L |                               |     1 |  9373 |   261   (0)| 00:00:04 |
|  76 | LOOPS OUTER                                                          NESTED  |                               |     1 |  9342 |   260   (0)| 00:00:04 |
|  77 |  LOOPS OUTER                                                          NESTED |                               |     1 |  9297 |   259   (0)| 00:00:04 |
|  78 | D LOOPS OUTER                                                          NESTE |                               |     1 |  9252 |   258   (0)| 00:00:04 |
|  79 | ED LOOPS OUTER                                                          NEST |                               |     1 |  9172 |   257   (0)| 00:00:04 |
|  80 | TED LOOPS OUTER                                                          NES |                               |     1 |  9092 |   256   (0)| 00:00:04 |
|  81 | STED LOOPS OUTER                                                          NE |                               |     1 |  9047 |   255   (0)| 00:00:04 |
|  82 | ESTED LOOPS OUTER                                                          N |                               |     1 |  9012 |   254   (0)| 00:00:04 |
|  83 |.NESTED LOOPS OUTER                                                           |                               |     1 |  8984 |   253   (0)| 00:00:04 |
|  84 |. NESTED LOOPS OUTER                                                          |                               |     1 |  8943 |   252   (0)| 00:00:04 |
|  85 |.  NESTED LOOPS OUTER                                                         |                               |     1 |  8898 |   251   (0)| 00:00:04 |
|  86 |.   NESTED LOOPS OUTER                                                        |                               |     1 |  8870 |   250   (0)| 00:00:03 |
|  87 |.    NESTED LOOPS OUTER                                                       |                               |     1 |  8829 |   249   (0)| 00:00:03 |
|  88 |.     NESTED LOOPS OUTER                                                      |                               |     1 |  8788 |   248   (0)| 00:00:03 |
|  89 |.      NESTED LOOPS OUTER                                                     |                               |     1 |  8666 |   247   (0)| 00:00:03 |
|  90 |.       NESTED LOOPS OUTER                                                    |                               |     1 |  8544 |   246   (0)| 00:00:03 |
|  91 |.        NESTED LOOPS OUTER                                                   |                               |     1 |  8499 |   245   (0)| 00:00:03 |
|  92 |.         NESTED LOOPS OUTER                                                  |                               |     1 |  8084 |   245   (0)| 00:00:03 |
|  93 |.          NESTED LOOPS OUTER                                                 |                               |     1 |  7996 |   244   (0)| 00:00:03 |
|  94 |.           NESTED LOOPS OUTER                                                |                               |     1 |  7962 |   244   (0)| 00:00:03 |
|  95 |.            NESTED LOOPS OUTER                                               |                               |     1 |  7836 |   243   (0)| 00:00:03 |
|  96 |.             NESTED LOOPS OUTER                                              |                               |     1 |  7811 |   242   (0)| 00:00:03 |
|  97 |.              NESTED LOOPS OUTER                                             |                               |     1 |  7766 |   242   (0)| 00:00:03 |
|  98 |.               NESTED LOOPS OUTER                                            |                               |     1 |  7721 |   241   (0)| 00:00:03 |
|  99 |.                MERGE JOIN OUTER                                             |                               |     1 |  7676 |   241   (0)| 00:00:03 |
| 100 |.                 NESTED LOOPS OUTER                                          |                               |     1 |  7616 |   240   (0)| 00:00:03 |
| 101 |.                  NESTED LOOPS OUTER                                         |                               |     1 |  7179 |   240   (0)| 00:00:03 |
| 102 |.                   NESTED LOOPS OUTER                                        |                               |     1 |  7126 |   239   (0)| 00:00:03 |
| 103 |.                    NESTED LOOPS OUTER                                       |                               |     1 |  7081 |   238   (0)| 00:00:03 |
| 104 |.                     NESTED LOOPS OUTER                                      |                               |     1 |  7021 |   237   (0)| 00:00:03 |
| 105 |.                      NESTED LOOPS OUTER                                     |                               |     1 |  6966 |   236   (0)| 00:00:03 |
| 106 |.                       NESTED LOOPS OUTER                                    |                               |     1 |  6890 |   235   (0)| 00:00:03 |
| 107 |.                        NESTED LOOPS OUTER                                   |                               |     1 |  6746 |   234   (0)| 00:00:03 |
| 108 |.                         NESTED LOOPS OUTER                                  |                               |     1 |  4384 |   234   (0)| 00:00:03 |
| 109 |.                          NESTED LOOPS OUTER                                 |                               |     1 |  4354 |   232   (0)| 00:00:03 |
| 110 |.                           NESTED LOOPS OUTER                                |                               |     1 |  4271 |   231   (0)| 00:00:03 |
| 111 |.                            NESTED LOOPS OUTER                               |                               |     1 |  4230 |   230   (0)| 00:00:03 |
| 112 |.                             NESTED LOOPS OUTER                              |                               |     1 |  4150 |   229   (0)| 00:00:03 |
| 113 |.                              NESTED LOOPS OUTER                             |                               |     1 |  4105 |   229   (0)| 00:00:03 |
| 114 |.                               NESTED LOOPS OUTER                            |                               |     1 |  3535 |   229   (0)| 00:00:03 |
| 115 |.                                NESTED LOOPS OUTER                           |                               |     1 |  3490 |   229   (0)| 00:00:03 |
| 116 |.                                 NESTED LOOPS OUTER                          |                               |     1 |  3445 |   228   (0)| 00:00:03 |
| 117 |.                                  NESTED LOOPS OUTER                         |                               |     1 |  3398 |   228   (0)| 00:00:03 |
| 118 |.                                   NESTED LOOPS OUTER                        |                               |     1 |  3211 |   228   (0)| 00:00:03 |
| 119 |.                                    NESTED LOOPS OUTER                       |                               |     1 |  2641 |   228   (0)| 00:00:03 |
| 120 |.                                     NESTED LOOPS OUTER                      |                               |     1 |  2454 |   228   (0)| 00:00:03 |
| 121 |.                                      NESTED LOOPS OUTER                     |                               |     1 |  2409 |   228   (0)| 00:00:03 |
| 122 |.                                       NESTED LOOPS OUTER                    |                               |     1 |  2239 |   228   (0)| 00:00:03 |
| 123 |.                                        NESTED LOOPS OUTER                   |                               |     1 |  2198 |   228   (0)| 00:00:03 |
| 124 |.                                         NESTED LOOPS OUTER                  |                               |     1 |  1080 |   228   (0)| 00:00:03 |
| 125 |.                                          NESTED LOOPS OUTER                 |                               |     1 |  1027 |   228   (0)| 00:00:03 |
| 126 |.                                           NESTED LOOPS OUTER                |                               |     1 |   590 |   228   (0)| 00:00:03 |
| 127 |.                                            NESTED LOOPS OUTER               |                               |     1 |   535 |   228   (0)| 00:00:03 |
| 128 |.                                             NESTED LOOPS OUTER              |                               |     1 |   287 |   228   (0)| 00:00:03 |
| 129 |.                                              NESTED LOOPS OUTER             |                               |     1 |   257 |   227   (0)| 00:00:03 |
| 130 |.                                               NESTED LOOPS OUTER            |                               |     1 |   218 |   227   (0)| 00:00:03 |
| 131 |.                                                NESTED LOOPS                 |                               |     1 |   169 |   227   (0)| 00:00:03 |
| 132 |.                                                 TABLE ACCESS BY INDEX ROWID | LIMIT_DEFINITION_DETAIL       |     1 |   124 |   226   (0)| 00:00:03 |
| 133 |.                                                  INDEX SKIP SCAN            | DEFINITION_DETAILS_UK         |     1 |       |   225   (0)| 00:00:03 |
| 134 |.                                                 TABLE ACCESS BY INDEX ROWID | FND_LOOKUP_VALUE              |     1 |    45 |     1   (0)| 00:00:01 |
| 135 |.                                                  INDEX UNIQUE SCAN          | LOOKUP_VALUE_PK               |     1 |       |     0   (0)|          |

PLAN_TABLE_OUTPUT
------------------------------------------------------------------------------------------------------------------------------------------------------------------------------------------------------------------------------------------------------------------------------------------------------------
| 136 |.                                                TABLE ACCESS BY INDEX ROWID  | FND_SPECIAL_CATEGORY          |     1 |    49 |     0   (0)|          |
| 137 |.                                                 INDEX UNIQUE SCAN           | SPECIAL_CATEGORY_PK           |     1 |       |     0   (0)|          |
| 138 |.                                               TABLE ACCESS BY INDEX ROWID   | FND_SEGMENT                   |     1 |    39 |     0   (0)|          |
| 139 |.                                                INDEX UNIQUE SCAN            | SEGMENT_PK                    |     1 |       |     0   (0)|          |
| 140 |.                                              TABLE ACCESS BY INDEX ROWID    | PAY_PAYEE_INSTRUCTION         |     1 |    30 |     1   (0)| 00:00:01 |
| 141 |.                                               INDEX UNIQUE SCAN             | PAY_PAYEE_INSTRUCTION_PK      |     1 |       |     0   (0)|          |
| 142 |.                                             TABLE ACCESS BY INDEX ROWID     | PAY_BILLER_INSTRUCTION        |     1 |   248 |     0   (0)|          |
| 143 |.                                              INDEX UNIQUE SCAN              | BILLER_INSTRUCTION_PK         |     1 |       |     0   (0)|          |
| 144 |.                                            TABLE ACCESS BY INDEX ROWID      | FND_CURRENCY                  |     1 |    55 |     0   (0)|          |
| 145 |.                                             INDEX UNIQUE SCAN               | CURRENCY_PK                   |     1 |       |     0   (0)|          |
| 146 |.                                           TABLE ACCESS BY INDEX ROWID       | PAY_BILLER                    |     1 |   437 |     0   (0)|          |
| 147 |.                                            INDEX UNIQUE SCAN                | BILLER_PK                     |     1 |       |     0   (0)|          |
| 148 |.                                          TABLE ACCESS BY INDEX ROWID        | ACCT_ACCOUNT                  |     1 |    53 |     0   (0)|          |
| 149 |.                                           INDEX UNIQUE SCAN                 | ACCOUNT_PK                    |     1 |       |     0   (0)|          |
| 150 |.                                         TABLE ACCESS BY INDEX ROWID         | PAY_PG_INSTRUCTION            |     1 |  1118 |     0   (0)|          |
| 151 |.                                          INDEX UNIQUE SCAN                  | PAY_PG_INSTRUCTION_PK         |     1 |       |     0   (0)|          |
| 152 |.                                        TABLE ACCESS BY INDEX ROWID          | INF_TENANT_SERVICE            |     1 |    41 |     0   (0)|          |
| 153 |.                                         INDEX UNIQUE SCAN                   | TENANT_SERVICE_PK             |     1 |       |     0   (0)|          |
| 154 |.                                       TABLE ACCESS BY INDEX ROWID           | PG_MER_AGG_MAPPING_MASTER     |     1 |   170 |     0   (0)|          |
| 155 |.                                        INDEX UNIQUE SCAN                    | PG_MER_AGG_MAPPING_MASTER_PK  |     1 |       |     0   (0)|          |
| 156 |.                                      TABLE ACCESS BY INDEX ROWID            | FND_LOOKUP_VALUE              |     1 |    45 |     0   (0)|          |
| 157 |.                                       INDEX UNIQUE SCAN                     | LOOKUP_VALUE_PK               |     1 |       |     0   (0)|          |
| 158 |.                                     TABLE ACCESS BY INDEX ROWID             | PG_MERCHANT_MASTER            |     1 |   187 |     0   (0)|          |
| 159 |.                                      INDEX UNIQUE SCAN                      | PG_MERCHANT_MASTER_PK         |     1 |       |     0   (0)|          |
| 160 |.                                    TABLE ACCESS BY INDEX ROWID              | PG_AGGREGATOR_MASTER          |     1 |   570 |     0   (0)|          |
| 161 |.                                     INDEX UNIQUE SCAN                       | PG_AGGREGATOR_MASTER_PK       |     1 |       |     0   (0)|          |
| 162 |.                                   TABLE ACCESS BY INDEX ROWID               | PG_MERCHANT_MASTER            |     1 |   187 |     0   (0)|          |
| 163 |.                                    INDEX UNIQUE SCAN                        | PG_MERCHANT_MASTER_PK         |     1 |       |     0   (0)|          |
| 164 |.                                  TABLE ACCESS BY INDEX ROWID                | PG_BILLER_BUSINESS_SUB_CAT    |     1 |    47 |     0   (0)|          |
| 165 |.                                   INDEX UNIQUE SCAN                         | PG_BILLER_BUSINESS_SUB_CAT_PK |     1 |       |     0   (0)|          |
| 166 |.                                 TABLE ACCESS BY INDEX ROWID                 | FND_LOOKUP_VALUE              |     1 |    45 |     1   (0)| 00:00:01 |
| 167 |.                                  INDEX UNIQUE SCAN                          | LOOKUP_VALUE_PK               |     1 |       |     0   (0)|          |
| 168 |.                                TABLE ACCESS BY INDEX ROWID                  | FND_LOOKUP_VALUE              |     1 |    45 |     0   (0)|          |
| 169 |.                                 INDEX UNIQUE SCAN                           | LOOKUP_VALUE_PK               |     1 |       |     0   (0)|          |
| 170 |.                               TABLE ACCESS BY INDEX ROWID                   | PG_AGGREGATOR_MASTER          |     1 |   570 |     0   (0)|          |
| 171 |.                                INDEX UNIQUE SCAN                            | PG_AGGREGATOR_MASTER_PK       |     1 |       |     0   (0)|          |
| 172 |.                              TABLE ACCESS BY INDEX ROWID                    | FND_LOOKUP_VALUE              |     1 |    45 |     0   (0)|          |
| 173 |.                               INDEX UNIQUE SCAN                             | LOOKUP_VALUE_PK               |     1 |       |     0   (0)|          |
| 174 |.                             TABLE ACCESS BY INDEX ROWID                     | PAY_BENE_INSTRUCTION          |     1 |    80 |     1   (0)| 00:00:01 |
| 175 |.                              INDEX UNIQUE SCAN                              | BENE_INSTRUCTION_PK           |     1 |       |     0   (0)|          |
| 176 |.                            TABLE ACCESS BY INDEX ROWID                      | INF_TENANT_SERVICE            |     1 |    41 |     1   (0)| 00:00:01 |
| 177 |.                             INDEX UNIQUE SCAN                               | TENANT_SERVICE_PK             |     1 |       |     0   (0)|          |
| 178 |.                           TABLE ACCESS BY INDEX ROWID                       | ACCT_PRODUCT                  |     1 |    83 |     1   (0)| 00:00:01 |
| 179 |.                            INDEX UNIQUE SCAN                                | PRODUCT_PK                    |     1 |       |     0   (0)|          |
| 180 |.                          TABLE ACCESS BY INDEX ROWID                        | PAY_PAYEE_BANK_BRANCH         |     1 |    30 |     2   (0)| 00:00:01 |
| 181 |.                           INDEX UNIQUE SCAN                                 | PAY_PAYEE_BANK_BRANCH_PK      |     1 |       |     1   (0)| 00:00:01 |
| 182 |.                         TABLE ACCESS BY INDEX ROWID                         | PAY_FOREIGN_BANK_BRANCH       |     1 |  2362 |     0   (0)|          |
| 183 |.                          INDEX UNIQUE SCAN                                  | FOREIGN_BANK_BRANCH_PK        |     1 |       |     0   (0)|          |
| 184 |.                        TABLE ACCESS BY INDEX ROWID                          | PAY_DOMESTIC_BANK_BRANCH      |     1 |   144 |     1   (0)| 00:00:01 |
| 185 |.                         INDEX UNIQUE SCAN                                   | DOMESTIC_BANK_BRANCH_PK       |     1 |       |     0   (0)|          |
| 186 |.                       TABLE ACCESS BY INDEX ROWID                           | FND_TENANT_BRANCH             |     1 |    76 |     1   (0)| 00:00:01 |
| 187 |.                        INDEX UNIQUE SCAN                                    | TENANT_BRANCH_PK              |     1 |       |     0   (0)|          |
| 188 |.                      TABLE ACCESS BY INDEX ROWID                            | FND_CURRENCY                  |     1 |    55 |     1   (0)| 00:00:01 |
| 189 |.                       INDEX UNIQUE SCAN                                     | CURRENCY_PK                   |     1 |       |     0   (0)|          |
| 190 |.                     TABLE ACCESS BY INDEX ROWID                             | PAY_BENE                      |     1 |    60 |     1   (0)| 00:00:01 |
| 191 |.                      INDEX UNIQUE SCAN                                      | BENE_PK                       |     1 |       |     0   (0)|          |
| 192 |.                    TABLE ACCESS BY INDEX ROWID                              | FND_LOOKUP_VALUE              |     1 |    45 |     1   (0)| 00:00:01 |
| 193 |.                     INDEX UNIQUE SCAN                                       | LOOKUP_VALUE_PK               |     1 |       |     0   (0)|          |
| 194 |.                   TABLE ACCESS BY INDEX ROWID                               | ACCT_ACCOUNT                  |     1 |    53 |     1   (0)| 00:00:01 |
| 195 |.                    INDEX UNIQUE SCAN                                        | ACCOUNT_PK                    |     1 |       |     0   (0)|          |
| 196 |.                  TABLE ACCESS BY INDEX ROWID                                | PAY_BILLER                    |     1 |   437 |     0   (0)|          |
| 197 |.                   INDEX UNIQUE SCAN                                         | BILLER_PK                     |     1 |       |     0   (0)|          |
| 198 |.                 BUFFER SORT                                                 |                               |     1 |    60 |   241   (0)| 00:00:03 |
| 199 |.                  TABLE ACCESS BY INDEX ROWID                                | PAY_BENE                      |     1 |    60 |     1   (0)| 00:00:01 |
| 200 |.                   INDEX UNIQUE SCAN                                         | BENE_PK                       |     1 |       |     0   (0)|          |
| 201 |.                TABLE ACCESS BY INDEX ROWID                                  | FND_LOOKUP_VALUE              |     1 |    45 |     0   (0)|          |
| 202 |.                 INDEX UNIQUE SCAN                                           | LOOKUP_VALUE_PK               |     1 |       |     0   (0)|          |
| 203 |.               TABLE ACCESS BY INDEX ROWID                                   | FND_LOOKUP_VALUE              |     1 |    45 |     1   (0)| 00:00:01 |
| 204 |.                INDEX UNIQUE SCAN                                            | LOOKUP_VALUE_PK               |     1 |       |     0   (0)|          |
| 205 |.              TABLE ACCESS BY INDEX ROWID                                    | FND_LOOKUP_VALUE              |     1 |    45 |     0   (0)|          |
| 206 |.               INDEX UNIQUE SCAN                                             | LOOKUP_VALUE_PK               |     1 |       |     0   (0)|          |
| 207 |.             TABLE ACCESS BY INDEX ROWID                                     | USER_LOGIN_PROFILE_EXTEND     |     1 |    25 |     1   (0)| 00:00:01 |
| 208 |.              INDEX UNIQUE SCAN                                              | LOGIN_PROFILE_EXTEND_PK       |     1 |       |     0   (0)|          |
| 209 |.            TABLE ACCESS BY INDEX ROWID                                      | USER_LOGIN_PROFILE            |     1 |   126 |     1   (0)| 00:00:01 |
| 210 |.             INDEX UNIQUE SCAN                                               | LOGIN_PROFILE_PK              |     1 |       |     0   (0)|          |
| 211 |.           TABLE ACCESS BY INDEX ROWID                                       | FND_GROUP                     |     1 |    34 |     0   (0)|          |
| 212 |.            INDEX UNIQUE SCAN                                                | GROUP_PK                      |     1 |       |     0   (0)|          |
| 213 |.          TABLE ACCESS BY INDEX ROWID                                        | FND_CONTACT                   |     1 |    88 |     1   (0)| 00:00:01 |
| 214 |.           INDEX UNIQUE SCAN                                                 | CONTACT_PK                    |     1 |       |     0   (0)|          |
| 215 |.         TABLE ACCESS BY INDEX ROWID                                         | FND_COMPANY                   |     1 |   415 |     0   (0)|          |
| 216 |.          INDEX UNIQUE SCAN                                                  | COMPANY_PK                    |     1 |       |     0   (0)|          |
| 217 |.        TABLE ACCESS BY INDEX ROWID                                          | FND_LOOKUP_VALUE              |     1 |    45 |     1   (0)| 00:00:01 |
| 218 |.         INDEX UNIQUE SCAN                                                   | LOOKUP_VALUE_PK               |     1 |       |     0   (0)|          |
| 219 |.       TABLE ACCESS BY INDEX ROWID                                           | LIMIT_DEFINITION              |     1 |   122 |     1   (0)| 00:00:01 |
| 220 |.        INDEX UNIQUE SCAN                                                    | DEFINITION_PK                 |     1 |       |     0   (0)|          |
| 221 |.      TABLE ACCESS BY INDEX ROWID                                            | LIMIT_DEFINITION              |     1 |   122 |     1   (0)| 00:00:01 |
| 222 |.       INDEX UNIQUE SCAN                                                     | DEFINITION_PK                 |     1 |       |     0   (0)|          |
| 223 |.     TABLE ACCESS BY INDEX ROWID                                             | INF_TENANT_SERVICE            |     1 |    41 |     1   (0)| 00:00:01 |
| 224 |.      INDEX UNIQUE SCAN                                                      | TENANT_SERVICE_PK             |     1 |       |     0   (0)|          |
| 225 |.    TABLE ACCESS BY INDEX ROWID                                              | INF_TENANT_SERVICE            |     1 |    41 |     1   (0)| 00:00:01 |
| 226 |.     INDEX UNIQUE SCAN                                                       | TENANT_SERVICE_PK             |     1 |       |     0   (0)|          |
| 227 |.   TABLE ACCESS BY INDEX ROWID                                               | FND_TENANT_APPLICATION        |     1 |    28 |     1   (0)| 00:00:01 |
| 228 |.    INDEX UNIQUE SCAN                                                        | TENANT_APPLICATION_PK         |     1 |       |     0   (0)|          |
| 229 |.  TABLE ACCESS BY INDEX ROWID                                                | FND_LOOKUP_VALUE              |     1 |    45 |     1   (0)| 00:00:01 |
| 230 |.   INDEX UNIQUE SCAN                                                         | LOOKUP_VALUE_PK               |     1 |       |     0   (0)|          |
| 231 |. TABLE ACCESS BY INDEX ROWID                                                 | INF_TENANT_SERVICE            |     1 |    41 |     1   (0)| 00:00:01 |
| 232 |.  INDEX UNIQUE SCAN                                                          | TENANT_SERVICE_PK             |     1 |       |     0   (0)|          |
| 233 |.TABLE ACCESS BY INDEX ROWID                                                  | FND_TENANT_APPLICATION        |     1 |    28 |     1   (0)| 00:00:01 |
| 234 |. INDEX UNIQUE SCAN                                                           | TENANT_APPLICATION_PK         |     1 |       |     0   (0)|          |
| 235 | ABLE ACCESS BY INDEX ROWID                                                 T | INF_SERVICE_APPLICATION       |     1 |    35 |     1   (0)| 00:00:01 |
| 236 |.INDEX UNIQUE SCAN                                                            | SERVICE_APPLICATION_PK        |     1 |       |     0   (0)|          |
| 237 | BLE ACCESS BY INDEX ROWID                                                 TA | FND_LOOKUP_VALUE              |     1 |    45 |     1   (0)| 00:00:01 |
| 238 | NDEX UNIQUE SCAN                                                           I | LOOKUP_VALUE_PK               |     1 |       |     0   (0)|          |
| 239 | LE ACCESS BY INDEX ROWID                                                 TAB | INF_SERVICE                   |     1 |    80 |     1   (0)| 00:00:01 |
| 240 | DEX UNIQUE SCAN                                                           IN | SERVICE_PK                    |     1 |       |     0   (0)|          |
| 241 | E ACCESS BY INDEX ROWID                                                 TABL | INF_SERVICE                   |     1 |    80 |     1   (0)| 00:00:01 |
| 242 | EX UNIQUE SCAN                                                           IND | SERVICE_PK                    |     1 |       |     0   (0)|          |
| 243 |  ACCESS BY INDEX ROWID                                                 TABLE | FND_LOOKUP_VALUE              |     1 |    45 |     1   (0)| 00:00:01 |
| 244 | X UNIQUE SCAN                                                           INDE | LOOKUP_VALUE_PK               |     1 |       |     0   (0)|          |
| 245 | ACCESS BY INDEX ROWID                                                 TABLE  | FND_COUNTRY                   |     1 |    45 |     1   (0)| 00:00:01 |
| 246 |  UNIQUE SCAN                                                           INDEX | COUNTRY_PK                    |     1 |       |     0   (0)|          |
| 247 | CCESS BY INDEX ROWID                                                 TABLE A | INF_CHANNEL                   |     1 |    31 |     1   (0)| 00:00:01 |
| 248 | UNIQUE SCAN                                                           INDEX  | INF_CHANNEL_PK                |     1 |       |     0   (0)|          |
| 249 | CESS BY INDEX ROWID                                                 TABLE AC | FND_CURRENCY                  |     1 |    55 |     1   (0)| 00:00:01 |
| 250 | NIQUE SCAN                                                           INDEX U | CURRENCY_PK                   |     1 |       |     0   (0)|          |
| 251 | ESS BY INDEX ROWID                                                 TABLE ACC | FND_COUNTRY                   |     1 |    45 |     1   (0)| 00:00:01 |
| 252 | IQUE SCAN                                                           INDEX UN | COUNTRY_PK                    |     1 |       |     0   (0)|          |
| 253 | SS BY INDEX ROWID                                                 TABLE ACCE | USER_LOGIN_PROFILE_EXTEND     |     1 |    25 |     1   (0)| 00:00:01 |
| 254 | QUE SCAN                                                           INDEX UNI | LOGIN_PROFILE_EXTEND_PK       |     1 |       |     0   (0)|          |
| 255 | S BY INDEX ROWID                                                 TABLE ACCES | USER_LOGIN_PROFILE            |     1 |   126 |     1   (0)| 00:00:01 |
| 256 | UE SCAN                                                           INDEX UNIQ | LOGIN_PROFILE_PK              |     1 |       |     0   (0)|          |
| 257 |  BY INDEX ROWID                                                 TABLE ACCESS | FND_TENANT_APPLICATION        |     1 |    28 |     1   (0)| 00:00:01 |
| 258 | E SCAN                                                           INDEX UNIQU | TENANT_APPLICATION_PK         |     1 |       |     0   (0)|          |
| 259 | BY INDEX ROWID                                                 TABLE ACCESS  | FND_TENANT                    |     1 |    62 |     1   (0)| 00:00:01 |
| 260 |  SCAN                                                           INDEX UNIQUE | TENANT_PK                     |     1 |       |     0   (0)|          |
| 261 | Y INDEX ROWID                                                 TABLE ACCESS B | FND_COUNTRY                   |     1 |    45 |     1   (0)| 00:00:01 |
| 262 | SCAN                                                           INDEX UNIQUE  | COUNTRY_PK                    |     1 |       |     0   (0)|          |
| 263 |  INDEX ROWID                                                 TABLE ACCESS BY | FND_CONTACT                   |     1 |    88 |     0   (0)|          |
| 264 | CAN                                                           INDEX UNIQUE S | CONTACT_PK                    |     1 |       |     0   (0)|          |
| 265 | INDEX ROWID                                                 TABLE ACCESS BY  | USER_LOGIN_PROFILE            |     1 |   126 |     0   (0)|          |
| 266 | AN                                                           INDEX UNIQUE SC | LOGIN_PROFILE_PK              |     1 |       |     0   (0)|          |
| 267 | NDEX ROWID                                                 TABLE ACCESS BY I | USER_PROFILE                  |     1 |    67 |     1   (0)| 00:00:01 |
| 268 | N                                                           INDEX UNIQUE SCA | PROFILE_PK                    |     1 |       |     0   (0)|          |
| 269 | DEX ROWID                                                 TABLE ACCESS BY IN | FND_LOOKUP_VALUE              |     1 |    45 |     1   (0)| 00:00:01 |
| 270 |                                                            INDEX UNIQUE SCAN | LOOKUP_VALUE_PK               |     1 |       |     0   (0)|          |
| 271 | EX ROWID                                                 TABLE ACCESS BY IND | FND_LOOKUP_VALUE              |     1 |    45 |     0   (0)|          |
| 272 |                                                           INDEX UNIQUE SCAN  | LOOKUP_VALUE_PK               |     1 |       |     0   (0)|          |
| 273 | X ROWID                                                 TABLE ACCESS BY INDE | FND_LOOKUP_VALUE              |     1 |    45 |     0   (0)|          |
| 274 |                                                          INDEX UNIQUE SCAN   | LOOKUP_VALUE_PK               |     1 |       |     0   (0)|          |
| 275 |  ROWID                                                 TABLE ACCESS BY INDEX | FND_LOOKUP_VALUE              |     1 |    45 |     1   (0)| 00:00:01 |
| 276 |                                                         INDEX UNIQUE SCAN    | LOOKUP_VALUE_PK               |     1 |       |     0   (0)|          |
| 277 |                                                       INDEX UNIQUE SCAN      | PROFILE_EXTEND_PK             |     1 |     6 |     0   (0)|          |
| 278 | OWID                                                 TABLE ACCESS BY INDEX R | USER_CONTACT_DETAIL           |     1 |    25 |     1   (0)| 00:00:01 |
| 279 |                                                       INDEX UNIQUE SCAN      | CONTACT_DETAIL_PK             |     1 |       |     0   (0)|          |
| 280 | WID                                                 TABLE ACCESS BY INDEX RO | FND_CONTACT                   |     1 |    88 |     1   (0)| 00:00:01 |
| 281 |                                                      INDEX UNIQUE SCAN       | CONTACT_PK                    |     1 |       |     0   (0)|          |
| 282 | ID                                                 TABLE ACCESS BY INDEX ROW | FND_STATE                     |     1 |    44 |     1   (0)| 00:00:01 |
| 283 |                                                     INDEX UNIQUE SCAN        | STATE_PK                      |     1 |       |     0   (0)|          |
| 284 | D                                                 TABLE ACCESS BY INDEX ROWI | USER_LOGIN_PROFILE_EXTEND     |     1 |    25 |     1   (0)| 00:00:01 |
| 285 |                                                    INDEX UNIQUE SCAN         | LOGIN_PROFILE_EXTEND_PK       |     1 |       |     0   (0)|          |
| 286 |                                                  TABLE ACCESS BY INDEX ROWID | FND_LOOKUP_VALUE              |     1 |    45 |     1   (0)| 00:00:01 |
| 287 |                                                   INDEX UNIQUE SCAN          | LOOKUP_VALUE_PK               |     1 |       |     0   (0)|          |
| 288 |                                                 TABLE ACCESS BY INDEX ROWID  | FND_TENANT_BRANCH             |     1 |    76 |     1   (0)| 00:00:01 |
| 289 |                                                  INDEX UNIQUE SCAN           | TENANT_BRANCH_PK              |     1 |       |     0   (0)|          |
| 290 |                                                TABLE ACCESS BY INDEX ROWID   | FND_CONTACT                   |     1 |    88 |     1   (0)| 00:00:01 |
| 291 |                                                 INDEX UNIQUE SCAN            | CONTACT_PK                    |     1 |       |     0   (0)|          |
| 292 |                                               TABLE ACCESS BY INDEX ROWID    | PAY_PAYEE_BANK_BRANCH         |     1 |    30 |     2   (0)| 00:00:01 |
| 293 |                                                INDEX UNIQUE SCAN             | PAY_PAYEE_BANK_BRANCH_PK      |     1 |       |     1   (0)| 00:00:01 |
| 294 |                                              TABLE ACCESS BY INDEX ROWID     | FND_SPECIAL_CATEGORY          |     1 |    49 |     0   (0)|          |
| 295 |                                               INDEX UNIQUE SCAN              | SPECIAL_CATEGORY_PK           |     1 |       |     0   (0)|          |
| 296 |                                             TABLE ACCESS BY INDEX ROWID      | FND_SEGMENT                   |     1 |    39 |     1   (0)| 00:00:01 |
| 297 |                                              INDEX UNIQUE SCAN               | SEGMENT_PK                    |     1 |       |     0   (0)|          |
| 298 |                                            TABLE ACCESS BY INDEX ROWID       | FND_TENANT_APPLICATION        |     1 |    28 |     1   (0)| 00:00:01 |
| 299 |                                             INDEX UNIQUE SCAN                | TENANT_APPLICATION_PK         |     1 |       |     0   (0)|          |
| 300 |                                           TABLE ACCESS BY INDEX ROWID        | FND_LOOKUP_VALUE              |     1 |    45 |     1   (0)| 00:00:01 |
| 301 |                                            INDEX UNIQUE SCAN                 | LOOKUP_VALUE_PK               |     1 |       |     0   (0)|          |
| 302 |                                          TABLE ACCESS BY INDEX ROWID         | FND_DEPARTMENT                |     1 |    47 |     0   (0)|          |
| 303 |                                           INDEX UNIQUE SCAN                  | DEPARTMENT_PK                 |     1 |       |     0   (0)|          |
| 304 |                                         TABLE ACCESS BY INDEX ROWID          | FND_DEPARTMENT                |     1 |    47 |     0   (0)|          |
| 305 |                                          INDEX UNIQUE SCAN                   | DEPARTMENT_PK                 |     1 |       |     0   (0)|          |
| 306 |                                        TABLE ACCESS BY INDEX ROWID           | FND_LOOKUP_VALUE              |     1 |    45 |     1   (0)| 00:00:01 |
| 307 |                                         INDEX UNIQUE SCAN                    | LOOKUP_VALUE_PK               |     1 |       |     0   (0)|          |
| 308 |                                       TABLE ACCESS BY INDEX ROWID            | FND_COMPANY                   |     1 |   415 |     0   (0)|          |
| 309 |                                        INDEX UNIQUE SCAN                     | COMPANY_PK                    |     1 |       |     0   (0)|          |
| 310 |                                      TABLE ACCESS BY INDEX ROWID             | FND_DOCUMENT                  |     1 |    92 |     0   (0)|          |
| 311 |                                       INDEX UNIQUE SCAN                      | DOCUMENT_PK                   |     1 |       |     0   (0)|          |
| 312 |                                     TABLE ACCESS BY INDEX ROWID              | FND_COUNTRY                   |     1 |    45 |     1   (0)| 00:00:01 |
| 313 |                                      INDEX UNIQUE SCAN                       | COUNTRY_PK                    |     1 |       |     0   (0)|          |
| 314 |                                    TABLE ACCESS BY INDEX ROWID               | FND_CITY                      |     1 |    59 |     1   (0)| 00:00:01 |
| 315 |                                     INDEX UNIQUE SCAN                        | CITY_PK                       |     1 |       |     0   (0)|          |
| 316 |                                   TABLE ACCESS BY INDEX ROWID                | FND_LOOKUP_VALUE              |     1 |    45 |     1   (0)| 00:00:01 |
| 317 |                                    INDEX UNIQUE SCAN                         | LOOKUP_VALUE_PK               |     1 |       |     0   (0)|          |
| 318 |                                  TABLE ACCESS BY INDEX ROWID                 | FND_LOOKUP_VALUE              |     1 |    45 |     1   (0)| 00:00:01 |
| 319 |                                   INDEX UNIQUE SCAN                          | LOOKUP_VALUE_PK               |     1 |       |     0   (0)|          |
| 320 |                                 TABLE ACCESS BY INDEX ROWID                  | FND_GROUP                     |     1 |    34 |     0   (0)|          |
| 321 |                                  INDEX UNIQUE SCAN                           | GROUP_PK                      |     1 |       |     0   (0)|          |
| 322 |                                TABLE ACCESS BY INDEX ROWID                   | FND_COUNTRY                   |     1 |    45 |     0   (0)|          |
| 323 |                                 INDEX UNIQUE SCAN                            | COUNTRY_PK                    |     1 |       |     0   (0)|          |
| 324 |                               TABLE ACCESS BY INDEX ROWID                    | FND_CIF                       |     1 |    63 |     0   (0)|          |
| 325 |                                INDEX UNIQUE SCAN                             | CIF_PK                        |     1 |       |     0   (0)|          |
| 326 |                              TABLE ACCESS BY INDEX ROWID                     | FND_COMPANY                   |     1 |   415 |     0   (0)|          |
| 327 |                               INDEX UNIQUE SCAN                              | COMPANY_PK                    |     1 |       |     0   (0)|          |
| 328 |                             TABLE ACCESS BY INDEX ROWID                      | INF_CHANNEL                   |     1 |    31 |     0   (0)|          |
| 329 |                              INDEX UNIQUE SCAN                               | INF_CHANNEL_PK                |     1 |       |     0   (0)|          |
| 330 |                           TABLE ACCESS BY INDEX ROWID                        | PAY_BILLER_METADATA           |     1 |  2799 |     0   (0)|          |
| 331 |                            INDEX UNIQUE SCAN                                 | BILLER_METADATA_PK            |     1 |       |     0   (0)|          |
| 332 |                       TABLE ACCESS BY INDEX ROWID                            | FND_TENANT_LOOKUP_VALUE       |     1 |    57 |     0   (0)|          |

PLAN_TABLE_OUTPUT
------------------------------------------------------------------------------------------------------------------------------------------------------------------------------------------------------------------------------------------------------------------------------------------------------------
| 333 |                        INDEX UNIQUE SCAN                                     | TENANT_LOOKUP_VALUE_PK        |     1 |       |     0   (0)|          |
| 334 |                      TABLE ACCESS BY INDEX ROWID                             | FND_TENANT_LOOKUP_TYPE        |     1 |    62 |     1   (0)| 00:00:01 |
| 335 |                       INDEX UNIQUE SCAN                                      | TENANT_LOOKUP_TYPE_PK         |     1 |       |     0   (0)|          |
| 336 |                     TABLE ACCESS BY INDEX ROWID                              | FND_TENANT_APPLICATION        |     1 |    28 |     1   (0)| 00:00:01 |
| 337 |                      INDEX UNIQUE SCAN                                       | TENANT_APPLICATION_PK         |     1 |       |     0   (0)|          |
| 338 |                    TABLE ACCESS BY INDEX ROWID                               | FND_COUNTRY                   |     1 |    45 |     1   (0)| 00:00:01 |
| 339 |                     INDEX UNIQUE SCAN                                        | COUNTRY_PK                    |     1 |       |     0   (0)|          |
| 340 |                   TABLE ACCESS BY INDEX ROWID                                | INF_CHANNEL                   |     1 |    31 |     0   (0)|          |
| 341 |                    INDEX UNIQUE SCAN                                         | INF_CHANNEL_PK                |     1 |       |     0   (0)|          |
| 342 |                 TABLE ACCESS BY INDEX ROWID                                  | FND_COUNTRY                   |     1 |    45 |     1   (0)| 00:00:01 |
| 343 |                  INDEX UNIQUE SCAN                                           | COUNTRY_PK                    |     1 |       |     0   (0)|          |
| 344 |               TABLE ACCESS FULL                                              | USER_CIF                      | 18368 |   448K|    24   (5)| 00:00:01 |
| 345 |              TABLE ACCESS BY INDEX ROWID                                     | FND_CIF                       |     1 |    63 |     1   (0)| 00:00:01 |
| 346 |               INDEX UNIQUE SCAN                                              | CIF_PK                        |     1 |       |     0   (0)|          |
| 347 |            TABLE ACCESS FULL                                                 | FND_CIF_ACCOUNT               | 33093 |   387K|    24   (5)| 00:00:01 |
| 348 |           TABLE ACCESS BY INDEX ROWID                                        | ACCT_ACCOUNT                  |     1 |    53 |     1   (0)| 00:00:01 |
| 349 |            INDEX UNIQUE SCAN                                                 | ACCOUNT_PK                    |     1 |       |     0   (0)|          |
| 350 |          TABLE ACCESS BY INDEX ROWID                                         | FND_CURRENCY                  |     1 |    55 |     1   (0)| 00:00:01 |
| 351 |           INDEX UNIQUE SCAN                                                  | CURRENCY_PK                   |     1 |       |     0   (0)|          |
| 352 |         TABLE ACCESS BY INDEX ROWID                                          | ACCT_PRODUCT                  |     1 |    83 |     1   (0)| 00:00:01 |
| 353 |          INDEX UNIQUE SCAN                                                   | PRODUCT_PK                    |     1 |       |     0   (0)|          |
| 354 |        TABLE ACCESS BY INDEX ROWID                                           | ACCT_PRODUCT_TYPE             |     1 |    44 |     1   (0)| 00:00:01 |
| 355 |         INDEX UNIQUE SCAN                                                    | PRODUCT_TYPE_PK               |     1 |       |     0   (0)|          |
| 356 |       TABLE ACCESS BY INDEX ROWID                                            | FND_LOOKUP_VALUE              |     1 |    45 |     1   (0)| 00:00:01 |
| 357 |        INDEX UNIQUE SCAN                                                     | LOOKUP_VALUE_PK               |     1 |       |     0   (0)|          |
| 358 |      TABLE ACCESS BY INDEX ROWID                                             | FND_LOOKUP_VALUE              |     1 |    45 |     1   (0)| 00:00:01 |
| 359 |       INDEX UNIQUE SCAN                                                      | LOOKUP_VALUE_PK               |     1 |       |     0   (0)|          |
| 360 |     TABLE ACCESS BY INDEX ROWID                                              | FND_LOOKUP_TYPE               |     1 |    55 |     1   (0)| 00:00:01 |
| 361 |      INDEX UNIQUE SCAN                                                       | LOOKUP_TYPE_PK                |     1 |       |     0   (0)|          |
| 362 |    TABLE ACCESS BY INDEX ROWID                                               | FND_COUNTRY                   |     1 |    45 |     1   (0)| 00:00:01 |
| 363 |     INDEX UNIQUE SCAN                                                        | COUNTRY_PK                    |     1 |       |     0   (0)|          |
--------------------------------------------------------------------------------------------------------------------------------------------------------------

SQL_ID d9drmngtc7txj
--------------------
/* load com.vayana.ib.bm.core.api.model.payment.LimitDefinitionDetail
*/ select limitdefin0_.id as id1_153_111_, limitdefin0_."VERSION" as
VERSION2_153_111_, limitdefin0_.AUTH_BY as AUTH43_153_111_,
limitdefin0_.AUTH_DATE as AUTH3_153_111_, limitdefin0_.CREATED_BY as
CREATED44_153_111_, limitdefin0_.CREATED_DATE as CREATED4_153_111_,
limitdefin0_.MODIFIED_BY as MODIFIE45_153_111_,
limitdefin0_.MODIFIED_DATE as MODIFIED5_153_111_,
limitdefin0_.CHANNEL_ID as CHANNEL46_153_111_, limitdefin0_.CODE as
CODE6_153_111_, limitdefin0_.COMPANY_ID as COMPANY47_153_111_,
limitdefin0_.CIF_ID as CIF48_153_111_, limitdefin0_.DESCRIPTION as
DESCRIPT7_153_111_, limitdefin0_.EFFECTIVE_FROM_DATE as
EFFECTIV8_153_111_, limitdefin0_.EFFECTIVE_TO_DATE as
EFFECTIV9_153_111_, limitdefin0_.GLO_DAILY_MAX_TRX_AMOUNT as
GLO10_153_111_, limitdefin0_.GLO_DAILY_MAX_TRX_ALLOWED as
GLO11_153_111_, limitdefin0_.GLO_FORTNIGHT_MAX_TRX_AMOUNT as
GLO12_153_111_, limitdefin0_.GLO_FORTNIGHT_MAX_TRX_ALLOWED as
GLO13_153_111_, limitdefin0_.GLO_HALFERLY_MAX_TRX_AMOUNT as
GLO14_153_111_, limitdefin0_.GLO_HALFERLY_MAX_TRX_ALLOWED as
GLO15_153_111_, limitdefin0_.GLO_MAX_TRX_AMOUNT as GLO16_153_111_,
limitdefin0_.GLO_MIN_TRX_AMOUNT as GLO17_153_111_,
limitdefin0_.GLO_MONTHLY_MAX_TRX_AMOUNT as GLO18_153_111_,
limitdefin0_.GLO_MONTHLY_MAX_TRX_ALLOWED as GLO19_153_111_,
limitdefin0_.GLO_QUATERLY_MAX_TRX_AMOUNT as GLO20_153_111_,
limitdefin0_.GLO_QUATERLY_MAX_TRX_ALLOWED as GLO21_153_111_,
limitdefin0_.GLO_WEEKLY_MAX_TRX_AMOUNT as GLO22_153_111_,
limitdefin0_.GLO_WEEKLY_MAX_TRX_ALLOWED as GLO23_153_111_,
limitdefin0_.GLO_YEARLY_MAX_TRX_AMOUNT as GLO24_153_111_,
limitdefin0_.GLO_YEARLY_MAX_TRX_ALLOWED as GLO25_153_111_,
limitdefin0_.GROUP_ID as GROUP49_153_111_,
limitdefin0_.LOGIN_PROFILE_ID as LOGIN50_153_111_,
limitdefin0_.DEFINITION_ID as DEFINIT51_153_111_,
limitdefin0_.LIMIT_DEFINITION_TYPE as LIMIT26_153_111_,
limitdefin0_.BENE_ID as BENE52_153_111_, limitdefin0_.BILLER_ID as
BILLER53_153_111_, limitdefin0_.PAYEE_INSTRUCTION_ID as
PAYEE54_153_111_, limitdefin0_.REG_DAILY_MAX_TRX_AMOUNT as
REG27_153_111_, limitdefin0_.REG_DAILY_MAX_TRX_ALLOWED as
REG28_153_111_, limitdefin0_.REG_FORTNIGHT_MAX_TRX_AMOUNT as
REG29_153_111_, limitdefin0_.REG_FORTNIGHT_MAX_TRX_ALLOWED as
REG30_153_111_, limitdefin0_.REG_HALFERLY_MAX_TRX_AMOUNT as
REG31_153_111_, limitdefin0_.REG_HALFERLY_MAX_TRX_ALLOWED as
REG32_153_111_, limitdefin0_.REG_MAX_TRX_AMOUNT as REG33_153_111_,
limitdefin0_.REG_MIN_TRX_AMOUNT as REG34_153_111_,
limitdefin0_.REG_MONTHLY_MAX_TRX_AMOUNT as REG35_153_111_,
limitdefin0_.REG_MONTHLY_MAX_TRX_ALLOWED as REG36_153_111_,
limitdefin0_.REG_QUATERLY_MAX_TRX_AMOUNT as REG37_153_111_,
limitdefin0_.REG_QUATERLY_MAX_TRX_ALLOWED as REG38_153_111_,
limitdefin0_.REG_WEEKLY_MAX_TRX_AMOUNT as REG39_153_111_,
limitdefin0_.REG_WEEKLY_MAX_TRX_ALLOWED as REG40_153_111_,
limitdefin0_.REG_YEARLY_MAX_TRX_AMOUNT as REG41_153_111_,
limitdefin0_.REG_YEARLY_MAX_TRX_ALLOWED as REG42_153_111_,
limitdefin0_.SEGMENT_ID as SEGMENT55_153_111_,
limitdefin0_.SPECIAL_CATEGORY_ID as SPECIAL56_153_111_,
limitdefin0_.STATUS_ID as STATUS57_153_111_, channel1_.id as id1_95_0_,
channel1_."VERSION" as VERSION2_95_0_, channel1_.AUTH_BY as
AUTH8_95_0_, channel1_.AUTH_DATE as AUTH3_95_0_, channel1_.CREATED_BY
as CREATED9_95_0_, channel1_.CREATED_DATE as CREATED4_95_0_,
channel1_.MODIFIED_BY as MODIFIE10_95_0_, channel1_.MODIFIED_DATE as
MODIFIED5_95_0_, channel1_.CODE as CODE6_95_0_, channel1_.DESCRIPTION
as DESCRIPT7_95_0_, company2_.id as id1_39_1_, company2_."VERSION" as
VERSION2_39_1_, company2_.AUTH_BY as AUTH8_39_1_, company2_.AUTH_DATE
as AUTH3_39_1_, company2_.CREATED_BY as CREATED9_39_1_,
company2_.CREATED_DATE as CREATED4_39_1_, company2_.MODIFIED_BY as
MODIFIE10_39_1_, company2_.MODIFIED_DATE as MODIFIED5_39_1_,
company2_.AUTH_MATRIX_ID as AUTH11_39_1_, company2_.CHANNEL_ID as
CHANNEL12_39_1_, company2_.CODE as CODE6_39_1_, company2_.CONTACT_ID as
CONTACT13_39_1_, company2_.COUNTRY_ID as COUNTRY14_39_1_, co

Plan hash value: 2528397240

--------------------------------------------------------------------------------------------------------------------------------------------------------------
| Id  | Operation                                                                    | Name                          | Rows  | Bytes | Cost (%CPU)| Time     |
--------------------------------------------------------------------------------------------------------------------------------------------------------------
|   0 | SELECT STATEMENT                                                             |                               |       |       |   341 (100)|          |
|   1 |  SORT ORDER BY                                                               |                               |     1 | 24279 |   341   (2)| 00:00:05 |
|   2 |   NESTED LOOPS OUTER                                                         |                               |     1 | 24279 |   340   (1)| 00:00:05 |
|   3 |    NESTED LOOPS OUTER                                                        |                               |     1 | 24234 |   339   (1)| 00:00:05 |
|   4 |     NESTED LOOPS OUTER                                                       |                               |     1 | 24179 |   338   (1)| 00:00:05 |
|   5 |      NESTED LOOPS OUTER                                                      |                               |     1 | 24134 |   337   (1)| 00:00:05 |
|   6 |       NESTED LOOPS OUTER                                                     |                               |     1 | 24089 |   336   (1)| 00:00:05 |
|   7 |        NESTED LOOPS OUTER                                                    |                               |     1 | 24044 |   335   (1)| 00:00:05 |
|   8 |         NESTED LOOPS                                                         |                               |     1 | 23999 |   334   (1)| 00:00:05 |
|   9 |          NESTED LOOPS OUTER                                                  |                               |     1 | 23954 |   333   (1)| 00:00:04 |
|  10 |           NESTED LOOPS OUTER                                                 |                               |     1 | 23909 |   332   (1)| 00:00:04 |
|  11 |            NESTED LOOPS OUTER                                                |                               |     1 | 23864 |   331   (1)| 00:00:04 |
|  12 |             NESTED LOOPS OUTER                                               |                               |     1 | 23819 |   330   (1)| 00:00:04 |
|  13 |              NESTED LOOPS OUTER                                              |                               |     1 | 23774 |   329   (1)| 00:00:04 |
|  14 |               NESTED LOOPS OUTER                                             |                               |     1 | 23729 |   328   (1)| 00:00:04 |
|  15 |                NESTED LOOPS OUTER                                            |                               |     1 | 23684 |   327   (1)| 00:00:04 |
|  16 |                 NESTED LOOPS OUTER                                           |                               |     1 | 23639 |   326   (1)| 00:00:04 |
|  17 |                  NESTED LOOPS OUTER                                          |                               |     1 | 23594 |   325   (1)| 00:00:04 |
|  18 |                   NESTED LOOPS OUTER                                         |                               |     1 | 23549 |   325   (1)| 00:00:04 |
|  19 |                    NESTED LOOPS OUTER                                        |                               |     1 | 23504 |   325   (1)| 00:00:04 |
|  20 |                     NESTED LOOPS OUTER                                       |                               |     1 | 23459 |   324   (1)| 00:00:04 |
|  21 |                      NESTED LOOPS OUTER                                      |                               |     1 | 23414 |   323   (1)| 00:00:04 |
|  22 |                       NESTED LOOPS OUTER                                     |                               |     1 | 23369 |   322   (1)| 00:00:04 |
|  23 |                        NESTED LOOPS OUTER                                    |                               |     1 | 23324 |   322   (1)| 00:00:04 |
|  24 |                         NESTED LOOPS OUTER                                   |                               |     1 | 23279 |   322   (1)| 00:00:04 |
|  25 |                          NESTED LOOPS OUTER                                  |                               |     1 | 23234 |   321   (1)| 00:00:04 |
|  26 |                           NESTED LOOPS OUTER                                 |                               |     1 | 23189 |   321   (1)| 00:00:04 |
|  27 |                            NESTED LOOPS OUTER                                |                               |     1 | 23144 |   321   (1)| 00:00:04 |
|  28 |                             NESTED LOOPS OUTER                               |                               |     1 | 23099 |   321   (1)| 00:00:04 |
|  29 |                              NESTED LOOPS OUTER                              |                               |     1 | 22955 |   320   (1)| 00:00:04 |
|  30 |                               NESTED LOOPS OUTER                             |                               |     1 | 22879 |   319   (1)| 00:00:04 |
|  31 |                                NESTED LOOPS OUTER                            |                               |     1 | 20517 |   319   (1)| 00:00:04 |
|  32 |                                 NESTED LOOPS OUTER                           |                               |     1 | 20487 |   317   (1)| 00:00:04 |
|  33 |                                  NESTED LOOPS OUTER                          |                               |     1 | 20457 |   315   (1)| 00:00:04 |
|  34 |                                   NESTED LOOPS OUTER                         |                               |     1 | 20397 |   314   (1)| 00:00:04 |
|  35 |                                    NESTED LOOPS OUTER                        |                               |     1 | 20344 |   313   (1)| 00:00:04 |
|  36 |                                     NESTED LOOPS OUTER                       |                               |     1 | 20303 |   312   (1)| 00:00:04 |
|  37 |                                      NESTED LOOPS OUTER                      |                               |     1 | 20248 |   311   (1)| 00:00:04 |
|  38 |                                       NESTED LOOPS OUTER                     |                               |     1 | 20165 |   310   (1)| 00:00:04 |
|  39 |                                        NESTED LOOPS OUTER                    |                               |     1 | 20085 |   309   (1)| 00:00:04 |
|  40 |                                         NESTED LOOPS OUTER                   |                               |     1 | 20032 |   309   (1)| 00:00:04 |
|  41 |                                          NESTED LOOPS OUTER                  |                               |     1 | 19991 |   309   (1)| 00:00:04 |
|  42 |                                           NESTED LOOPS OUTER                 |                               |     1 | 19936 |   309   (1)| 00:00:04 |
|  43 |                                            NESTED LOOPS OUTER                |                               |     1 | 19889 |   309   (1)| 00:00:04 |
|  44 |                                             HASH JOIN RIGHT OUTER            |                               |     1 | 17090 |   309   (1)| 00:00:04 |
|  45 |                                              TABLE ACCESS FULL               | PAY_BILLER_DATA               |     1 |   339 |     2   (0)| 00:00:01 |
|  46 |                                              NESTED LOOPS OUTER              |                               |     1 | 16751 |   307   (1)| 00:00:04 |
|  47 |                                               NESTED LOOPS OUTER             |                               |     1 | 16181 |   307   (1)| 00:00:04 |
|  48 |                                                NESTED LOOPS OUTER            |                               |     1 | 15994 |   307   (1)| 00:00:04 |
|  49 |                                                 NESTED LOOPS OUTER           |                               |     1 | 15424 |   307   (1)| 00:00:04 |
|  50 |                                                  NESTED LOOPS OUTER          |                               |     1 | 15237 |   307   (1)| 00:00:04 |
|  51 |                                                   NESTED LOOPS OUTER         |                               |     1 | 15067 |   307   (1)| 00:00:04 |
|  52 |                                                    NESTED LOOPS OUTER        |                               |     1 | 13949 |   307   (1)| 00:00:04 |
|  53 |                                                     NESTED LOOPS OUTER       |                               |     1 | 13512 |   307   (1)| 00:00:04 |
|  54 |                                                      NESTED LOOPS OUTER      |                               |     1 | 13264 |   307   (1)| 00:00:04 |
|  55 |                                                       NESTED LOOPS OUTER     |                               |     1 | 13234 |   306   (1)| 00:00:04 |
|  56 |                                                        NESTED LOOPS OUTER    |                               |     1 | 13146 |   305   (1)| 00:00:04 |
|  57 |                                                         NESTED LOOPS OUTER   |                               |     1 | 13102 |   304   (1)| 00:00:04 |
|  58 |                                                          NESTED LOOPS OUTER  |                               |     1 | 13014 |   303   (1)| 00:00:04 |
|  59 |                                                           NESTED LOOPS OUTER |                               |     1 | 12955 |   302   (1)| 00:00:04 |
|  60 | R                                                          NESTED LOOPS OUTE |                               |     1 | 12879 |   301   (1)| 00:00:04 |
|  61 | ER                                                          NESTED LOOPS OUT |                               |     1 | 12834 |   300   (1)| 00:00:04 |
|  62 | TER                                                          NESTED LOOPS OU |                               |     1 | 12787 |   300   (1)| 00:00:04 |
|  63 | UTER                                                          NESTED LOOPS O |                               |     1 | 12372 |   300   (1)| 00:00:04 |
|  64 | HT OUTER                                                       HASH JOIN RIG |                               |     1 | 12325 |   300   (1)| 00:00:04 |
|  65 |  FULL                                                           TABLE ACCESS | FND_TENANT_APPLICATION_LOCALE |     1 |    30 |     3   (0)| 00:00:01 |
|  66 | GHT OUTER                                                       HASH JOIN RI |                               |     1 | 12295 |   297   (2)| 00:00:04 |
|  67 | S FULL                                                           TABLE ACCES | FND_TENANT_OPERATING_COUNTRY  |     1 |    28 |     3   (0)| 00:00:01 |
|  68 | S OUTER                                                          NESTED LOOP |                               |     1 | 12267 |   294   (2)| 00:00:04 |
|  69 | PS OUTER                                                          NESTED LOO |                               |     1 | 12239 |   293   (2)| 00:00:04 |
|  70 | OPS OUTER                                                          NESTED LO |                               |     1 | 12200 |   292   (2)| 00:00:04 |
|  71 | OOPS OUTER                                                          NESTED L |                               |     1 | 12151 |   292   (2)| 00:00:04 |
|  72 | LOOPS OUTER                                                          NESTED  |                               |     1 | 12126 |   291   (2)| 00:00:04 |
|  73 |  LOOPS OUTER                                                          NESTED |                               |     1 | 12063 |   290   (2)| 00:00:04 |
|  74 | JOIN OUTER                                                             HASH  |                               |     1 | 12057 |   290   (2)| 00:00:04 |
|  75 | ED LOOPS OUTER                                                          NEST |                               |     1 | 12032 |   266   (1)| 00:00:04 |
|  76 | TED LOOPS OUTER                                                          NES |                               |     1 | 11965 |   265   (1)| 00:00:04 |
|  77 | STED LOOPS OUTER                                                          NE |                               |     1 | 11940 |   264   (1)| 00:00:04 |
|  78 | ESTED LOOPS OUTER                                                          N |                               |     1 | 11814 |   264   (1)| 00:00:04 |
|  79 |.HASH JOIN RIGHT OUTER                                                        |                               |     1 | 11769 |   263   (1)| 00:00:04 |
|  80 |. TABLE ACCESS FULL                                                           | FND_DOCUMENT_DETAIL           |     1 |  2080 |     2   (0)| 00:00:01 |
|  81 |. NESTED LOOPS OUTER                                                          |                               |     1 |  9689 |   261   (1)| 00:00:04 |
|  82 |.  NESTED LOOPS OUTER                                                         |                               |     1 |  9597 |   261   (1)| 00:00:04 |
|  83 |.   NESTED LOOPS OUTER                                                        |                               |     1 |  9509 |   261   (1)| 00:00:04 |
|  84 |.    NESTED LOOPS OUTER                                                       |                               |     1 |  9421 |   260   (1)| 00:00:04 |
|  85 |.     NESTED LOOPS OUTER                                                      |                               |     1 |  9366 |   259   (1)| 00:00:04 |
|  86 |.      NESTED LOOPS OUTER                                                     |                               |     1 |  9322 |   258   (1)| 00:00:04 |
|  87 |.       NESTED LOOPS OUTER                                                    |                               |     1 |  9239 |   257   (1)| 00:00:04 |
|  88 |.        HASH JOIN OUTER                                                      |                               |     1 |  9186 |   256   (1)| 00:00:04 |
|  89 |.         NESTED LOOPS OUTER                                                  |                               |     1 |  9174 |   231   (0)| 00:00:03 |

PLAN_TABLE_OUTPUT
------------------------------------------------------------------------------------------------------------------------------------------------------------------------------------------------------------------------------------------------------------------------------------------------------------
|  90 |.          NESTED LOOPS OUTER                                                 |                               |     1 |  9129 |   230   (0)| 00:00:03 |
|  91 |.           NESTED LOOPS OUTER                                                |                               |     1 |  9067 |   229   (0)| 00:00:03 |
|  92 |.            NESTED LOOPS OUTER                                               |                               |     1 |  9039 |   228   (0)| 00:00:03 |
|  93 |.             NESTED LOOPS OUTER                                              |                               |     1 |  8913 |   227   (0)| 00:00:03 |
|  94 |.              NESTED LOOPS OUTER                                             |                               |     1 |  8787 |   226   (0)| 00:00:03 |
|  95 |.               NESTED LOOPS OUTER                                            |                               |     1 |  8762 |   225   (0)| 00:00:03 |
|  96 |.                NESTED LOOPS OUTER                                           |                               |     1 |  8737 |   224   (0)| 00:00:03 |
|  97 |.                 NESTED LOOPS OUTER                                          |                               |     1 |  8674 |   224   (0)| 00:00:03 |
|  98 |.                  NESTED LOOPS OUTER                                         |                               |     1 |  8629 |   223   (0)| 00:00:03 |
|  99 |.                   NESTED LOOPS OUTER                                        |                               |     1 |  8601 |   222   (0)| 00:00:03 |
| 100 |.                    NESTED LOOPS OUTER                                       |                               |     1 |  8539 |   221   (0)| 00:00:03 |
| 101 |.                     NESTED LOOPS OUTER                                      |                               |     1 |  8508 |   221   (0)| 00:00:03 |
| 102 |.                      NESTED LOOPS OUTER                                     |                               |     1 |  8451 |   221   (0)| 00:00:03 |
| 103 |.                       NESTED LOOPS OUTER                                    |                               |     1 |  8406 |   220   (0)| 00:00:03 |
| 104 |.                        NESTED LOOPS OUTER                                   |                               |     1 |  8361 |   219   (0)| 00:00:03 |
| 105 |.                         NESTED LOOPS OUTER                                  |                               |     1 |  8316 |   219   (0)| 00:00:03 |
| 106 |.                          NESTED LOOPS OUTER                                 |                               |     1 |  8236 |   218   (0)| 00:00:03 |
| 107 |.                           NESTED LOOPS OUTER                                |                               |     1 |  8156 |   217   (0)| 00:00:03 |
| 108 |.                            NESTED LOOPS OUTER                               |                               |     1 |  8115 |   216   (0)| 00:00:03 |
| 109 |.                             NESTED LOOPS OUTER                              |                               |     1 |  8074 |   215   (0)| 00:00:03 |
| 110 |.                              NESTED LOOPS OUTER                             |                               |     1 |  8039 |   214   (0)| 00:00:03 |
| 111 |.                               NESTED LOOPS OUTER                            |                               |     1 |  8008 |   213   (0)| 00:00:03 |
| 112 |.                                NESTED LOOPS OUTER                           |                               |     1 |  7980 |   212   (0)| 00:00:03 |
| 113 |.                                 NESTED LOOPS OUTER                          |                               |     1 |  7939 |   211   (0)| 00:00:03 |
| 114 |.                                  NESTED LOOPS OUTER                         |                               |     1 |  7884 |   210   (0)| 00:00:03 |
| 115 |.                                   NESTED LOOPS OUTER                        |                               |     1 |  7856 |   209   (0)| 00:00:03 |
| 116 |.                                    NESTED LOOPS OUTER                       |                               |     1 |  7734 |   208   (0)| 00:00:03 |
| 117 |.                                     NESTED LOOPS OUTER                      |                               |     1 |  7612 |   207   (0)| 00:00:03 |
| 118 |.                                      NESTED LOOPS OUTER                     |                               |     1 |  7573 |   207   (0)| 00:00:03 |
| 119 |.                                       NESTED LOOPS OUTER                    |                               |     1 |  7524 |   207   (0)| 00:00:03 |
| 120 |.                                        NESTED LOOPS OUTER                   |                               |     1 |  7493 |   207   (0)| 00:00:03 |
| 121 |.                                         NESTED LOOPS OUTER                  |                               |     1 |  7459 |   207   (0)| 00:00:03 |
| 122 |.                                          MERGE JOIN OUTER                   |                               |     1 |  7044 |   207   (0)| 00:00:03 |
| 123 |.                                           NESTED LOOPS OUTER                |                               |     1 |  6984 |   206   (0)| 00:00:03 |
| 124 |.                                            HASH JOIN OUTER                  |                               |     1 |  6950 |   206   (0)| 00:00:03 |
| 125 |.                                             HASH JOIN OUTER                 |                               |     1 |  4151 |   204   (0)| 00:00:03 |
| 126 |.                                              HASH JOIN OUTER                |                               |     1 |  1352 |   202   (0)| 00:00:03 |
| 127 |.                                               NESTED LOOPS OUTER            |                               |     1 |   977 |   200   (0)| 00:00:03 |
| 128 |.                                                NESTED LOOPS OUTER           |                               |     1 |   562 |   200   (0)| 00:00:03 |
| 129 |.                                                 TABLE ACCESS BY INDEX ROWID | LIMIT_DEFINITION_DETAIL       |     1 |   125 |   200   (0)| 00:00:03 |
| 130 |.                                                  INDEX SKIP SCAN            | DEFINITION_DETAILS_UK         |     1 |       |   200   (0)| 00:00:03 |
| 131 |.                                                 TABLE ACCESS BY INDEX ROWID | PAY_BILLER                    |     1 |   437 |     0   (0)|          |
| 132 |.                                                  INDEX UNIQUE SCAN          | BILLER_PK                     |     1 |       |     0   (0)|          |
| 133 |.                                                TABLE ACCESS BY INDEX ROWID  | FND_COMPANY                   |     1 |   415 |     0   (0)|          |
| 134 |.                                                 INDEX UNIQUE SCAN           | COMPANY_PK                    |     1 |       |     0   (0)|          |
| 135 |.                                               TABLE ACCESS FULL             | PAY_BILLER_SERVICE            |     1 |   375 |     2   (0)| 00:00:01 |
| 136 |.                                              TABLE ACCESS FULL              | PAY_BILLER_METADATA           |     1 |  2799 |     2   (0)| 00:00:01 |
| 137 |.                                             TABLE ACCESS FULL               | PAY_BILLER_METADATA           |     1 |  2799 |     2   (0)| 00:00:01 |
| 138 |.                                            TABLE ACCESS BY INDEX ROWID      | FND_GROUP                     |     1 |    34 |     0   (0)|          |
| 139 |.                                             INDEX UNIQUE SCAN               | GROUP_PK                      |     1 |       |     0   (0)|          |
| 140 |.                                           BUFFER SORT                       |                               |     1 |    60 |   207   (0)| 00:00:03 |
| 141 |.                                            TABLE ACCESS BY INDEX ROWID      | PAY_BENE                      |     1 |    60 |     1   (0)| 00:00:01 |
| 142 |.                                             INDEX UNIQUE SCAN               | BENE_PK                       |     1 |       |     0   (0)|          |
| 143 |.                                          TABLE ACCESS BY INDEX ROWID        | FND_COMPANY                   |     1 |   415 |     0   (0)|          |
| 144 |.                                           INDEX UNIQUE SCAN                 | COMPANY_PK                    |     1 |       |     0   (0)|          |
| 145 |.                                         TABLE ACCESS BY INDEX ROWID         | FND_GROUP                     |     1 |    34 |     0   (0)|          |
| 146 |.                                          INDEX UNIQUE SCAN                  | GROUP_PK                      |     1 |       |     0   (0)|          |
| 147 |.                                        TABLE ACCESS BY INDEX ROWID          | INF_CHANNEL                   |     1 |    31 |     0   (0)|          |
| 148 |.                                         INDEX UNIQUE SCAN                   | INF_CHANNEL_PK                |     1 |       |     0   (0)|          |
| 149 |.                                       TABLE ACCESS BY INDEX ROWID           | FND_SPECIAL_CATEGORY          |     1 |    49 |     0   (0)|          |
| 150 |.                                        INDEX UNIQUE SCAN                    | SPECIAL_CATEGORY_PK           |     1 |       |     0   (0)|          |
| 151 |.                                      TABLE ACCESS BY INDEX ROWID            | FND_SEGMENT                   |     1 |    39 |     0   (0)|          |
| 152 |.                                       INDEX UNIQUE SCAN                     | SEGMENT_PK                    |     1 |       |     0   (0)|          |
| 153 |.                                     TABLE ACCESS BY INDEX ROWID             | LIMIT_DEFINITION              |     1 |   122 |     1   (0)| 00:00:01 |
| 154 |.                                      INDEX UNIQUE SCAN                      | DEFINITION_PK                 |     1 |       |     0   (0)|          |
| 155 |.                                    TABLE ACCESS BY INDEX ROWID              | LIMIT_DEFINITION              |     1 |   122 |     1   (0)| 00:00:01 |
| 156 |.                                     INDEX UNIQUE SCAN                       | DEFINITION_PK                 |     1 |       |     0   (0)|          |
| 157 |.                                   TABLE ACCESS BY INDEX ROWID               | FND_TENANT_APPLICATION        |     1 |    28 |     1   (0)| 00:00:01 |
| 158 |.                                    INDEX UNIQUE SCAN                        | TENANT_APPLICATION_PK         |     1 |       |     0   (0)|          |
| 159 |.                                  TABLE ACCESS BY INDEX ROWID                | FND_CURRENCY                  |     1 |    55 |     1   (0)| 00:00:01 |
| 160 |.                                   INDEX UNIQUE SCAN                         | CURRENCY_PK                   |     1 |       |     0   (0)|          |
| 161 |.                                 TABLE ACCESS BY INDEX ROWID                 | INF_TENANT_SERVICE            |     1 |    41 |     1   (0)| 00:00:01 |
| 162 |.                                  INDEX UNIQUE SCAN                          | TENANT_SERVICE_PK             |     1 |       |     0   (0)|          |
| 163 |.                                TABLE ACCESS BY INDEX ROWID                  | FND_TENANT_APPLICATION        |     1 |    28 |     1   (0)| 00:00:01 |
| 164 |.                                 INDEX UNIQUE SCAN                           | TENANT_APPLICATION_PK         |     1 |       |     0   (0)|          |
| 165 |.                               TABLE ACCESS BY INDEX ROWID                   | INF_CHANNEL                   |     1 |    31 |     1   (0)| 00:00:01 |
| 166 |.                                INDEX UNIQUE SCAN                            | INF_CHANNEL_PK                |     1 |       |     0   (0)|          |
| 167 |.                              TABLE ACCESS BY INDEX ROWID                    | INF_SERVICE_APPLICATION       |     1 |    35 |     1   (0)| 00:00:01 |
| 168 |.                               INDEX UNIQUE SCAN                             | SERVICE_APPLICATION_PK        |     1 |       |     0   (0)|          |
| 169 |.                             TABLE ACCESS BY INDEX ROWID                     | INF_TENANT_SERVICE            |     1 |    41 |     1   (0)| 00:00:01 |
| 170 |.                              INDEX UNIQUE SCAN                              | TENANT_SERVICE_PK             |     1 |       |     0   (0)|          |
| 171 |.                            TABLE ACCESS BY INDEX ROWID                      | INF_TENANT_SERVICE            |     1 |    41 |     1   (0)| 00:00:01 |
| 172 |.                             INDEX UNIQUE SCAN                               | TENANT_SERVICE_PK             |     1 |       |     0   (0)|          |
| 173 |.                           TABLE ACCESS BY INDEX ROWID                       | INF_SERVICE                   |     1 |    80 |     1   (0)| 00:00:01 |
| 174 |.                            INDEX UNIQUE SCAN                                | SERVICE_PK                    |     1 |       |     0   (0)|          |
| 175 |.                          TABLE ACCESS BY INDEX ROWID                        | INF_SERVICE                   |     1 |    80 |     1   (0)| 00:00:01 |
| 176 |.                           INDEX UNIQUE SCAN                                 | SERVICE_PK                    |     1 |       |     0   (0)|          |
| 177 |.                         TABLE ACCESS BY INDEX ROWID                         | FND_COUNTRY                   |     1 |    45 |     0   (0)|          |
| 178 |.                          INDEX UNIQUE SCAN                                  | COUNTRY_PK                    |     1 |       |     0   (0)|          |
| 179 |.                        TABLE ACCESS BY INDEX ROWID                          | FND_COUNTRY                   |     1 |    45 |     1   (0)| 00:00:01 |
| 180 |.                         INDEX UNIQUE SCAN                                   | COUNTRY_PK                    |     1 |       |     0   (0)|          |
| 181 |.                       TABLE ACCESS BY INDEX ROWID                           | FND_COUNTRY                   |     1 |    45 |     1   (0)| 00:00:01 |
| 182 |.                        INDEX UNIQUE SCAN                                    | COUNTRY_PK                    |     1 |       |     0   (0)|          |
| 183 |.                      TABLE ACCESS BY INDEX ROWID                            | FND_TENANT_LOOKUP_VALUE       |     1 |    57 |     0   (0)|          |
| 184 |.                       INDEX UNIQUE SCAN                                     | TENANT_LOOKUP_VALUE_PK        |     1 |       |     0   (0)|          |
| 185 |.                     TABLE ACCESS BY INDEX ROWID                             | INF_CHANNEL                   |     1 |    31 |     0   (0)|          |
| 186 |.                      INDEX UNIQUE SCAN                                      | INF_CHANNEL_PK                |     1 |       |     0   (0)|          |
| 187 |.                    TABLE ACCESS BY INDEX ROWID                              | FND_TENANT_LOOKUP_TYPE        |     1 |    62 |     1   (0)| 00:00:01 |
| 188 |.                     INDEX UNIQUE SCAN                                       | TENANT_LOOKUP_TYPE_PK         |     1 |       |     0   (0)|          |
| 189 |.                   TABLE ACCESS BY INDEX ROWID                               | FND_TENANT_APPLICATION        |     1 |    28 |     1   (0)| 00:00:01 |
| 190 |.                    INDEX UNIQUE SCAN                                        | TENANT_APPLICATION_PK         |     1 |       |     0   (0)|          |
| 191 |.                  TABLE ACCESS BY INDEX ROWID                                | FND_COUNTRY                   |     1 |    45 |     1   (0)| 00:00:01 |
| 192 |.                   INDEX UNIQUE SCAN                                         | COUNTRY_PK                    |     1 |       |     0   (0)|          |
| 193 |.                 TABLE ACCESS BY INDEX ROWID                                 | FND_CIF                       |     1 |    63 |     0   (0)|          |
| 194 |.                  INDEX UNIQUE SCAN                                          | CIF_PK                        |     1 |       |     0   (0)|          |
| 195 |.                TABLE ACCESS BY INDEX ROWID                                  | USER_LOGIN_PROFILE_EXTEND     |     1 |    25 |     1   (0)| 00:00:01 |
| 196 |.                 INDEX UNIQUE SCAN                                           | LOGIN_PROFILE_EXTEND_PK       |     1 |       |     0   (0)|          |
| 197 |.               TABLE ACCESS BY INDEX ROWID                                   | USER_LOGIN_PROFILE_EXTEND     |     1 |    25 |     1   (0)| 00:00:01 |
| 198 |.                INDEX UNIQUE SCAN                                            | LOGIN_PROFILE_EXTEND_PK       |     1 |       |     0   (0)|          |
| 199 |.              TABLE ACCESS BY INDEX ROWID                                    | USER_LOGIN_PROFILE            |     1 |   126 |     1   (0)| 00:00:01 |
| 200 |.               INDEX UNIQUE SCAN                                             | LOGIN_PROFILE_PK              |     1 |       |     0   (0)|          |
| 201 |.             TABLE ACCESS BY INDEX ROWID                                     | USER_LOGIN_PROFILE            |     1 |   126 |     1   (0)| 00:00:01 |
| 202 |.              INDEX UNIQUE SCAN                                              | LOGIN_PROFILE_PK              |     1 |       |     0   (0)|          |
| 203 |.            TABLE ACCESS BY INDEX ROWID                                      | FND_TENANT_APPLICATION        |     1 |    28 |     1   (0)| 00:00:01 |
| 204 |.             INDEX UNIQUE SCAN                                               | TENANT_APPLICATION_PK         |     1 |       |     0   (0)|          |
| 205 |.           TABLE ACCESS BY INDEX ROWID                                       | FND_TENANT                    |     1 |    62 |     1   (0)| 00:00:01 |
| 206 |.            INDEX UNIQUE SCAN                                                | TENANT_PK                     |     1 |       |     0   (0)|          |
| 207 |.          TABLE ACCESS BY INDEX ROWID                                        | FND_COUNTRY                   |     1 |    45 |     1   (0)| 00:00:01 |
| 208 |.           INDEX UNIQUE SCAN                                                 | COUNTRY_PK                    |     1 |       |     0   (0)|          |
| 209 |.         TABLE ACCESS FULL                                                   | FND_CIF_ACCOUNT               | 33093 |   387K|    24   (5)| 00:00:01 |
| 210 |.        TABLE ACCESS BY INDEX ROWID                                          | ACCT_ACCOUNT                  |     1 |    53 |     1   (0)| 00:00:01 |
| 211 |.         INDEX UNIQUE SCAN                                                   | ACCOUNT_PK                    |     1 |       |     0   (0)|          |
| 212 |.       TABLE ACCESS BY INDEX ROWID                                           | ACCT_PRODUCT                  |     1 |    83 |     1   (0)| 00:00:01 |
| 213 |.        INDEX UNIQUE SCAN                                                    | PRODUCT_PK                    |     1 |       |     0   (0)|          |
| 214 |.      TABLE ACCESS BY INDEX ROWID                                            | ACCT_PRODUCT_TYPE             |     1 |    44 |     1   (0)| 00:00:01 |
| 215 |.       INDEX UNIQUE SCAN                                                     | PRODUCT_TYPE_PK               |     1 |       |     0   (0)|          |
| 216 |.     TABLE ACCESS BY INDEX ROWID                                             | FND_CURRENCY                  |     1 |    55 |     1   (0)| 00:00:01 |
| 217 |.      INDEX UNIQUE SCAN                                                      | CURRENCY_PK                   |     1 |       |     0   (0)|          |
| 218 |.    TABLE ACCESS BY INDEX ROWID                                              | FND_CONTACT                   |     1 |    88 |     1   (0)| 00:00:01 |
| 219 |.     INDEX UNIQUE SCAN                                                       | CONTACT_PK                    |     1 |       |     0   (0)|          |
| 220 |.   TABLE ACCESS BY INDEX ROWID                                               | FND_CONTACT                   |     1 |    88 |     0   (0)|          |
| 221 |.    INDEX UNIQUE SCAN                                                        | CONTACT_PK                    |     1 |       |     0   (0)|          |
| 222 |.  TABLE ACCESS BY INDEX ROWID                                                | FND_DOCUMENT                  |     1 |    92 |     0   (0)|          |
| 223 |.   INDEX UNIQUE SCAN                                                         | DOCUMENT_PK                   |     1 |       |     0   (0)|          |
| 224 |.TABLE ACCESS BY INDEX ROWID                                                  | FND_COUNTRY                   |     1 |    45 |     1   (0)| 00:00:01 |
| 225 |. INDEX UNIQUE SCAN                                                           | COUNTRY_PK                    |     1 |       |     0   (0)|          |
| 226 | ABLE ACCESS BY INDEX ROWID                                                 T | USER_LOGIN_PROFILE            |     1 |   126 |     0   (0)|          |
| 227 |.INDEX UNIQUE SCAN                                                            | LOGIN_PROFILE_PK              |     1 |       |     0   (0)|          |
| 228 | BLE ACCESS BY INDEX ROWID                                                 TA | USER_CONTACT_DETAIL           |     1 |    25 |     1   (0)| 00:00:01 |
| 229 | NDEX UNIQUE SCAN                                                           I | CONTACT_DETAIL_PK             |     1 |       |     0   (0)|          |
| 230 | LE ACCESS BY INDEX ROWID                                                 TAB | USER_PROFILE                  |     1 |    67 |     1   (0)| 00:00:01 |
| 231 | DEX UNIQUE SCAN                                                           IN | PROFILE_PK                    |     1 |       |     0   (0)|          |
| 232 | E ACCESS FULL                                                           TABL | USER_CIF                      | 18368 |   448K|    24   (5)| 00:00:01 |
| 233 |  UNIQUE SCAN                                                           INDEX | PROFILE_EXTEND_PK             |     1 |     6 |     0   (0)|          |
| 234 | ACCESS BY INDEX ROWID                                                 TABLE  | FND_CIF                       |     1 |    63 |     1   (0)| 00:00:01 |
| 235 |  UNIQUE SCAN                                                           INDEX | CIF_PK                        |     1 |       |     0   (0)|          |
| 236 | CCESS BY INDEX ROWID                                                 TABLE A | USER_LOGIN_PROFILE_EXTEND     |     1 |    25 |     1   (0)| 00:00:01 |
| 237 | UNIQUE SCAN                                                           INDEX  | LOGIN_PROFILE_EXTEND_PK       |     1 |       |     0   (0)|          |
| 238 | CESS BY INDEX ROWID                                                 TABLE AC | FND_SPECIAL_CATEGORY          |     1 |    49 |     0   (0)|          |
| 239 | NIQUE SCAN                                                           INDEX U | SPECIAL_CATEGORY_PK           |     1 |       |     0   (0)|          |
| 240 | ESS BY INDEX ROWID                                                 TABLE ACC | FND_SEGMENT                   |     1 |    39 |     1   (0)| 00:00:01 |
| 241 | IQUE SCAN                                                           INDEX UN | SEGMENT_PK                    |     1 |       |     0   (0)|          |
| 242 | SS BY INDEX ROWID                                                 TABLE ACCE | FND_TENANT_APPLICATION        |     1 |    28 |     1   (0)| 00:00:01 |
| 243 | QUE SCAN                                                           INDEX UNI | TENANT_APPLICATION_PK         |     1 |       |     0   (0)|          |
| 244 | BY INDEX ROWID                                                 TABLE ACCESS  | FND_DEPARTMENT                |     1 |    47 |     0   (0)|          |
| 245 |  SCAN                                                           INDEX UNIQUE | DEPARTMENT_PK                 |     1 |       |     0   (0)|          |
| 246 | Y INDEX ROWID                                                 TABLE ACCESS B | FND_COMPANY                   |     1 |   415 |     0   (0)|          |
| 247 | SCAN                                                           INDEX UNIQUE  | COMPANY_PK                    |     1 |       |     0   (0)|          |
| 248 |  INDEX ROWID                                                 TABLE ACCESS BY | FND_DEPARTMENT                |     1 |    47 |     0   (0)|          |
| 249 | CAN                                                           INDEX UNIQUE S | DEPARTMENT_PK                 |     1 |       |     0   (0)|          |
| 250 | INDEX ROWID                                                 TABLE ACCESS BY  | FND_COUNTRY                   |     1 |    45 |     1   (0)| 00:00:01 |
| 251 | AN                                                           INDEX UNIQUE SC | COUNTRY_PK                    |     1 |       |     0   (0)|          |
| 252 | NDEX ROWID                                                 TABLE ACCESS BY I | FND_TENANT_BRANCH             |     1 |    76 |     1   (0)| 00:00:01 |
| 253 | N                                                           INDEX UNIQUE SCA | TENANT_BRANCH_PK              |     1 |       |     0   (0)|          |
| 254 | DEX ROWID                                                 TABLE ACCESS BY IN | FND_CITY                      |     1 |    59 |     1   (0)| 00:00:01 |
| 255 |                                                            INDEX UNIQUE SCAN | CITY_PK                       |     1 |       |     0   (0)|          |
| 256 | EX ROWID                                                 TABLE ACCESS BY IND | FND_CONTACT                   |     1 |    88 |     1   (0)| 00:00:01 |
| 257 |                                                           INDEX UNIQUE SCAN  | CONTACT_PK                    |     1 |       |     0   (0)|          |
| 258 | X ROWID                                                 TABLE ACCESS BY INDE | FND_STATE                     |     1 |    44 |     1   (0)| 00:00:01 |
| 259 |                                                          INDEX UNIQUE SCAN   | STATE_PK                      |     1 |       |     0   (0)|          |
| 260 |  ROWID                                                 TABLE ACCESS BY INDEX | FND_CONTACT                   |     1 |    88 |     1   (0)| 00:00:01 |
| 261 |                                                         INDEX UNIQUE SCAN    | CONTACT_PK                    |     1 |       |     0   (0)|          |
| 262 | ROWID                                                 TABLE ACCESS BY INDEX  | PAY_PAYEE_INSTRUCTION         |     1 |    30 |     1   (0)| 00:00:01 |
| 263 |                                                        INDEX UNIQUE SCAN     | PAY_PAYEE_INSTRUCTION_PK      |     1 |       |     0   (0)|          |
| 264 | OWID                                                 TABLE ACCESS BY INDEX R | PAY_BILLER_INSTRUCTION        |     1 |   248 |     0   (0)|          |
| 265 |                                                       INDEX UNIQUE SCAN      | BILLER_INSTRUCTION_PK         |     1 |       |     0   (0)|          |
| 266 | WID                                                 TABLE ACCESS BY INDEX RO | PAY_BILLER                    |     1 |   437 |     0   (0)|          |
| 267 |                                                      INDEX UNIQUE SCAN       | BILLER_PK                     |     1 |       |     0   (0)|          |
| 268 | ID                                                 TABLE ACCESS BY INDEX ROW | PAY_PG_INSTRUCTION            |     1 |  1118 |     0   (0)|          |
| 269 |                                                     INDEX UNIQUE SCAN        | PAY_PG_INSTRUCTION_PK         |     1 |       |     0   (0)|          |
| 270 | D                                                 TABLE ACCESS BY INDEX ROWI | PG_MER_AGG_MAPPING_MASTER     |     1 |   170 |     0   (0)|          |
| 271 |                                                    INDEX UNIQUE SCAN         | PG_MER_AGG_MAPPING_MASTER_PK  |     1 |       |     0   (0)|          |
| 272 |                                                  TABLE ACCESS BY INDEX ROWID | PG_MERCHANT_MASTER            |     1 |   187 |     0   (0)|          |
| 273 |                                                   INDEX UNIQUE SCAN          | PG_MERCHANT_MASTER_PK         |     1 |       |     0   (0)|          |
| 274 |                                                 TABLE ACCESS BY INDEX ROWID  | PG_AGGREGATOR_MASTER          |     1 |   570 |     0   (0)|          |
| 275 |                                                  INDEX UNIQUE SCAN           | PG_AGGREGATOR_MASTER_PK       |     1 |       |     0   (0)|          |
| 276 |                                                TABLE ACCESS BY INDEX ROWID   | PG_MERCHANT_MASTER            |     1 |   187 |     0   (0)|          |
| 277 |                                                 INDEX UNIQUE SCAN            | PG_MERCHANT_MASTER_PK         |     1 |       |     0   (0)|          |
| 278 |                                               TABLE ACCESS BY INDEX ROWID    | PG_AGGREGATOR_MASTER          |     1 |   570 |     0   (0)|          |
| 279 |                                                INDEX UNIQUE SCAN             | PG_AGGREGATOR_MASTER_PK       |     1 |       |     0   (0)|          |
| 280 |                                             TABLE ACCESS BY INDEX ROWID      | PAY_BILLER_METADATA           |     1 |  2799 |     0   (0)|          |
| 281 |                                              INDEX UNIQUE SCAN               | BILLER_METADATA_PK            |     1 |       |     0   (0)|          |
| 282 |                                            TABLE ACCESS BY INDEX ROWID       | PG_BILLER_BUSINESS_SUB_CAT    |     1 |    47 |     0   (0)|          |
| 283 |                                             INDEX UNIQUE SCAN                | PG_BILLER_BUSINESS_SUB_CAT_PK |     1 |       |     0   (0)|          |
| 284 |                                           TABLE ACCESS BY INDEX ROWID        | FND_CURRENCY                  |     1 |    55 |     0   (0)|          |
| 285 |                                            INDEX UNIQUE SCAN                 | CURRENCY_PK                   |     1 |       |     0   (0)|          |
| 286 |                                          TABLE ACCESS BY INDEX ROWID         | INF_TENANT_SERVICE            |     1 |    41 |     0   (0)|          |

PLAN_TABLE_OUTPUT
------------------------------------------------------------------------------------------------------------------------------------------------------------------------------------------------------------------------------------------------------------------------------------------------------------
| 287 |                                           INDEX UNIQUE SCAN                  | TENANT_SERVICE_PK             |     1 |       |     0   (0)|          |
| 288 |                                         TABLE ACCESS BY INDEX ROWID          | ACCT_ACCOUNT                  |     1 |    53 |     0   (0)|          |
| 289 |                                          INDEX UNIQUE SCAN                   | ACCOUNT_PK                    |     1 |       |     0   (0)|          |
| 290 |                                        TABLE ACCESS BY INDEX ROWID           | PAY_BENE_INSTRUCTION          |     1 |    80 |     1   (0)| 00:00:01 |
| 291 |                                         INDEX UNIQUE SCAN                    | BENE_INSTRUCTION_PK           |     1 |       |     0   (0)|          |
| 292 |                                       TABLE ACCESS BY INDEX ROWID            | ACCT_PRODUCT                  |     1 |    83 |     1   (0)| 00:00:01 |
| 293 |                                        INDEX UNIQUE SCAN                     | PRODUCT_PK                    |     1 |       |     0   (0)|          |
| 294 |                                      TABLE ACCESS BY INDEX ROWID             | FND_CURRENCY                  |     1 |    55 |     1   (0)| 00:00:01 |
| 295 |                                       INDEX UNIQUE SCAN                      | CURRENCY_PK                   |     1 |       |     0   (0)|          |
| 296 |                                     TABLE ACCESS BY INDEX ROWID              | INF_TENANT_SERVICE            |     1 |    41 |     1   (0)| 00:00:01 |
| 297 |                                      INDEX UNIQUE SCAN                       | TENANT_SERVICE_PK             |     1 |       |     0   (0)|          |
| 298 |                                    TABLE ACCESS BY INDEX ROWID               | ACCT_ACCOUNT                  |     1 |    53 |     1   (0)| 00:00:01 |
| 299 |                                     INDEX UNIQUE SCAN                        | ACCOUNT_PK                    |     1 |       |     0   (0)|          |
| 300 |                                   TABLE ACCESS BY INDEX ROWID                | PAY_BENE                      |     1 |    60 |     1   (0)| 00:00:01 |
| 301 |                                    INDEX UNIQUE SCAN                         | BENE_PK                       |     1 |       |     0   (0)|          |
| 302 |                                  TABLE ACCESS BY INDEX ROWID                 | PAY_PAYEE_BANK_BRANCH         |     1 |    30 |     2   (0)| 00:00:01 |
| 303 |                                   INDEX UNIQUE SCAN                          | PAY_PAYEE_BANK_BRANCH_PK      |     1 |       |     1   (0)| 00:00:01 |
| 304 |                                 TABLE ACCESS BY INDEX ROWID                  | PAY_PAYEE_BANK_BRANCH         |     1 |    30 |     2   (0)| 00:00:01 |
| 305 |                                  INDEX UNIQUE SCAN                           | PAY_PAYEE_BANK_BRANCH_PK      |     1 |       |     1   (0)| 00:00:01 |
| 306 |                                TABLE ACCESS BY INDEX ROWID                   | PAY_FOREIGN_BANK_BRANCH       |     1 |  2362 |     0   (0)|          |
| 307 |                                 INDEX UNIQUE SCAN                            | FOREIGN_BANK_BRANCH_PK        |     1 |       |     0   (0)|          |
| 308 |                               TABLE ACCESS BY INDEX ROWID                    | FND_TENANT_BRANCH             |     1 |    76 |     1   (0)| 00:00:01 |
| 309 |                                INDEX UNIQUE SCAN                             | TENANT_BRANCH_PK              |     1 |       |     0   (0)|          |
| 310 |                              TABLE ACCESS BY INDEX ROWID                     | PAY_DOMESTIC_BANK_BRANCH      |     1 |   144 |     1   (0)| 00:00:01 |
| 311 |                               INDEX UNIQUE SCAN                              | DOMESTIC_BANK_BRANCH_PK       |     1 |       |     0   (0)|          |
| 312 |                             TABLE ACCESS BY INDEX ROWID                      | FND_LOOKUP_VALUE              |     1 |    45 |     0   (0)|          |
| 313 |                              INDEX UNIQUE SCAN                               | LOOKUP_VALUE_PK               |     1 |       |     0   (0)|          |
| 314 |                            TABLE ACCESS BY INDEX ROWID                       | FND_LOOKUP_VALUE              |     1 |    45 |     0   (0)|          |
| 315 |                             INDEX UNIQUE SCAN                                | LOOKUP_VALUE_PK               |     1 |       |     0   (0)|          |
| 316 |                           TABLE ACCESS BY INDEX ROWID                        | FND_LOOKUP_VALUE              |     1 |    45 |     0   (0)|          |
| 317 |                            INDEX UNIQUE SCAN                                 | LOOKUP_VALUE_PK               |     1 |       |     0   (0)|          |
| 318 |                          TABLE ACCESS BY INDEX ROWID                         | FND_LOOKUP_VALUE              |     1 |    45 |     1   (0)| 00:00:01 |
| 319 |                           INDEX UNIQUE SCAN                                  | LOOKUP_VALUE_PK               |     1 |       |     0   (0)|          |
| 320 |                         TABLE ACCESS BY INDEX ROWID                          | FND_LOOKUP_VALUE              |     1 |    45 |     0   (0)|          |
| 321 |                          INDEX UNIQUE SCAN                                   | LOOKUP_VALUE_PK               |     1 |       |     0   (0)|          |
| 322 |                        TABLE ACCESS BY INDEX ROWID                           | FND_LOOKUP_VALUE              |     1 |    45 |     0   (0)|          |
| 323 |                         INDEX UNIQUE SCAN                                    | LOOKUP_VALUE_PK               |     1 |       |     0   (0)|          |
| 324 |                       TABLE ACCESS BY INDEX ROWID                            | FND_LOOKUP_VALUE              |     1 |    45 |     1   (0)| 00:00:01 |
| 325 |                        INDEX UNIQUE SCAN                                     | LOOKUP_VALUE_PK               |     1 |       |     0   (0)|          |
| 326 |                      TABLE ACCESS BY INDEX ROWID                             | FND_LOOKUP_VALUE              |     1 |    45 |     1   (0)| 00:00:01 |
| 327 |                       INDEX UNIQUE SCAN                                      | LOOKUP_VALUE_PK               |     1 |       |     0   (0)|          |
| 328 |                     TABLE ACCESS BY INDEX ROWID                              | FND_LOOKUP_VALUE              |     1 |    45 |     1   (0)| 00:00:01 |
| 329 |                      INDEX UNIQUE SCAN                                       | LOOKUP_VALUE_PK               |     1 |       |     0   (0)|          |
| 330 |                    TABLE ACCESS BY INDEX ROWID                               | FND_LOOKUP_VALUE              |     1 |    45 |     0   (0)|          |
| 331 |                     INDEX UNIQUE SCAN                                        | LOOKUP_VALUE_PK               |     1 |       |     0   (0)|          |
| 332 |                   TABLE ACCESS BY INDEX ROWID                                | FND_LOOKUP_VALUE              |     1 |    45 |     0   (0)|          |
| 333 |                    INDEX UNIQUE SCAN                                         | LOOKUP_VALUE_PK               |     1 |       |     0   (0)|          |
| 334 |                  TABLE ACCESS BY INDEX ROWID                                 | FND_LOOKUP_VALUE              |     1 |    45 |     1   (0)| 00:00:01 |
| 335 |                   INDEX UNIQUE SCAN                                          | LOOKUP_VALUE_PK               |     1 |       |     0   (0)|          |
| 336 |                 TABLE ACCESS BY INDEX ROWID                                  | FND_LOOKUP_VALUE              |     1 |    45 |     1   (0)| 00:00:01 |
| 337 |                  INDEX UNIQUE SCAN                                           | LOOKUP_VALUE_PK               |     1 |       |     0   (0)|          |
| 338 |                TABLE ACCESS BY INDEX ROWID                                   | FND_LOOKUP_VALUE              |     1 |    45 |     1   (0)| 00:00:01 |
| 339 |                 INDEX UNIQUE SCAN                                            | LOOKUP_VALUE_PK               |     1 |       |     0   (0)|          |
| 340 |               TABLE ACCESS BY INDEX ROWID                                    | FND_LOOKUP_VALUE              |     1 |    45 |     1   (0)| 00:00:01 |
| 341 |                INDEX UNIQUE SCAN                                             | LOOKUP_VALUE_PK               |     1 |       |     0   (0)|          |
| 342 |              TABLE ACCESS BY INDEX ROWID                                     | FND_LOOKUP_VALUE              |     1 |    45 |     1   (0)| 00:00:01 |
| 343 |               INDEX UNIQUE SCAN                                              | LOOKUP_VALUE_PK               |     1 |       |     0   (0)|          |
| 344 |             TABLE ACCESS BY INDEX ROWID                                      | FND_LOOKUP_VALUE              |     1 |    45 |     1   (0)| 00:00:01 |
| 345 |              INDEX UNIQUE SCAN                                               | LOOKUP_VALUE_PK               |     1 |       |     0   (0)|          |
| 346 |            TABLE ACCESS BY INDEX ROWID                                       | FND_LOOKUP_VALUE              |     1 |    45 |     1   (0)| 00:00:01 |
| 347 |             INDEX UNIQUE SCAN                                                | LOOKUP_VALUE_PK               |     1 |       |     0   (0)|          |
| 348 |           TABLE ACCESS BY INDEX ROWID                                        | FND_LOOKUP_VALUE              |     1 |    45 |     1   (0)| 00:00:01 |
| 349 |            INDEX UNIQUE SCAN                                                 | LOOKUP_VALUE_PK               |     1 |       |     0   (0)|          |
| 350 |          TABLE ACCESS BY INDEX ROWID                                         | FND_LOOKUP_VALUE              |     1 |    45 |     1   (0)| 00:00:01 |
| 351 |           INDEX UNIQUE SCAN                                                  | LOOKUP_VALUE_PK               |     1 |       |     0   (0)|          |
| 352 |         TABLE ACCESS BY INDEX ROWID                                          | FND_LOOKUP_VALUE              |     1 |    45 |     1   (0)| 00:00:01 |
| 353 |          INDEX UNIQUE SCAN                                                   | LOOKUP_VALUE_PK               |     1 |       |     0   (0)|          |
| 354 |        TABLE ACCESS BY INDEX ROWID                                           | FND_LOOKUP_VALUE              |     1 |    45 |     1   (0)| 00:00:01 |
| 355 |         INDEX UNIQUE SCAN                                                    | LOOKUP_VALUE_PK               |     1 |       |     0   (0)|          |
| 356 |       TABLE ACCESS BY INDEX ROWID                                            | FND_LOOKUP_VALUE              |     1 |    45 |     1   (0)| 00:00:01 |
| 357 |        INDEX UNIQUE SCAN                                                     | LOOKUP_VALUE_PK               |     1 |       |     0   (0)|          |
| 358 |      TABLE ACCESS BY INDEX ROWID                                             | FND_LOOKUP_VALUE              |     1 |    45 |     1   (0)| 00:00:01 |
| 359 |       INDEX UNIQUE SCAN                                                      | LOOKUP_VALUE_PK               |     1 |       |     0   (0)|          |
| 360 |     TABLE ACCESS BY INDEX ROWID                                              | FND_LOOKUP_TYPE               |     1 |    55 |     1   (0)| 00:00:01 |
| 361 |      INDEX UNIQUE SCAN                                                       | LOOKUP_TYPE_PK                |     1 |       |     0   (0)|          |
| 362 |    TABLE ACCESS BY INDEX ROWID                                               | FND_COUNTRY                   |     1 |    45 |     1   (0)| 00:00:01 |
| 363 |     INDEX UNIQUE SCAN                                                        | COUNTRY_PK                    |     1 |       |     0   (0)|          |
--------------------------------------------------------------------------------------------------------------------------------------------------------------

SQL_ID d9drmngtc7txj
--------------------
/* load com.vayana.ib.bm.core.api.model.payment.LimitDefinitionDetail
*/ select limitdefin0_.id as id1_153_111_, limitdefin0_."VERSION" as
VERSION2_153_111_, limitdefin0_.AUTH_BY as AUTH43_153_111_,
limitdefin0_.AUTH_DATE as AUTH3_153_111_, limitdefin0_.CREATED_BY as
CREATED44_153_111_, limitdefin0_.CREATED_DATE as CREATED4_153_111_,
limitdefin0_.MODIFIED_BY as MODIFIE45_153_111_,
limitdefin0_.MODIFIED_DATE as MODIFIED5_153_111_,
limitdefin0_.CHANNEL_ID as CHANNEL46_153_111_, limitdefin0_.CODE as
CODE6_153_111_, limitdefin0_.COMPANY_ID as COMPANY47_153_111_,
limitdefin0_.CIF_ID as CIF48_153_111_, limitdefin0_.DESCRIPTION as
DESCRIPT7_153_111_, limitdefin0_.EFFECTIVE_FROM_DATE as
EFFECTIV8_153_111_, limitdefin0_.EFFECTIVE_TO_DATE as
EFFECTIV9_153_111_, limitdefin0_.GLO_DAILY_MAX_TRX_AMOUNT as
GLO10_153_111_, limitdefin0_.GLO_DAILY_MAX_TRX_ALLOWED as
GLO11_153_111_, limitdefin0_.GLO_FORTNIGHT_MAX_TRX_AMOUNT as
GLO12_153_111_, limitdefin0_.GLO_FORTNIGHT_MAX_TRX_ALLOWED as
GLO13_153_111_, limitdefin0_.GLO_HALFERLY_MAX_TRX_AMOUNT as
GLO14_153_111_, limitdefin0_.GLO_HALFERLY_MAX_TRX_ALLOWED as
GLO15_153_111_, limitdefin0_.GLO_MAX_TRX_AMOUNT as GLO16_153_111_,
limitdefin0_.GLO_MIN_TRX_AMOUNT as GLO17_153_111_,
limitdefin0_.GLO_MONTHLY_MAX_TRX_AMOUNT as GLO18_153_111_,
limitdefin0_.GLO_MONTHLY_MAX_TRX_ALLOWED as GLO19_153_111_,
limitdefin0_.GLO_QUATERLY_MAX_TRX_AMOUNT as GLO20_153_111_,
limitdefin0_.GLO_QUATERLY_MAX_TRX_ALLOWED as GLO21_153_111_,
limitdefin0_.GLO_WEEKLY_MAX_TRX_AMOUNT as GLO22_153_111_,
limitdefin0_.GLO_WEEKLY_MAX_TRX_ALLOWED as GLO23_153_111_,
limitdefin0_.GLO_YEARLY_MAX_TRX_AMOUNT as GLO24_153_111_,
limitdefin0_.GLO_YEARLY_MAX_TRX_ALLOWED as GLO25_153_111_,
limitdefin0_.GROUP_ID as GROUP49_153_111_,
limitdefin0_.LOGIN_PROFILE_ID as LOGIN50_153_111_,
limitdefin0_.DEFINITION_ID as DEFINIT51_153_111_,
limitdefin0_.LIMIT_DEFINITION_TYPE as LIMIT26_153_111_,
limitdefin0_.BENE_ID as BENE52_153_111_, limitdefin0_.BILLER_ID as
BILLER53_153_111_, limitdefin0_.PAYEE_INSTRUCTION_ID as
PAYEE54_153_111_, limitdefin0_.REG_DAILY_MAX_TRX_AMOUNT as
REG27_153_111_, limitdefin0_.REG_DAILY_MAX_TRX_ALLOWED as
REG28_153_111_, limitdefin0_.REG_FORTNIGHT_MAX_TRX_AMOUNT as
REG29_153_111_, limitdefin0_.REG_FORTNIGHT_MAX_TRX_ALLOWED as
REG30_153_111_, limitdefin0_.REG_HALFERLY_MAX_TRX_AMOUNT as
REG31_153_111_, limitdefin0_.REG_HALFERLY_MAX_TRX_ALLOWED as
REG32_153_111_, limitdefin0_.REG_MAX_TRX_AMOUNT as REG33_153_111_,
limitdefin0_.REG_MIN_TRX_AMOUNT as REG34_153_111_,
limitdefin0_.REG_MONTHLY_MAX_TRX_AMOUNT as REG35_153_111_,
limitdefin0_.REG_MONTHLY_MAX_TRX_ALLOWED as REG36_153_111_,
limitdefin0_.REG_QUATERLY_MAX_TRX_AMOUNT as REG37_153_111_,
limitdefin0_.REG_QUATERLY_MAX_TRX_ALLOWED as REG38_153_111_,
limitdefin0_.REG_WEEKLY_MAX_TRX_AMOUNT as REG39_153_111_,
limitdefin0_.REG_WEEKLY_MAX_TRX_ALLOWED as REG40_153_111_,
limitdefin0_.REG_YEARLY_MAX_TRX_AMOUNT as REG41_153_111_,
limitdefin0_.REG_YEARLY_MAX_TRX_ALLOWED as REG42_153_111_,
limitdefin0_.SEGMENT_ID as SEGMENT55_153_111_,
limitdefin0_.SPECIAL_CATEGORY_ID as SPECIAL56_153_111_,
limitdefin0_.STATUS_ID as STATUS57_153_111_, channel1_.id as id1_95_0_,
channel1_."VERSION" as VERSION2_95_0_, channel1_.AUTH_BY as
AUTH8_95_0_, channel1_.AUTH_DATE as AUTH3_95_0_, channel1_.CREATED_BY
as CREATED9_95_0_, channel1_.CREATED_DATE as CREATED4_95_0_,
channel1_.MODIFIED_BY as MODIFIE10_95_0_, channel1_.MODIFIED_DATE as
MODIFIED5_95_0_, channel1_.CODE as CODE6_95_0_, channel1_.DESCRIPTION
as DESCRIPT7_95_0_, company2_.id as id1_39_1_, company2_."VERSION" as
VERSION2_39_1_, company2_.AUTH_BY as AUTH8_39_1_, company2_.AUTH_DATE
as AUTH3_39_1_, company2_.CREATED_BY as CREATED9_39_1_,
company2_.CREATED_DATE as CREATED4_39_1_, company2_.MODIFIED_BY as
MODIFIE10_39_1_, company2_.MODIFIED_DATE as MODIFIED5_39_1_,
company2_.AUTH_MATRIX_ID as AUTH11_39_1_, company2_.CHANNEL_ID as
CHANNEL12_39_1_, company2_.CODE as CODE6_39_1_, company2_.CONTACT_ID as
CONTACT13_39_1_, company2_.COUNTRY_ID as COUNTRY14_39_1_, co

Plan hash value: 3049653991

--------------------------------------------------------------------------------------------------------------------------------------------------------------
| Id  | Operation                                                                    | Name                          | Rows  | Bytes | Cost (%CPU)| Time     |
--------------------------------------------------------------------------------------------------------------------------------------------------------------
|   0 | SELECT STATEMENT                                                             |                               |       |       |   341 (100)|          |
|   1 |  SORT ORDER BY                                                               |                               |     1 | 24279 |   341   (2)| 00:00:05 |
|   2 |   NESTED LOOPS OUTER                                                         |                               |     1 | 24279 |   340   (1)| 00:00:05 |
|   3 |    NESTED LOOPS OUTER                                                        |                               |     1 | 24234 |   339   (1)| 00:00:05 |
|   4 |     NESTED LOOPS OUTER                                                       |                               |     1 | 24179 |   338   (1)| 00:00:05 |
|   5 |      NESTED LOOPS OUTER                                                      |                               |     1 | 24134 |   337   (1)| 00:00:05 |
|   6 |       NESTED LOOPS OUTER                                                     |                               |     1 | 24089 |   336   (1)| 00:00:05 |
|   7 |        NESTED LOOPS OUTER                                                    |                               |     1 | 24044 |   335   (1)| 00:00:05 |
|   8 |         NESTED LOOPS                                                         |                               |     1 | 23999 |   334   (1)| 00:00:05 |
|   9 |          NESTED LOOPS OUTER                                                  |                               |     1 | 23954 |   333   (1)| 00:00:04 |
|  10 |           NESTED LOOPS OUTER                                                 |                               |     1 | 23909 |   332   (1)| 00:00:04 |
|  11 |            NESTED LOOPS OUTER                                                |                               |     1 | 23864 |   331   (1)| 00:00:04 |
|  12 |             NESTED LOOPS OUTER                                               |                               |     1 | 23819 |   330   (1)| 00:00:04 |
|  13 |              NESTED LOOPS OUTER                                              |                               |     1 | 23774 |   329   (1)| 00:00:04 |
|  14 |               NESTED LOOPS OUTER                                             |                               |     1 | 23729 |   328   (1)| 00:00:04 |
|  15 |                NESTED LOOPS OUTER                                            |                               |     1 | 23684 |   327   (1)| 00:00:04 |
|  16 |                 NESTED LOOPS OUTER                                           |                               |     1 | 23639 |   326   (1)| 00:00:04 |
|  17 |                  NESTED LOOPS OUTER                                          |                               |     1 | 23594 |   325   (1)| 00:00:04 |
|  18 |                   NESTED LOOPS OUTER                                         |                               |     1 | 23549 |   325   (1)| 00:00:04 |
|  19 |                    NESTED LOOPS OUTER                                        |                               |     1 | 23504 |   325   (1)| 00:00:04 |
|  20 |                     NESTED LOOPS OUTER                                       |                               |     1 | 23459 |   324   (1)| 00:00:04 |
|  21 |                      NESTED LOOPS OUTER                                      |                               |     1 | 23414 |   323   (1)| 00:00:04 |
|  22 |                       NESTED LOOPS OUTER                                     |                               |     1 | 23369 |   322   (1)| 00:00:04 |
|  23 |                        NESTED LOOPS OUTER                                    |                               |     1 | 23324 |   322   (1)| 00:00:04 |
|  24 |                         NESTED LOOPS OUTER                                   |                               |     1 | 23279 |   322   (1)| 00:00:04 |
|  25 |                          NESTED LOOPS OUTER                                  |                               |     1 | 23234 |   321   (1)| 00:00:04 |
|  26 |                           NESTED LOOPS OUTER                                 |                               |     1 | 23189 |   321   (1)| 00:00:04 |
|  27 |                            NESTED LOOPS OUTER                                |                               |     1 | 23144 |   321   (1)| 00:00:04 |
|  28 |                             NESTED LOOPS OUTER                               |                               |     1 | 23099 |   321   (1)| 00:00:04 |
|  29 |                              NESTED LOOPS OUTER                              |                               |     1 | 22955 |   320   (1)| 00:00:04 |
|  30 |                               NESTED LOOPS OUTER                             |                               |     1 | 22879 |   319   (1)| 00:00:04 |
|  31 |                                NESTED LOOPS OUTER                            |                               |     1 | 20517 |   319   (1)| 00:00:04 |
|  32 |                                 NESTED LOOPS OUTER                           |                               |     1 | 20487 |   317   (1)| 00:00:04 |
|  33 |                                  NESTED LOOPS OUTER                          |                               |     1 | 20457 |   315   (1)| 00:00:04 |
|  34 |                                   NESTED LOOPS OUTER                         |                               |     1 | 20397 |   314   (1)| 00:00:04 |
|  35 |                                    NESTED LOOPS OUTER                        |                               |     1 | 20344 |   313   (1)| 00:00:04 |
|  36 |                                     NESTED LOOPS OUTER                       |                               |     1 | 20303 |   312   (1)| 00:00:04 |
|  37 |                                      NESTED LOOPS OUTER                      |                               |     1 | 20248 |   311   (1)| 00:00:04 |
|  38 |                                       NESTED LOOPS OUTER                     |                               |     1 | 20165 |   310   (1)| 00:00:04 |
|  39 |                                        NESTED LOOPS OUTER                    |                               |     1 | 20085 |   309   (1)| 00:00:04 |
|  40 |                                         NESTED LOOPS OUTER                   |                               |     1 | 20032 |   309   (1)| 00:00:04 |
|  41 |                                          NESTED LOOPS OUTER                  |                               |     1 | 19991 |   309   (1)| 00:00:04 |
|  42 |                                           NESTED LOOPS OUTER                 |                               |     1 | 19936 |   309   (1)| 00:00:04 |
|  43 |                                            NESTED LOOPS OUTER                |                               |     1 | 19889 |   309   (1)| 00:00:04 |

PLAN_TABLE_OUTPUT
------------------------------------------------------------------------------------------------------------------------------------------------------------------------------------------------------------------------------------------------------------------------------------------------------------
|  44 |                                             HASH JOIN RIGHT OUTER            |                               |     1 | 17090 |   309   (1)| 00:00:04 |
|  45 |                                              TABLE ACCESS FULL               | PAY_BILLER_DATA               |     1 |   339 |     2   (0)| 00:00:01 |
|  46 |                                              NESTED LOOPS OUTER              |                               |     1 | 16751 |   307   (1)| 00:00:04 |
|  47 |                                               NESTED LOOPS OUTER             |                               |     1 | 16181 |   307   (1)| 00:00:04 |
|  48 |                                                NESTED LOOPS OUTER            |                               |     1 | 15994 |   307   (1)| 00:00:04 |
|  49 |                                                 NESTED LOOPS OUTER           |                               |     1 | 15424 |   307   (1)| 00:00:04 |
|  50 |                                                  NESTED LOOPS OUTER          |                               |     1 | 15237 |   307   (1)| 00:00:04 |
|  51 |                                                   NESTED LOOPS OUTER         |                               |     1 | 15067 |   307   (1)| 00:00:04 |
|  52 |                                                    NESTED LOOPS OUTER        |                               |     1 | 13949 |   307   (1)| 00:00:04 |
|  53 |                                                     NESTED LOOPS OUTER       |                               |     1 | 13512 |   307   (1)| 00:00:04 |
|  54 |                                                      NESTED LOOPS OUTER      |                               |     1 | 13264 |   307   (1)| 00:00:04 |
|  55 |                                                       NESTED LOOPS OUTER     |                               |     1 | 13234 |   306   (1)| 00:00:04 |
|  56 |                                                        NESTED LOOPS OUTER    |                               |     1 | 13146 |   305   (1)| 00:00:04 |
|  57 |                                                         NESTED LOOPS OUTER   |                               |     1 | 13102 |   304   (1)| 00:00:04 |
|  58 |                                                          NESTED LOOPS OUTER  |                               |     1 | 13014 |   303   (1)| 00:00:04 |
|  59 |                                                           NESTED LOOPS OUTER |                               |     1 | 12955 |   302   (1)| 00:00:04 |
|  60 | R                                                          NESTED LOOPS OUTE |                               |     1 | 12892 |   301   (1)| 00:00:04 |
|  61 | ER                                                          NESTED LOOPS OUT |                               |     1 | 12816 |   300   (1)| 00:00:04 |
|  62 | TER                                                          NESTED LOOPS OU |                               |     1 | 12771 |   299   (2)| 00:00:04 |
|  63 | UTER                                                          NESTED LOOPS O |                               |     1 | 12724 |   299   (2)| 00:00:04 |
|  64 | OUTER                                                          NESTED LOOPS  |                               |     1 | 12309 |   299   (2)| 00:00:04 |
|  65 | GHT OUTER                                                       HASH JOIN RI |                               |     1 | 12262 |   299   (2)| 00:00:04 |
|  66 | S FULL                                                           TABLE ACCES | FND_TENANT_APPLICATION_LOCALE |     1 |    30 |     3   (0)| 00:00:01 |
|  67 | IGHT OUTER                                                       HASH JOIN R |                               |     1 | 12232 |   296   (2)| 00:00:04 |
|  68 | SS FULL                                                           TABLE ACCE | FND_TENANT_OPERATING_COUNTRY  |     1 |    28 |     3   (0)| 00:00:01 |
|  69 | PS OUTER                                                          NESTED LOO |                               |     1 | 12204 |   293   (2)| 00:00:04 |
|  70 | OPS OUTER                                                          NESTED LO |                               |     1 | 12176 |   292   (2)| 00:00:04 |
|  71 | OOPS OUTER                                                          NESTED L |                               |     1 | 12137 |   291   (2)| 00:00:04 |
|  72 | LOOPS OUTER                                                          NESTED  |                               |     1 | 12088 |   291   (2)| 00:00:04 |
|  73 |  LOOPS OUTER                                                          NESTED |                               |     1 | 12063 |   290   (2)| 00:00:04 |
|  74 | JOIN OUTER                                                             HASH  |                               |     1 | 12057 |   290   (2)| 00:00:04 |
|  75 | ED LOOPS OUTER                                                          NEST |                               |     1 | 12032 |   266   (1)| 00:00:04 |
|  76 | TED LOOPS OUTER                                                          NES |                               |     1 | 11965 |   265   (1)| 00:00:04 |
|  77 | STED LOOPS OUTER                                                          NE |                               |     1 | 11940 |   264   (1)| 00:00:04 |
|  78 | ESTED LOOPS OUTER                                                          N |                               |     1 | 11814 |   264   (1)| 00:00:04 |
|  79 |.HASH JOIN RIGHT OUTER                                                        |                               |     1 | 11769 |   263   (1)| 00:00:04 |
|  80 |. TABLE ACCESS FULL                                                           | FND_DOCUMENT_DETAIL           |     1 |  2080 |     2   (0)| 00:00:01 |
|  81 |. NESTED LOOPS OUTER                                                          |                               |     1 |  9689 |   261   (1)| 00:00:04 |
|  82 |.  NESTED LOOPS OUTER                                                         |                               |     1 |  9597 |   261   (1)| 00:00:04 |
|  83 |.   NESTED LOOPS OUTER                                                        |                               |     1 |  9509 |   261   (1)| 00:00:04 |
|  84 |.    NESTED LOOPS OUTER                                                       |                               |     1 |  9421 |   260   (1)| 00:00:04 |
|  85 |.     NESTED LOOPS OUTER                                                      |                               |     1 |  9366 |   259   (1)| 00:00:04 |
|  86 |.      NESTED LOOPS OUTER                                                     |                               |     1 |  9322 |   258   (1)| 00:00:04 |
|  87 |.       NESTED LOOPS OUTER                                                    |                               |     1 |  9239 |   257   (1)| 00:00:04 |
|  88 |.        HASH JOIN OUTER                                                      |                               |     1 |  9186 |   256   (1)| 00:00:04 |
|  89 |.         NESTED LOOPS OUTER                                                  |                               |     1 |  9174 |   231   (0)| 00:00:03 |
|  90 |.          NESTED LOOPS OUTER                                                 |                               |     1 |  9129 |   230   (0)| 00:00:03 |
|  91 |.           NESTED LOOPS OUTER                                                |                               |     1 |  9067 |   229   (0)| 00:00:03 |
|  92 |.            NESTED LOOPS OUTER                                               |                               |     1 |  9039 |   228   (0)| 00:00:03 |
|  93 |.             NESTED LOOPS OUTER                                              |                               |     1 |  8913 |   227   (0)| 00:00:03 |
|  94 |.              NESTED LOOPS OUTER                                             |                               |     1 |  8787 |   226   (0)| 00:00:03 |
|  95 |.               NESTED LOOPS OUTER                                            |                               |     1 |  8724 |   226   (0)| 00:00:03 |
|  96 |.                NESTED LOOPS OUTER                                           |                               |     1 |  8699 |   225   (0)| 00:00:03 |
|  97 |.                 NESTED LOOPS OUTER                                          |                               |     1 |  8674 |   224   (0)| 00:00:03 |
|  98 |.                  NESTED LOOPS OUTER                                         |                               |     1 |  8629 |   223   (0)| 00:00:03 |
|  99 |.                   NESTED LOOPS OUTER                                        |                               |     1 |  8601 |   222   (0)| 00:00:03 |
| 100 |.                    NESTED LOOPS OUTER                                       |                               |     1 |  8539 |   221   (0)| 00:00:03 |
| 101 |.                     NESTED LOOPS OUTER                                      |                               |     1 |  8508 |   221   (0)| 00:00:03 |
| 102 |.                      NESTED LOOPS OUTER                                     |                               |     1 |  8451 |   221   (0)| 00:00:03 |
| 103 |.                       NESTED LOOPS OUTER                                    |                               |     1 |  8406 |   220   (0)| 00:00:03 |
| 104 |.                        NESTED LOOPS OUTER                                   |                               |     1 |  8361 |   219   (0)| 00:00:03 |
| 105 |.                         NESTED LOOPS OUTER                                  |                               |     1 |  8316 |   219   (0)| 00:00:03 |
| 106 |.                          NESTED LOOPS OUTER                                 |                               |     1 |  8236 |   218   (0)| 00:00:03 |
| 107 |.                           NESTED LOOPS OUTER                                |                               |     1 |  8156 |   217   (0)| 00:00:03 |
| 108 |.                            NESTED LOOPS OUTER                               |                               |     1 |  8115 |   216   (0)| 00:00:03 |
| 109 |.                             NESTED LOOPS OUTER                              |                               |     1 |  8074 |   215   (0)| 00:00:03 |
| 110 |.                              NESTED LOOPS OUTER                             |                               |     1 |  8039 |   214   (0)| 00:00:03 |
| 111 |.                               NESTED LOOPS OUTER                            |                               |     1 |  8008 |   213   (0)| 00:00:03 |
| 112 |.                                NESTED LOOPS OUTER                           |                               |     1 |  7980 |   212   (0)| 00:00:03 |
| 113 |.                                 NESTED LOOPS OUTER                          |                               |     1 |  7939 |   211   (0)| 00:00:03 |
| 114 |.                                  NESTED LOOPS OUTER                         |                               |     1 |  7884 |   210   (0)| 00:00:03 |
| 115 |.                                   NESTED LOOPS OUTER                        |                               |     1 |  7856 |   209   (0)| 00:00:03 |
| 116 |.                                    NESTED LOOPS OUTER                       |                               |     1 |  7734 |   208   (0)| 00:00:03 |
| 117 |.                                     NESTED LOOPS OUTER                      |                               |     1 |  7612 |   207   (0)| 00:00:03 |
| 118 |.                                      NESTED LOOPS OUTER                     |                               |     1 |  7573 |   207   (0)| 00:00:03 |
| 119 |.                                       NESTED LOOPS OUTER                    |                               |     1 |  7524 |   207   (0)| 00:00:03 |
| 120 |.                                        NESTED LOOPS OUTER                   |                               |     1 |  7493 |   207   (0)| 00:00:03 |
| 121 |.                                         NESTED LOOPS OUTER                  |                               |     1 |  7459 |   207   (0)| 00:00:03 |
| 122 |.                                          MERGE JOIN OUTER                   |                               |     1 |  7044 |   207   (0)| 00:00:03 |
| 123 |.                                           NESTED LOOPS OUTER                |                               |     1 |  6984 |   206   (0)| 00:00:03 |
| 124 |.                                            HASH JOIN OUTER                  |                               |     1 |  6950 |   206   (0)| 00:00:03 |
| 125 |.                                             HASH JOIN OUTER                 |                               |     1 |  4151 |   204   (0)| 00:00:03 |
| 126 |.                                              HASH JOIN OUTER                |                               |     1 |  1352 |   202   (0)| 00:00:03 |
| 127 |.                                               NESTED LOOPS OUTER            |                               |     1 |   977 |   200   (0)| 00:00:03 |
| 128 |.                                                NESTED LOOPS OUTER           |                               |     1 |   562 |   200   (0)| 00:00:03 |
| 129 |.                                                 TABLE ACCESS BY INDEX ROWID | LIMIT_DEFINITION_DETAIL       |     1 |   125 |   200   (0)| 00:00:03 |
| 130 |.                                                  INDEX SKIP SCAN            | DEFINITION_DETAILS_UK         |     1 |       |   200   (0)| 00:00:03 |
| 131 |.                                                 TABLE ACCESS BY INDEX ROWID | PAY_BILLER                    |     1 |   437 |     0   (0)|          |
| 132 |.                                                  INDEX UNIQUE SCAN          | BILLER_PK                     |     1 |       |     0   (0)|          |
| 133 |.                                                TABLE ACCESS BY INDEX ROWID  | FND_COMPANY                   |     1 |   415 |     0   (0)|          |
| 134 |.                                                 INDEX UNIQUE SCAN           | COMPANY_PK                    |     1 |       |     0   (0)|          |
| 135 |.                                               TABLE ACCESS FULL             | PAY_BILLER_SERVICE            |     1 |   375 |     2   (0)| 00:00:01 |
| 136 |.                                              TABLE ACCESS FULL              | PAY_BILLER_METADATA           |     1 |  2799 |     2   (0)| 00:00:01 |
| 137 |.                                             TABLE ACCESS FULL               | PAY_BILLER_METADATA           |     1 |  2799 |     2   (0)| 00:00:01 |
| 138 |.                                            TABLE ACCESS BY INDEX ROWID      | FND_GROUP                     |     1 |    34 |     0   (0)|          |
| 139 |.                                             INDEX UNIQUE SCAN               | GROUP_PK                      |     1 |       |     0   (0)|          |
| 140 |.                                           BUFFER SORT                       |                               |     1 |    60 |   207   (0)| 00:00:03 |
| 141 |.                                            TABLE ACCESS BY INDEX ROWID      | PAY_BENE                      |     1 |    60 |     1   (0)| 00:00:01 |
| 142 |.                                             INDEX UNIQUE SCAN               | BENE_PK                       |     1 |       |     0   (0)|          |
| 143 |.                                          TABLE ACCESS BY INDEX ROWID        | FND_COMPANY                   |     1 |   415 |     0   (0)|          |
| 144 |.                                           INDEX UNIQUE SCAN                 | COMPANY_PK                    |     1 |       |     0   (0)|          |
| 145 |.                                         TABLE ACCESS BY INDEX ROWID         | FND_GROUP                     |     1 |    34 |     0   (0)|          |
| 146 |.                                          INDEX UNIQUE SCAN                  | GROUP_PK                      |     1 |       |     0   (0)|          |
| 147 |.                                        TABLE ACCESS BY INDEX ROWID          | INF_CHANNEL                   |     1 |    31 |     0   (0)|          |
| 148 |.                                         INDEX UNIQUE SCAN                   | INF_CHANNEL_PK                |     1 |       |     0   (0)|          |
| 149 |.                                       TABLE ACCESS BY INDEX ROWID           | FND_SPECIAL_CATEGORY          |     1 |    49 |     0   (0)|          |
| 150 |.                                        INDEX UNIQUE SCAN                    | SPECIAL_CATEGORY_PK           |     1 |       |     0   (0)|          |
| 151 |.                                      TABLE ACCESS BY INDEX ROWID            | FND_SEGMENT                   |     1 |    39 |     0   (0)|          |
| 152 |.                                       INDEX UNIQUE SCAN                     | SEGMENT_PK                    |     1 |       |     0   (0)|          |
| 153 |.                                     TABLE ACCESS BY INDEX ROWID             | LIMIT_DEFINITION              |     1 |   122 |     1   (0)| 00:00:01 |
| 154 |.                                      INDEX UNIQUE SCAN                      | DEFINITION_PK                 |     1 |       |     0   (0)|          |
| 155 |.                                    TABLE ACCESS BY INDEX ROWID              | LIMIT_DEFINITION              |     1 |   122 |     1   (0)| 00:00:01 |
| 156 |.                                     INDEX UNIQUE SCAN                       | DEFINITION_PK                 |     1 |       |     0   (0)|          |
| 157 |.                                   TABLE ACCESS BY INDEX ROWID               | FND_TENANT_APPLICATION        |     1 |    28 |     1   (0)| 00:00:01 |
| 158 |.                                    INDEX UNIQUE SCAN                        | TENANT_APPLICATION_PK         |     1 |       |     0   (0)|          |
| 159 |.                                  TABLE ACCESS BY INDEX ROWID                | FND_CURRENCY                  |     1 |    55 |     1   (0)| 00:00:01 |
| 160 |.                                   INDEX UNIQUE SCAN                         | CURRENCY_PK                   |     1 |       |     0   (0)|          |
| 161 |.                                 TABLE ACCESS BY INDEX ROWID                 | INF_TENANT_SERVICE            |     1 |    41 |     1   (0)| 00:00:01 |
| 162 |.                                  INDEX UNIQUE SCAN                          | TENANT_SERVICE_PK             |     1 |       |     0   (0)|          |
| 163 |.                                TABLE ACCESS BY INDEX ROWID                  | FND_TENANT_APPLICATION        |     1 |    28 |     1   (0)| 00:00:01 |
| 164 |.                                 INDEX UNIQUE SCAN                           | TENANT_APPLICATION_PK         |     1 |       |     0   (0)|          |
| 165 |.                               TABLE ACCESS BY INDEX ROWID                   | INF_CHANNEL                   |     1 |    31 |     1   (0)| 00:00:01 |
| 166 |.                                INDEX UNIQUE SCAN                            | INF_CHANNEL_PK                |     1 |       |     0   (0)|          |
| 167 |.                              TABLE ACCESS BY INDEX ROWID                    | INF_SERVICE_APPLICATION       |     1 |    35 |     1   (0)| 00:00:01 |
| 168 |.                               INDEX UNIQUE SCAN                             | SERVICE_APPLICATION_PK        |     1 |       |     0   (0)|          |
| 169 |.                             TABLE ACCESS BY INDEX ROWID                     | INF_TENANT_SERVICE            |     1 |    41 |     1   (0)| 00:00:01 |
| 170 |.                              INDEX UNIQUE SCAN                              | TENANT_SERVICE_PK             |     1 |       |     0   (0)|          |
| 171 |.                            TABLE ACCESS BY INDEX ROWID                      | INF_TENANT_SERVICE            |     1 |    41 |     1   (0)| 00:00:01 |
| 172 |.                             INDEX UNIQUE SCAN                               | TENANT_SERVICE_PK             |     1 |       |     0   (0)|          |
| 173 |.                           TABLE ACCESS BY INDEX ROWID                       | INF_SERVICE                   |     1 |    80 |     1   (0)| 00:00:01 |
| 174 |.                            INDEX UNIQUE SCAN                                | SERVICE_PK                    |     1 |       |     0   (0)|          |
| 175 |.                          TABLE ACCESS BY INDEX ROWID                        | INF_SERVICE                   |     1 |    80 |     1   (0)| 00:00:01 |
| 176 |.                           INDEX UNIQUE SCAN                                 | SERVICE_PK                    |     1 |       |     0   (0)|          |
| 177 |.                         TABLE ACCESS BY INDEX ROWID                         | FND_COUNTRY                   |     1 |    45 |     0   (0)|          |
| 178 |.                          INDEX UNIQUE SCAN                                  | COUNTRY_PK                    |     1 |       |     0   (0)|          |
| 179 |.                        TABLE ACCESS BY INDEX ROWID                          | FND_COUNTRY                   |     1 |    45 |     1   (0)| 00:00:01 |
| 180 |.                         INDEX UNIQUE SCAN                                   | COUNTRY_PK                    |     1 |       |     0   (0)|          |
| 181 |.                       TABLE ACCESS BY INDEX ROWID                           | FND_COUNTRY                   |     1 |    45 |     1   (0)| 00:00:01 |
| 182 |.                        INDEX UNIQUE SCAN                                    | COUNTRY_PK                    |     1 |       |     0   (0)|          |
| 183 |.                      TABLE ACCESS BY INDEX ROWID                            | FND_TENANT_LOOKUP_VALUE       |     1 |    57 |     0   (0)|          |
| 184 |.                       INDEX UNIQUE SCAN                                     | TENANT_LOOKUP_VALUE_PK        |     1 |       |     0   (0)|          |
| 185 |.                     TABLE ACCESS BY INDEX ROWID                             | INF_CHANNEL                   |     1 |    31 |     0   (0)|          |
| 186 |.                      INDEX UNIQUE SCAN                                      | INF_CHANNEL_PK                |     1 |       |     0   (0)|          |
| 187 |.                    TABLE ACCESS BY INDEX ROWID                              | FND_TENANT_LOOKUP_TYPE        |     1 |    62 |     1   (0)| 00:00:01 |
| 188 |.                     INDEX UNIQUE SCAN                                       | TENANT_LOOKUP_TYPE_PK         |     1 |       |     0   (0)|          |
| 189 |.                   TABLE ACCESS BY INDEX ROWID                               | FND_TENANT_APPLICATION        |     1 |    28 |     1   (0)| 00:00:01 |
| 190 |.                    INDEX UNIQUE SCAN                                        | TENANT_APPLICATION_PK         |     1 |       |     0   (0)|          |
| 191 |.                  TABLE ACCESS BY INDEX ROWID                                | FND_COUNTRY                   |     1 |    45 |     1   (0)| 00:00:01 |
| 192 |.                   INDEX UNIQUE SCAN                                         | COUNTRY_PK                    |     1 |       |     0   (0)|          |
| 193 |.                 TABLE ACCESS BY INDEX ROWID                                 | USER_LOGIN_PROFILE_EXTEND     |     1 |    25 |     1   (0)| 00:00:01 |
| 194 |.                  INDEX UNIQUE SCAN                                          | LOGIN_PROFILE_EXTEND_PK       |     1 |       |     0   (0)|          |
| 195 |.                TABLE ACCESS BY INDEX ROWID                                  | USER_LOGIN_PROFILE_EXTEND     |     1 |    25 |     1   (0)| 00:00:01 |
| 196 |.                 INDEX UNIQUE SCAN                                           | LOGIN_PROFILE_EXTEND_PK       |     1 |       |     0   (0)|          |
| 197 |.               TABLE ACCESS BY INDEX ROWID                                   | FND_CIF                       |     1 |    63 |     0   (0)|          |
| 198 |.                INDEX UNIQUE SCAN                                            | CIF_PK                        |     1 |       |     0   (0)|          |
| 199 |.              TABLE ACCESS BY INDEX ROWID                                    | USER_LOGIN_PROFILE            |     1 |   126 |     1   (0)| 00:00:01 |
| 200 |.               INDEX UNIQUE SCAN                                             | LOGIN_PROFILE_PK              |     1 |       |     0   (0)|          |
| 201 |.             TABLE ACCESS BY INDEX ROWID                                     | USER_LOGIN_PROFILE            |     1 |   126 |     1   (0)| 00:00:01 |
| 202 |.              INDEX UNIQUE SCAN                                              | LOGIN_PROFILE_PK              |     1 |       |     0   (0)|          |
| 203 |.            TABLE ACCESS BY INDEX ROWID                                      | FND_TENANT_APPLICATION        |     1 |    28 |     1   (0)| 00:00:01 |
| 204 |.             INDEX UNIQUE SCAN                                               | TENANT_APPLICATION_PK         |     1 |       |     0   (0)|          |
| 205 |.           TABLE ACCESS BY INDEX ROWID                                       | FND_TENANT                    |     1 |    62 |     1   (0)| 00:00:01 |
| 206 |.            INDEX UNIQUE SCAN                                                | TENANT_PK                     |     1 |       |     0   (0)|          |
| 207 |.          TABLE ACCESS BY INDEX ROWID                                        | FND_COUNTRY                   |     1 |    45 |     1   (0)| 00:00:01 |
| 208 |.           INDEX UNIQUE SCAN                                                 | COUNTRY_PK                    |     1 |       |     0   (0)|          |
| 209 |.         TABLE ACCESS FULL                                                   | FND_CIF_ACCOUNT               | 33093 |   387K|    24   (5)| 00:00:01 |
| 210 |.        TABLE ACCESS BY INDEX ROWID                                          | ACCT_ACCOUNT                  |     1 |    53 |     1   (0)| 00:00:01 |
| 211 |.         INDEX UNIQUE SCAN                                                   | ACCOUNT_PK                    |     1 |       |     0   (0)|          |
| 212 |.       TABLE ACCESS BY INDEX ROWID                                           | ACCT_PRODUCT                  |     1 |    83 |     1   (0)| 00:00:01 |
| 213 |.        INDEX UNIQUE SCAN                                                    | PRODUCT_PK                    |     1 |       |     0   (0)|          |
| 214 |.      TABLE ACCESS BY INDEX ROWID                                            | ACCT_PRODUCT_TYPE             |     1 |    44 |     1   (0)| 00:00:01 |
| 215 |.       INDEX UNIQUE SCAN                                                     | PRODUCT_TYPE_PK               |     1 |       |     0   (0)|          |
| 216 |.     TABLE ACCESS BY INDEX ROWID                                             | FND_CURRENCY                  |     1 |    55 |     1   (0)| 00:00:01 |
| 217 |.      INDEX UNIQUE SCAN                                                      | CURRENCY_PK                   |     1 |       |     0   (0)|          |
| 218 |.    TABLE ACCESS BY INDEX ROWID                                              | FND_CONTACT                   |     1 |    88 |     1   (0)| 00:00:01 |
| 219 |.     INDEX UNIQUE SCAN                                                       | CONTACT_PK                    |     1 |       |     0   (0)|          |
| 220 |.   TABLE ACCESS BY INDEX ROWID                                               | FND_CONTACT                   |     1 |    88 |     0   (0)|          |
| 221 |.    INDEX UNIQUE SCAN                                                        | CONTACT_PK                    |     1 |       |     0   (0)|          |
| 222 |.  TABLE ACCESS BY INDEX ROWID                                                | FND_DOCUMENT                  |     1 |    92 |     0   (0)|          |
| 223 |.   INDEX UNIQUE SCAN                                                         | DOCUMENT_PK                   |     1 |       |     0   (0)|          |
| 224 |.TABLE ACCESS BY INDEX ROWID                                                  | FND_COUNTRY                   |     1 |    45 |     1   (0)| 00:00:01 |
| 225 |. INDEX UNIQUE SCAN                                                           | COUNTRY_PK                    |     1 |       |     0   (0)|          |
| 226 | ABLE ACCESS BY INDEX ROWID                                                 T | USER_LOGIN_PROFILE            |     1 |   126 |     0   (0)|          |
| 227 |.INDEX UNIQUE SCAN                                                            | LOGIN_PROFILE_PK              |     1 |       |     0   (0)|          |
| 228 | BLE ACCESS BY INDEX ROWID                                                 TA | USER_CONTACT_DETAIL           |     1 |    25 |     1   (0)| 00:00:01 |
| 229 | NDEX UNIQUE SCAN                                                           I | CONTACT_DETAIL_PK             |     1 |       |     0   (0)|          |
| 230 | LE ACCESS BY INDEX ROWID                                                 TAB | USER_PROFILE                  |     1 |    67 |     1   (0)| 00:00:01 |
| 231 | DEX UNIQUE SCAN                                                           IN | PROFILE_PK                    |     1 |       |     0   (0)|          |
| 232 | E ACCESS FULL                                                           TABL | USER_CIF                      | 18368 |   448K|    24   (5)| 00:00:01 |
| 233 |  UNIQUE SCAN                                                           INDEX | PROFILE_EXTEND_PK             |     1 |     6 |     0   (0)|          |
| 234 | ACCESS BY INDEX ROWID                                                 TABLE  | USER_LOGIN_PROFILE_EXTEND     |     1 |    25 |     1   (0)| 00:00:01 |
| 235 |  UNIQUE SCAN                                                           INDEX | LOGIN_PROFILE_EXTEND_PK       |     1 |       |     0   (0)|          |
| 236 | CCESS BY INDEX ROWID                                                 TABLE A | FND_SPECIAL_CATEGORY          |     1 |    49 |     0   (0)|          |
| 237 | UNIQUE SCAN                                                           INDEX  | SPECIAL_CATEGORY_PK           |     1 |       |     0   (0)|          |
| 238 | CESS BY INDEX ROWID                                                 TABLE AC | FND_SEGMENT                   |     1 |    39 |     1   (0)| 00:00:01 |
| 239 | NIQUE SCAN                                                           INDEX U | SEGMENT_PK                    |     1 |       |     0   (0)|          |
| 240 | ESS BY INDEX ROWID                                                 TABLE ACC | FND_TENANT_APPLICATION        |     1 |    28 |     1   (0)| 00:00:01 |

PLAN_TABLE_OUTPUT
------------------------------------------------------------------------------------------------------------------------------------------------------------------------------------------------------------------------------------------------------------------------------------------------------------
| 241 | IQUE SCAN                                                           INDEX UN | TENANT_APPLICATION_PK         |     1 |       |     0   (0)|          |
| 242 |  BY INDEX ROWID                                                 TABLE ACCESS | FND_DEPARTMENT                |     1 |    47 |     0   (0)|          |
| 243 | E SCAN                                                           INDEX UNIQU | DEPARTMENT_PK                 |     1 |       |     0   (0)|          |
| 244 | BY INDEX ROWID                                                 TABLE ACCESS  | FND_COMPANY                   |     1 |   415 |     0   (0)|          |
| 245 |  SCAN                                                           INDEX UNIQUE | COMPANY_PK                    |     1 |       |     0   (0)|          |
| 246 | Y INDEX ROWID                                                 TABLE ACCESS B | FND_DEPARTMENT                |     1 |    47 |     0   (0)|          |
| 247 | SCAN                                                           INDEX UNIQUE  | DEPARTMENT_PK                 |     1 |       |     0   (0)|          |
| 248 |  INDEX ROWID                                                 TABLE ACCESS BY | FND_COUNTRY                   |     1 |    45 |     1   (0)| 00:00:01 |
| 249 | CAN                                                           INDEX UNIQUE S | COUNTRY_PK                    |     1 |       |     0   (0)|          |
| 250 | INDEX ROWID                                                 TABLE ACCESS BY  | FND_TENANT_BRANCH             |     1 |    76 |     1   (0)| 00:00:01 |
| 251 | AN                                                           INDEX UNIQUE SC | TENANT_BRANCH_PK              |     1 |       |     0   (0)|          |
| 252 | NDEX ROWID                                                 TABLE ACCESS BY I | FND_CIF                       |     1 |    63 |     1   (0)| 00:00:01 |
| 253 | N                                                           INDEX UNIQUE SCA | CIF_PK                        |     1 |       |     0   (0)|          |
| 254 | DEX ROWID                                                 TABLE ACCESS BY IN | FND_CITY                      |     1 |    59 |     1   (0)| 00:00:01 |
| 255 |                                                            INDEX UNIQUE SCAN | CITY_PK                       |     1 |       |     0   (0)|          |
| 256 | EX ROWID                                                 TABLE ACCESS BY IND | FND_CONTACT                   |     1 |    88 |     1   (0)| 00:00:01 |
| 257 |                                                           INDEX UNIQUE SCAN  | CONTACT_PK                    |     1 |       |     0   (0)|          |
| 258 | X ROWID                                                 TABLE ACCESS BY INDE | FND_STATE                     |     1 |    44 |     1   (0)| 00:00:01 |
| 259 |                                                          INDEX UNIQUE SCAN   | STATE_PK                      |     1 |       |     0   (0)|          |
| 260 |  ROWID                                                 TABLE ACCESS BY INDEX | FND_CONTACT                   |     1 |    88 |     1   (0)| 00:00:01 |
| 261 |                                                         INDEX UNIQUE SCAN    | CONTACT_PK                    |     1 |       |     0   (0)|          |
| 262 | ROWID                                                 TABLE ACCESS BY INDEX  | PAY_PAYEE_INSTRUCTION         |     1 |    30 |     1   (0)| 00:00:01 |
| 263 |                                                        INDEX UNIQUE SCAN     | PAY_PAYEE_INSTRUCTION_PK      |     1 |       |     0   (0)|          |
| 264 | OWID                                                 TABLE ACCESS BY INDEX R | PAY_BILLER_INSTRUCTION        |     1 |   248 |     0   (0)|          |
| 265 |                                                       INDEX UNIQUE SCAN      | BILLER_INSTRUCTION_PK         |     1 |       |     0   (0)|          |
| 266 | WID                                                 TABLE ACCESS BY INDEX RO | PAY_BILLER                    |     1 |   437 |     0   (0)|          |
| 267 |                                                      INDEX UNIQUE SCAN       | BILLER_PK                     |     1 |       |     0   (0)|          |
| 268 | ID                                                 TABLE ACCESS BY INDEX ROW | PAY_PG_INSTRUCTION            |     1 |  1118 |     0   (0)|          |
| 269 |                                                     INDEX UNIQUE SCAN        | PAY_PG_INSTRUCTION_PK         |     1 |       |     0   (0)|          |
| 270 | D                                                 TABLE ACCESS BY INDEX ROWI | PG_MER_AGG_MAPPING_MASTER     |     1 |   170 |     0   (0)|          |
| 271 |                                                    INDEX UNIQUE SCAN         | PG_MER_AGG_MAPPING_MASTER_PK  |     1 |       |     0   (0)|          |
| 272 |                                                  TABLE ACCESS BY INDEX ROWID | PG_MERCHANT_MASTER            |     1 |   187 |     0   (0)|          |
| 273 |                                                   INDEX UNIQUE SCAN          | PG_MERCHANT_MASTER_PK         |     1 |       |     0   (0)|          |
| 274 |                                                 TABLE ACCESS BY INDEX ROWID  | PG_AGGREGATOR_MASTER          |     1 |   570 |     0   (0)|          |
| 275 |                                                  INDEX UNIQUE SCAN           | PG_AGGREGATOR_MASTER_PK       |     1 |       |     0   (0)|          |
| 276 |                                                TABLE ACCESS BY INDEX ROWID   | PG_MERCHANT_MASTER            |     1 |   187 |     0   (0)|          |
| 277 |                                                 INDEX UNIQUE SCAN            | PG_MERCHANT_MASTER_PK         |     1 |       |     0   (0)|          |
| 278 |                                               TABLE ACCESS BY INDEX ROWID    | PG_AGGREGATOR_MASTER          |     1 |   570 |     0   (0)|          |
| 279 |                                                INDEX UNIQUE SCAN             | PG_AGGREGATOR_MASTER_PK       |     1 |       |     0   (0)|          |
| 280 |                                             TABLE ACCESS BY INDEX ROWID      | PAY_BILLER_METADATA           |     1 |  2799 |     0   (0)|          |
| 281 |                                              INDEX UNIQUE SCAN               | BILLER_METADATA_PK            |     1 |       |     0   (0)|          |
| 282 |                                            TABLE ACCESS BY INDEX ROWID       | PG_BILLER_BUSINESS_SUB_CAT    |     1 |    47 |     0   (0)|          |
| 283 |                                             INDEX UNIQUE SCAN                | PG_BILLER_BUSINESS_SUB_CAT_PK |     1 |       |     0   (0)|          |
| 284 |                                           TABLE ACCESS BY INDEX ROWID        | FND_CURRENCY                  |     1 |    55 |     0   (0)|          |
| 285 |                                            INDEX UNIQUE SCAN                 | CURRENCY_PK                   |     1 |       |     0   (0)|          |
| 286 |                                          TABLE ACCESS BY INDEX ROWID         | INF_TENANT_SERVICE            |     1 |    41 |     0   (0)|          |
| 287 |                                           INDEX UNIQUE SCAN                  | TENANT_SERVICE_PK             |     1 |       |     0   (0)|          |
| 288 |                                         TABLE ACCESS BY INDEX ROWID          | ACCT_ACCOUNT                  |     1 |    53 |     0   (0)|          |
| 289 |                                          INDEX UNIQUE SCAN                   | ACCOUNT_PK                    |     1 |       |     0   (0)|          |
| 290 |                                        TABLE ACCESS BY INDEX ROWID           | PAY_BENE_INSTRUCTION          |     1 |    80 |     1   (0)| 00:00:01 |
| 291 |                                         INDEX UNIQUE SCAN                    | BENE_INSTRUCTION_PK           |     1 |       |     0   (0)|          |
| 292 |                                       TABLE ACCESS BY INDEX ROWID            | ACCT_PRODUCT                  |     1 |    83 |     1   (0)| 00:00:01 |
| 293 |                                        INDEX UNIQUE SCAN                     | PRODUCT_PK                    |     1 |       |     0   (0)|          |
| 294 |                                      TABLE ACCESS BY INDEX ROWID             | FND_CURRENCY                  |     1 |    55 |     1   (0)| 00:00:01 |
| 295 |                                       INDEX UNIQUE SCAN                      | CURRENCY_PK                   |     1 |       |     0   (0)|          |
| 296 |                                     TABLE ACCESS BY INDEX ROWID              | INF_TENANT_SERVICE            |     1 |    41 |     1   (0)| 00:00:01 |
| 297 |                                      INDEX UNIQUE SCAN                       | TENANT_SERVICE_PK             |     1 |       |     0   (0)|          |
| 298 |                                    TABLE ACCESS BY INDEX ROWID               | ACCT_ACCOUNT                  |     1 |    53 |     1   (0)| 00:00:01 |
| 299 |                                     INDEX UNIQUE SCAN                        | ACCOUNT_PK                    |     1 |       |     0   (0)|          |
| 300 |                                   TABLE ACCESS BY INDEX ROWID                | PAY_BENE                      |     1 |    60 |     1   (0)| 00:00:01 |
| 301 |                                    INDEX UNIQUE SCAN                         | BENE_PK                       |     1 |       |     0   (0)|          |
| 302 |                                  TABLE ACCESS BY INDEX ROWID                 | PAY_PAYEE_BANK_BRANCH         |     1 |    30 |     2   (0)| 00:00:01 |
| 303 |                                   INDEX UNIQUE SCAN                          | PAY_PAYEE_BANK_BRANCH_PK      |     1 |       |     1   (0)| 00:00:01 |
| 304 |                                 TABLE ACCESS BY INDEX ROWID                  | PAY_PAYEE_BANK_BRANCH         |     1 |    30 |     2   (0)| 00:00:01 |
| 305 |                                  INDEX UNIQUE SCAN                           | PAY_PAYEE_BANK_BRANCH_PK      |     1 |       |     1   (0)| 00:00:01 |
| 306 |                                TABLE ACCESS BY INDEX ROWID                   | PAY_FOREIGN_BANK_BRANCH       |     1 |  2362 |     0   (0)|          |
| 307 |                                 INDEX UNIQUE SCAN                            | FOREIGN_BANK_BRANCH_PK        |     1 |       |     0   (0)|          |
| 308 |                               TABLE ACCESS BY INDEX ROWID                    | FND_TENANT_BRANCH             |     1 |    76 |     1   (0)| 00:00:01 |
| 309 |                                INDEX UNIQUE SCAN                             | TENANT_BRANCH_PK              |     1 |       |     0   (0)|          |
| 310 |                              TABLE ACCESS BY INDEX ROWID                     | PAY_DOMESTIC_BANK_BRANCH      |     1 |   144 |     1   (0)| 00:00:01 |
| 311 |                               INDEX UNIQUE SCAN                              | DOMESTIC_BANK_BRANCH_PK       |     1 |       |     0   (0)|          |
| 312 |                             TABLE ACCESS BY INDEX ROWID                      | FND_LOOKUP_VALUE              |     1 |    45 |     0   (0)|          |
| 313 |                              INDEX UNIQUE SCAN                               | LOOKUP_VALUE_PK               |     1 |       |     0   (0)|          |
| 314 |                            TABLE ACCESS BY INDEX ROWID                       | FND_LOOKUP_VALUE              |     1 |    45 |     0   (0)|          |
| 315 |                             INDEX UNIQUE SCAN                                | LOOKUP_VALUE_PK               |     1 |       |     0   (0)|          |
| 316 |                           TABLE ACCESS BY INDEX ROWID                        | FND_LOOKUP_VALUE              |     1 |    45 |     0   (0)|          |
| 317 |                            INDEX UNIQUE SCAN                                 | LOOKUP_VALUE_PK               |     1 |       |     0   (0)|          |
| 318 |                          TABLE ACCESS BY INDEX ROWID                         | FND_LOOKUP_VALUE              |     1 |    45 |     1   (0)| 00:00:01 |
| 319 |                           INDEX UNIQUE SCAN                                  | LOOKUP_VALUE_PK               |     1 |       |     0   (0)|          |
| 320 |                         TABLE ACCESS BY INDEX ROWID                          | FND_LOOKUP_VALUE              |     1 |    45 |     0   (0)|          |
| 321 |                          INDEX UNIQUE SCAN                                   | LOOKUP_VALUE_PK               |     1 |       |     0   (0)|          |
| 322 |                        TABLE ACCESS BY INDEX ROWID                           | FND_LOOKUP_VALUE              |     1 |    45 |     0   (0)|          |
| 323 |                         INDEX UNIQUE SCAN                                    | LOOKUP_VALUE_PK               |     1 |       |     0   (0)|          |
| 324 |                       TABLE ACCESS BY INDEX ROWID                            | FND_LOOKUP_VALUE              |     1 |    45 |     1   (0)| 00:00:01 |
| 325 |                        INDEX UNIQUE SCAN                                     | LOOKUP_VALUE_PK               |     1 |       |     0   (0)|          |
| 326 |                      TABLE ACCESS BY INDEX ROWID                             | FND_LOOKUP_VALUE              |     1 |    45 |     1   (0)| 00:00:01 |
| 327 |                       INDEX UNIQUE SCAN                                      | LOOKUP_VALUE_PK               |     1 |       |     0   (0)|          |
| 328 |                     TABLE ACCESS BY INDEX ROWID                              | FND_LOOKUP_VALUE              |     1 |    45 |     1   (0)| 00:00:01 |
| 329 |                      INDEX UNIQUE SCAN                                       | LOOKUP_VALUE_PK               |     1 |       |     0   (0)|          |
| 330 |                    TABLE ACCESS BY INDEX ROWID                               | FND_LOOKUP_VALUE              |     1 |    45 |     0   (0)|          |
| 331 |                     INDEX UNIQUE SCAN                                        | LOOKUP_VALUE_PK               |     1 |       |     0   (0)|          |
| 332 |                   TABLE ACCESS BY INDEX ROWID                                | FND_LOOKUP_VALUE              |     1 |    45 |     0   (0)|          |
| 333 |                    INDEX UNIQUE SCAN                                         | LOOKUP_VALUE_PK               |     1 |       |     0   (0)|          |
| 334 |                  TABLE ACCESS BY INDEX ROWID                                 | FND_LOOKUP_VALUE              |     1 |    45 |     1   (0)| 00:00:01 |
| 335 |                   INDEX UNIQUE SCAN                                          | LOOKUP_VALUE_PK               |     1 |       |     0   (0)|          |
| 336 |                 TABLE ACCESS BY INDEX ROWID                                  | FND_LOOKUP_VALUE              |     1 |    45 |     1   (0)| 00:00:01 |
| 337 |                  INDEX UNIQUE SCAN                                           | LOOKUP_VALUE_PK               |     1 |       |     0   (0)|          |
| 338 |                TABLE ACCESS BY INDEX ROWID                                   | FND_LOOKUP_VALUE              |     1 |    45 |     1   (0)| 00:00:01 |
| 339 |                 INDEX UNIQUE SCAN                                            | LOOKUP_VALUE_PK               |     1 |       |     0   (0)|          |
| 340 |               TABLE ACCESS BY INDEX ROWID                                    | FND_LOOKUP_VALUE              |     1 |    45 |     1   (0)| 00:00:01 |
| 341 |                INDEX UNIQUE SCAN                                             | LOOKUP_VALUE_PK               |     1 |       |     0   (0)|          |
| 342 |              TABLE ACCESS BY INDEX ROWID                                     | FND_LOOKUP_VALUE              |     1 |    45 |     1   (0)| 00:00:01 |
| 343 |               INDEX UNIQUE SCAN                                              | LOOKUP_VALUE_PK               |     1 |       |     0   (0)|          |
| 344 |             TABLE ACCESS BY INDEX ROWID                                      | FND_LOOKUP_VALUE              |     1 |    45 |     1   (0)| 00:00:01 |
| 345 |              INDEX UNIQUE SCAN                                               | LOOKUP_VALUE_PK               |     1 |       |     0   (0)|          |
| 346 |            TABLE ACCESS BY INDEX ROWID                                       | FND_LOOKUP_VALUE              |     1 |    45 |     1   (0)| 00:00:01 |
| 347 |             INDEX UNIQUE SCAN                                                | LOOKUP_VALUE_PK               |     1 |       |     0   (0)|          |
| 348 |           TABLE ACCESS BY INDEX ROWID                                        | FND_LOOKUP_VALUE              |     1 |    45 |     1   (0)| 00:00:01 |
| 349 |            INDEX UNIQUE SCAN                                                 | LOOKUP_VALUE_PK               |     1 |       |     0   (0)|          |
| 350 |          TABLE ACCESS BY INDEX ROWID                                         | FND_LOOKUP_VALUE              |     1 |    45 |     1   (0)| 00:00:01 |
| 351 |           INDEX UNIQUE SCAN                                                  | LOOKUP_VALUE_PK               |     1 |       |     0   (0)|          |
| 352 |         TABLE ACCESS BY INDEX ROWID                                          | FND_LOOKUP_VALUE              |     1 |    45 |     1   (0)| 00:00:01 |
| 353 |          INDEX UNIQUE SCAN                                                   | LOOKUP_VALUE_PK               |     1 |       |     0   (0)|          |
| 354 |        TABLE ACCESS BY INDEX ROWID                                           | FND_LOOKUP_VALUE              |     1 |    45 |     1   (0)| 00:00:01 |
| 355 |         INDEX UNIQUE SCAN                                                    | LOOKUP_VALUE_PK               |     1 |       |     0   (0)|          |
| 356 |       TABLE ACCESS BY INDEX ROWID                                            | FND_LOOKUP_VALUE              |     1 |    45 |     1   (0)| 00:00:01 |
| 357 |        INDEX UNIQUE SCAN                                                     | LOOKUP_VALUE_PK               |     1 |       |     0   (0)|          |
| 358 |      TABLE ACCESS BY INDEX ROWID                                             | FND_LOOKUP_VALUE              |     1 |    45 |     1   (0)| 00:00:01 |
| 359 |       INDEX UNIQUE SCAN                                                      | LOOKUP_VALUE_PK               |     1 |       |     0   (0)|          |
| 360 |     TABLE ACCESS BY INDEX ROWID                                              | FND_LOOKUP_TYPE               |     1 |    55 |     1   (0)| 00:00:01 |
| 361 |      INDEX UNIQUE SCAN                                                       | LOOKUP_TYPE_PK                |     1 |       |     0   (0)|          |
| 362 |    TABLE ACCESS BY INDEX ROWID                                               | FND_COUNTRY                   |     1 |    45 |     1   (0)| 00:00:01 |
| 363 |     INDEX UNIQUE SCAN                                                        | COUNTRY_PK                    |     1 |       |     0   (0)|          |
--------------------------------------------------------------------------------------------------------------------------------------------------------------


3080 rows selected.

SYS:JFSMIBDB >
SYS:JFSMIBDB >
SYS:JFSMIBDB >
SYS:JFSMIBDB >
SYS:JFSMIBDB >
SYS:JFSMIBDB >
SYS:JFSMIBDB > select plan_table_output from table (dbms_xplan.display_awr('fffrrsjsqxf1f'));

PLAN_TABLE_OUTPUT
------------------------------------------------------------------------------------------------------------------------------------------------------------------------------------------------------------------------------------------------------------------------------------------------------------
SQL_ID fffrrsjsqxf1f
--------------------
/* load one-to-many com.vayana.bm.core.api.model.infra.FapBasket.fapBask
etDetails */ select fapbasketd0_.FAP_BASKET_ID as FAP10_105_41_,
fapbasketd0_.id as id1_108_41_, fapbasketd0_.id as id1_108_40_,
fapbasketd0_."VERSION" as VERSION2_108_40_, fapbasketd0_.AUTH_BY as
AUTH6_108_40_, fapbasketd0_.AUTH_DATE as AUTH3_108_40_,
fapbasketd0_.CREATED_BY as CREATED7_108_40_, fapbasketd0_.CREATED_DATE
as CREATED4_108_40_, fapbasketd0_.MODIFIED_BY as MODIFIED8_108_40_,
fapbasketd0_.MODIFIED_DATE as MODIFIED5_108_40_,
fapbasketd0_.CHILD_FAP_BASKET_ID as CHILD9_108_40_,
fapbasketd0_.FAP_BASKET_ID as FAP10_108_40_, fapbasketd0_.STATUS_ID as
STATUS11_108_40_, fapbasketd0_.TENANT_SERVICE_ID as TENANT12_108_40_,
tenantserv1_.id as id1_141_0_, tenantserv1_."VERSION" as
VERSION2_141_0_, tenantserv1_.AUTH_BY as AUTH9_141_0_,
tenantserv1_.AUTH_DATE as AUTH3_141_0_, tenantserv1_.CREATED_BY as
CREATED10_141_0_, tenantserv1_.CREATED_DATE as CREATED4_141_0_,
tenantserv1_.MODIFIED_BY as MODIFIE11_141_0_,
tenantserv1_.MODIFIED_DATE as MODIFIED5_141_0_, tenantserv1_.CHANNEL_ID
as CHANNEL12_141_0_, tenantserv1_.COUNTRY_ID as COUNTRY13_141_0_,
tenantserv1_.EXCEPTION_FLAG as EXCEPTIO6_141_0_,
tenantserv1_.SERVICE_APPLICATION_ID as SERVICE14_141_0_,
tenantserv1_.SERVICE_TYPE as SERVICE7_141_0_,
tenantserv1_.TENANT_APPLICATION_ID as TENANT15_141_0_,
tenantserv1_.VIEW_AS_TRANSACTION_CODE_FLAG as VIEW8_141_0_,
channel2_.id as id1_95_1_, channel2_."VERSION" as VERSION2_95_1_,
channel2_.AUTH_BY as AUTH8_95_1_, channel2_.AUTH_DATE as AUTH3_95_1_,
channel2_.CREATED_BY as CREATED9_95_1_, channel2_.CREATED_DATE as
CREATED4_95_1_, channel2_.MODIFIED_BY as MODIFIE10_95_1_,
channel2_.MODIFIED_DATE as MODIFIED5_95_1_, channel2_.CODE as
CODE6_95_1_, channel2_.DESCRIPTION as DESCRIPT7_95_1_, country3_.id as
id1_43_2_, country3_."VERSION" as VERSION2_43_2_, country3_.AUTH_BY as
AUTH10_43_2_, country3_.AUTH_DATE as AUTH3_43_2_, country3_.CREATED_BY
as CREATED11_43_2_, country3_.CREATED_DATE as CREATED4_43_2_,
country3_.MODIFIED_BY as MODIFIE12_43_2_, country3_.MODIFIED_DATE as
MODIFIED5_43_2_, country3_.CODE as CODE6_43_2_, country3_.DESCRIPTION
as DESCRIPT7_43_2_, country3_.ISO_ALPHA_2CODE as ISO8_43_2_,
country3_.ISO_NUMERIC_CODE as ISO9_43_2_, serviceapp4_.id as
id1_133_3_, serviceapp4_."VERSION" as VERSION2_133_3_,
serviceapp4_.AUTH_BY as AUTH6_133_3_, serviceapp4_.AUTH_DATE as
AUTH3_133_3_, serviceapp4_.CREATED_BY as CREATED7_133_3_,
serviceapp4_.CREATED_DATE as CREATED4_133_3_, serviceapp4_.MODIFIED_BY
as MODIFIED8_133_3_, serviceapp4_.MODIFIED_DATE as MODIFIED5_133_3_,
serviceapp4_.APPLICATION_ID as APPLICAT9_133_3_,
serviceapp4_.SERVICE_ID as SERVICE10_133_3_, serviceapp4_.STATUS_ID as
STATUS11_133_3_, lookupvalu5_.id as id1_57_4_, lookupvalu5_."VERSION"
as VERSION2_57_4_, lookupvalu5_.AUTH_BY as AUTH8_57_4_,
lookupvalu5_.AUTH_DATE as AUTH3_57_4_, lookupvalu5_.CREATED_BY as
CREATED9_57_4_, lookupvalu5_.CREATED_DATE as CREATED4_57_4_,
lookupvalu5_.MODIFIED_BY as MODIFIE10_57_4_, lookupvalu5_.MODIFIED_DATE
as MODIFIED5_57_4_, lookupvalu5_.CODE as CODE6_57_4_,
lookupvalu5_.COUNTRY_ID as COUNTRY11_57_4_, lookupvalu5_.DESCRIPTION as
DESCRIPT7_57_4_, lookupvalu5_.LOOKUP_TYPE_ID as LOOKUP12_57_4_,
country6_.id as id1_43_5_, country6_."VERSION" as VERSION2_43_5_,
country6_.AUTH_BY as AUTH10_43_5_, country6_.AUTH_DATE as AUTH3_43_5_,
country6_.CREATED_BY as CREATED11_43_5_, country6_.CREATED_DATE as
CREATED4_43_5_, country6_.MODIFIED_BY as MODIFIE12_43_5_,
country6_.MODIFIED_DATE as MODIFIED5_43_5_, country6_.CODE as
CODE6_43_5_, country6_.DESCRIPTION as DESCRIPT7_43_5_,
country6_.ISO_ALPHA_2CODE as ISO8_43_5_, country6_.ISO_NUMERIC_CODE as
ISO9_43_5_, lookuptype7_.id as id1_56_6_, lookuptype7_."VERSION" as
VERSION2_56_6_, lookuptype7_.AUTH_BY as AUTH8_56_6_,
lookuptype7_.AUTH_DATE as AUTH3_56_6_, lookuptype7_.CREATED_BY as
CREATED9_56_6_, lookuptype7_.CREATED_DATE as CREATED4_56_6_,
lookuptype7_.MODIFIED_BY as MODIFIE10_56_6_, lookuptype7_.MODIFIED_DATE
as MODIFIED5_56_6_,

Plan hash value: 630505384

------------------------------------------------------------------------------------------------------------------------------------------
| Id  | Operation                                                    | Name                      | Rows  | Bytes | Cost (%CPU)| Time     |
------------------------------------------------------------------------------------------------------------------------------------------
|   0 | SELECT STATEMENT                                             |                           |       |       |   423 (100)|          |
|   1 |  HASH JOIN RIGHT OUTER                                       |                           |    54 |   136K|   423   (1)| 00:00:06 |
|   2 |   TABLE ACCESS FULL                                          | FND_LOOKUP_VALUE          |   515 | 23175 |     3   (0)| 00:00:01 |
|   3 |   HASH JOIN RIGHT OUTER                                      |                           |    54 |   134K|   420   (1)| 00:00:06 |
|   4 |    TABLE ACCESS FULL                                         | FND_LOOKUP_VALUE          |   515 | 23175 |     3   (0)| 00:00:01 |
|   5 |    HASH JOIN RIGHT OUTER                                     |                           |    54 |   131K|   417   (1)| 00:00:06 |
|   6 |     TABLE ACCESS FULL                                        | FND_LOOKUP_VALUE          |   515 | 23175 |     3   (0)| 00:00:01 |
|   7 |     HASH JOIN RIGHT OUTER                                    |                           |    54 |   129K|   414   (1)| 00:00:05 |
|   8 |      TABLE ACCESS FULL                                       | FND_STATE                 |    38 |  1672 |     3   (0)| 00:00:01 |
|   9 |      NESTED LOOPS OUTER                                      |                           |    54 |   127K|   411   (1)| 00:00:05 |
|  10 |       NESTED LOOPS OUTER                                     |                           |    54 |   122K|   357   (2)| 00:00:05 |
|  11 |        NESTED LOOPS OUTER                                    |                           |    54 |   117K|   303   (2)| 00:00:04 |
|  12 |         HASH JOIN RIGHT OUTER                                |                           |    54 |   116K|   195   (3)| 00:00:03 |
|  13 |          TABLE ACCESS FULL                                   | FND_TENANT_BRANCH         |   853 | 64828 |     5   (0)| 00:00:01 |
|  14 |          HASH JOIN RIGHT OUTER                               |                           |    54 |   112K|   190   (3)| 00:00:03 |
|  15 |           TABLE ACCESS FULL                                  | FND_TENANT_APPLICATION    |     1 |    28 |     3   (0)| 00:00:01 |
|  16 |           HASH JOIN RIGHT OUTER                              |                           |    54 |   110K|   186   (2)| 00:00:03 |
|  17 |            TABLE ACCESS FULL                                 | FND_TENANT_APPLICATION    |     1 |    28 |     3   (0)| 00:00:01 |
|  18 |            HASH JOIN RIGHT OUTER                             |                           |    54 |   109K|   183   (2)| 00:00:03 |
|  19 |             TABLE ACCESS FULL                                | FND_COUNTRY               |   240 | 10800 |     3   (0)| 00:00:01 |
|  20 |             HASH JOIN RIGHT OUTER                            |                           |    54 |   106K|   180   (2)| 00:00:03 |
|  21 |              TABLE ACCESS FULL                               | FND_LOOKUP_VALUE          |   515 | 23175 |     3   (0)| 00:00:01 |
|  22 |              HASH JOIN RIGHT OUTER                           |                           |    54 |   104K|   177   (2)| 00:00:03 |
|  23 |               TABLE ACCESS FULL                              | FND_LOOKUP_VALUE          |   515 | 23175 |     3   (0)| 00:00:01 |
|  24 |               HASH JOIN RIGHT OUTER                          |                           |    54 |   102K|   174   (2)| 00:00:03 |
|  25 |                TABLE ACCESS FULL                             | FND_LOOKUP_VALUE          |   515 | 23175 |     3   (0)| 00:00:01 |
|  26 |                HASH JOIN RIGHT OUTER                         |                           |    54 |    99K|   171   (2)| 00:00:03 |
|  27 |                 TABLE ACCESS FULL                            | FND_SEGMENT               |     3 |   117 |     3   (0)| 00:00:01 |
|  28 |                 NESTED LOOPS OUTER                           |                           |    54 |    97K|   168   (2)| 00:00:03 |
|  29 |                  NESTED LOOPS OUTER                          |                           |    54 | 99684 |   168   (2)| 00:00:03 |
|  30 |                   NESTED LOOPS OUTER                         |                           |    54 | 77274 |   168   (2)| 00:00:03 |
|  31 |                    NESTED LOOPS OUTER                        |                           |    54 | 74736 |   168   (2)| 00:00:03 |
|  32 |                     NESTED LOOPS OUTER                       |                           |    54 | 72198 |   168   (2)| 00:00:03 |
|  33 |                      HASH JOIN OUTER                         |                           |    54 | 69552 |   168   (2)| 00:00:03 |
|  34 |                       NESTED LOOPS OUTER                     |                           |    54 | 68202 |   142   (2)| 00:00:02 |
|  35 |                        NESTED LOOPS OUTER                    |                           |    54 | 65772 |   142   (2)| 00:00:02 |
|  36 |                         NESTED LOOPS OUTER                   |                           |    54 | 63342 |   142   (2)| 00:00:02 |
|  37 |                          HASH JOIN OUTER                     |                           |    54 | 59724 |    89   (3)| 00:00:02 |
|  38 |                           NESTED LOOPS OUTER                 |                           |    54 | 58374 |    65   (2)| 00:00:01 |
|  39 |                            NESTED LOOPS OUTER                |                           |    54 | 55188 |    41   (3)| 00:00:01 |
|  40 |                             NESTED LOOPS OUTER               |                           |    54 | 52758 |    40   (3)| 00:00:01 |
|  41 |                              NESTED LOOPS OUTER              |                           |    54 | 47790 |    40   (3)| 00:00:01 |
|  42 |                               NESTED LOOPS OUTER             |                           |    54 | 40986 |    40   (3)| 00:00:01 |
|  43 |                                HASH JOIN RIGHT OUTER         |                           |    54 | 36234 |    40   (3)| 00:00:01 |
|  44 |                                 TABLE ACCESS FULL            | FND_TENANT                |     1 |    62 |     3   (0)| 00:00:01 |
|  45 |                                 HASH JOIN OUTER              |                           |    54 | 32886 |    37   (3)| 00:00:01 |
|  46 |                                  HASH JOIN RIGHT OUTER       |                           |    54 | 30456 |    34   (3)| 00:00:01 |
|  47 |                                   TABLE ACCESS FULL          | FND_TENANT_APPLICATION    |     1 |    28 |     3   (0)| 00:00:01 |
|  48 |                                   HASH JOIN RIGHT OUTER      |                           |    54 | 28944 |    31   (4)| 00:00:01 |
|  49 |                                    TABLE ACCESS FULL         | FND_LOOKUP_TYPE           |    59 |  3245 |     3   (0)| 00:00:01 |
|  50 |                                    HASH JOIN OUTER           |                           |    54 | 25974 |    28   (4)| 00:00:01 |
|  51 |                                     HASH JOIN OUTER          |                           |    54 | 21654 |    25   (4)| 00:00:01 |
|  52 |                                      NESTED LOOPS OUTER      |                           |    54 | 17334 |    22   (5)| 00:00:01 |
|  53 |                                       HASH JOIN OUTER        |                           |    54 | 14904 |    21   (5)| 00:00:01 |
|  54 |                                        HASH JOIN OUTER       |                           |    54 | 12474 |    17   (0)| 00:00:01 |
|  55 |                                         HASH JOIN OUTER      |                           |    54 | 10044 |    14   (0)| 00:00:01 |
|  56 |                                          HASH JOIN OUTER     |                           |    54 |  8154 |    11   (0)| 00:00:01 |
|  57 |                                           NESTED LOOPS OUTER |                           |    54 |  5724 |     8   (0)| 00:00:01 |
|  58 |                                            HASH JOIN OUTER   |                           |    54 |  4050 |     6   (0)| 00:00:01 |
|  59 | L                                           TABLE ACCESS FUL | INF_FAP_BASKET_DETAIL     |    54 |  1836 |     3   (0)| 00:00:01 |
|  60 | L                                           TABLE ACCESS FUL | INF_TENANT_SERVICE        |   190 |  7790 |     3   (0)| 00:00:01 |
|  61 | NDEX ROWID                                 TABLE ACCESS BY I | INF_CHANNEL               |     1 |    31 |     1   (0)| 00:00:01 |
|  62 | N                                           INDEX UNIQUE SCA | INF_CHANNEL_PK            |     1 |       |     0   (0)|          |
|  63 |                                           TABLE ACCESS FULL  | FND_COUNTRY               |   240 | 10800 |     3   (0)| 00:00:01 |
|  64 |                                          TABLE ACCESS FULL   | INF_SERVICE_APPLICATION   |   190 |  6650 |     3   (0)| 00:00:01 |
|  65 |                                         TABLE ACCESS FULL    | FND_LOOKUP_VALUE          |   515 | 23175 |     3   (0)| 00:00:01 |
|  66 |                                        TABLE ACCESS FULL     | FND_LOOKUP_VALUE          |   515 | 23175 |     3   (0)| 00:00:01 |
|  67 | ROWID                                 TABLE ACCESS BY INDEX  | FND_COUNTRY               |     1 |    45 |     1   (0)| 00:00:01 |
|  68 |                                        INDEX UNIQUE SCAN     | COUNTRY_PK                |     1 |       |     0   (0)|          |
|  69 |                                      TABLE ACCESS FULL       | INF_SERVICE               |   205 | 16400 |     3   (0)| 00:00:01 |
|  70 |                                     TABLE ACCESS FULL        | INF_SERVICE               |   205 | 16400 |     3   (0)| 00:00:01 |
|  71 |                                  TABLE ACCESS FULL           | FND_LOOKUP_VALUE          |   515 | 23175 |     3   (0)| 00:00:01 |
|  72 |                                TABLE ACCESS BY INDEX ROWID   | FND_CONTACT               |     1 |    88 |     0   (0)|          |
|  73 |                                 INDEX UNIQUE SCAN            | CONTACT_PK                |     1 |       |     0   (0)|          |
|  74 |                               TABLE ACCESS BY INDEX ROWID    | USER_LOGIN_PROFILE        |     1 |   126 |     0   (0)|          |
|  75 |                                INDEX UNIQUE SCAN             | LOGIN_PROFILE_PK          |     1 |       |     0   (0)|          |
|  76 |                              TABLE ACCESS BY INDEX ROWID     | FND_DOCUMENT              |     1 |    92 |     0   (0)|          |
|  77 |                               INDEX UNIQUE SCAN              | DOCUMENT_PK               |     1 |       |     0   (0)|          |
|  78 |                             TABLE ACCESS BY INDEX ROWID      | FND_COUNTRY               |     1 |    45 |     1   (0)| 00:00:01 |
|  79 |                              INDEX UNIQUE SCAN               | COUNTRY_PK                |     1 |       |     0   (0)|          |
|  80 |                            TABLE ACCESS BY INDEX ROWID       | FND_CITY                  |     1 |    59 |     1   (0)| 00:00:01 |
|  81 |                             INDEX UNIQUE SCAN                | CITY_PK                   |     1 |       |     0   (0)|          |
|  82 |                           TABLE ACCESS FULL                  | USER_CONTACT_DETAIL       | 18372 |   448K|    24   (5)| 00:00:01 |
|  83 |                          TABLE ACCESS BY INDEX ROWID         | USER_PROFILE              |     1 |    67 |     1   (0)| 00:00:01 |
|  84 |                           INDEX UNIQUE SCAN                  | PROFILE_PK                |     1 |       |     0   (0)|          |
|  85 |                         TABLE ACCESS BY INDEX ROWID          | FND_LOOKUP_VALUE          |     1 |    45 |     0   (0)|          |
|  86 |                          INDEX UNIQUE SCAN                   | LOOKUP_VALUE_PK           |     1 |       |     0   (0)|          |
|  87 |                        TABLE ACCESS BY INDEX ROWID           | FND_LOOKUP_VALUE          |     1 |    45 |     0   (0)|          |
|  88 |                         INDEX UNIQUE SCAN                    | LOOKUP_VALUE_PK           |     1 |       |     0   (0)|          |
|  89 |                       TABLE ACCESS FULL                      | USER_LOGIN_PROFILE_EXTEND | 18799 |   458K|    26   (4)| 00:00:01 |
|  90 |                      TABLE ACCESS BY INDEX ROWID             | FND_SPECIAL_CATEGORY      |     1 |    49 |     0   (0)|          |
|  91 |                       INDEX UNIQUE SCAN                      | SPECIAL_CATEGORY_PK       |     1 |       |     0   (0)|          |
|  92 |                     TABLE ACCESS BY INDEX ROWID              | FND_DEPARTMENT            |     1 |    47 |     0   (0)|          |
|  93 |                      INDEX UNIQUE SCAN                       | DEPARTMENT_PK             |     1 |       |     0   (0)|          |
|  94 |                    TABLE ACCESS BY INDEX ROWID               | FND_DEPARTMENT            |     1 |    47 |     0   (0)|          |
|  95 |                     INDEX UNIQUE SCAN                        | DEPARTMENT_PK             |     1 |       |     0   (0)|          |
|  96 |                   TABLE ACCESS BY INDEX ROWID                | FND_COMPANY               |     1 |   415 |     0   (0)|          |
|  97 |                    INDEX UNIQUE SCAN                         | COMPANY_PK                |     1 |       |     0   (0)|          |
|  98 |                  INDEX UNIQUE SCAN                           | PROFILE_EXTEND_PK         |     1 |     6 |     0   (0)|          |
|  99 |         TABLE ACCESS BY INDEX ROWID                          | PAY_PAYEE_BANK_BRANCH     |     1 |    30 |     2   (0)| 00:00:01 |
| 100 |          INDEX UNIQUE SCAN                                   | PAY_PAYEE_BANK_BRANCH_PK  |     1 |       |     1   (0)| 00:00:01 |
| 101 |        TABLE ACCESS BY INDEX ROWID                           | FND_CONTACT               |     1 |    88 |     1   (0)| 00:00:01 |
| 102 |         INDEX UNIQUE SCAN                                    | CONTACT_PK                |     1 |       |     0   (0)|          |
| 103 |       TABLE ACCESS BY INDEX ROWID                            | FND_CONTACT               |     1 |    88 |     1   (0)| 00:00:01 |
| 104 |        INDEX UNIQUE SCAN                                     | CONTACT_PK                |     1 |       |     0   (0)|          |
------------------------------------------------------------------------------------------------------------------------------------------

SQL_ID fffrrsjsqxf1f
--------------------
/* load one-to-many com.vayana.bm.core.api.model.infra.FapBasket.fapBask
etDetails */ select fapbasketd0_.FAP_BASKET_ID as FAP10_105_41_,
fapbasketd0_.id as id1_108_41_, fapbasketd0_.id as id1_108_40_,
fapbasketd0_."VERSION" as VERSION2_108_40_, fapbasketd0_.AUTH_BY as
AUTH6_108_40_, fapbasketd0_.AUTH_DATE as AUTH3_108_40_,
fapbasketd0_.CREATED_BY as CREATED7_108_40_, fapbasketd0_.CREATED_DATE
as CREATED4_108_40_, fapbasketd0_.MODIFIED_BY as MODIFIED8_108_40_,
fapbasketd0_.MODIFIED_DATE as MODIFIED5_108_40_,
fapbasketd0_.CHILD_FAP_BASKET_ID as CHILD9_108_40_,
fapbasketd0_.FAP_BASKET_ID as FAP10_108_40_, fapbasketd0_.STATUS_ID as
STATUS11_108_40_, fapbasketd0_.TENANT_SERVICE_ID as TENANT12_108_40_,
tenantserv1_.id as id1_141_0_, tenantserv1_."VERSION" as
VERSION2_141_0_, tenantserv1_.AUTH_BY as AUTH9_141_0_,
tenantserv1_.AUTH_DATE as AUTH3_141_0_, tenantserv1_.CREATED_BY as
CREATED10_141_0_, tenantserv1_.CREATED_DATE as CREATED4_141_0_,
tenantserv1_.MODIFIED_BY as MODIFIE11_141_0_,

PLAN_TABLE_OUTPUT
------------------------------------------------------------------------------------------------------------------------------------------------------------------------------------------------------------------------------------------------------------------------------------------------------------
tenantserv1_.MODIFIED_DATE as MODIFIED5_141_0_, tenantserv1_.CHANNEL_ID
as CHANNEL12_141_0_, tenantserv1_.COUNTRY_ID as COUNTRY13_141_0_,
tenantserv1_.EXCEPTION_FLAG as EXCEPTIO6_141_0_,
tenantserv1_.SERVICE_APPLICATION_ID as SERVICE14_141_0_,
tenantserv1_.SERVICE_TYPE as SERVICE7_141_0_,
tenantserv1_.TENANT_APPLICATION_ID as TENANT15_141_0_,
tenantserv1_.VIEW_AS_TRANSACTION_CODE_FLAG as VIEW8_141_0_,
channel2_.id as id1_95_1_, channel2_."VERSION" as VERSION2_95_1_,
channel2_.AUTH_BY as AUTH8_95_1_, channel2_.AUTH_DATE as AUTH3_95_1_,
channel2_.CREATED_BY as CREATED9_95_1_, channel2_.CREATED_DATE as
CREATED4_95_1_, channel2_.MODIFIED_BY as MODIFIE10_95_1_,
channel2_.MODIFIED_DATE as MODIFIED5_95_1_, channel2_.CODE as
CODE6_95_1_, channel2_.DESCRIPTION as DESCRIPT7_95_1_, country3_.id as
id1_43_2_, country3_."VERSION" as VERSION2_43_2_, country3_.AUTH_BY as
AUTH10_43_2_, country3_.AUTH_DATE as AUTH3_43_2_, country3_.CREATED_BY
as CREATED11_43_2_, country3_.CREATED_DATE as CREATED4_43_2_,
country3_.MODIFIED_BY as MODIFIE12_43_2_, country3_.MODIFIED_DATE as
MODIFIED5_43_2_, country3_.CODE as CODE6_43_2_, country3_.DESCRIPTION
as DESCRIPT7_43_2_, country3_.ISO_ALPHA_2CODE as ISO8_43_2_,
country3_.ISO_NUMERIC_CODE as ISO9_43_2_, serviceapp4_.id as
id1_133_3_, serviceapp4_."VERSION" as VERSION2_133_3_,
serviceapp4_.AUTH_BY as AUTH6_133_3_, serviceapp4_.AUTH_DATE as
AUTH3_133_3_, serviceapp4_.CREATED_BY as CREATED7_133_3_,
serviceapp4_.CREATED_DATE as CREATED4_133_3_, serviceapp4_.MODIFIED_BY
as MODIFIED8_133_3_, serviceapp4_.MODIFIED_DATE as MODIFIED5_133_3_,
serviceapp4_.APPLICATION_ID as APPLICAT9_133_3_,
serviceapp4_.SERVICE_ID as SERVICE10_133_3_, serviceapp4_.STATUS_ID as
STATUS11_133_3_, lookupvalu5_.id as id1_57_4_, lookupvalu5_."VERSION"
as VERSION2_57_4_, lookupvalu5_.AUTH_BY as AUTH8_57_4_,
lookupvalu5_.AUTH_DATE as AUTH3_57_4_, lookupvalu5_.CREATED_BY as
CREATED9_57_4_, lookupvalu5_.CREATED_DATE as CREATED4_57_4_,
lookupvalu5_.MODIFIED_BY as MODIFIE10_57_4_, lookupvalu5_.MODIFIED_DATE
as MODIFIED5_57_4_, lookupvalu5_.CODE as CODE6_57_4_,
lookupvalu5_.COUNTRY_ID as COUNTRY11_57_4_, lookupvalu5_.DESCRIPTION as
DESCRIPT7_57_4_, lookupvalu5_.LOOKUP_TYPE_ID as LOOKUP12_57_4_,
country6_.id as id1_43_5_, country6_."VERSION" as VERSION2_43_5_,
country6_.AUTH_BY as AUTH10_43_5_, country6_.AUTH_DATE as AUTH3_43_5_,
country6_.CREATED_BY as CREATED11_43_5_, country6_.CREATED_DATE as
CREATED4_43_5_, country6_.MODIFIED_BY as MODIFIE12_43_5_,
country6_.MODIFIED_DATE as MODIFIED5_43_5_, country6_.CODE as
CODE6_43_5_, country6_.DESCRIPTION as DESCRIPT7_43_5_,
country6_.ISO_ALPHA_2CODE as ISO8_43_5_, country6_.ISO_NUMERIC_CODE as
ISO9_43_5_, lookuptype7_.id as id1_56_6_, lookuptype7_."VERSION" as
VERSION2_56_6_, lookuptype7_.AUTH_BY as AUTH8_56_6_,
lookuptype7_.AUTH_DATE as AUTH3_56_6_, lookuptype7_.CREATED_BY as
CREATED9_56_6_, lookuptype7_.CREATED_DATE as CREATED4_56_6_,
lookuptype7_.MODIFIED_BY as MODIFIE10_56_6_, lookuptype7_.MODIFIED_DATE
as MODIFIED5_56_6_,

Plan hash value: 784507809

------------------------------------------------------------------------------------------------------------------------------------------
| Id  | Operation                                                    | Name                      | Rows  | Bytes | Cost (%CPU)| Time     |
------------------------------------------------------------------------------------------------------------------------------------------
|   0 | SELECT STATEMENT                                             |                           |       |       |   425 (100)|          |
|   1 |  HASH JOIN RIGHT OUTER                                       |                           |    54 |   136K|   425   (2)| 00:00:06 |
|   2 |   TABLE ACCESS FULL                                          | FND_LOOKUP_VALUE          |   515 | 23175 |     3   (0)| 00:00:01 |
|   3 |   HASH JOIN RIGHT OUTER                                      |                           |    54 |   134K|   422   (2)| 00:00:06 |
|   4 |    TABLE ACCESS FULL                                         | FND_LOOKUP_VALUE          |   515 | 23175 |     3   (0)| 00:00:01 |
|   5 |    HASH JOIN RIGHT OUTER                                     |                           |    54 |   131K|   418   (1)| 00:00:06 |
|   6 |     TABLE ACCESS FULL                                        | FND_LOOKUP_VALUE          |   515 | 23175 |     3   (0)| 00:00:01 |
|   7 |     HASH JOIN RIGHT OUTER                                    |                           |    54 |   129K|   415   (1)| 00:00:05 |
|   8 |      TABLE ACCESS FULL                                       | FND_STATE                 |    38 |  1672 |     3   (0)| 00:00:01 |
|   9 |      NESTED LOOPS OUTER                                      |                           |    54 |   127K|   412   (1)| 00:00:05 |
|  10 |       NESTED LOOPS OUTER                                     |                           |    54 |   122K|   358   (2)| 00:00:05 |
|  11 |        NESTED LOOPS OUTER                                    |                           |    54 |   117K|   304   (2)| 00:00:04 |
|  12 |         HASH JOIN RIGHT OUTER                                |                           |    54 |   116K|   196   (3)| 00:00:03 |
|  13 |          TABLE ACCESS FULL                                   | FND_TENANT_BRANCH         |   853 | 64828 |     5   (0)| 00:00:01 |
|  14 |          HASH JOIN RIGHT OUTER                               |                           |    54 |   112K|   191   (3)| 00:00:03 |
|  15 |           TABLE ACCESS FULL                                  | FND_TENANT_APPLICATION    |     1 |    28 |     3   (0)| 00:00:01 |
|  16 |           HASH JOIN RIGHT OUTER                              |                           |    54 |   110K|   188   (3)| 00:00:03 |
|  17 |            TABLE ACCESS FULL                                 | FND_TENANT_APPLICATION    |     1 |    28 |     3   (0)| 00:00:01 |
|  18 |            HASH JOIN RIGHT OUTER                             |                           |    54 |   109K|   185   (3)| 00:00:03 |
|  19 |             TABLE ACCESS FULL                                | FND_COUNTRY               |   240 | 10800 |     3   (0)| 00:00:01 |
|  20 |             HASH JOIN RIGHT OUTER                            |                           |    54 |   106K|   182   (3)| 00:00:03 |
|  21 |              TABLE ACCESS FULL                               | FND_LOOKUP_VALUE          |   515 | 23175 |     3   (0)| 00:00:01 |
|  22 |              HASH JOIN RIGHT OUTER                           |                           |    54 |   104K|   178   (2)| 00:00:03 |
|  23 |               TABLE ACCESS FULL                              | FND_LOOKUP_VALUE          |   515 | 23175 |     3   (0)| 00:00:01 |
|  24 |               HASH JOIN RIGHT OUTER                          |                           |    54 |   102K|   175   (2)| 00:00:03 |
|  25 |                TABLE ACCESS FULL                             | FND_LOOKUP_VALUE          |   515 | 23175 |     3   (0)| 00:00:01 |
|  26 |                NESTED LOOPS OUTER                            |                           |    54 |    99K|   172   (2)| 00:00:03 |
|  27 |                 NESTED LOOPS OUTER                           |                           |    54 |    99K|   172   (2)| 00:00:03 |
|  28 |                  NESTED LOOPS OUTER                          |                           |    54 | 99360 |   172   (2)| 00:00:03 |
|  29 |                   NESTED LOOPS OUTER                         |                           |    54 | 96930 |   172   (2)| 00:00:03 |
|  30 |                    HASH JOIN RIGHT OUTER                     |                           |    54 | 93312 |   118   (3)| 00:00:02 |
|  31 |                     TABLE ACCESS FULL                        | FND_SEGMENT               |     3 |   117 |     3   (0)| 00:00:01 |
|  32 |                     NESTED LOOPS OUTER                       |                           |    54 | 91206 |   115   (3)| 00:00:02 |
|  33 |                      NESTED LOOPS OUTER                      |                           |    54 | 68796 |   115   (3)| 00:00:02 |
|  34 |                       NESTED LOOPS OUTER                     |                           |    54 | 66258 |   115   (3)| 00:00:02 |
|  35 |                        NESTED LOOPS OUTER                    |                           |    54 | 63720 |   115   (3)| 00:00:02 |
|  36 |                         HASH JOIN OUTER                      |                           |    54 | 61074 |   115   (3)| 00:00:02 |
|  37 |                          HASH JOIN OUTER                     |                           |    54 | 59724 |    89   (3)| 00:00:02 |
|  38 |                           NESTED LOOPS OUTER                 |                           |    54 | 58374 |    65   (2)| 00:00:01 |
|  39 |                            NESTED LOOPS OUTER                |                           |    54 | 55188 |    41   (3)| 00:00:01 |
|  40 |                             NESTED LOOPS OUTER               |                           |    54 | 52758 |    40   (3)| 00:00:01 |
|  41 |                              NESTED LOOPS OUTER              |                           |    54 | 47790 |    40   (3)| 00:00:01 |
|  42 |                               NESTED LOOPS OUTER             |                           |    54 | 40986 |    40   (3)| 00:00:01 |
|  43 |                                HASH JOIN RIGHT OUTER         |                           |    54 | 36234 |    40   (3)| 00:00:01 |
|  44 |                                 TABLE ACCESS FULL            | FND_TENANT                |     1 |    62 |     3   (0)| 00:00:01 |
|  45 |                                 HASH JOIN OUTER              |                           |    54 | 32886 |    37   (3)| 00:00:01 |
|  46 |                                  HASH JOIN RIGHT OUTER       |                           |    54 | 30456 |    34   (3)| 00:00:01 |
|  47 |                                   TABLE ACCESS FULL          | FND_TENANT_APPLICATION    |     1 |    28 |     3   (0)| 00:00:01 |
|  48 |                                   HASH JOIN RIGHT OUTER      |                           |    54 | 28944 |    31   (4)| 00:00:01 |
|  49 |                                    TABLE ACCESS FULL         | FND_LOOKUP_TYPE           |    59 |  3245 |     3   (0)| 00:00:01 |
|  50 |                                    HASH JOIN OUTER           |                           |    54 | 25974 |    28   (4)| 00:00:01 |
|  51 |                                     HASH JOIN OUTER          |                           |    54 | 21654 |    25   (4)| 00:00:01 |
|  52 |                                      NESTED LOOPS OUTER      |                           |    54 | 17334 |    22   (5)| 00:00:01 |
|  53 |                                       HASH JOIN OUTER        |                           |    54 | 14904 |    21   (5)| 00:00:01 |
|  54 |                                        HASH JOIN OUTER       |                           |    54 | 12474 |    17   (0)| 00:00:01 |
|  55 |                                         HASH JOIN OUTER      |                           |    54 | 10044 |    14   (0)| 00:00:01 |
|  56 |                                          HASH JOIN OUTER     |                           |    54 |  8154 |    11   (0)| 00:00:01 |
|  57 |                                           NESTED LOOPS OUTER |                           |    54 |  5724 |     8   (0)| 00:00:01 |
|  58 |                                            HASH JOIN OUTER   |                           |    54 |  4050 |     6   (0)| 00:00:01 |
|  59 | L                                           TABLE ACCESS FUL | INF_FAP_BASKET_DETAIL     |    54 |  1836 |     3   (0)| 00:00:01 |
|  60 | L                                           TABLE ACCESS FUL | INF_TENANT_SERVICE        |   190 |  7790 |     3   (0)| 00:00:01 |
|  61 | NDEX ROWID                                 TABLE ACCESS BY I | INF_CHANNEL               |     1 |    31 |     1   (0)| 00:00:01 |
|  62 | N                                           INDEX UNIQUE SCA | INF_CHANNEL_PK            |     1 |       |     0   (0)|          |
|  63 |                                           TABLE ACCESS FULL  | FND_COUNTRY               |   240 | 10800 |     3   (0)| 00:00:01 |
|  64 |                                          TABLE ACCESS FULL   | INF_SERVICE_APPLICATION   |   190 |  6650 |     3   (0)| 00:00:01 |
|  65 |                                         TABLE ACCESS FULL    | FND_LOOKUP_VALUE          |   515 | 23175 |     3   (0)| 00:00:01 |
|  66 |                                        TABLE ACCESS FULL     | FND_LOOKUP_VALUE          |   515 | 23175 |     3   (0)| 00:00:01 |
|  67 | ROWID                                 TABLE ACCESS BY INDEX  | FND_COUNTRY               |     1 |    45 |     1   (0)| 00:00:01 |
|  68 |                                        INDEX UNIQUE SCAN     | COUNTRY_PK                |     1 |       |     0   (0)|          |
|  69 |                                      TABLE ACCESS FULL       | INF_SERVICE               |   205 | 16400 |     3   (0)| 00:00:01 |
|  70 |                                     TABLE ACCESS FULL        | INF_SERVICE               |   205 | 16400 |     3   (0)| 00:00:01 |
|  71 |                                  TABLE ACCESS FULL           | FND_LOOKUP_VALUE          |   515 | 23175 |     3   (0)| 00:00:01 |
|  72 |                                TABLE ACCESS BY INDEX ROWID   | FND_CONTACT               |     1 |    88 |     0   (0)|          |
|  73 |                                 INDEX UNIQUE SCAN            | CONTACT_PK                |     1 |       |     0   (0)|          |
|  74 |                               TABLE ACCESS BY INDEX ROWID    | USER_LOGIN_PROFILE        |     1 |   126 |     0   (0)|          |
|  75 |                                INDEX UNIQUE SCAN             | LOGIN_PROFILE_PK          |     1 |       |     0   (0)|          |
|  76 |                              TABLE ACCESS BY INDEX ROWID     | FND_DOCUMENT              |     1 |    92 |     0   (0)|          |
|  77 |                               INDEX UNIQUE SCAN              | DOCUMENT_PK               |     1 |       |     0   (0)|          |
|  78 |                             TABLE ACCESS BY INDEX ROWID      | FND_COUNTRY               |     1 |    45 |     1   (0)| 00:00:01 |
|  79 |                              INDEX UNIQUE SCAN               | COUNTRY_PK                |     1 |       |     0   (0)|          |
|  80 |                            TABLE ACCESS BY INDEX ROWID       | FND_CITY                  |     1 |    59 |     1   (0)| 00:00:01 |
|  81 |                             INDEX UNIQUE SCAN                | CITY_PK                   |     1 |       |     0   (0)|          |
|  82 |                           TABLE ACCESS FULL                  | USER_CONTACT_DETAIL       | 18372 |   448K|    24   (5)| 00:00:01 |
|  83 |                          TABLE ACCESS FULL                   | USER_LOGIN_PROFILE_EXTEND | 19695 |   480K|    26   (4)| 00:00:01 |
|  84 |                         TABLE ACCESS BY INDEX ROWID          | FND_SPECIAL_CATEGORY      |     1 |    49 |     0   (0)|          |
|  85 |                          INDEX UNIQUE SCAN                   | SPECIAL_CATEGORY_PK       |     1 |       |     0   (0)|          |
|  86 |                        TABLE ACCESS BY INDEX ROWID           | FND_DEPARTMENT            |     1 |    47 |     0   (0)|          |
|  87 |                         INDEX UNIQUE SCAN                    | DEPARTMENT_PK             |     1 |       |     0   (0)|          |
|  88 |                       TABLE ACCESS BY INDEX ROWID            | FND_DEPARTMENT            |     1 |    47 |     0   (0)|          |
|  89 |                        INDEX UNIQUE SCAN                     | DEPARTMENT_PK             |     1 |       |     0   (0)|          |
|  90 |                      TABLE ACCESS BY INDEX ROWID             | FND_COMPANY               |     1 |   415 |     0   (0)|          |
|  91 |                       INDEX UNIQUE SCAN                      | COMPANY_PK                |     1 |       |     0   (0)|          |
|  92 |                    TABLE ACCESS BY INDEX ROWID               | USER_PROFILE              |     1 |    67 |     1   (0)| 00:00:01 |
|  93 |                     INDEX UNIQUE SCAN                        | PROFILE_PK                |     1 |       |     0   (0)|          |
|  94 |                   TABLE ACCESS BY INDEX ROWID                | FND_LOOKUP_VALUE          |     1 |    45 |     0   (0)|          |
|  95 |                    INDEX UNIQUE SCAN                         | LOOKUP_VALUE_PK           |     1 |       |     0   (0)|          |
|  96 |                  TABLE ACCESS BY INDEX ROWID                 | FND_LOOKUP_VALUE          |     1 |    45 |     0   (0)|          |
|  97 |                   INDEX UNIQUE SCAN                          | LOOKUP_VALUE_PK           |     1 |       |     0   (0)|          |
|  98 |                 INDEX UNIQUE SCAN                            | PROFILE_EXTEND_PK         |     1 |     6 |     0   (0)|          |
|  99 |         TABLE ACCESS BY INDEX ROWID                          | PAY_PAYEE_BANK_BRANCH     |     1 |    30 |     2   (0)| 00:00:01 |
| 100 |          INDEX UNIQUE SCAN                                   | PAY_PAYEE_BANK_BRANCH_PK  |     1 |       |     1   (0)| 00:00:01 |
| 101 |        TABLE ACCESS BY INDEX ROWID                           | FND_CONTACT               |     1 |    88 |     1   (0)| 00:00:01 |
| 102 |         INDEX UNIQUE SCAN                                    | CONTACT_PK                |     1 |       |     0   (0)|          |
| 103 |       TABLE ACCESS BY INDEX ROWID                            | FND_CONTACT               |     1 |    88 |     1   (0)| 00:00:01 |
| 104 |        INDEX UNIQUE SCAN                                     | CONTACT_PK                |     1 |       |     0   (0)|          |
------------------------------------------------------------------------------------------------------------------------------------------

SQL_ID fffrrsjsqxf1f
--------------------
/* load one-to-many com.vayana.bm.core.api.model.infra.FapBasket.fapBask
etDetails */ select fapbasketd0_.FAP_BASKET_ID as FAP10_105_41_,
fapbasketd0_.id as id1_108_41_, fapbasketd0_.id as id1_108_40_,
fapbasketd0_."VERSION" as VERSION2_108_40_, fapbasketd0_.AUTH_BY as
AUTH6_108_40_, fapbasketd0_.AUTH_DATE as AUTH3_108_40_,
fapbasketd0_.CREATED_BY as CREATED7_108_40_, fapbasketd0_.CREATED_DATE
as CREATED4_108_40_, fapbasketd0_.MODIFIED_BY as MODIFIED8_108_40_,
fapbasketd0_.MODIFIED_DATE as MODIFIED5_108_40_,
fapbasketd0_.CHILD_FAP_BASKET_ID as CHILD9_108_40_,
fapbasketd0_.FAP_BASKET_ID as FAP10_108_40_, fapbasketd0_.STATUS_ID as
STATUS11_108_40_, fapbasketd0_.TENANT_SERVICE_ID as TENANT12_108_40_,
tenantserv1_.id as id1_141_0_, tenantserv1_."VERSION" as
VERSION2_141_0_, tenantserv1_.AUTH_BY as AUTH9_141_0_,
tenantserv1_.AUTH_DATE as AUTH3_141_0_, tenantserv1_.CREATED_BY as
CREATED10_141_0_, tenantserv1_.CREATED_DATE as CREATED4_141_0_,
tenantserv1_.MODIFIED_BY as MODIFIE11_141_0_,
tenantserv1_.MODIFIED_DATE as MODIFIED5_141_0_, tenantserv1_.CHANNEL_ID
as CHANNEL12_141_0_, tenantserv1_.COUNTRY_ID as COUNTRY13_141_0_,
tenantserv1_.EXCEPTION_FLAG as EXCEPTIO6_141_0_,
tenantserv1_.SERVICE_APPLICATION_ID as SERVICE14_141_0_,
tenantserv1_.SERVICE_TYPE as SERVICE7_141_0_,
tenantserv1_.TENANT_APPLICATION_ID as TENANT15_141_0_,
tenantserv1_.VIEW_AS_TRANSACTION_CODE_FLAG as VIEW8_141_0_,
channel2_.id as id1_95_1_, channel2_."VERSION" as VERSION2_95_1_,
channel2_.AUTH_BY as AUTH8_95_1_, channel2_.AUTH_DATE as AUTH3_95_1_,
channel2_.CREATED_BY as CREATED9_95_1_, channel2_.CREATED_DATE as
CREATED4_95_1_, channel2_.MODIFIED_BY as MODIFIE10_95_1_,
channel2_.MODIFIED_DATE as MODIFIED5_95_1_, channel2_.CODE as
CODE6_95_1_, channel2_.DESCRIPTION as DESCRIPT7_95_1_, country3_.id as
id1_43_2_, country3_."VERSION" as VERSION2_43_2_, country3_.AUTH_BY as
AUTH10_43_2_, country3_.AUTH_DATE as AUTH3_43_2_, country3_.CREATED_BY
as CREATED11_43_2_, country3_.CREATED_DATE as CREATED4_43_2_,
country3_.MODIFIED_BY as MODIFIE12_43_2_, country3_.MODIFIED_DATE as
MODIFIED5_43_2_, country3_.CODE as CODE6_43_2_, country3_.DESCRIPTION

PLAN_TABLE_OUTPUT
------------------------------------------------------------------------------------------------------------------------------------------------------------------------------------------------------------------------------------------------------------------------------------------------------------
as DESCRIPT7_43_2_, country3_.ISO_ALPHA_2CODE as ISO8_43_2_,
country3_.ISO_NUMERIC_CODE as ISO9_43_2_, serviceapp4_.id as
id1_133_3_, serviceapp4_."VERSION" as VERSION2_133_3_,
serviceapp4_.AUTH_BY as AUTH6_133_3_, serviceapp4_.AUTH_DATE as
AUTH3_133_3_, serviceapp4_.CREATED_BY as CREATED7_133_3_,
serviceapp4_.CREATED_DATE as CREATED4_133_3_, serviceapp4_.MODIFIED_BY
as MODIFIED8_133_3_, serviceapp4_.MODIFIED_DATE as MODIFIED5_133_3_,
serviceapp4_.APPLICATION_ID as APPLICAT9_133_3_,
serviceapp4_.SERVICE_ID as SERVICE10_133_3_, serviceapp4_.STATUS_ID as
STATUS11_133_3_, lookupvalu5_.id as id1_57_4_, lookupvalu5_."VERSION"
as VERSION2_57_4_, lookupvalu5_.AUTH_BY as AUTH8_57_4_,
lookupvalu5_.AUTH_DATE as AUTH3_57_4_, lookupvalu5_.CREATED_BY as
CREATED9_57_4_, lookupvalu5_.CREATED_DATE as CREATED4_57_4_,
lookupvalu5_.MODIFIED_BY as MODIFIE10_57_4_, lookupvalu5_.MODIFIED_DATE
as MODIFIED5_57_4_, lookupvalu5_.CODE as CODE6_57_4_,
lookupvalu5_.COUNTRY_ID as COUNTRY11_57_4_, lookupvalu5_.DESCRIPTION as
DESCRIPT7_57_4_, lookupvalu5_.LOOKUP_TYPE_ID as LOOKUP12_57_4_,
country6_.id as id1_43_5_, country6_."VERSION" as VERSION2_43_5_,
country6_.AUTH_BY as AUTH10_43_5_, country6_.AUTH_DATE as AUTH3_43_5_,
country6_.CREATED_BY as CREATED11_43_5_, country6_.CREATED_DATE as
CREATED4_43_5_, country6_.MODIFIED_BY as MODIFIE12_43_5_,
country6_.MODIFIED_DATE as MODIFIED5_43_5_, country6_.CODE as
CODE6_43_5_, country6_.DESCRIPTION as DESCRIPT7_43_5_,
country6_.ISO_ALPHA_2CODE as ISO8_43_5_, country6_.ISO_NUMERIC_CODE as
ISO9_43_5_, lookuptype7_.id as id1_56_6_, lookuptype7_."VERSION" as
VERSION2_56_6_, lookuptype7_.AUTH_BY as AUTH8_56_6_,
lookuptype7_.AUTH_DATE as AUTH3_56_6_, lookuptype7_.CREATED_BY as
CREATED9_56_6_, lookuptype7_.CREATED_DATE as CREATED4_56_6_,
lookuptype7_.MODIFIED_BY as MODIFIE10_56_6_, lookuptype7_.MODIFIED_DATE
as MODIFIED5_56_6_,

Plan hash value: 1839529703

------------------------------------------------------------------------------------------------------------------------------------------
| Id  | Operation                                                    | Name                      | Rows  | Bytes | Cost (%CPU)| Time     |
------------------------------------------------------------------------------------------------------------------------------------------
|   0 | SELECT STATEMENT                                             |                           |       |       |   425 (100)|          |
|   1 |  HASH JOIN RIGHT OUTER                                       |                           |    54 |   136K|   425   (2)| 00:00:06 |
|   2 |   TABLE ACCESS FULL                                          | FND_LOOKUP_VALUE          |   515 | 23175 |     3   (0)| 00:00:01 |
|   3 |   HASH JOIN RIGHT OUTER                                      |                           |    54 |   134K|   422   (2)| 00:00:06 |
|   4 |    TABLE ACCESS FULL                                         | FND_LOOKUP_VALUE          |   515 | 23175 |     3   (0)| 00:00:01 |
|   5 |    HASH JOIN RIGHT OUTER                                     |                           |    54 |   131K|   418   (1)| 00:00:06 |
|   6 |     TABLE ACCESS FULL                                        | FND_LOOKUP_VALUE          |   515 | 23175 |     3   (0)| 00:00:01 |
|   7 |     HASH JOIN RIGHT OUTER                                    |                           |    54 |   129K|   415   (1)| 00:00:05 |
|   8 |      TABLE ACCESS FULL                                       | FND_STATE                 |    38 |  1672 |     3   (0)| 00:00:01 |
|   9 |      NESTED LOOPS OUTER                                      |                           |    54 |   127K|   412   (1)| 00:00:05 |
|  10 |       NESTED LOOPS OUTER                                     |                           |    54 |   122K|   358   (2)| 00:00:05 |
|  11 |        NESTED LOOPS OUTER                                    |                           |    54 |   117K|   304   (2)| 00:00:04 |
|  12 |         HASH JOIN RIGHT OUTER                                |                           |    54 |   116K|   196   (3)| 00:00:03 |
|  13 |          TABLE ACCESS FULL                                   | FND_TENANT_BRANCH         |   853 | 64828 |     5   (0)| 00:00:01 |
|  14 |          HASH JOIN RIGHT OUTER                               |                           |    54 |   112K|   191   (3)| 00:00:03 |
|  15 |           TABLE ACCESS FULL                                  | FND_TENANT_APPLICATION    |     1 |    28 |     3   (0)| 00:00:01 |
|  16 |           HASH JOIN RIGHT OUTER                              |                           |    54 |   110K|   188   (3)| 00:00:03 |
|  17 |            TABLE ACCESS FULL                                 | FND_TENANT_APPLICATION    |     1 |    28 |     3   (0)| 00:00:01 |
|  18 |            HASH JOIN RIGHT OUTER                             |                           |    54 |   109K|   185   (3)| 00:00:03 |
|  19 |             TABLE ACCESS FULL                                | FND_COUNTRY               |   240 | 10800 |     3   (0)| 00:00:01 |
|  20 |             HASH JOIN RIGHT OUTER                            |                           |    54 |   106K|   182   (3)| 00:00:03 |
|  21 |              TABLE ACCESS FULL                               | FND_LOOKUP_VALUE          |   515 | 23175 |     3   (0)| 00:00:01 |
|  22 |              HASH JOIN RIGHT OUTER                           |                           |    54 |   104K|   178   (2)| 00:00:03 |
|  23 |               TABLE ACCESS FULL                              | FND_LOOKUP_VALUE          |   515 | 23175 |     3   (0)| 00:00:01 |
|  24 |               HASH JOIN RIGHT OUTER                          |                           |    54 |   102K|   175   (2)| 00:00:03 |
|  25 |                TABLE ACCESS FULL                             | FND_LOOKUP_VALUE          |   515 | 23175 |     3   (0)| 00:00:01 |
|  26 |                HASH JOIN RIGHT OUTER                         |                           |    54 |    99K|   172   (2)| 00:00:03 |
|  27 |                 TABLE ACCESS FULL                            | FND_SEGMENT               |     3 |   117 |     3   (0)| 00:00:01 |
|  28 |                 NESTED LOOPS OUTER                           |                           |    54 |    97K|   169   (2)| 00:00:03 |
|  29 |                  NESTED LOOPS OUTER                          |                           |    54 | 77598 |   169   (2)| 00:00:03 |
|  30 |                   NESTED LOOPS OUTER                         |                           |    54 | 75060 |   169   (2)| 00:00:03 |
|  31 |                    NESTED LOOPS OUTER                        |                           |    54 | 72522 |   169   (2)| 00:00:03 |
|  32 |                     HASH JOIN OUTER                          |                           |    54 | 69876 |   169   (2)| 00:00:03 |
|  33 |                      NESTED LOOPS OUTER                      |                           |    54 | 68526 |   143   (2)| 00:00:02 |
|  34 |                       NESTED LOOPS OUTER                     |                           |    54 | 68202 |   143   (2)| 00:00:02 |
|  35 |                        NESTED LOOPS OUTER                    |                           |    54 | 65772 |   143   (2)| 00:00:02 |
|  36 |                         NESTED LOOPS OUTER                   |                           |    54 | 63342 |   143   (2)| 00:00:02 |
|  37 |                          HASH JOIN OUTER                     |                           |    54 | 59724 |    89   (3)| 00:00:02 |
|  38 |                           NESTED LOOPS OUTER                 |                           |    54 | 58374 |    65   (2)| 00:00:01 |
|  39 |                            NESTED LOOPS OUTER                |                           |    54 | 55188 |    41   (3)| 00:00:01 |
|  40 |                             NESTED LOOPS OUTER               |                           |    54 | 52758 |    40   (3)| 00:00:01 |
|  41 |                              NESTED LOOPS OUTER              |                           |    54 | 47790 |    40   (3)| 00:00:01 |
|  42 |                               NESTED LOOPS OUTER             |                           |    54 | 40986 |    40   (3)| 00:00:01 |
|  43 |                                HASH JOIN RIGHT OUTER         |                           |    54 | 36234 |    40   (3)| 00:00:01 |
|  44 |                                 TABLE ACCESS FULL            | FND_TENANT                |     1 |    62 |     3   (0)| 00:00:01 |
|  45 |                                 HASH JOIN OUTER              |                           |    54 | 32886 |    37   (3)| 00:00:01 |
|  46 |                                  HASH JOIN RIGHT OUTER       |                           |    54 | 30456 |    34   (3)| 00:00:01 |
|  47 |                                   TABLE ACCESS FULL          | FND_TENANT_APPLICATION    |     1 |    28 |     3   (0)| 00:00:01 |
|  48 |                                   HASH JOIN RIGHT OUTER      |                           |    54 | 28944 |    31   (4)| 00:00:01 |
|  49 |                                    TABLE ACCESS FULL         | FND_LOOKUP_TYPE           |    59 |  3245 |     3   (0)| 00:00:01 |
|  50 |                                    HASH JOIN OUTER           |                           |    54 | 25974 |    28   (4)| 00:00:01 |
|  51 |                                     HASH JOIN OUTER          |                           |    54 | 21654 |    25   (4)| 00:00:01 |
|  52 |                                      NESTED LOOPS OUTER      |                           |    54 | 17334 |    22   (5)| 00:00:01 |
|  53 |                                       HASH JOIN OUTER        |                           |    54 | 14904 |    21   (5)| 00:00:01 |
|  54 |                                        HASH JOIN OUTER       |                           |    54 | 12474 |    17   (0)| 00:00:01 |
|  55 |                                         HASH JOIN OUTER      |                           |    54 | 10044 |    14   (0)| 00:00:01 |
|  56 |                                          HASH JOIN OUTER     |                           |    54 |  8154 |    11   (0)| 00:00:01 |
|  57 |                                           NESTED LOOPS OUTER |                           |    54 |  5724 |     8   (0)| 00:00:01 |
|  58 |                                            HASH JOIN OUTER   |                           |    54 |  4050 |     6   (0)| 00:00:01 |
|  59 | L                                           TABLE ACCESS FUL | INF_FAP_BASKET_DETAIL     |    54 |  1836 |     3   (0)| 00:00:01 |
|  60 | L                                           TABLE ACCESS FUL | INF_TENANT_SERVICE        |   190 |  7790 |     3   (0)| 00:00:01 |
|  61 | NDEX ROWID                                 TABLE ACCESS BY I | INF_CHANNEL               |     1 |    31 |     1   (0)| 00:00:01 |
|  62 | N                                           INDEX UNIQUE SCA | INF_CHANNEL_PK            |     1 |       |     0   (0)|          |
|  63 |                                           TABLE ACCESS FULL  | FND_COUNTRY               |   240 | 10800 |     3   (0)| 00:00:01 |
|  64 |                                          TABLE ACCESS FULL   | INF_SERVICE_APPLICATION   |   190 |  6650 |     3   (0)| 00:00:01 |
|  65 |                                         TABLE ACCESS FULL    | FND_LOOKUP_VALUE          |   515 | 23175 |     3   (0)| 00:00:01 |
|  66 |                                        TABLE ACCESS FULL     | FND_LOOKUP_VALUE          |   515 | 23175 |     3   (0)| 00:00:01 |
|  67 | ROWID                                 TABLE ACCESS BY INDEX  | FND_COUNTRY               |     1 |    45 |     1   (0)| 00:00:01 |
|  68 |                                        INDEX UNIQUE SCAN     | COUNTRY_PK                |     1 |       |     0   (0)|          |
|  69 |                                      TABLE ACCESS FULL       | INF_SERVICE               |   205 | 16400 |     3   (0)| 00:00:01 |
|  70 |                                     TABLE ACCESS FULL        | INF_SERVICE               |   205 | 16400 |     3   (0)| 00:00:01 |
|  71 |                                  TABLE ACCESS FULL           | FND_LOOKUP_VALUE          |   515 | 23175 |     3   (0)| 00:00:01 |
|  72 |                                TABLE ACCESS BY INDEX ROWID   | FND_CONTACT               |     1 |    88 |     0   (0)|          |
|  73 |                                 INDEX UNIQUE SCAN            | CONTACT_PK                |     1 |       |     0   (0)|          |
|  74 |                               TABLE ACCESS BY INDEX ROWID    | USER_LOGIN_PROFILE        |     1 |   126 |     0   (0)|          |
|  75 |                                INDEX UNIQUE SCAN             | LOGIN_PROFILE_PK          |     1 |       |     0   (0)|          |
|  76 |                              TABLE ACCESS BY INDEX ROWID     | FND_DOCUMENT              |     1 |    92 |     0   (0)|          |
|  77 |                               INDEX UNIQUE SCAN              | DOCUMENT_PK               |     1 |       |     0   (0)|          |
|  78 |                             TABLE ACCESS BY INDEX ROWID      | FND_COUNTRY               |     1 |    45 |     1   (0)| 00:00:01 |
|  79 |                              INDEX UNIQUE SCAN               | COUNTRY_PK                |     1 |       |     0   (0)|          |
|  80 |                            TABLE ACCESS BY INDEX ROWID       | FND_CITY                  |     1 |    59 |     1   (0)| 00:00:01 |
|  81 |                             INDEX UNIQUE SCAN                | CITY_PK                   |     1 |       |     0   (0)|          |
|  82 |                           TABLE ACCESS FULL                  | USER_CONTACT_DETAIL       | 18372 |   448K|    24   (5)| 00:00:01 |
|  83 |                          TABLE ACCESS BY INDEX ROWID         | USER_PROFILE              |     1 |    67 |     1   (0)| 00:00:01 |
|  84 |                           INDEX UNIQUE SCAN                  | PROFILE_PK                |     1 |       |     0   (0)|          |
|  85 |                         TABLE ACCESS BY INDEX ROWID          | FND_LOOKUP_VALUE          |     1 |    45 |     0   (0)|          |
|  86 |                          INDEX UNIQUE SCAN                   | LOOKUP_VALUE_PK           |     1 |       |     0   (0)|          |
|  87 |                        TABLE ACCESS BY INDEX ROWID           | FND_LOOKUP_VALUE          |     1 |    45 |     0   (0)|          |
|  88 |                         INDEX UNIQUE SCAN                    | LOOKUP_VALUE_PK           |     1 |       |     0   (0)|          |
|  89 |                       INDEX UNIQUE SCAN                      | PROFILE_EXTEND_PK         |     1 |     6 |     0   (0)|          |
|  90 |                      TABLE ACCESS FULL                       | USER_LOGIN_PROFILE_EXTEND | 19405 |   473K|    26   (4)| 00:00:01 |
|  91 |                     TABLE ACCESS BY INDEX ROWID              | FND_SPECIAL_CATEGORY      |     1 |    49 |     0   (0)|          |
|  92 |                      INDEX UNIQUE SCAN                       | SPECIAL_CATEGORY_PK       |     1 |       |     0   (0)|          |
|  93 |                    TABLE ACCESS BY INDEX ROWID               | FND_DEPARTMENT            |     1 |    47 |     0   (0)|          |
|  94 |                     INDEX UNIQUE SCAN                        | DEPARTMENT_PK             |     1 |       |     0   (0)|          |
|  95 |                   TABLE ACCESS BY INDEX ROWID                | FND_DEPARTMENT            |     1 |    47 |     0   (0)|          |
|  96 |                    INDEX UNIQUE SCAN                         | DEPARTMENT_PK             |     1 |       |     0   (0)|          |
|  97 |                  TABLE ACCESS BY INDEX ROWID                 | FND_COMPANY               |     1 |   415 |     0   (0)|          |
|  98 |                   INDEX UNIQUE SCAN                          | COMPANY_PK                |     1 |       |     0   (0)|          |
|  99 |         TABLE ACCESS BY INDEX ROWID                          | PAY_PAYEE_BANK_BRANCH     |     1 |    30 |     2   (0)| 00:00:01 |
| 100 |          INDEX UNIQUE SCAN                                   | PAY_PAYEE_BANK_BRANCH_PK  |     1 |       |     1   (0)| 00:00:01 |
| 101 |        TABLE ACCESS BY INDEX ROWID                           | FND_CONTACT               |     1 |    88 |     1   (0)| 00:00:01 |
| 102 |         INDEX UNIQUE SCAN                                    | CONTACT_PK                |     1 |       |     0   (0)|          |
| 103 |       TABLE ACCESS BY INDEX ROWID                            | FND_CONTACT               |     1 |    88 |     1   (0)| 00:00:01 |
| 104 |        INDEX UNIQUE SCAN                                     | CONTACT_PK                |     1 |       |     0   (0)|          |
------------------------------------------------------------------------------------------------------------------------------------------

SQL_ID fffrrsjsqxf1f
--------------------
/* load one-to-many com.vayana.bm.core.api.model.infra.FapBasket.fapBask
etDetails */ select fapbasketd0_.FAP_BASKET_ID as FAP10_105_41_,
fapbasketd0_.id as id1_108_41_, fapbasketd0_.id as id1_108_40_,
fapbasketd0_."VERSION" as VERSION2_108_40_, fapbasketd0_.AUTH_BY as
AUTH6_108_40_, fapbasketd0_.AUTH_DATE as AUTH3_108_40_,
fapbasketd0_.CREATED_BY as CREATED7_108_40_, fapbasketd0_.CREATED_DATE
as CREATED4_108_40_, fapbasketd0_.MODIFIED_BY as MODIFIED8_108_40_,
fapbasketd0_.MODIFIED_DATE as MODIFIED5_108_40_,
fapbasketd0_.CHILD_FAP_BASKET_ID as CHILD9_108_40_,
fapbasketd0_.FAP_BASKET_ID as FAP10_108_40_, fapbasketd0_.STATUS_ID as
STATUS11_108_40_, fapbasketd0_.TENANT_SERVICE_ID as TENANT12_108_40_,
tenantserv1_.id as id1_141_0_, tenantserv1_."VERSION" as
VERSION2_141_0_, tenantserv1_.AUTH_BY as AUTH9_141_0_,
tenantserv1_.AUTH_DATE as AUTH3_141_0_, tenantserv1_.CREATED_BY as
CREATED10_141_0_, tenantserv1_.CREATED_DATE as CREATED4_141_0_,
tenantserv1_.MODIFIED_BY as MODIFIE11_141_0_,
tenantserv1_.MODIFIED_DATE as MODIFIED5_141_0_, tenantserv1_.CHANNEL_ID
as CHANNEL12_141_0_, tenantserv1_.COUNTRY_ID as COUNTRY13_141_0_,
tenantserv1_.EXCEPTION_FLAG as EXCEPTIO6_141_0_,
tenantserv1_.SERVICE_APPLICATION_ID as SERVICE14_141_0_,
tenantserv1_.SERVICE_TYPE as SERVICE7_141_0_,
tenantserv1_.TENANT_APPLICATION_ID as TENANT15_141_0_,
tenantserv1_.VIEW_AS_TRANSACTION_CODE_FLAG as VIEW8_141_0_,
channel2_.id as id1_95_1_, channel2_."VERSION" as VERSION2_95_1_,
channel2_.AUTH_BY as AUTH8_95_1_, channel2_.AUTH_DATE as AUTH3_95_1_,
channel2_.CREATED_BY as CREATED9_95_1_, channel2_.CREATED_DATE as
CREATED4_95_1_, channel2_.MODIFIED_BY as MODIFIE10_95_1_,
channel2_.MODIFIED_DATE as MODIFIED5_95_1_, channel2_.CODE as
CODE6_95_1_, channel2_.DESCRIPTION as DESCRIPT7_95_1_, country3_.id as
id1_43_2_, country3_."VERSION" as VERSION2_43_2_, country3_.AUTH_BY as
AUTH10_43_2_, country3_.AUTH_DATE as AUTH3_43_2_, country3_.CREATED_BY
as CREATED11_43_2_, country3_.CREATED_DATE as CREATED4_43_2_,
country3_.MODIFIED_BY as MODIFIE12_43_2_, country3_.MODIFIED_DATE as
MODIFIED5_43_2_, country3_.CODE as CODE6_43_2_, country3_.DESCRIPTION
as DESCRIPT7_43_2_, country3_.ISO_ALPHA_2CODE as ISO8_43_2_,
country3_.ISO_NUMERIC_CODE as ISO9_43_2_, serviceapp4_.id as
id1_133_3_, serviceapp4_."VERSION" as VERSION2_133_3_,
serviceapp4_.AUTH_BY as AUTH6_133_3_, serviceapp4_.AUTH_DATE as
AUTH3_133_3_, serviceapp4_.CREATED_BY as CREATED7_133_3_,
serviceapp4_.CREATED_DATE as CREATED4_133_3_, serviceapp4_.MODIFIED_BY
as MODIFIED8_133_3_, serviceapp4_.MODIFIED_DATE as MODIFIED5_133_3_,
serviceapp4_.APPLICATION_ID as APPLICAT9_133_3_,
serviceapp4_.SERVICE_ID as SERVICE10_133_3_, serviceapp4_.STATUS_ID as
STATUS11_133_3_, lookupvalu5_.id as id1_57_4_, lookupvalu5_."VERSION"
as VERSION2_57_4_, lookupvalu5_.AUTH_BY as AUTH8_57_4_,
lookupvalu5_.AUTH_DATE as AUTH3_57_4_, lookupvalu5_.CREATED_BY as
CREATED9_57_4_, lookupvalu5_.CREATED_DATE as CREATED4_57_4_,
lookupvalu5_.MODIFIED_BY as MODIFIE10_57_4_, lookupvalu5_.MODIFIED_DATE
as MODIFIED5_57_4_, lookupvalu5_.CODE as CODE6_57_4_,
lookupvalu5_.COUNTRY_ID as COUNTRY11_57_4_, lookupvalu5_.DESCRIPTION as
DESCRIPT7_57_4_, lookupvalu5_.LOOKUP_TYPE_ID as LOOKUP12_57_4_,
country6_.id as id1_43_5_, country6_."VERSION" as VERSION2_43_5_,

PLAN_TABLE_OUTPUT
------------------------------------------------------------------------------------------------------------------------------------------------------------------------------------------------------------------------------------------------------------------------------------------------------------
country6_.AUTH_BY as AUTH10_43_5_, country6_.AUTH_DATE as AUTH3_43_5_,
country6_.CREATED_BY as CREATED11_43_5_, country6_.CREATED_DATE as
CREATED4_43_5_, country6_.MODIFIED_BY as MODIFIE12_43_5_,
country6_.MODIFIED_DATE as MODIFIED5_43_5_, country6_.CODE as
CODE6_43_5_, country6_.DESCRIPTION as DESCRIPT7_43_5_,
country6_.ISO_ALPHA_2CODE as ISO8_43_5_, country6_.ISO_NUMERIC_CODE as
ISO9_43_5_, lookuptype7_.id as id1_56_6_, lookuptype7_."VERSION" as
VERSION2_56_6_, lookuptype7_.AUTH_BY as AUTH8_56_6_,
lookuptype7_.AUTH_DATE as AUTH3_56_6_, lookuptype7_.CREATED_BY as
CREATED9_56_6_, lookuptype7_.CREATED_DATE as CREATED4_56_6_,
lookuptype7_.MODIFIED_BY as MODIFIE10_56_6_, lookuptype7_.MODIFIED_DATE
as MODIFIED5_56_6_,

Plan hash value: 2256661010

------------------------------------------------------------------------------------------------------------------------------------------
| Id  | Operation                                                    | Name                      | Rows  | Bytes | Cost (%CPU)| Time     |
------------------------------------------------------------------------------------------------------------------------------------------
|   0 | SELECT STATEMENT                                             |                           |       |       |   425 (100)|          |
|   1 |  HASH JOIN RIGHT OUTER                                       |                           |    54 |   136K|   425   (2)| 00:00:06 |
|   2 |   TABLE ACCESS FULL                                          | FND_LOOKUP_VALUE          |   515 | 23175 |     3   (0)| 00:00:01 |
|   3 |   HASH JOIN RIGHT OUTER                                      |                           |    54 |   134K|   421   (1)| 00:00:06 |
|   4 |    TABLE ACCESS FULL                                         | FND_LOOKUP_VALUE          |   515 | 23175 |     3   (0)| 00:00:01 |
|   5 |    HASH JOIN RIGHT OUTER                                     |                           |    54 |   131K|   418   (1)| 00:00:06 |
|   6 |     TABLE ACCESS FULL                                        | FND_LOOKUP_VALUE          |   515 | 23175 |     3   (0)| 00:00:01 |
|   7 |     HASH JOIN RIGHT OUTER                                    |                           |    54 |   129K|   415   (1)| 00:00:05 |
|   8 |      TABLE ACCESS FULL                                       | FND_STATE                 |    38 |  1672 |     3   (0)| 00:00:01 |
|   9 |      NESTED LOOPS OUTER                                      |                           |    54 |   127K|   412   (1)| 00:00:05 |
|  10 |       NESTED LOOPS OUTER                                     |                           |    54 |   122K|   358   (2)| 00:00:05 |
|  11 |        NESTED LOOPS OUTER                                    |                           |    54 |   117K|   304   (2)| 00:00:04 |
|  12 |         HASH JOIN RIGHT OUTER                                |                           |    54 |   116K|   196   (3)| 00:00:03 |
|  13 |          TABLE ACCESS FULL                                   | FND_TENANT_BRANCH         |   853 | 64828 |     5   (0)| 00:00:01 |
|  14 |          HASH JOIN RIGHT OUTER                               |                           |    54 |   112K|   191   (3)| 00:00:03 |
|  15 |           TABLE ACCESS FULL                                  | FND_TENANT_APPLICATION    |     1 |    28 |     3   (0)| 00:00:01 |
|  16 |           HASH JOIN RIGHT OUTER                              |                           |    54 |   110K|   188   (3)| 00:00:03 |
|  17 |            TABLE ACCESS FULL                                 | FND_TENANT_APPLICATION    |     1 |    28 |     3   (0)| 00:00:01 |
|  18 |            HASH JOIN RIGHT OUTER                             |                           |    54 |   109K|   185   (3)| 00:00:03 |
|  19 |             TABLE ACCESS FULL                                | FND_COUNTRY               |   240 | 10800 |     3   (0)| 00:00:01 |
|  20 |             HASH JOIN RIGHT OUTER                            |                           |    54 |   106K|   181   (2)| 00:00:03 |
|  21 |              TABLE ACCESS FULL                               | FND_LOOKUP_VALUE          |   515 | 23175 |     3   (0)| 00:00:01 |
|  22 |              HASH JOIN RIGHT OUTER                           |                           |    54 |   104K|   178   (2)| 00:00:03 |
|  23 |               TABLE ACCESS FULL                              | FND_LOOKUP_VALUE          |   515 | 23175 |     3   (0)| 00:00:01 |
|  24 |               HASH JOIN RIGHT OUTER                          |                           |    54 |   102K|   175   (2)| 00:00:03 |
|  25 |                TABLE ACCESS FULL                             | FND_LOOKUP_VALUE          |   515 | 23175 |     3   (0)| 00:00:01 |
|  26 |                HASH JOIN RIGHT OUTER                         |                           |    54 |    99K|   172   (2)| 00:00:03 |
|  27 |                 TABLE ACCESS FULL                            | FND_SEGMENT               |     3 |   117 |     3   (0)| 00:00:01 |
|  28 |                 NESTED LOOPS OUTER                           |                           |    54 |    97K|   169   (2)| 00:00:03 |
|  29 |                  NESTED LOOPS OUTER                          |                           |    54 | 99684 |   169   (2)| 00:00:03 |
|  30 |                   NESTED LOOPS OUTER                         |                           |    54 | 97254 |   169   (2)| 00:00:03 |
|  31 |                    NESTED LOOPS OUTER                        |                           |    54 | 94824 |   169   (2)| 00:00:03 |
|  32 |                     NESTED LOOPS OUTER                       |                           |    54 | 91206 |   115   (3)| 00:00:02 |
|  33 |                      NESTED LOOPS OUTER                      |                           |    54 | 68796 |   115   (3)| 00:00:02 |
|  34 |                       NESTED LOOPS OUTER                     |                           |    54 | 66258 |   115   (3)| 00:00:02 |
|  35 |                        NESTED LOOPS OUTER                    |                           |    54 | 63720 |   115   (3)| 00:00:02 |
|  36 |                         HASH JOIN OUTER                      |                           |    54 | 61074 |   115   (3)| 00:00:02 |
|  37 |                          HASH JOIN OUTER                     |                           |    54 | 59724 |    89   (3)| 00:00:02 |
|  38 |                           NESTED LOOPS OUTER                 |                           |    54 | 58374 |    65   (2)| 00:00:01 |
|  39 |                            NESTED LOOPS OUTER                |                           |    54 | 55188 |    41   (3)| 00:00:01 |
|  40 |                             NESTED LOOPS OUTER               |                           |    54 | 52758 |    40   (3)| 00:00:01 |
|  41 |                              NESTED LOOPS OUTER              |                           |    54 | 47790 |    40   (3)| 00:00:01 |
|  42 |                               NESTED LOOPS OUTER             |                           |    54 | 40986 |    40   (3)| 00:00:01 |
|  43 |                                HASH JOIN RIGHT OUTER         |                           |    54 | 36234 |    40   (3)| 00:00:01 |
|  44 |                                 TABLE ACCESS FULL            | FND_TENANT                |     1 |    62 |     3   (0)| 00:00:01 |
|  45 |                                 HASH JOIN OUTER              |                           |    54 | 32886 |    37   (3)| 00:00:01 |
|  46 |                                  HASH JOIN RIGHT OUTER       |                           |    54 | 30456 |    34   (3)| 00:00:01 |
|  47 |                                   TABLE ACCESS FULL          | FND_TENANT_APPLICATION    |     1 |    28 |     3   (0)| 00:00:01 |
|  48 |                                   HASH JOIN RIGHT OUTER      |                           |    54 | 28944 |    31   (4)| 00:00:01 |
|  49 |                                    TABLE ACCESS FULL         | FND_LOOKUP_TYPE           |    59 |  3245 |     3   (0)| 00:00:01 |
|  50 |                                    HASH JOIN OUTER           |                           |    54 | 25974 |    28   (4)| 00:00:01 |
|  51 |                                     HASH JOIN OUTER          |                           |    54 | 21654 |    25   (4)| 00:00:01 |
|  52 |                                      NESTED LOOPS OUTER      |                           |    54 | 17334 |    22   (5)| 00:00:01 |
|  53 |                                       HASH JOIN OUTER        |                           |    54 | 14904 |    21   (5)| 00:00:01 |
|  54 |                                        HASH JOIN OUTER       |                           |    54 | 12474 |    17   (0)| 00:00:01 |
|  55 |                                         HASH JOIN OUTER      |                           |    54 | 10044 |    14   (0)| 00:00:01 |
|  56 |                                          HASH JOIN OUTER     |                           |    54 |  8154 |    11   (0)| 00:00:01 |
|  57 |                                           NESTED LOOPS OUTER |                           |    54 |  5724 |     8   (0)| 00:00:01 |
|  58 |                                            HASH JOIN OUTER   |                           |    54 |  4050 |     6   (0)| 00:00:01 |
|  59 | L                                           TABLE ACCESS FUL | INF_FAP_BASKET_DETAIL     |    54 |  1836 |     3   (0)| 00:00:01 |
|  60 | L                                           TABLE ACCESS FUL | INF_TENANT_SERVICE        |   190 |  7790 |     3   (0)| 00:00:01 |
|  61 | NDEX ROWID                                 TABLE ACCESS BY I | INF_CHANNEL               |     1 |    31 |     1   (0)| 00:00:01 |
|  62 | N                                           INDEX UNIQUE SCA | INF_CHANNEL_PK            |     1 |       |     0   (0)|          |
|  63 |                                           TABLE ACCESS FULL  | FND_COUNTRY               |   240 | 10800 |     3   (0)| 00:00:01 |
|  64 |                                          TABLE ACCESS FULL   | INF_SERVICE_APPLICATION   |   190 |  6650 |     3   (0)| 00:00:01 |
|  65 |                                         TABLE ACCESS FULL    | FND_LOOKUP_VALUE          |   515 | 23175 |     3   (0)| 00:00:01 |
|  66 |                                        TABLE ACCESS FULL     | FND_LOOKUP_VALUE          |   515 | 23175 |     3   (0)| 00:00:01 |
|  67 | ROWID                                 TABLE ACCESS BY INDEX  | FND_COUNTRY               |     1 |    45 |     1   (0)| 00:00:01 |
|  68 |                                        INDEX UNIQUE SCAN     | COUNTRY_PK                |     1 |       |     0   (0)|          |
|  69 |                                      TABLE ACCESS FULL       | INF_SERVICE               |   205 | 16400 |     3   (0)| 00:00:01 |
|  70 |                                     TABLE ACCESS FULL        | INF_SERVICE               |   205 | 16400 |     3   (0)| 00:00:01 |
|  71 |                                  TABLE ACCESS FULL           | FND_LOOKUP_VALUE          |   515 | 23175 |     3   (0)| 00:00:01 |
|  72 |                                TABLE ACCESS BY INDEX ROWID   | FND_CONTACT               |     1 |    88 |     0   (0)|          |
|  73 |                                 INDEX UNIQUE SCAN            | CONTACT_PK                |     1 |       |     0   (0)|          |
|  74 |                               TABLE ACCESS BY INDEX ROWID    | USER_LOGIN_PROFILE        |     1 |   126 |     0   (0)|          |
|  75 |                                INDEX UNIQUE SCAN             | LOGIN_PROFILE_PK          |     1 |       |     0   (0)|          |
|  76 |                              TABLE ACCESS BY INDEX ROWID     | FND_DOCUMENT              |     1 |    92 |     0   (0)|          |
|  77 |                               INDEX UNIQUE SCAN              | DOCUMENT_PK               |     1 |       |     0   (0)|          |
|  78 |                             TABLE ACCESS BY INDEX ROWID      | FND_COUNTRY               |     1 |    45 |     1   (0)| 00:00:01 |
|  79 |                              INDEX UNIQUE SCAN               | COUNTRY_PK                |     1 |       |     0   (0)|          |
|  80 |                            TABLE ACCESS BY INDEX ROWID       | FND_CITY                  |     1 |    59 |     1   (0)| 00:00:01 |
|  81 |                             INDEX UNIQUE SCAN                | CITY_PK                   |     1 |       |     0   (0)|          |
|  82 |                           TABLE ACCESS FULL                  | USER_CONTACT_DETAIL       | 18372 |   448K|    24   (5)| 00:00:01 |
|  83 |                          TABLE ACCESS FULL                   | USER_LOGIN_PROFILE_EXTEND | 19405 |   473K|    26   (4)| 00:00:01 |
|  84 |                         TABLE ACCESS BY INDEX ROWID          | FND_SPECIAL_CATEGORY      |     1 |    49 |     0   (0)|          |
|  85 |                          INDEX UNIQUE SCAN                   | SPECIAL_CATEGORY_PK       |     1 |       |     0   (0)|          |
|  86 |                        TABLE ACCESS BY INDEX ROWID           | FND_DEPARTMENT            |     1 |    47 |     0   (0)|          |
|  87 |                         INDEX UNIQUE SCAN                    | DEPARTMENT_PK             |     1 |       |     0   (0)|          |
|  88 |                       TABLE ACCESS BY INDEX ROWID            | FND_DEPARTMENT            |     1 |    47 |     0   (0)|          |
|  89 |                        INDEX UNIQUE SCAN                     | DEPARTMENT_PK             |     1 |       |     0   (0)|          |
|  90 |                      TABLE ACCESS BY INDEX ROWID             | FND_COMPANY               |     1 |   415 |     0   (0)|          |
|  91 |                       INDEX UNIQUE SCAN                      | COMPANY_PK                |     1 |       |     0   (0)|          |
|  92 |                     TABLE ACCESS BY INDEX ROWID              | USER_PROFILE              |     1 |    67 |     1   (0)| 00:00:01 |
|  93 |                      INDEX UNIQUE SCAN                       | PROFILE_PK                |     1 |       |     0   (0)|          |
|  94 |                    TABLE ACCESS BY INDEX ROWID               | FND_LOOKUP_VALUE          |     1 |    45 |     0   (0)|          |
|  95 |                     INDEX UNIQUE SCAN                        | LOOKUP_VALUE_PK           |     1 |       |     0   (0)|          |
|  96 |                   TABLE ACCESS BY INDEX ROWID                | FND_LOOKUP_VALUE          |     1 |    45 |     0   (0)|          |
|  97 |                    INDEX UNIQUE SCAN                         | LOOKUP_VALUE_PK           |     1 |       |     0   (0)|          |
|  98 |                  INDEX UNIQUE SCAN                           | PROFILE_EXTEND_PK         |     1 |     6 |     0   (0)|          |
|  99 |         TABLE ACCESS BY INDEX ROWID                          | PAY_PAYEE_BANK_BRANCH     |     1 |    30 |     2   (0)| 00:00:01 |
| 100 |          INDEX UNIQUE SCAN                                   | PAY_PAYEE_BANK_BRANCH_PK  |     1 |       |     1   (0)| 00:00:01 |
| 101 |        TABLE ACCESS BY INDEX ROWID                           | FND_CONTACT               |     1 |    88 |     1   (0)| 00:00:01 |
| 102 |         INDEX UNIQUE SCAN                                    | CONTACT_PK                |     1 |       |     0   (0)|          |
| 103 |       TABLE ACCESS BY INDEX ROWID                            | FND_CONTACT               |     1 |    88 |     1   (0)| 00:00:01 |
| 104 |        INDEX UNIQUE SCAN                                     | CONTACT_PK                |     1 |       |     0   (0)|          |
------------------------------------------------------------------------------------------------------------------------------------------

SQL_ID fffrrsjsqxf1f
--------------------
/* load one-to-many com.vayana.bm.core.api.model.infra.FapBasket.fapBask
etDetails */ select fapbasketd0_.FAP_BASKET_ID as FAP10_105_41_,
fapbasketd0_.id as id1_108_41_, fapbasketd0_.id as id1_108_40_,
fapbasketd0_."VERSION" as VERSION2_108_40_, fapbasketd0_.AUTH_BY as
AUTH6_108_40_, fapbasketd0_.AUTH_DATE as AUTH3_108_40_,
fapbasketd0_.CREATED_BY as CREATED7_108_40_, fapbasketd0_.CREATED_DATE
as CREATED4_108_40_, fapbasketd0_.MODIFIED_BY as MODIFIED8_108_40_,
fapbasketd0_.MODIFIED_DATE as MODIFIED5_108_40_,
fapbasketd0_.CHILD_FAP_BASKET_ID as CHILD9_108_40_,
fapbasketd0_.FAP_BASKET_ID as FAP10_108_40_, fapbasketd0_.STATUS_ID as
STATUS11_108_40_, fapbasketd0_.TENANT_SERVICE_ID as TENANT12_108_40_,
tenantserv1_.id as id1_141_0_, tenantserv1_."VERSION" as
VERSION2_141_0_, tenantserv1_.AUTH_BY as AUTH9_141_0_,
tenantserv1_.AUTH_DATE as AUTH3_141_0_, tenantserv1_.CREATED_BY as
CREATED10_141_0_, tenantserv1_.CREATED_DATE as CREATED4_141_0_,
tenantserv1_.MODIFIED_BY as MODIFIE11_141_0_,
tenantserv1_.MODIFIED_DATE as MODIFIED5_141_0_, tenantserv1_.CHANNEL_ID
as CHANNEL12_141_0_, tenantserv1_.COUNTRY_ID as COUNTRY13_141_0_,
tenantserv1_.EXCEPTION_FLAG as EXCEPTIO6_141_0_,
tenantserv1_.SERVICE_APPLICATION_ID as SERVICE14_141_0_,
tenantserv1_.SERVICE_TYPE as SERVICE7_141_0_,
tenantserv1_.TENANT_APPLICATION_ID as TENANT15_141_0_,
tenantserv1_.VIEW_AS_TRANSACTION_CODE_FLAG as VIEW8_141_0_,
channel2_.id as id1_95_1_, channel2_."VERSION" as VERSION2_95_1_,
channel2_.AUTH_BY as AUTH8_95_1_, channel2_.AUTH_DATE as AUTH3_95_1_,
channel2_.CREATED_BY as CREATED9_95_1_, channel2_.CREATED_DATE as
CREATED4_95_1_, channel2_.MODIFIED_BY as MODIFIE10_95_1_,
channel2_.MODIFIED_DATE as MODIFIED5_95_1_, channel2_.CODE as
CODE6_95_1_, channel2_.DESCRIPTION as DESCRIPT7_95_1_, country3_.id as
id1_43_2_, country3_."VERSION" as VERSION2_43_2_, country3_.AUTH_BY as
AUTH10_43_2_, country3_.AUTH_DATE as AUTH3_43_2_, country3_.CREATED_BY
as CREATED11_43_2_, country3_.CREATED_DATE as CREATED4_43_2_,
country3_.MODIFIED_BY as MODIFIE12_43_2_, country3_.MODIFIED_DATE as
MODIFIED5_43_2_, country3_.CODE as CODE6_43_2_, country3_.DESCRIPTION
as DESCRIPT7_43_2_, country3_.ISO_ALPHA_2CODE as ISO8_43_2_,
country3_.ISO_NUMERIC_CODE as ISO9_43_2_, serviceapp4_.id as
id1_133_3_, serviceapp4_."VERSION" as VERSION2_133_3_,
serviceapp4_.AUTH_BY as AUTH6_133_3_, serviceapp4_.AUTH_DATE as
AUTH3_133_3_, serviceapp4_.CREATED_BY as CREATED7_133_3_,
serviceapp4_.CREATED_DATE as CREATED4_133_3_, serviceapp4_.MODIFIED_BY
as MODIFIED8_133_3_, serviceapp4_.MODIFIED_DATE as MODIFIED5_133_3_,
serviceapp4_.APPLICATION_ID as APPLICAT9_133_3_,
serviceapp4_.SERVICE_ID as SERVICE10_133_3_, serviceapp4_.STATUS_ID as
STATUS11_133_3_, lookupvalu5_.id as id1_57_4_, lookupvalu5_."VERSION"
as VERSION2_57_4_, lookupvalu5_.AUTH_BY as AUTH8_57_4_,
lookupvalu5_.AUTH_DATE as AUTH3_57_4_, lookupvalu5_.CREATED_BY as
CREATED9_57_4_, lookupvalu5_.CREATED_DATE as CREATED4_57_4_,
lookupvalu5_.MODIFIED_BY as MODIFIE10_57_4_, lookupvalu5_.MODIFIED_DATE
as MODIFIED5_57_4_, lookupvalu5_.CODE as CODE6_57_4_,
lookupvalu5_.COUNTRY_ID as COUNTRY11_57_4_, lookupvalu5_.DESCRIPTION as
DESCRIPT7_57_4_, lookupvalu5_.LOOKUP_TYPE_ID as LOOKUP12_57_4_,
country6_.id as id1_43_5_, country6_."VERSION" as VERSION2_43_5_,
country6_.AUTH_BY as AUTH10_43_5_, country6_.AUTH_DATE as AUTH3_43_5_,
country6_.CREATED_BY as CREATED11_43_5_, country6_.CREATED_DATE as
CREATED4_43_5_, country6_.MODIFIED_BY as MODIFIE12_43_5_,
country6_.MODIFIED_DATE as MODIFIED5_43_5_, country6_.CODE as
CODE6_43_5_, country6_.DESCRIPTION as DESCRIPT7_43_5_,
country6_.ISO_ALPHA_2CODE as ISO8_43_5_, country6_.ISO_NUMERIC_CODE as
ISO9_43_5_, lookuptype7_.id as id1_56_6_, lookuptype7_."VERSION" as
VERSION2_56_6_, lookuptype7_.AUTH_BY as AUTH8_56_6_,
lookuptype7_.AUTH_DATE as AUTH3_56_6_, lookuptype7_.CREATED_BY as
CREATED9_56_6_, lookuptype7_.CREATED_DATE as CREATED4_56_6_,
lookuptype7_.MODIFIED_BY as MODIFIE10_56_6_, lookuptype7_.MODIFIED_DATE
as MODIFIED5_56_6_,

Plan hash value: 2525374511

------------------------------------------------------------------------------------------------------------------------------------------
| Id  | Operation                                                    | Name                      | Rows  | Bytes | Cost (%CPU)| Time     |
------------------------------------------------------------------------------------------------------------------------------------------

PLAN_TABLE_OUTPUT
------------------------------------------------------------------------------------------------------------------------------------------------------------------------------------------------------------------------------------------------------------------------------------------------------------
|   0 | SELECT STATEMENT                                             |                           |       |       |   424 (100)|          |
|   1 |  HASH JOIN RIGHT OUTER                                       |                           |    54 |   136K|   424   (2)| 00:00:06 |
|   2 |   TABLE ACCESS FULL                                          | FND_LOOKUP_VALUE          |   515 | 23175 |     3   (0)| 00:00:01 |
|   3 |   HASH JOIN RIGHT OUTER                                      |                           |    54 |   134K|   421   (2)| 00:00:06 |
|   4 |    TABLE ACCESS FULL                                         | FND_LOOKUP_VALUE          |   515 | 23175 |     3   (0)| 00:00:01 |
|   5 |    NESTED LOOPS OUTER                                        |                           |    54 |   131K|   418   (2)| 00:00:06 |
|   6 |     HASH JOIN RIGHT OUTER                                    |                           |    54 |   127K|   364   (2)| 00:00:05 |
|   7 |      TABLE ACCESS FULL                                       | FND_LOOKUP_VALUE          |   515 | 23175 |     3   (0)| 00:00:01 |
|   8 |      HASH JOIN RIGHT OUTER                                   |                           |    54 |   124K|   361   (2)| 00:00:05 |
|   9 |       TABLE ACCESS FULL                                      | FND_STATE                 |    38 |  1672 |     3   (0)| 00:00:01 |
|  10 |       NESTED LOOPS OUTER                                     |                           |    54 |   122K|   358   (2)| 00:00:05 |
|  11 |        NESTED LOOPS OUTER                                    |                           |    54 |   117K|   303   (2)| 00:00:04 |
|  12 |         HASH JOIN RIGHT OUTER                                |                           |    54 |   116K|   195   (3)| 00:00:03 |
|  13 |          TABLE ACCESS FULL                                   | FND_TENANT_APPLICATION    |     1 |    28 |     3   (0)| 00:00:01 |
|  14 |          HASH JOIN RIGHT OUTER                               |                           |    54 |   114K|   192   (3)| 00:00:03 |
|  15 |           TABLE ACCESS FULL                                  | FND_TENANT_APPLICATION    |     1 |    28 |     3   (0)| 00:00:01 |
|  16 |           HASH JOIN RIGHT OUTER                              |                           |    54 |   113K|   189   (3)| 00:00:03 |
|  17 |            TABLE ACCESS FULL                                 | FND_COUNTRY               |   240 | 10800 |     3   (0)| 00:00:01 |
|  18 |            HASH JOIN RIGHT OUTER                             |                           |    54 |   110K|   186   (3)| 00:00:03 |
|  19 |             TABLE ACCESS FULL                                | FND_LOOKUP_VALUE          |   515 | 23175 |     3   (0)| 00:00:01 |
|  20 |             HASH JOIN RIGHT OUTER                            |                           |    54 |   108K|   183   (3)| 00:00:03 |
|  21 |              TABLE ACCESS FULL                               | FND_LOOKUP_VALUE          |   515 | 23175 |     3   (0)| 00:00:01 |
|  22 |              HASH JOIN RIGHT OUTER                           |                           |    54 |   106K|   180   (3)| 00:00:03 |
|  23 |               TABLE ACCESS FULL                              | FND_LOOKUP_VALUE          |   515 | 23175 |     3   (0)| 00:00:01 |
|  24 |               HASH JOIN RIGHT OUTER                          |                           |    54 |   103K|   177   (3)| 00:00:03 |
|  25 |                TABLE ACCESS FULL                             | FND_SEGMENT               |     3 |   117 |     3   (0)| 00:00:01 |
|  26 |                HASH JOIN RIGHT OUTER                         |                           |    54 |   101K|   174   (3)| 00:00:03 |
|  27 |                 TABLE ACCESS FULL                            | FND_TENANT_BRANCH         |   851 | 64676 |     5   (0)| 00:00:01 |
|  28 |                 NESTED LOOPS OUTER                           |                           |    54 |    97K|   169   (3)| 00:00:03 |
|  29 |                  NESTED LOOPS OUTER                          |                           |    54 | 77598 |   169   (3)| 00:00:03 |
|  30 |                   NESTED LOOPS OUTER                         |                           |    54 | 75060 |   169   (3)| 00:00:03 |
|  31 |                    NESTED LOOPS OUTER                        |                           |    54 | 72522 |   169   (3)| 00:00:03 |
|  32 |                     HASH JOIN OUTER                          |                           |    54 | 69876 |   169   (3)| 00:00:03 |
|  33 |                      NESTED LOOPS OUTER                      |                           |    54 | 68526 |   143   (3)| 00:00:02 |
|  34 |                       NESTED LOOPS OUTER                     |                           |    54 | 68202 |   142   (2)| 00:00:02 |
|  35 |                        NESTED LOOPS OUTER                    |                           |    54 | 65772 |   142   (2)| 00:00:02 |
|  36 |                         NESTED LOOPS OUTER                   |                           |    54 | 63342 |   142   (2)| 00:00:02 |
|  37 |                          HASH JOIN OUTER                     |                           |    54 | 59724 |    89   (3)| 00:00:02 |
|  38 |                           NESTED LOOPS OUTER                 |                           |    54 | 58374 |    65   (2)| 00:00:01 |
|  39 |                            NESTED LOOPS OUTER                |                           |    54 | 55188 |    41   (3)| 00:00:01 |
|  40 |                             NESTED LOOPS OUTER               |                           |    54 | 52758 |    40   (3)| 00:00:01 |
|  41 |                              NESTED LOOPS OUTER              |                           |    54 | 47790 |    40   (3)| 00:00:01 |
|  42 |                               NESTED LOOPS OUTER             |                           |    54 | 40986 |    40   (3)| 00:00:01 |
|  43 |                                HASH JOIN RIGHT OUTER         |                           |    54 | 36234 |    40   (3)| 00:00:01 |
|  44 |                                 TABLE ACCESS FULL            | FND_TENANT                |     1 |    62 |     3   (0)| 00:00:01 |
|  45 |                                 HASH JOIN OUTER              |                           |    54 | 32886 |    37   (3)| 00:00:01 |
|  46 |                                  HASH JOIN RIGHT OUTER       |                           |    54 | 30456 |    34   (3)| 00:00:01 |
|  47 |                                   TABLE ACCESS FULL          | FND_TENANT_APPLICATION    |     1 |    28 |     3   (0)| 00:00:01 |
|  48 |                                   HASH JOIN RIGHT OUTER      |                           |    54 | 28944 |    31   (4)| 00:00:01 |
|  49 |                                    TABLE ACCESS FULL         | FND_LOOKUP_TYPE           |    59 |  3245 |     3   (0)| 00:00:01 |
|  50 |                                    HASH JOIN OUTER           |                           |    54 | 25974 |    28   (4)| 00:00:01 |
|  51 |                                     HASH JOIN OUTER          |                           |    54 | 21654 |    25   (4)| 00:00:01 |
|  52 |                                      NESTED LOOPS OUTER      |                           |    54 | 17334 |    22   (5)| 00:00:01 |
|  53 |                                       HASH JOIN OUTER        |                           |    54 | 14904 |    21   (5)| 00:00:01 |
|  54 |                                        HASH JOIN OUTER       |                           |    54 | 12474 |    17   (0)| 00:00:01 |
|  55 |                                         HASH JOIN OUTER      |                           |    54 | 10044 |    14   (0)| 00:00:01 |
|  56 |                                          HASH JOIN OUTER     |                           |    54 |  8154 |    11   (0)| 00:00:01 |
|  57 |                                           NESTED LOOPS OUTER |                           |    54 |  5724 |     8   (0)| 00:00:01 |
|  58 |                                            HASH JOIN OUTER   |                           |    54 |  4050 |     6   (0)| 00:00:01 |
|  59 | L                                           TABLE ACCESS FUL | INF_FAP_BASKET_DETAIL     |    54 |  1836 |     3   (0)| 00:00:01 |
|  60 | L                                           TABLE ACCESS FUL | INF_TENANT_SERVICE        |   190 |  7790 |     3   (0)| 00:00:01 |
|  61 | NDEX ROWID                                 TABLE ACCESS BY I | INF_CHANNEL               |     1 |    31 |     1   (0)| 00:00:01 |
|  62 | N                                           INDEX UNIQUE SCA | INF_CHANNEL_PK            |     1 |       |     0   (0)|          |
|  63 |                                           TABLE ACCESS FULL  | FND_COUNTRY               |   240 | 10800 |     3   (0)| 00:00:01 |
|  64 |                                          TABLE ACCESS FULL   | INF_SERVICE_APPLICATION   |   190 |  6650 |     3   (0)| 00:00:01 |
|  65 |                                         TABLE ACCESS FULL    | FND_LOOKUP_VALUE          |   515 | 23175 |     3   (0)| 00:00:01 |
|  66 |                                        TABLE ACCESS FULL     | FND_LOOKUP_VALUE          |   515 | 23175 |     3   (0)| 00:00:01 |
|  67 | ROWID                                 TABLE ACCESS BY INDEX  | FND_COUNTRY               |     1 |    45 |     1   (0)| 00:00:01 |
|  68 |                                        INDEX UNIQUE SCAN     | COUNTRY_PK                |     1 |       |     0   (0)|          |
|  69 |                                      TABLE ACCESS FULL       | INF_SERVICE               |   205 | 16400 |     3   (0)| 00:00:01 |
|  70 |                                     TABLE ACCESS FULL        | INF_SERVICE               |   205 | 16400 |     3   (0)| 00:00:01 |
|  71 |                                  TABLE ACCESS FULL           | FND_LOOKUP_VALUE          |   515 | 23175 |     3   (0)| 00:00:01 |
|  72 |                                TABLE ACCESS BY INDEX ROWID   | FND_CONTACT               |     1 |    88 |     0   (0)|          |
|  73 |                                 INDEX UNIQUE SCAN            | CONTACT_PK                |     1 |       |     0   (0)|          |
|  74 |                               TABLE ACCESS BY INDEX ROWID    | USER_LOGIN_PROFILE        |     1 |   126 |     0   (0)|          |
|  75 |                                INDEX UNIQUE SCAN             | LOGIN_PROFILE_PK          |     1 |       |     0   (0)|          |
|  76 |                              TABLE ACCESS BY INDEX ROWID     | FND_DOCUMENT              |     1 |    92 |     0   (0)|          |
|  77 |                               INDEX UNIQUE SCAN              | DOCUMENT_PK               |     1 |       |     0   (0)|          |
|  78 |                             TABLE ACCESS BY INDEX ROWID      | FND_COUNTRY               |     1 |    45 |     1   (0)| 00:00:01 |
|  79 |                              INDEX UNIQUE SCAN               | COUNTRY_PK                |     1 |       |     0   (0)|          |
|  80 |                            TABLE ACCESS BY INDEX ROWID       | FND_CITY                  |     1 |    59 |     1   (0)| 00:00:01 |
|  81 |                             INDEX UNIQUE SCAN                | CITY_PK                   |     1 |       |     0   (0)|          |
|  82 |                           TABLE ACCESS FULL                  | USER_CONTACT_DETAIL       | 18372 |   448K|    24   (5)| 00:00:01 |
|  83 |                          TABLE ACCESS BY INDEX ROWID         | USER_PROFILE              |     1 |    67 |     1   (0)| 00:00:01 |
|  84 |                           INDEX UNIQUE SCAN                  | PROFILE_PK                |     1 |       |     0   (0)|          |
|  85 |                         TABLE ACCESS BY INDEX ROWID          | FND_LOOKUP_VALUE          |     1 |    45 |     0   (0)|          |
|  86 |                          INDEX UNIQUE SCAN                   | LOOKUP_VALUE_PK           |     1 |       |     0   (0)|          |
|  87 |                        TABLE ACCESS BY INDEX ROWID           | FND_LOOKUP_VALUE          |     1 |    45 |     0   (0)|          |
|  88 |                         INDEX UNIQUE SCAN                    | LOOKUP_VALUE_PK           |     1 |       |     0   (0)|          |
|  89 |                       INDEX UNIQUE SCAN                      | PROFILE_EXTEND_PK         |     1 |     6 |     0   (0)|          |
|  90 |                      TABLE ACCESS FULL                       | USER_LOGIN_PROFILE_EXTEND | 18799 |   458K|    26   (4)| 00:00:01 |
|  91 |                     TABLE ACCESS BY INDEX ROWID              | FND_SPECIAL_CATEGORY      |     1 |    49 |     0   (0)|          |
|  92 |                      INDEX UNIQUE SCAN                       | SPECIAL_CATEGORY_PK       |     1 |       |     0   (0)|          |
|  93 |                    TABLE ACCESS BY INDEX ROWID               | FND_DEPARTMENT            |     1 |    47 |     0   (0)|          |
|  94 |                     INDEX UNIQUE SCAN                        | DEPARTMENT_PK             |     1 |       |     0   (0)|          |
|  95 |                   TABLE ACCESS BY INDEX ROWID                | FND_DEPARTMENT            |     1 |    47 |     0   (0)|          |
|  96 |                    INDEX UNIQUE SCAN                         | DEPARTMENT_PK             |     1 |       |     0   (0)|          |
|  97 |                  TABLE ACCESS BY INDEX ROWID                 | FND_COMPANY               |     1 |   415 |     0   (0)|          |
|  98 |                   INDEX UNIQUE SCAN                          | COMPANY_PK                |     1 |       |     0   (0)|          |
|  99 |         TABLE ACCESS BY INDEX ROWID                          | PAY_PAYEE_BANK_BRANCH     |     1 |    30 |     2   (0)| 00:00:01 |
| 100 |          INDEX UNIQUE SCAN                                   | PAY_PAYEE_BANK_BRANCH_PK  |     1 |       |     1   (0)| 00:00:01 |
| 101 |        TABLE ACCESS BY INDEX ROWID                           | FND_CONTACT               |     1 |    88 |     1   (0)| 00:00:01 |
| 102 |         INDEX UNIQUE SCAN                                    | CONTACT_PK                |     1 |       |     0   (0)|          |
| 103 |     TABLE ACCESS BY INDEX ROWID                              | FND_CONTACT               |     1 |    88 |     1   (0)| 00:00:01 |
| 104 |      INDEX UNIQUE SCAN                                       | CONTACT_PK                |     1 |       |     0   (0)|          |
------------------------------------------------------------------------------------------------------------------------------------------


895 rows selected.

==============================================================



SYS:JFSMIBDB > select plan_table_output from table (dbms_xplan.display_awr('agxvffns8fzrn'));

PLAN_TABLE_OUTPUT
------------------------------------------------------------------------------------------------------------------------------------------------------------------------------------------------------------------------------------------------------------------------------------------------------------
SQL_ID agxvffns8fzrn
--------------------
/* load com.vayana.bm.core.api.model.user.UserProfile */ select
userprofil0_.id as id1_225_14_, userprofil0_."VERSION" as
VERSION2_225_14_, userprofil0_.AUTH_BY as AUTH11_225_14_,
userprofil0_.AUTH_DATE as AUTH3_225_14_, userprofil0_.CREATED_BY as
CREATED12_225_14_, userprofil0_.CREATED_DATE as CREATED4_225_14_,
userprofil0_.MODIFIED_BY as MODIFIE13_225_14_,
userprofil0_.MODIFIED_DATE as MODIFIED5_225_14_,
userprofil0_.DATE_OF_BIRTH as DATE6_225_14_, userprofil0_.FIRST_NAME as
FIRST7_225_14_, userprofil0_.GENDER_ID as GENDER14_225_14_,
userprofil0_.LAST_NAME as LAST8_225_14_, userprofil0_.LOCALE_ID as
LOCALE15_225_14_, userprofil0_.MARITAL_STATUS_ID as MARITAL16_225_14_,
userprofil0_.MIDDLE_NAME as MIDDLE9_225_14_,
userprofil0_.NATIONALITY_ID as NATIONA17_225_14_,
userprofil0_.USER_TYPE_FLG as USER10_225_14_, userprofil0_.STATUS_ID as
STATUS18_225_14_, userprofil0_.TENANT_APPLICATION_ID as
TENANT19_225_14_, userprofil0_.TITLE_ID as TITLE20_225_14_, case when
userprofil0_1_.id is not null then 1 when userprofil0_.id is not null
then 0 end as clazz_14_, lookupvalu1_.id as id1_57_0_,
lookupvalu1_."VERSION" as VERSION2_57_0_, lookupvalu1_.AUTH_BY as
AUTH8_57_0_, lookupvalu1_.AUTH_DATE as AUTH3_57_0_,
lookupvalu1_.CREATED_BY as CREATED9_57_0_, lookupvalu1_.CREATED_DATE as
CREATED4_57_0_, lookupvalu1_.MODIFIED_BY as MODIFIE10_57_0_,
lookupvalu1_.MODIFIED_DATE as MODIFIED5_57_0_, lookupvalu1_.CODE as
CODE6_57_0_, lookupvalu1_.COUNTRY_ID as COUNTRY11_57_0_,
lookupvalu1_.DESCRIPTION as DESCRIPT7_57_0_,
lookupvalu1_.LOOKUP_TYPE_ID as LOOKUP12_57_0_, country2_.id as
id1_43_1_, country2_."VERSION" as VERSION2_43_1_, country2_.AUTH_BY as
AUTH10_43_1_, country2_.AUTH_DATE as AUTH3_43_1_, country2_.CREATED_BY
as CREATED11_43_1_, country2_.CREATED_DATE as CREATED4_43_1_,
country2_.MODIFIED_BY as MODIFIE12_43_1_, country2_.MODIFIED_DATE as
MODIFIED5_43_1_, country2_.CODE as CODE6_43_1_, country2_.DESCRIPTION
as DESCRIPT7_43_1_, country2_.ISO_ALPHA_2CODE as ISO8_43_1_,
country2_.ISO_NUMERIC_CODE as ISO9_43_1_, lookuptype3_.id as id1_56_2_,
lookuptype3_."VERSION" as VERSION2_56_2_, lookuptype3_.AUTH_BY as
AUTH8_56_2_, lookuptype3_.AUTH_DATE as AUTH3_56_2_,
lookuptype3_.CREATED_BY as CREATED9_56_2_, lookuptype3_.CREATED_DATE as
CREATED4_56_2_, lookuptype3_.MODIFIED_BY as MODIFIE10_56_2_,
lookuptype3_.MODIFIED_DATE as MODIFIED5_56_2_, lookuptype3_.CODE as
CODE6_56_2_, lookuptype3_.DESCRIPTION as DESCRIPT7_56_2_,
lookupvalu4_.id as id1_57_3_, lookupvalu4_."VERSION" as VERSION2_57_3_,
lookupvalu4_.AUTH_BY as AUTH8_57_3_, lookupvalu4_.AUTH_DATE as
AUTH3_57_3_, lookupvalu4_.CREATED_BY as CREATED9_57_3_,
lookupvalu4_.CREATED_DATE as CREATED4_57_3_, lookupvalu4_.MODIFIED_BY
as MODIFIE10_57_3_, lookupvalu4_.MODIFIED_DATE as MODIFIED5_57_3_,
lookupvalu4_.CODE as CODE6_57_3_, lookupvalu4_.COUNTRY_ID as
COUNTRY11_57_3_, lookupvalu4_.DESCRIPTION as DESCRIPT7_57_3_,
lookupvalu4_.LOOKUP_TYPE_ID as LOOKUP12_57_3_, lookupvalu5_.id as
id1_57_4_, lookupvalu5_."VERSION" as VERSION2_57_4_,
lookupvalu5_.AUTH_BY as AUTH8_57_4_, lookupvalu5_.AUTH_DATE as
AUTH3_57_4_, lookupvalu5_.CREATED_BY as CREATED9_57_4_,
lookupvalu5_.CREATED_DATE as CREATED4_57_4_, lookupvalu5_.MODIFIED_BY
as MODIFIE10_57_4_, lookupvalu5_.MODIFIED_DATE as MODIFIED5_57_4_,
lookupvalu5_.CODE as CODE6_57_4_, lookupvalu5_.COUNTRY_ID as
COUNTRY11_57_4_, lookupvalu5_.DESCRIPTION as DESCRIPT7_57_4_,
lookupvalu5_.LOOKUP_TYPE_ID as LOOKUP12_57_4_, lookupvalu6_.id as
id1_57_5_, lookupvalu6_."VERSION" as VERSION2_57_5_,
lookupvalu6_.AUTH_BY as AUTH8_57_5_, lookupvalu6_.AUTH_DATE as
AUTH3_57_5_, lookupvalu6_.CREATED_BY as CREATED9_57_5_,
lookupvalu6_.CREATED_DATE as CREATED4_57_5_, lookupvalu6_.MODIFIED_BY
as MODIFIE10_57_5_, lookupvalu6_.MODIFIED_DATE as MODIFIED5_57_5_,
lookupvalu6_.CODE as CODE6_57_5_, lookupvalu6_.COUNTRY_ID as
COUNTRY11_57_5_, lookupvalu6_.DESCRIPTION as DESCRIPT7_57_5_,
lookupvalu6_.LOOKUP_TYPE_ID as LOOKUP12_57_5_, cifmap7_.PROFILE_ID as
PROFILE6_225_16_, cifmap7_.id as id1_205_16_, ci

Plan hash value: 1722906033

-----------------------------------------------------------------------------------------------------------------
| Id  | Operation                                   | Name              | Rows  | Bytes | Cost (%CPU)| Time     |
-----------------------------------------------------------------------------------------------------------------
|   0 | SELECT STATEMENT                            |                   |       |       |    67 (100)|          |
|   1 |  NESTED LOOPS OUTER                         |                   |     2 |  1556 |    67   (3)| 00:00:01 |
|   2 |   NESTED LOOPS OUTER                        |                   |     2 |  1466 |    65   (4)| 00:00:01 |
|   3 |    NESTED LOOPS OUTER                       |                   |     2 |  1376 |    63   (4)| 00:00:01 |
|   4 |     NESTED LOOPS OUTER                      |                   |     2 |  1266 |    61   (4)| 00:00:01 |
|   5 |      NESTED LOOPS OUTER                     |                   |     2 |  1178 |    59   (4)| 00:00:01 |
|   6 |       NESTED LOOPS OUTER                    |                   |     2 |  1012 |    57   (4)| 00:00:01 |
|   7 |        HASH JOIN OUTER                      |                   |     2 |   906 |    55   (4)| 00:00:01 |
|   8 |         NESTED LOOPS OUTER                  |                   |     1 |   441 |    31   (4)| 00:00:01 |
|   9 |          NESTED LOOPS OUTER                 |                   |     1 |   378 |    30   (4)| 00:00:01 |
|  10 |           NESTED LOOPS OUTER                |                   |     1 |   353 |     6   (0)| 00:00:01 |
|  11 |            NESTED LOOPS OUTER               |                   |     1 |   308 |     5   (0)| 00:00:01 |
|  12 |             NESTED LOOPS OUTER              |                   |     1 |   253 |     4   (0)| 00:00:01 |
|  13 |              NESTED LOOPS OUTER             |                   |     1 |   247 |     4   (0)| 00:00:01 |
|  14 |               NESTED LOOPS OUTER            |                   |     1 |   202 |     3   (0)| 00:00:01 |
|  15 |                NESTED LOOPS OUTER           |                   |     1 |   157 |     3   (0)| 00:00:01 |
|  16 |                 NESTED LOOPS                |                   |     1 |   112 |     3   (0)| 00:00:01 |
|  17 |                  TABLE ACCESS BY INDEX ROWID| USER_PROFILE      |     1 |    67 |     2   (0)| 00:00:01 |
|  18 |                   INDEX UNIQUE SCAN         | PROFILE_PK        |     1 |       |     1   (0)| 00:00:01 |
|  19 |                  TABLE ACCESS BY INDEX ROWID| FND_LOOKUP_VALUE  |     1 |    45 |     1   (0)| 00:00:01 |
|  20 |                   INDEX UNIQUE SCAN         | LOOKUP_VALUE_PK   |     1 |       |     0   (0)|          |
|  21 |                 TABLE ACCESS BY INDEX ROWID | FND_LOOKUP_VALUE  |     1 |    45 |     0   (0)|          |
|  22 |                  INDEX UNIQUE SCAN          | LOOKUP_VALUE_PK   |     1 |       |     0   (0)|          |
|  23 |                TABLE ACCESS BY INDEX ROWID  | FND_LOOKUP_VALUE  |     1 |    45 |     0   (0)|          |
|  24 |                 INDEX UNIQUE SCAN           | LOOKUP_VALUE_PK   |     1 |       |     0   (0)|          |
|  25 |               TABLE ACCESS BY INDEX ROWID   | FND_LOOKUP_VALUE  |     1 |    45 |     1   (0)| 00:00:01 |
|  26 |                INDEX UNIQUE SCAN            | LOOKUP_VALUE_PK   |     1 |       |     0   (0)|          |
|  27 |              INDEX UNIQUE SCAN              | PROFILE_EXTEND_PK |     1 |     6 |     0   (0)|          |
|  28 |             TABLE ACCESS BY INDEX ROWID     | FND_LOOKUP_TYPE   |     1 |    55 |     1   (0)| 00:00:01 |
|  29 |              INDEX UNIQUE SCAN              | LOOKUP_TYPE_PK    |     1 |       |     0   (0)|          |
|  30 |            TABLE ACCESS BY INDEX ROWID      | FND_COUNTRY       |     1 |    45 |     1   (0)| 00:00:01 |
|  31 |             INDEX UNIQUE SCAN               | COUNTRY_PK        |     1 |       |     0   (0)|          |
|  32 |           TABLE ACCESS FULL                 | USER_CIF          |     1 |    25 |    24   (5)| 00:00:01 |
|  33 |          TABLE ACCESS BY INDEX ROWID        | FND_CIF           |     1 |    63 |     1   (0)| 00:00:01 |
|  34 |           INDEX UNIQUE SCAN                 | CIF_PK            |     1 |       |     0   (0)|          |
|  35 |         TABLE ACCESS FULL                   | FND_CIF_ACCOUNT   | 33093 |   387K|    24   (5)| 00:00:01 |
|  36 |        TABLE ACCESS BY INDEX ROWID          | ACCT_ACCOUNT      |     1 |    53 |     1   (0)| 00:00:01 |
|  37 |         INDEX UNIQUE SCAN                   | ACCOUNT_PK        |     1 |       |     0   (0)|          |
|  38 |       TABLE ACCESS BY INDEX ROWID           | ACCT_PRODUCT      |     1 |    83 |     1   (0)| 00:00:01 |
|  39 |        INDEX UNIQUE SCAN                    | PRODUCT_PK        |     1 |       |     0   (0)|          |
|  40 |      TABLE ACCESS BY INDEX ROWID            | ACCT_PRODUCT_TYPE |     1 |    44 |     1   (0)| 00:00:01 |
|  41 |       INDEX UNIQUE SCAN                     | PRODUCT_TYPE_PK   |     1 |       |     0   (0)|          |
|  42 |     TABLE ACCESS BY INDEX ROWID             | FND_CURRENCY      |     1 |    55 |     1   (0)| 00:00:01 |
|  43 |      INDEX UNIQUE SCAN                      | CURRENCY_PK       |     1 |       |     0   (0)|          |
|  44 |    TABLE ACCESS BY INDEX ROWID              | FND_LOOKUP_VALUE  |     1 |    45 |     1   (0)| 00:00:01 |
|  45 |     INDEX UNIQUE SCAN                       | LOOKUP_VALUE_PK   |     1 |       |     0   (0)|          |
|  46 |   TABLE ACCESS BY INDEX ROWID               | FND_LOOKUP_VALUE  |     1 |    45 |     1   (0)| 00:00:01 |
|  47 |    INDEX UNIQUE SCAN                        | LOOKUP_VALUE_PK   |     1 |       |     0   (0)|          |
-----------------------------------------------------------------------------------------------------------------


122 rows selected.
==========================================================================================================



SYS:JFSMIBDB > select plan_table_output from table (dbms_xplan.display_awr('d8589ny9dwt5p'));

PLAN_TABLE_OUTPUT
------------------------------------------------------------------------------------------------------------------------------------------------------------------------------------------------------------------------------------------------------------------------------------------------------------
SQL_ID d8589ny9dwt5p
--------------------
/* load com.vayana.bm.core.api.model.common.TenantApplication */ select
tenantappl0_.id as id1_77_43_, tenantappl0_."VERSION" as
VERSION2_77_43_, tenantappl0_.AUTH_BY as AUTH6_77_43_,
tenantappl0_.AUTH_DATE as AUTH3_77_43_, tenantappl0_.CREATED_BY as
CREATED7_77_43_, tenantappl0_.CREATED_DATE as CREATED4_77_43_,
tenantappl0_.MODIFIED_BY as MODIFIED8_77_43_,
tenantappl0_.MODIFIED_DATE as MODIFIED5_77_43_,
tenantappl0_.APPLICATION_ID as APPLICAT9_77_43_, tenantappl0_.TENANT_ID
as TENANT10_77_43_, lookupvalu1_.id as id1_57_0_,
lookupvalu1_."VERSION" as VERSION2_57_0_, lookupvalu1_.AUTH_BY as
AUTH8_57_0_, lookupvalu1_.AUTH_DATE as AUTH3_57_0_,
lookupvalu1_.CREATED_BY as CREATED9_57_0_, lookupvalu1_.CREATED_DATE as
CREATED4_57_0_, lookupvalu1_.MODIFIED_BY as MODIFIE10_57_0_,
lookupvalu1_.MODIFIED_DATE as MODIFIED5_57_0_, lookupvalu1_.CODE as
CODE6_57_0_, lookupvalu1_.COUNTRY_ID as COUNTRY11_57_0_,
lookupvalu1_.DESCRIPTION as DESCRIPT7_57_0_,
lookupvalu1_.LOOKUP_TYPE_ID as LOOKUP12_57_0_, country2_.id as
id1_43_1_, country2_."VERSION" as VERSION2_43_1_, country2_.AUTH_BY as
AUTH10_43_1_, country2_.AUTH_DATE as AUTH3_43_1_, country2_.CREATED_BY
as CREATED11_43_1_, country2_.CREATED_DATE as CREATED4_43_1_,
country2_.MODIFIED_BY as MODIFIE12_43_1_, country2_.MODIFIED_DATE as
MODIFIED5_43_1_, country2_.CODE as CODE6_43_1_, country2_.DESCRIPTION
as DESCRIPT7_43_1_, country2_.ISO_ALPHA_2CODE as ISO8_43_1_,
country2_.ISO_NUMERIC_CODE as ISO9_43_1_, lookuptype3_.id as id1_56_2_,
lookuptype3_."VERSION" as VERSION2_56_2_, lookuptype3_.AUTH_BY as
AUTH8_56_2_, lookuptype3_.AUTH_DATE as AUTH3_56_2_,
lookuptype3_.CREATED_BY as CREATED9_56_2_, lookuptype3_.CREATED_DATE as
CREATED4_56_2_, lookuptype3_.MODIFIED_BY as MODIFIE10_56_2_,
lookuptype3_.MODIFIED_DATE as MODIFIED5_56_2_, lookuptype3_.CODE as
CODE6_56_2_, lookuptype3_.DESCRIPTION as DESCRIPT7_56_2_, tenant4_.id
as id1_76_3_, tenant4_."VERSION" as VERSION2_76_3_, tenant4_.AUTH_BY as
AUTH9_76_3_, tenant4_.AUTH_DATE as AUTH3_76_3_, tenant4_.CREATED_BY as
CREATED10_76_3_, tenant4_.CREATED_DATE as CREATED4_76_3_,
tenant4_.MODIFIED_BY as MODIFIE11_76_3_, tenant4_.MODIFIED_DATE as
MODIFIED5_76_3_, tenant4_.CODE as CODE6_76_3_, tenant4_.CONTACT_ID as
CONTACT12_76_3_, tenant4_.COUNTRY_ID as COUNTRY13_76_3_,
tenant4_.DESCRIPTION as DESCRIPT7_76_3_, tenant4_.PARENT_TENANT_ID as
PARENT14_76_3_, tenant4_.TENANT_TYPE as TENANT8_76_3_, contact5_.id as
id1_42_4_, contact5_."VERSION" as VERSION2_42_4_, contact5_.AUTH_BY as
AUTH38_42_4_, contact5_.AUTH_DATE as AUTH3_42_4_, contact5_.CREATED_BY
as CREATED39_42_4_, contact5_.CREATED_DATE as CREATED4_42_4_,
contact5_.MODIFIED_BY as MODIFIE40_42_4_, contact5_.MODIFIED_DATE as
MODIFIED5_42_4_, contact5_.PAN as PAN6_42_4_, contact5_.
PASSPORT_NUMBER as column7_42_4_, contact5_.BUILDING_NUMBER as
BUILDING8_42_4_, contact5_.CITY_ID as CITY41_42_4_,
contact5_.CONTACT_PERSON as CONTACT9_42_4_, contact5_.COUNTRY_ID as
COUNTRY42_42_4_, contact5_.CUSTOMER_OCCUPATION as CUSTOME10_42_4_,
contact5_.DOCUMENT_ID as DOCUMEN43_42_4_, contact5_.MANAGER_CODE as
MANAGER11_42_4_, contact5_.MANAGER_ID as MANAGER44_42_4_, contact5_.
NOTIFICATION_TYPE  as column12_42_4_, contact5_.PASSORT_EXPIRY_DATE  as
PASSORT13_42_4_, contact5_. PASSPORT_ISSUE_DATE  as column14_42_4_,
contact5_.PINCODE as PINCODE15_42_4_, contact5_.PRIMARY_EMAIL_ADDRESS
as PRIMARY16_42_4_, contact5_.PRIMARY_FACEBOOK_LOGIN as
PRIMARY17_42_4_, contact5_.PRIMARY_FAX_NUMBER as PRIMARY18_42_4_,
contact5_.PRIMARY_GOOGLEPLUS_LOGIN as PRIMARY19_42_4_,
contact5_.PRIMARY_LINKEDIN_LOGIN as PRIMARY20_42_4_,
contact5_.PRIMARY_MOBILE_NUMBER as PRIMARY21_42_4_,
contact5_.PRIMARY_PHONE_NUMBER as PRIMARY22_42_4_,
contact5_.PRIMARY_TWITTER_LOGIN as PRIMARY23_42_4_, contact5_.REMARK as
REMARK24_42_4_, contact5_.SECONDARY_EMAIL_ADDRESS as SECONDA25_42_4_,
contact5_.SECONDARY_FACEBOOK_LOGIN as SECONDA26_42_4_,
contact5_.SECONDARY_FAX_NUMBER as SECONDA27_42_4_,
contact5_.SECONDARY_GOOGLEPLUS_LOGIN as SECONDA28_42_4_,
contact5_.SECONDARY_

Plan hash value: 188148765

----------------------------------------------------------------------------------------------------------------------------------------------
| Id  | Operation                                                    | Name                          | Rows  | Bytes | Cost (%CPU)| Time     |
----------------------------------------------------------------------------------------------------------------------------------------------
|   0 | SELECT STATEMENT                                             |                               |       |       |    96 (100)|          |
|   1 |  NESTED LOOPS OUTER                                          |                               |     2 |  9520 |    96   (3)| 00:00:02 |
|   2 |   NESTED LOOPS OUTER                                         |                               |     2 |  9430 |    94   (3)| 00:00:02 |
|   3 |    NESTED LOOPS OUTER                                        |                               |     2 |  9340 |    92   (3)| 00:00:02 |
|   4 |     NESTED LOOPS OUTER                                       |                               |     2 |  9230 |    90   (3)| 00:00:02 |
|   5 |      NESTED LOOPS OUTER                                      |                               |     2 |  9142 |    88   (3)| 00:00:02 |
|   6 |       NESTED LOOPS OUTER                                     |                               |     2 |  8976 |    86   (3)| 00:00:02 |
|   7 |        HASH JOIN OUTER                                       |                               |     2 |  8870 |    84   (3)| 00:00:02 |
|   8 |         NESTED LOOPS OUTER                                   |                               |     1 |  4423 |    60   (2)| 00:00:01 |
|   9 |          HASH JOIN OUTER                                     |                               |     1 |  4360 |    59   (2)| 00:00:01 |
|  10 |           NESTED LOOPS OUTER                                 |                               |     1 |  4335 |    35   (0)| 00:00:01 |
|  11 |            HASH JOIN OUTER                                   |                               |     1 |  4290 |    34   (0)| 00:00:01 |
|  12 |             HASH JOIN OUTER                                  |                               |     1 |  4260 |    31   (0)| 00:00:01 |
|  13 |              NESTED LOOPS OUTER                              |                               |     1 |  4232 |    28   (0)| 00:00:01 |
|  14 |               NESTED LOOPS OUTER                             |                               |     1 |  2152 |    26   (0)| 00:00:01 |
|  15 |                NESTED LOOPS OUTER                            |                               |     1 |  2107 |    25   (0)| 00:00:01 |
|  16 |                 NESTED LOOPS OUTER                           |                               |     1 |  2063 |    24   (0)| 00:00:01 |
|  17 |                  NESTED LOOPS OUTER                          |                               |     1 |  1648 |    24   (0)| 00:00:01 |
|  18 |                   NESTED LOOPS OUTER                         |                               |     1 |  1601 |    24   (0)| 00:00:01 |
|  19 |                    NESTED LOOPS OUTER                        |                               |     1 |  1556 |    23   (0)| 00:00:01 |
|  20 |                     NESTED LOOPS OUTER                       |                               |     1 |  1528 |    22   (0)| 00:00:01 |
|  21 |                      NESTED LOOPS OUTER                      |                               |     1 |  1498 |    20   (0)| 00:00:01 |
|  22 |                       NESTED LOOPS OUTER                     |                               |     1 |  1410 |    19   (0)| 00:00:01 |
|  23 |                        NESTED LOOPS OUTER                    |                               |     1 |  1322 |    18   (0)| 00:00:01 |
|  24 |                         NESTED LOOPS OUTER                   |                               |     1 |  1316 |    18   (0)| 00:00:01 |
|  25 |                          NESTED LOOPS OUTER                  |                               |     1 |  1271 |    17   (0)| 00:00:01 |
|  26 |                           NESTED LOOPS OUTER                 |                               |     1 |  1226 |    17   (0)| 00:00:01 |
|  27 |                            NESTED LOOPS OUTER                |                               |     1 |  1181 |    17   (0)| 00:00:01 |
|  28 |                             NESTED LOOPS OUTER               |                               |     1 |  1136 |    16   (0)| 00:00:01 |
|  29 |                              NESTED LOOPS OUTER              |                               |     1 |  1089 |    16   (0)| 00:00:01 |
|  30 |                               NESTED LOOPS OUTER             |                               |     1 |  1050 |    15   (0)| 00:00:01 |
|  31 |                                NESTED LOOPS OUTER            |                               |     1 |  1001 |    15   (0)| 00:00:01 |
|  32 |                                 NESTED LOOPS OUTER           |                               |     1 |   925 |    14   (0)| 00:00:01 |
|  33 |                                  NESTED LOOPS OUTER          |                               |     1 |   880 |    13   (0)| 00:00:01 |
|  34 |                                   NESTED LOOPS OUTER         |                               |     1 |   855 |    12   (0)| 00:00:01 |
|  35 |                                    NESTED LOOPS OUTER        |                               |     1 |   810 |    11   (0)| 00:00:01 |
|  36 |                                     NESTED LOOPS OUTER       |                               |     1 |   782 |    10   (0)| 00:00:01 |
|  37 |                                      NESTED LOOPS OUTER      |                               |     1 |   757 |     9   (0)| 00:00:01 |
|  38 |                                       NESTED LOOPS OUTER     |                               |     1 |   690 |     8   (0)| 00:00:01 |
|  39 |                                        NESTED LOOPS OUTER    |                               |     1 |   631 |     7   (0)| 00:00:01 |
|  40 |                                         NESTED LOOPS OUTER   |                               |     1 |   586 |     6   (0)| 00:00:01 |
|  41 |                                          NESTED LOOPS OUTER  |                               |     1 |   494 |     6   (0)| 00:00:01 |
|  42 |                                           NESTED LOOPS OUTER |                               |     1 |   368 |     6   (0)| 00:00:01 |
|  43 | R                                          NESTED LOOPS OUTE |                               |     1 |   323 |     5   (0)| 00:00:01 |
|  44 | ER                                          NESTED LOOPS OUT |                               |     1 |   268 |     4   (0)| 00:00:01 |
|  45 | TER                                          NESTED LOOPS OU |                               |     1 |   180 |     4   (0)| 00:00:01 |
|  46 | UTER                                          NESTED LOOPS O |                               |     1 |   135 |     3   (0)| 00:00:01 |
|  47 |                                                NESTED LOOPS  |                               |     1 |    90 |     2   (0)| 00:00:01 |
|  48 |  BY INDEX ROWID                                 TABLE ACCESS | FND_TENANT_APPLICATION        |     1 |    28 |     1   (0)| 00:00:01 |
|  49 | E SCAN                                           INDEX UNIQU | TENANT_APPLICATION_PK         |     1 |       |     0   (0)|          |
|  50 |  BY INDEX ROWID                                 TABLE ACCESS | FND_TENANT                    |     1 |    62 |     1   (0)| 00:00:01 |
|  51 | E SCAN                                           INDEX UNIQU | TENANT_PK                     |     1 |       |     0   (0)|          |
|  52 | BY INDEX ROWID                                 TABLE ACCESS  | FND_LOOKUP_VALUE              |     1 |    45 |     1   (0)| 00:00:01 |
|  53 |  SCAN                                           INDEX UNIQUE | LOOKUP_VALUE_PK               |     1 |       |     0   (0)|          |
|  54 | Y INDEX ROWID                                 TABLE ACCESS B | FND_COUNTRY                   |     1 |    45 |     1   (0)| 00:00:01 |
|  55 | SCAN                                           INDEX UNIQUE  | COUNTRY_PK                    |     1 |       |     0   (0)|          |
|  56 |  INDEX ROWID                                 TABLE ACCESS BY | FND_CONTACT                   |     1 |    88 |     0   (0)|          |
|  57 | CAN                                           INDEX UNIQUE S | CONTACT_PK                    |     1 |       |     0   (0)|          |
|  58 | INDEX ROWID                                 TABLE ACCESS BY  | FND_LOOKUP_TYPE               |     1 |    55 |     1   (0)| 00:00:01 |
|  59 | AN                                           INDEX UNIQUE SC | LOOKUP_TYPE_PK                |     1 |       |     0   (0)|          |
|  60 | NDEX ROWID                                 TABLE ACCESS BY I | FND_COUNTRY                   |     1 |    45 |     1   (0)| 00:00:01 |
|  61 | N                                           INDEX UNIQUE SCA | COUNTRY_PK                    |     1 |       |     0   (0)|          |
|  62 | DEX ROWID                                 TABLE ACCESS BY IN | USER_LOGIN_PROFILE            |     1 |   126 |     0   (0)|          |
|  63 |                                            INDEX UNIQUE SCAN | LOGIN_PROFILE_PK              |     1 |       |     0   (0)|          |
|  64 | EX ROWID                                 TABLE ACCESS BY IND | FND_DOCUMENT                  |     1 |    92 |     0   (0)|          |
|  65 |                                           INDEX UNIQUE SCAN  | DOCUMENT_PK                   |     1 |       |     0   (0)|          |
|  66 | X ROWID                                 TABLE ACCESS BY INDE | FND_COUNTRY                   |     1 |    45 |     1   (0)| 00:00:01 |
|  67 |                                          INDEX UNIQUE SCAN   | COUNTRY_PK                    |     1 |       |     0   (0)|          |
|  68 |  ROWID                                 TABLE ACCESS BY INDEX | FND_CITY                      |     1 |    59 |     1   (0)| 00:00:01 |
|  69 |                                         INDEX UNIQUE SCAN    | CITY_PK                       |     1 |       |     0   (0)|          |
|  70 | ROWID                                 TABLE ACCESS BY INDEX  | USER_PROFILE                  |     1 |    67 |     1   (0)| 00:00:01 |
|  71 |                                        INDEX UNIQUE SCAN     | PROFILE_PK                    |     1 |       |     0   (0)|          |
|  72 | OWID                                 TABLE ACCESS BY INDEX R | USER_CONTACT_DETAIL           |     1 |    25 |     1   (0)| 00:00:01 |
|  73 |                                       INDEX UNIQUE SCAN      | CONTACT_DETAIL_PK             |     1 |       |     0   (0)|          |
|  74 | WID                                 TABLE ACCESS BY INDEX RO | FND_TENANT_APPLICATION        |     1 |    28 |     1   (0)| 00:00:01 |
|  75 |                                      INDEX UNIQUE SCAN       | TENANT_APPLICATION_PK         |     1 |       |     0   (0)|          |
|  76 | ID                                 TABLE ACCESS BY INDEX ROW | FND_LOOKUP_VALUE              |     1 |    45 |     1   (0)| 00:00:01 |
|  77 |                                     INDEX UNIQUE SCAN        | LOOKUP_VALUE_PK               |     1 |       |     0   (0)|          |
|  78 | D                                 TABLE ACCESS BY INDEX ROWI | USER_LOGIN_PROFILE_EXTEND     |     1 |    25 |     1   (0)| 00:00:01 |
|  79 |                                    INDEX UNIQUE SCAN         | LOGIN_PROFILE_EXTEND_PK       |     1 |       |     0   (0)|          |
|  80 |                                  TABLE ACCESS BY INDEX ROWID | FND_LOOKUP_VALUE              |     1 |    45 |     1   (0)| 00:00:01 |
|  81 |                                   INDEX UNIQUE SCAN          | LOOKUP_VALUE_PK               |     1 |       |     0   (0)|          |
|  82 |                                 TABLE ACCESS BY INDEX ROWID  | FND_TENANT_BRANCH             |     1 |    76 |     1   (0)| 00:00:01 |
|  83 |                                  INDEX UNIQUE SCAN           | TENANT_BRANCH_PK              |     1 |       |     0   (0)|          |
|  84 |                                TABLE ACCESS BY INDEX ROWID   | FND_SPECIAL_CATEGORY          |     1 |    49 |     0   (0)|          |
|  85 |                                 INDEX UNIQUE SCAN            | SPECIAL_CATEGORY_PK           |     1 |       |     0   (0)|          |
|  86 |                               TABLE ACCESS BY INDEX ROWID    | FND_SEGMENT                   |     1 |    39 |     1   (0)| 00:00:01 |
|  87 |                                INDEX UNIQUE SCAN             | SEGMENT_PK                    |     1 |       |     0   (0)|          |
|  88 |                              TABLE ACCESS BY INDEX ROWID     | FND_DEPARTMENT                |     1 |    47 |     0   (0)|          |
|  89 |                               INDEX UNIQUE SCAN              | DEPARTMENT_PK                 |     1 |       |     0   (0)|          |
|  90 |                             TABLE ACCESS BY INDEX ROWID      | FND_LOOKUP_VALUE              |     1 |    45 |     1   (0)| 00:00:01 |
|  91 |                              INDEX UNIQUE SCAN               | LOOKUP_VALUE_PK               |     1 |       |     0   (0)|          |
|  92 |                            TABLE ACCESS BY INDEX ROWID       | FND_LOOKUP_VALUE              |     1 |    45 |     0   (0)|          |
|  93 |                             INDEX UNIQUE SCAN                | LOOKUP_VALUE_PK               |     1 |       |     0   (0)|          |
|  94 |                           TABLE ACCESS BY INDEX ROWID        | FND_LOOKUP_VALUE              |     1 |    45 |     0   (0)|          |
|  95 |                            INDEX UNIQUE SCAN                 | LOOKUP_VALUE_PK               |     1 |       |     0   (0)|          |
|  96 |                          TABLE ACCESS BY INDEX ROWID         | FND_LOOKUP_VALUE              |     1 |    45 |     1   (0)| 00:00:01 |
|  97 |                           INDEX UNIQUE SCAN                  | LOOKUP_VALUE_PK               |     1 |       |     0   (0)|          |
|  98 |                         INDEX UNIQUE SCAN                    | PROFILE_EXTEND_PK             |     1 |     6 |     0   (0)|          |
|  99 |                        TABLE ACCESS BY INDEX ROWID           | FND_CONTACT                   |     1 |    88 |     1   (0)| 00:00:01 |
| 100 |                         INDEX UNIQUE SCAN                    | CONTACT_PK                    |     1 |       |     0   (0)|          |
| 101 |                       TABLE ACCESS BY INDEX ROWID            | FND_CONTACT                   |     1 |    88 |     1   (0)| 00:00:01 |
| 102 |                        INDEX UNIQUE SCAN                     | CONTACT_PK                    |     1 |       |     0   (0)|          |
| 103 |                      TABLE ACCESS BY INDEX ROWID             | PAY_PAYEE_BANK_BRANCH         |     1 |    30 |     2   (0)| 00:00:01 |
| 104 |                       INDEX UNIQUE SCAN                      | PAY_PAYEE_BANK_BRANCH_PK      |     1 |       |     1   (0)| 00:00:01 |
| 105 |                     TABLE ACCESS BY INDEX ROWID              | FND_TENANT_APPLICATION        |     1 |    28 |     1   (0)| 00:00:01 |
| 106 |                      INDEX UNIQUE SCAN                       | TENANT_APPLICATION_PK         |     1 |       |     0   (0)|          |
| 107 |                    TABLE ACCESS BY INDEX ROWID               | FND_LOOKUP_VALUE              |     1 |    45 |     1   (0)| 00:00:01 |
| 108 |                     INDEX UNIQUE SCAN                        | LOOKUP_VALUE_PK               |     1 |       |     0   (0)|          |
| 109 |                   TABLE ACCESS BY INDEX ROWID                | FND_DEPARTMENT                |     1 |    47 |     0   (0)|          |
| 110 |                    INDEX UNIQUE SCAN                         | DEPARTMENT_PK                 |     1 |       |     0   (0)|          |
| 111 |                  TABLE ACCESS BY INDEX ROWID                 | FND_COMPANY                   |     1 |   415 |     0   (0)|          |
| 112 |                   INDEX UNIQUE SCAN                          | COMPANY_PK                    |     1 |       |     0   (0)|          |
| 113 |                 TABLE ACCESS BY INDEX ROWID                  | FND_STATE                     |     1 |    44 |     1   (0)| 00:00:01 |
| 114 |                  INDEX UNIQUE SCAN                           | STATE_PK                      |     1 |       |     0   (0)|          |
| 115 |                TABLE ACCESS BY INDEX ROWID                   | FND_LOOKUP_VALUE              |     1 |    45 |     1   (0)| 00:00:01 |
| 116 |                 INDEX UNIQUE SCAN                            | LOOKUP_VALUE_PK               |     1 |       |     0   (0)|          |
| 117 |               TABLE ACCESS FULL                              | FND_DOCUMENT_DETAIL           |     1 |  2080 |     2   (0)| 00:00:01 |
| 118 |              TABLE ACCESS FULL                               | FND_TENANT_OPERATING_COUNTRY  |     1 |    28 |     3   (0)| 00:00:01 |
| 119 |             TABLE ACCESS FULL                                | FND_TENANT_APPLICATION_LOCALE |     1 |    30 |     3   (0)| 00:00:01 |
| 120 |            TABLE ACCESS BY INDEX ROWID                       | FND_COUNTRY                   |     1 |    45 |     1   (0)| 00:00:01 |
| 121 |             INDEX UNIQUE SCAN                                | COUNTRY_PK                    |     1 |       |     0   (0)|          |
| 122 |           TABLE ACCESS FULL                                  | USER_CIF                      | 18368 |   448K|    24   (5)| 00:00:01 |
| 123 |          TABLE ACCESS BY INDEX ROWID                         | FND_CIF                       |     1 |    63 |     1   (0)| 00:00:01 |
| 124 |           INDEX UNIQUE SCAN                                  | CIF_PK                        |     1 |       |     0   (0)|          |

PLAN_TABLE_OUTPUT
------------------------------------------------------------------------------------------------------------------------------------------------------------------------------------------------------------------------------------------------------------------------------------------------------------
| 125 |         TABLE ACCESS FULL                                    | FND_CIF_ACCOUNT               | 33093 |   387K|    24   (5)| 00:00:01 |
| 126 |        TABLE ACCESS BY INDEX ROWID                           | ACCT_ACCOUNT                  |     1 |    53 |     1   (0)| 00:00:01 |
| 127 |         INDEX UNIQUE SCAN                                    | ACCOUNT_PK                    |     1 |       |     0   (0)|          |
| 128 |       TABLE ACCESS BY INDEX ROWID                            | ACCT_PRODUCT                  |     1 |    83 |     1   (0)| 00:00:01 |
| 129 |        INDEX UNIQUE SCAN                                     | PRODUCT_PK                    |     1 |       |     0   (0)|          |
| 130 |      TABLE ACCESS BY INDEX ROWID                             | ACCT_PRODUCT_TYPE             |     1 |    44 |     1   (0)| 00:00:01 |
| 131 |       INDEX UNIQUE SCAN                                      | PRODUCT_TYPE_PK               |     1 |       |     0   (0)|          |
| 132 |     TABLE ACCESS BY INDEX ROWID                              | FND_CURRENCY                  |     1 |    55 |     1   (0)| 00:00:01 |
| 133 |      INDEX UNIQUE SCAN                                       | CURRENCY_PK                   |     1 |       |     0   (0)|          |
| 134 |    TABLE ACCESS BY INDEX ROWID                               | FND_LOOKUP_VALUE              |     1 |    45 |     1   (0)| 00:00:01 |
| 135 |     INDEX UNIQUE SCAN                                        | LOOKUP_VALUE_PK               |     1 |       |     0   (0)|          |
| 136 |   TABLE ACCESS BY INDEX ROWID                                | FND_LOOKUP_VALUE              |     1 |    45 |     1   (0)| 00:00:01 |
| 137 |    INDEX UNIQUE SCAN                                         | LOOKUP_VALUE_PK               |     1 |       |     0   (0)|          |
----------------------------------------------------------------------------------------------------------------------------------------------


212 rows selected.


==================================================================================



SYS:JFSMIBDB > select plan_table_output from table (dbms_xplan.display_awr('d8589ny9dwt5p'));

PLAN_TABLE_OUTPUT
------------------------------------------------------------------------------------------------------------------------------------------------------------------------------------------------------------------------------------------------------------------------------------------------------------
SQL_ID d8589ny9dwt5p
--------------------
/* load com.vayana.bm.core.api.model.common.TenantApplication */ select
tenantappl0_.id as id1_77_43_, tenantappl0_."VERSION" as
VERSION2_77_43_, tenantappl0_.AUTH_BY as AUTH6_77_43_,
tenantappl0_.AUTH_DATE as AUTH3_77_43_, tenantappl0_.CREATED_BY as
CREATED7_77_43_, tenantappl0_.CREATED_DATE as CREATED4_77_43_,
tenantappl0_.MODIFIED_BY as MODIFIED8_77_43_,
tenantappl0_.MODIFIED_DATE as MODIFIED5_77_43_,
tenantappl0_.APPLICATION_ID as APPLICAT9_77_43_, tenantappl0_.TENANT_ID
as TENANT10_77_43_, lookupvalu1_.id as id1_57_0_,
lookupvalu1_."VERSION" as VERSION2_57_0_, lookupvalu1_.AUTH_BY as
AUTH8_57_0_, lookupvalu1_.AUTH_DATE as AUTH3_57_0_,
lookupvalu1_.CREATED_BY as CREATED9_57_0_, lookupvalu1_.CREATED_DATE as
CREATED4_57_0_, lookupvalu1_.MODIFIED_BY as MODIFIE10_57_0_,
lookupvalu1_.MODIFIED_DATE as MODIFIED5_57_0_, lookupvalu1_.CODE as
CODE6_57_0_, lookupvalu1_.COUNTRY_ID as COUNTRY11_57_0_,
lookupvalu1_.DESCRIPTION as DESCRIPT7_57_0_,
lookupvalu1_.LOOKUP_TYPE_ID as LOOKUP12_57_0_, country2_.id as
id1_43_1_, country2_."VERSION" as VERSION2_43_1_, country2_.AUTH_BY as
AUTH10_43_1_, country2_.AUTH_DATE as AUTH3_43_1_, country2_.CREATED_BY
as CREATED11_43_1_, country2_.CREATED_DATE as CREATED4_43_1_,
country2_.MODIFIED_BY as MODIFIE12_43_1_, country2_.MODIFIED_DATE as
MODIFIED5_43_1_, country2_.CODE as CODE6_43_1_, country2_.DESCRIPTION
as DESCRIPT7_43_1_, country2_.ISO_ALPHA_2CODE as ISO8_43_1_,
country2_.ISO_NUMERIC_CODE as ISO9_43_1_, lookuptype3_.id as id1_56_2_,
lookuptype3_."VERSION" as VERSION2_56_2_, lookuptype3_.AUTH_BY as
AUTH8_56_2_, lookuptype3_.AUTH_DATE as AUTH3_56_2_,
lookuptype3_.CREATED_BY as CREATED9_56_2_, lookuptype3_.CREATED_DATE as
CREATED4_56_2_, lookuptype3_.MODIFIED_BY as MODIFIE10_56_2_,
lookuptype3_.MODIFIED_DATE as MODIFIED5_56_2_, lookuptype3_.CODE as
CODE6_56_2_, lookuptype3_.DESCRIPTION as DESCRIPT7_56_2_, tenant4_.id
as id1_76_3_, tenant4_."VERSION" as VERSION2_76_3_, tenant4_.AUTH_BY as
AUTH9_76_3_, tenant4_.AUTH_DATE as AUTH3_76_3_, tenant4_.CREATED_BY as
CREATED10_76_3_, tenant4_.CREATED_DATE as CREATED4_76_3_,
tenant4_.MODIFIED_BY as MODIFIE11_76_3_, tenant4_.MODIFIED_DATE as
MODIFIED5_76_3_, tenant4_.CODE as CODE6_76_3_, tenant4_.CONTACT_ID as
CONTACT12_76_3_, tenant4_.COUNTRY_ID as COUNTRY13_76_3_,
tenant4_.DESCRIPTION as DESCRIPT7_76_3_, tenant4_.PARENT_TENANT_ID as
PARENT14_76_3_, tenant4_.TENANT_TYPE as TENANT8_76_3_, contact5_.id as
id1_42_4_, contact5_."VERSION" as VERSION2_42_4_, contact5_.AUTH_BY as
AUTH38_42_4_, contact5_.AUTH_DATE as AUTH3_42_4_, contact5_.CREATED_BY
as CREATED39_42_4_, contact5_.CREATED_DATE as CREATED4_42_4_,
contact5_.MODIFIED_BY as MODIFIE40_42_4_, contact5_.MODIFIED_DATE as
MODIFIED5_42_4_, contact5_.PAN as PAN6_42_4_, contact5_.
PASSPORT_NUMBER as column7_42_4_, contact5_.BUILDING_NUMBER as
BUILDING8_42_4_, contact5_.CITY_ID as CITY41_42_4_,
contact5_.CONTACT_PERSON as CONTACT9_42_4_, contact5_.COUNTRY_ID as
COUNTRY42_42_4_, contact5_.CUSTOMER_OCCUPATION as CUSTOME10_42_4_,
contact5_.DOCUMENT_ID as DOCUMEN43_42_4_, contact5_.MANAGER_CODE as
MANAGER11_42_4_, contact5_.MANAGER_ID as MANAGER44_42_4_, contact5_.
NOTIFICATION_TYPE  as column12_42_4_, contact5_.PASSORT_EXPIRY_DATE  as
PASSORT13_42_4_, contact5_. PASSPORT_ISSUE_DATE  as column14_42_4_,
contact5_.PINCODE as PINCODE15_42_4_, contact5_.PRIMARY_EMAIL_ADDRESS
as PRIMARY16_42_4_, contact5_.PRIMARY_FACEBOOK_LOGIN as
PRIMARY17_42_4_, contact5_.PRIMARY_FAX_NUMBER as PRIMARY18_42_4_,
contact5_.PRIMARY_GOOGLEPLUS_LOGIN as PRIMARY19_42_4_,
contact5_.PRIMARY_LINKEDIN_LOGIN as PRIMARY20_42_4_,
contact5_.PRIMARY_MOBILE_NUMBER as PRIMARY21_42_4_,
contact5_.PRIMARY_PHONE_NUMBER as PRIMARY22_42_4_,
contact5_.PRIMARY_TWITTER_LOGIN as PRIMARY23_42_4_, contact5_.REMARK as
REMARK24_42_4_, contact5_.SECONDARY_EMAIL_ADDRESS as SECONDA25_42_4_,
contact5_.SECONDARY_FACEBOOK_LOGIN as SECONDA26_42_4_,
contact5_.SECONDARY_FAX_NUMBER as SECONDA27_42_4_,
contact5_.SECONDARY_GOOGLEPLUS_LOGIN as SECONDA28_42_4_,
contact5_.SECONDARY_

Plan hash value: 188148765

----------------------------------------------------------------------------------------------------------------------------------------------
| Id  | Operation                                                    | Name                          | Rows  | Bytes | Cost (%CPU)| Time     |
----------------------------------------------------------------------------------------------------------------------------------------------
|   0 | SELECT STATEMENT                                             |                               |       |       |    96 (100)|          |
|   1 |  NESTED LOOPS OUTER                                          |                               |     2 |  9520 |    96   (3)| 00:00:02 |
|   2 |   NESTED LOOPS OUTER                                         |                               |     2 |  9430 |    94   (3)| 00:00:02 |
|   3 |    NESTED LOOPS OUTER                                        |                               |     2 |  9340 |    92   (3)| 00:00:02 |
|   4 |     NESTED LOOPS OUTER                                       |                               |     2 |  9230 |    90   (3)| 00:00:02 |
|   5 |      NESTED LOOPS OUTER                                      |                               |     2 |  9142 |    88   (3)| 00:00:02 |
|   6 |       NESTED LOOPS OUTER                                     |                               |     2 |  8976 |    86   (3)| 00:00:02 |
|   7 |        HASH JOIN OUTER                                       |                               |     2 |  8870 |    84   (3)| 00:00:02 |
|   8 |         NESTED LOOPS OUTER                                   |                               |     1 |  4423 |    60   (2)| 00:00:01 |
|   9 |          HASH JOIN OUTER                                     |                               |     1 |  4360 |    59   (2)| 00:00:01 |
|  10 |           NESTED LOOPS OUTER                                 |                               |     1 |  4335 |    35   (0)| 00:00:01 |
|  11 |            HASH JOIN OUTER                                   |                               |     1 |  4290 |    34   (0)| 00:00:01 |
|  12 |             HASH JOIN OUTER                                  |                               |     1 |  4260 |    31   (0)| 00:00:01 |
|  13 |              NESTED LOOPS OUTER                              |                               |     1 |  4232 |    28   (0)| 00:00:01 |
|  14 |               NESTED LOOPS OUTER                             |                               |     1 |  2152 |    26   (0)| 00:00:01 |
|  15 |                NESTED LOOPS OUTER                            |                               |     1 |  2107 |    25   (0)| 00:00:01 |
|  16 |                 NESTED LOOPS OUTER                           |                               |     1 |  2063 |    24   (0)| 00:00:01 |
|  17 |                  NESTED LOOPS OUTER                          |                               |     1 |  1648 |    24   (0)| 00:00:01 |
|  18 |                   NESTED LOOPS OUTER                         |                               |     1 |  1601 |    24   (0)| 00:00:01 |
|  19 |                    NESTED LOOPS OUTER                        |                               |     1 |  1556 |    23   (0)| 00:00:01 |
|  20 |                     NESTED LOOPS OUTER                       |                               |     1 |  1528 |    22   (0)| 00:00:01 |
|  21 |                      NESTED LOOPS OUTER                      |                               |     1 |  1498 |    20   (0)| 00:00:01 |
|  22 |                       NESTED LOOPS OUTER                     |                               |     1 |  1410 |    19   (0)| 00:00:01 |
|  23 |                        NESTED LOOPS OUTER                    |                               |     1 |  1322 |    18   (0)| 00:00:01 |
|  24 |                         NESTED LOOPS OUTER                   |                               |     1 |  1316 |    18   (0)| 00:00:01 |
|  25 |                          NESTED LOOPS OUTER                  |                               |     1 |  1271 |    17   (0)| 00:00:01 |
|  26 |                           NESTED LOOPS OUTER                 |                               |     1 |  1226 |    17   (0)| 00:00:01 |
|  27 |                            NESTED LOOPS OUTER                |                               |     1 |  1181 |    17   (0)| 00:00:01 |
|  28 |                             NESTED LOOPS OUTER               |                               |     1 |  1136 |    16   (0)| 00:00:01 |
|  29 |                              NESTED LOOPS OUTER              |                               |     1 |  1089 |    16   (0)| 00:00:01 |
|  30 |                               NESTED LOOPS OUTER             |                               |     1 |  1050 |    15   (0)| 00:00:01 |
|  31 |                                NESTED LOOPS OUTER            |                               |     1 |  1001 |    15   (0)| 00:00:01 |
|  32 |                                 NESTED LOOPS OUTER           |                               |     1 |   925 |    14   (0)| 00:00:01 |
|  33 |                                  NESTED LOOPS OUTER          |                               |     1 |   880 |    13   (0)| 00:00:01 |
|  34 |                                   NESTED LOOPS OUTER         |                               |     1 |   855 |    12   (0)| 00:00:01 |
|  35 |                                    NESTED LOOPS OUTER        |                               |     1 |   810 |    11   (0)| 00:00:01 |
|  36 |                                     NESTED LOOPS OUTER       |                               |     1 |   782 |    10   (0)| 00:00:01 |
|  37 |                                      NESTED LOOPS OUTER      |                               |     1 |   757 |     9   (0)| 00:00:01 |
|  38 |                                       NESTED LOOPS OUTER     |                               |     1 |   690 |     8   (0)| 00:00:01 |
|  39 |                                        NESTED LOOPS OUTER    |                               |     1 |   631 |     7   (0)| 00:00:01 |
|  40 |                                         NESTED LOOPS OUTER   |                               |     1 |   586 |     6   (0)| 00:00:01 |
|  41 |                                          NESTED LOOPS OUTER  |                               |     1 |   494 |     6   (0)| 00:00:01 |
|  42 |                                           NESTED LOOPS OUTER |                               |     1 |   368 |     6   (0)| 00:00:01 |
|  43 | R                                          NESTED LOOPS OUTE |                               |     1 |   323 |     5   (0)| 00:00:01 |
|  44 | ER                                          NESTED LOOPS OUT |                               |     1 |   268 |     4   (0)| 00:00:01 |
|  45 | TER                                          NESTED LOOPS OU |                               |     1 |   180 |     4   (0)| 00:00:01 |
|  46 | UTER                                          NESTED LOOPS O |                               |     1 |   135 |     3   (0)| 00:00:01 |
|  47 |                                                NESTED LOOPS  |                               |     1 |    90 |     2   (0)| 00:00:01 |
|  48 |  BY INDEX ROWID                                 TABLE ACCESS | FND_TENANT_APPLICATION        |     1 |    28 |     1   (0)| 00:00:01 |
|  49 | E SCAN                                           INDEX UNIQU | TENANT_APPLICATION_PK         |     1 |       |     0   (0)|          |
|  50 |  BY INDEX ROWID                                 TABLE ACCESS | FND_TENANT                    |     1 |    62 |     1   (0)| 00:00:01 |
|  51 | E SCAN                                           INDEX UNIQU | TENANT_PK                     |     1 |       |     0   (0)|          |
|  52 | BY INDEX ROWID                                 TABLE ACCESS  | FND_LOOKUP_VALUE              |     1 |    45 |     1   (0)| 00:00:01 |
|  53 |  SCAN                                           INDEX UNIQUE | LOOKUP_VALUE_PK               |     1 |       |     0   (0)|          |
|  54 | Y INDEX ROWID                                 TABLE ACCESS B | FND_COUNTRY                   |     1 |    45 |     1   (0)| 00:00:01 |
|  55 | SCAN                                           INDEX UNIQUE  | COUNTRY_PK                    |     1 |       |     0   (0)|          |
|  56 |  INDEX ROWID                                 TABLE ACCESS BY | FND_CONTACT                   |     1 |    88 |     0   (0)|          |
|  57 | CAN                                           INDEX UNIQUE S | CONTACT_PK                    |     1 |       |     0   (0)|          |
|  58 | INDEX ROWID                                 TABLE ACCESS BY  | FND_LOOKUP_TYPE               |     1 |    55 |     1   (0)| 00:00:01 |
|  59 | AN                                           INDEX UNIQUE SC | LOOKUP_TYPE_PK                |     1 |       |     0   (0)|          |
|  60 | NDEX ROWID                                 TABLE ACCESS BY I | FND_COUNTRY                   |     1 |    45 |     1   (0)| 00:00:01 |
|  61 | N                                           INDEX UNIQUE SCA | COUNTRY_PK                    |     1 |       |     0   (0)|          |
|  62 | DEX ROWID                                 TABLE ACCESS BY IN | USER_LOGIN_PROFILE            |     1 |   126 |     0   (0)|          |
|  63 |                                            INDEX UNIQUE SCAN | LOGIN_PROFILE_PK              |     1 |       |     0   (0)|          |
|  64 | EX ROWID                                 TABLE ACCESS BY IND | FND_DOCUMENT                  |     1 |    92 |     0   (0)|          |
|  65 |                                           INDEX UNIQUE SCAN  | DOCUMENT_PK                   |     1 |       |     0   (0)|          |
|  66 | X ROWID                                 TABLE ACCESS BY INDE | FND_COUNTRY                   |     1 |    45 |     1   (0)| 00:00:01 |
|  67 |                                          INDEX UNIQUE SCAN   | COUNTRY_PK                    |     1 |       |     0   (0)|          |
|  68 |  ROWID                                 TABLE ACCESS BY INDEX | FND_CITY                      |     1 |    59 |     1   (0)| 00:00:01 |
|  69 |                                         INDEX UNIQUE SCAN    | CITY_PK                       |     1 |       |     0   (0)|          |
|  70 | ROWID                                 TABLE ACCESS BY INDEX  | USER_PROFILE                  |     1 |    67 |     1   (0)| 00:00:01 |
|  71 |                                        INDEX UNIQUE SCAN     | PROFILE_PK                    |     1 |       |     0   (0)|          |
|  72 | OWID                                 TABLE ACCESS BY INDEX R | USER_CONTACT_DETAIL           |     1 |    25 |     1   (0)| 00:00:01 |
|  73 |                                       INDEX UNIQUE SCAN      | CONTACT_DETAIL_PK             |     1 |       |     0   (0)|          |
|  74 | WID                                 TABLE ACCESS BY INDEX RO | FND_TENANT_APPLICATION        |     1 |    28 |     1   (0)| 00:00:01 |
|  75 |                                      INDEX UNIQUE SCAN       | TENANT_APPLICATION_PK         |     1 |       |     0   (0)|          |
|  76 | ID                                 TABLE ACCESS BY INDEX ROW | FND_LOOKUP_VALUE              |     1 |    45 |     1   (0)| 00:00:01 |
|  77 |                                     INDEX UNIQUE SCAN        | LOOKUP_VALUE_PK               |     1 |       |     0   (0)|          |
|  78 | D                                 TABLE ACCESS BY INDEX ROWI | USER_LOGIN_PROFILE_EXTEND     |     1 |    25 |     1   (0)| 00:00:01 |
|  79 |                                    INDEX UNIQUE SCAN         | LOGIN_PROFILE_EXTEND_PK       |     1 |       |     0   (0)|          |
|  80 |                                  TABLE ACCESS BY INDEX ROWID | FND_LOOKUP_VALUE              |     1 |    45 |     1   (0)| 00:00:01 |
|  81 |                                   INDEX UNIQUE SCAN          | LOOKUP_VALUE_PK               |     1 |       |     0   (0)|          |
|  82 |                                 TABLE ACCESS BY INDEX ROWID  | FND_TENANT_BRANCH             |     1 |    76 |     1   (0)| 00:00:01 |
|  83 |                                  INDEX UNIQUE SCAN           | TENANT_BRANCH_PK              |     1 |       |     0   (0)|          |
|  84 |                                TABLE ACCESS BY INDEX ROWID   | FND_SPECIAL_CATEGORY          |     1 |    49 |     0   (0)|          |
|  85 |                                 INDEX UNIQUE SCAN            | SPECIAL_CATEGORY_PK           |     1 |       |     0   (0)|          |
|  86 |                               TABLE ACCESS BY INDEX ROWID    | FND_SEGMENT                   |     1 |    39 |     1   (0)| 00:00:01 |
|  87 |                                INDEX UNIQUE SCAN             | SEGMENT_PK                    |     1 |       |     0   (0)|          |
|  88 |                              TABLE ACCESS BY INDEX ROWID     | FND_DEPARTMENT                |     1 |    47 |     0   (0)|          |
|  89 |                               INDEX UNIQUE SCAN              | DEPARTMENT_PK                 |     1 |       |     0   (0)|          |
|  90 |                             TABLE ACCESS BY INDEX ROWID      | FND_LOOKUP_VALUE              |     1 |    45 |     1   (0)| 00:00:01 |
|  91 |                              INDEX UNIQUE SCAN               | LOOKUP_VALUE_PK               |     1 |       |     0   (0)|          |
|  92 |                            TABLE ACCESS BY INDEX ROWID       | FND_LOOKUP_VALUE              |     1 |    45 |     0   (0)|          |
|  93 |                             INDEX UNIQUE SCAN                | LOOKUP_VALUE_PK               |     1 |       |     0   (0)|          |
|  94 |                           TABLE ACCESS BY INDEX ROWID        | FND_LOOKUP_VALUE              |     1 |    45 |     0   (0)|          |
|  95 |                            INDEX UNIQUE SCAN                 | LOOKUP_VALUE_PK               |     1 |       |     0   (0)|          |
|  96 |                          TABLE ACCESS BY INDEX ROWID         | FND_LOOKUP_VALUE              |     1 |    45 |     1   (0)| 00:00:01 |
|  97 |                           INDEX UNIQUE SCAN                  | LOOKUP_VALUE_PK               |     1 |       |     0   (0)|          |
|  98 |                         INDEX UNIQUE SCAN                    | PROFILE_EXTEND_PK             |     1 |     6 |     0   (0)|          |
|  99 |                        TABLE ACCESS BY INDEX ROWID           | FND_CONTACT                   |     1 |    88 |     1   (0)| 00:00:01 |
| 100 |                         INDEX UNIQUE SCAN                    | CONTACT_PK                    |     1 |       |     0   (0)|          |
| 101 |                       TABLE ACCESS BY INDEX ROWID            | FND_CONTACT                   |     1 |    88 |     1   (0)| 00:00:01 |
| 102 |                        INDEX UNIQUE SCAN                     | CONTACT_PK                    |     1 |       |     0   (0)|          |
| 103 |                      TABLE ACCESS BY INDEX ROWID             | PAY_PAYEE_BANK_BRANCH         |     1 |    30 |     2   (0)| 00:00:01 |
| 104 |                       INDEX UNIQUE SCAN                      | PAY_PAYEE_BANK_BRANCH_PK      |     1 |       |     1   (0)| 00:00:01 |
| 105 |                     TABLE ACCESS BY INDEX ROWID              | FND_TENANT_APPLICATION        |     1 |    28 |     1   (0)| 00:00:01 |
| 106 |                      INDEX UNIQUE SCAN                       | TENANT_APPLICATION_PK         |     1 |       |     0   (0)|          |
| 107 |                    TABLE ACCESS BY INDEX ROWID               | FND_LOOKUP_VALUE              |     1 |    45 |     1   (0)| 00:00:01 |
| 108 |                     INDEX UNIQUE SCAN                        | LOOKUP_VALUE_PK               |     1 |       |     0   (0)|          |
| 109 |                   TABLE ACCESS BY INDEX ROWID                | FND_DEPARTMENT                |     1 |    47 |     0   (0)|          |
| 110 |                    INDEX UNIQUE SCAN                         | DEPARTMENT_PK                 |     1 |       |     0   (0)|          |
| 111 |                  TABLE ACCESS BY INDEX ROWID                 | FND_COMPANY                   |     1 |   415 |     0   (0)|          |
| 112 |                   INDEX UNIQUE SCAN                          | COMPANY_PK                    |     1 |       |     0   (0)|          |
| 113 |                 TABLE ACCESS BY INDEX ROWID                  | FND_STATE                     |     1 |    44 |     1   (0)| 00:00:01 |
| 114 |                  INDEX UNIQUE SCAN                           | STATE_PK                      |     1 |       |     0   (0)|          |
| 115 |                TABLE ACCESS BY INDEX ROWID                   | FND_LOOKUP_VALUE              |     1 |    45 |     1   (0)| 00:00:01 |
| 116 |                 INDEX UNIQUE SCAN                            | LOOKUP_VALUE_PK               |     1 |       |     0   (0)|          |
| 117 |               TABLE ACCESS FULL                              | FND_DOCUMENT_DETAIL           |     1 |  2080 |     2   (0)| 00:00:01 |
| 118 |              TABLE ACCESS FULL                               | FND_TENANT_OPERATING_COUNTRY  |     1 |    28 |     3   (0)| 00:00:01 |
| 119 |             TABLE ACCESS FULL                                | FND_TENANT_APPLICATION_LOCALE |     1 |    30 |     3   (0)| 00:00:01 |
| 120 |            TABLE ACCESS BY INDEX ROWID                       | FND_COUNTRY                   |     1 |    45 |     1   (0)| 00:00:01 |
| 121 |             INDEX UNIQUE SCAN                                | COUNTRY_PK                    |     1 |       |     0   (0)|          |
| 122 |           TABLE ACCESS FULL                                  | USER_CIF                      | 18368 |   448K|    24   (5)| 00:00:01 |
| 123 |          TABLE ACCESS BY INDEX ROWID                         | FND_CIF                       |     1 |    63 |     1   (0)| 00:00:01 |
| 124 |           INDEX UNIQUE SCAN                                  | CIF_PK                        |     1 |       |     0   (0)|          |

PLAN_TABLE_OUTPUT
------------------------------------------------------------------------------------------------------------------------------------------------------------------------------------------------------------------------------------------------------------------------------------------------------------
| 125 |         TABLE ACCESS FULL                                    | FND_CIF_ACCOUNT               | 33093 |   387K|    24   (5)| 00:00:01 |
| 126 |        TABLE ACCESS BY INDEX ROWID                           | ACCT_ACCOUNT                  |     1 |    53 |     1   (0)| 00:00:01 |
| 127 |         INDEX UNIQUE SCAN                                    | ACCOUNT_PK                    |     1 |       |     0   (0)|          |
| 128 |       TABLE ACCESS BY INDEX ROWID                            | ACCT_PRODUCT                  |     1 |    83 |     1   (0)| 00:00:01 |
| 129 |        INDEX UNIQUE SCAN                                     | PRODUCT_PK                    |     1 |       |     0   (0)|          |
| 130 |      TABLE ACCESS BY INDEX ROWID                             | ACCT_PRODUCT_TYPE             |     1 |    44 |     1   (0)| 00:00:01 |
| 131 |       INDEX UNIQUE SCAN                                      | PRODUCT_TYPE_PK               |     1 |       |     0   (0)|          |
| 132 |     TABLE ACCESS BY INDEX ROWID                              | FND_CURRENCY                  |     1 |    55 |     1   (0)| 00:00:01 |
| 133 |      INDEX UNIQUE SCAN                                       | CURRENCY_PK                   |     1 |       |     0   (0)|          |
| 134 |    TABLE ACCESS BY INDEX ROWID                               | FND_LOOKUP_VALUE              |     1 |    45 |     1   (0)| 00:00:01 |
| 135 |     INDEX UNIQUE SCAN                                        | LOOKUP_VALUE_PK               |     1 |       |     0   (0)|          |
| 136 |   TABLE ACCESS BY INDEX ROWID                                | FND_LOOKUP_VALUE              |     1 |    45 |     1   (0)| 00:00:01 |
| 137 |    INDEX UNIQUE SCAN                                         | LOOKUP_VALUE_PK               |     1 |       |     0   (0)|          |
----------------------------------------------------------------------------------------------------------------------------------------------


212 rows selected.

SYS:JFSMIBDB > select plan_table_output from table (dbms_xplan.display_awr('14r8uy7m5nwsu'));

PLAN_TABLE_OUTPUT
------------------------------------------------------------------------------------------------------------------------------------------------------------------------------------------------------------------------------------------------------------------------------------------------------------
SQL_ID 14r8uy7m5nwsu
--------------------
                                                SELECT TMP.*                    FROM (SELECT BI.ID,PI.VERSION,PI.CREATED_DATE,
NTILE(5) OVER (ORDER BY BI.ID) AS NUM_BLOCK                     FROM
PAY_BENE_INSTRUCTION BI,PAY_PAYEE_INSTRUCTION PI                        WHERE BI.ID =
PI.ID AND BI.STATUS_ID = 70012) TMP                     WHERE NUM_BLOCK = :1

Plan hash value: 2254370647

----------------------------------------------------------------------------------------------
| Id  | Operation            | Name                  | Rows  | Bytes | Cost (%CPU)| Time     |
----------------------------------------------------------------------------------------------
|   0 | SELECT STATEMENT     |                       |       |       |     9 (100)|          |
|   1 |  VIEW                |                       |    56 |  2688 |     9  (12)| 00:00:01 |
|   2 |   WINDOW SORT        |                       |    56 |  1456 |     9  (12)| 00:00:01 |
|   3 |    HASH JOIN         |                       |    56 |  1456 |     8   (0)| 00:00:01 |
|   4 |     TABLE ACCESS FULL| PAY_BENE_INSTRUCTION  |    56 |   560 |     5   (0)| 00:00:01 |
|   5 |     TABLE ACCESS FULL| PAY_PAYEE_INSTRUCTION |   424 |  6784 |     3   (0)| 00:00:01 |
----------------------------------------------------------------------------------------------

SQL_ID 14r8uy7m5nwsu
--------------------
                                                SELECT TMP.*                    FROM (SELECT BI.ID,PI.VERSION,PI.CREATED_DATE,
NTILE(5) OVER (ORDER BY BI.ID) AS NUM_BLOCK                     FROM
PAY_BENE_INSTRUCTION BI,PAY_PAYEE_INSTRUCTION PI                        WHERE BI.ID =
PI.ID AND BI.STATUS_ID = 70012) TMP                     WHERE NUM_BLOCK = :1

Plan hash value: 3510427925

-------------------------------------------------------------------------------------------------------------
| Id  | Operation                       | Name                      | Rows  | Bytes | Cost (%CPU)| Time     |
-------------------------------------------------------------------------------------------------------------
|   0 | SELECT STATEMENT                |                           |       |       |     7 (100)|          |
|   1 |  VIEW                           |                           |     4 |   192 |     7  (15)| 00:00:01 |
|   2 |   WINDOW SORT                   |                           |     4 |   108 |     7  (15)| 00:00:01 |
|   3 |    NESTED LOOPS                 |                           |     4 |   108 |     6   (0)| 00:00:01 |
|   4 |     NESTED LOOPS                |                           |     4 |   108 |     6   (0)| 00:00:01 |
|   5 |      TABLE ACCESS BY INDEX ROWID| PAY_BENE_INSTRUCTION      |     4 |    40 |     2   (0)| 00:00:01 |
|   6 |       INDEX RANGE SCAN          | PAY_BENE_INSTRUCTION_IDX1 |     4 |       |     1   (0)| 00:00:01 |
|   7 |      INDEX UNIQUE SCAN          | PAY_PAYEE_INSTRUCTION_PK  |     1 |       |     0   (0)|          |
|   8 |     TABLE ACCESS BY INDEX ROWID | PAY_PAYEE_INSTRUCTION     |     1 |    17 |     1   (0)| 00:00:01 |
-------------------------------------------------------------------------------------------------------------


43 rows selected.



